---------------------------------------------------------------
[ 2018-09-07T20:36:18+08:00 ] 127.0.0.1 GET /admin
[ info ] www.ecshop4.0.com/admin [运行时间：0.027776s][吞吐率：36.00req/s] [内存消耗：1,135.72kb] [文件加载：35]
[ info ] [ LANG ] E:\phpStudy\WWW\ECShop\thinkphp\lang\zh-cn.php
[ info ] [ ROUTE ] array (
  'type' => 'module',
  'module' => 
  array (
    0 => 'admin',
    1 => NULL,
    2 => NULL,
  ),
)
[ info ] [ HEADER ] array (
  'cookie' => 'pgv_pvi=2783815680',
  'accept-language' => 'zh-CN,zh;q=0.9',
  'accept-encoding' => 'gzip, deflate',
  'accept' => 'text/html,application/xhtml+xml,application/xml;q=0.9,image/webp,image/apng,*/*;q=0.8',
  'user-agent' => 'Mozilla/5.0 (Windows NT 10.0; Win64; x64) AppleWebKit/537.36 (KHTML, like Gecko) Chrome/68.0.3440.106 Safari/537.36',
  'upgrade-insecure-requests' => '1',
  'cache-control' => 'max-age=0',
  'connection' => 'close',
  'host' => 'www.ecshop4.0.com',
)
[ info ] [ PARAM ] array (
)
[ info ] [ RUN ] app\admin\controller\Index->index[ E:\phpStudy\WWW\ECShop\application\admin\controller\Index.php ]
[ info ] [ VIEW ] E:\phpStudy\WWW\ECShop\public/../application/admin\view\index\index.html [ array (
) ]
[ info ] [ LOG ] INIT File
---------------------------------------------------------------
[ 2018-09-07T20:36:19+08:00 ] 127.0.0.1 GET /admin/Index/index_menu
[ info ] www.ecshop4.0.com/admin/Index/index_menu [运行时间：0.027091s][吞吐率：36.91req/s] [内存消耗：1,209.30kb] [文件加载：35]
[ info ] [ LANG ] E:\phpStudy\WWW\ECShop\thinkphp\lang\zh-cn.php
[ info ] [ ROUTE ] array (
  'type' => 'module',
  'module' => 
  array (
    0 => 'admin',
    1 => 'Index',
    2 => 'index_menu',
  ),
)
[ info ] [ HEADER ] array (
  'cookie' => 'pgv_pvi=2783815680',
  'accept-language' => 'zh-CN,zh;q=0.9',
  'accept-encoding' => 'gzip, deflate',
  'referer' => 'http://www.ecshop4.0.com/admin',
  'accept' => 'text/html,application/xhtml+xml,application/xml;q=0.9,image/webp,image/apng,*/*;q=0.8',
  'user-agent' => 'Mozilla/5.0 (Windows NT 10.0; Win64; x64) AppleWebKit/537.36 (KHTML, like Gecko) Chrome/68.0.3440.106 Safari/537.36',
  'upgrade-insecure-requests' => '1',
  'connection' => 'close',
  'host' => 'www.ecshop4.0.com',
)
[ info ] [ PARAM ] array (
)
[ info ] [ RUN ] app\admin\controller\Index->index_menu[ E:\phpStudy\WWW\ECShop\application\admin\controller\Index.php ]
[ info ] [ VIEW ] E:\phpStudy\WWW\ECShop\public/../application/admin\view\index\index_menu.html [ array (
) ]
[ info ] [ LOG ] INIT File
---------------------------------------------------------------
[ 2018-09-07T20:36:20+08:00 ] 127.0.0.1 GET /admin/Index/index_top
[ info ] www.ecshop4.0.com/admin/Index/index_top [运行时间：0.027535s][吞吐率：36.32req/s] [内存消耗：1,140.79kb] [文件加载：35]
[ info ] [ LANG ] E:\phpStudy\WWW\ECShop\thinkphp\lang\zh-cn.php
[ info ] [ ROUTE ] array (
  'type' => 'module',
  'module' => 
  array (
    0 => 'admin',
    1 => 'Index',
    2 => 'index_top',
  ),
)
[ info ] [ HEADER ] array (
  'cookie' => 'pgv_pvi=2783815680',
  'accept-language' => 'zh-CN,zh;q=0.9',
  'accept-encoding' => 'gzip, deflate',
  'referer' => 'http://www.ecshop4.0.com/admin',
  'accept' => 'text/html,application/xhtml+xml,application/xml;q=0.9,image/webp,image/apng,*/*;q=0.8',
  'user-agent' => 'Mozilla/5.0 (Windows NT 10.0; Win64; x64) AppleWebKit/537.36 (KHTML, like Gecko) Chrome/68.0.3440.106 Safari/537.36',
  'upgrade-insecure-requests' => '1',
  'connection' => 'close',
  'host' => 'www.ecshop4.0.com',
)
[ info ] [ PARAM ] array (
)
[ info ] [ RUN ] app\admin\controller\Index->index_top[ E:\phpStudy\WWW\ECShop\application\admin\controller\Index.php ]
[ info ] [ VIEW ] E:\phpStudy\WWW\ECShop\public/../application/admin\view\index\index_top.html [ array (
) ]
[ info ] [ LOG ] INIT File
---------------------------------------------------------------
[ 2018-09-07T20:36:20+08:00 ] 127.0.0.1 GET /admin/Index/index_main
[ info ] www.ecshop4.0.com/admin/Index/index_main [运行时间：0.027099s][吞吐率：36.90req/s] [内存消耗：1,169.30kb] [文件加载：35]
[ info ] [ LANG ] E:\phpStudy\WWW\ECShop\thinkphp\lang\zh-cn.php
[ info ] [ ROUTE ] array (
  'type' => 'module',
  'module' => 
  array (
    0 => 'admin',
    1 => 'Index',
    2 => 'index_main',
  ),
)
[ info ] [ HEADER ] array (
  'cookie' => 'pgv_pvi=2783815680',
  'accept-language' => 'zh-CN,zh;q=0.9',
  'accept-encoding' => 'gzip, deflate',
  'referer' => 'http://www.ecshop4.0.com/admin',
  'accept' => 'text/html,application/xhtml+xml,application/xml;q=0.9,image/webp,image/apng,*/*;q=0.8',
  'user-agent' => 'Mozilla/5.0 (Windows NT 10.0; Win64; x64) AppleWebKit/537.36 (KHTML, like Gecko) Chrome/68.0.3440.106 Safari/537.36',
  'upgrade-insecure-requests' => '1',
  'connection' => 'close',
  'host' => 'www.ecshop4.0.com',
)
[ info ] [ PARAM ] array (
)
[ info ] [ RUN ] app\admin\controller\Index->index_main[ E:\phpStudy\WWW\ECShop\application\admin\controller\Index.php ]
[ info ] [ VIEW ] E:\phpStudy\WWW\ECShop\public/../application/admin\view\index\index_main.html [ array (
) ]
[ info ] [ LOG ] INIT File
---------------------------------------------------------------
[ 2018-09-07T20:36:22+08:00 ] 127.0.0.1 GET /admin/Promotion/type
[ info ] www.ecshop4.0.com/admin/Promotion/type [运行时间：0.031620s][吞吐率：31.63req/s] [内存消耗：1,180.55kb] [文件加载：35]
[ info ] [ LANG ] E:\phpStudy\WWW\ECShop\thinkphp\lang\zh-cn.php
[ info ] [ ROUTE ] array (
  'type' => 'module',
  'module' => 
  array (
    0 => 'admin',
    1 => 'Promotion',
    2 => 'type',
  ),
)
[ info ] [ HEADER ] array (
  'cookie' => 'pgv_pvi=2783815680',
  'accept-language' => 'zh-CN,zh;q=0.9',
  'accept-encoding' => 'gzip, deflate',
  'referer' => 'http://www.ecshop4.0.com/admin',
  'accept' => 'text/html,application/xhtml+xml,application/xml;q=0.9,image/webp,image/apng,*/*;q=0.8',
  'user-agent' => 'Mozilla/5.0 (Windows NT 10.0; Win64; x64) AppleWebKit/537.36 (KHTML, like Gecko) Chrome/68.0.3440.106 Safari/537.36',
  'upgrade-insecure-requests' => '1',
  'connection' => 'close',
  'host' => 'www.ecshop4.0.com',
)
[ info ] [ PARAM ] array (
)
[ info ] [ RUN ] app\admin\controller\Promotion->type[ E:\phpStudy\WWW\ECShop\application\admin\controller\Promotion.php ]
[ info ] [ VIEW ] E:\phpStudy\WWW\ECShop\public/../application/admin\view\promotion\type.html [ array (
) ]
[ info ] [ LOG ] INIT File
---------------------------------------------------------------
[ 2018-09-07T20:36:22+08:00 ] 127.0.0.1 GET /static/js/transport_2.js
[ info ] www.ecshop4.0.com/static/js/transport_2.js [运行时间：0.024804s][吞吐率：40.32req/s] [内存消耗：817.55kb] [文件加载：29]
[ info ] [ LANG ] E:\phpStudy\WWW\ECShop\thinkphp\lang\zh-cn.php
[ info ] [ ROUTE ] array (
  'type' => 'module',
  'module' => 
  array (
    0 => 'static',
    1 => 'js',
    2 => 'transport_2.js',
  ),
)
[ info ] [ HEADER ] array (
  'cookie' => 'pgv_pvi=2783815680',
  'accept-language' => 'zh-CN,zh;q=0.9',
  'accept-encoding' => 'gzip, deflate',
  'referer' => 'http://www.ecshop4.0.com/admin/Promotion/type',
  'accept' => '*/*',
  'user-agent' => 'Mozilla/5.0 (Windows NT 10.0; Win64; x64) AppleWebKit/537.36 (KHTML, like Gecko) Chrome/68.0.3440.106 Safari/537.36',
  'connection' => 'close',
  'host' => 'www.ecshop4.0.com',
)
[ info ] [ PARAM ] array (
)
[ info ] [ LOG ] INIT File
---------------------------------------------------------------
[ 2018-09-07T20:36:23+08:00 ] 127.0.0.1 GET /admin/logo/logo
[ info ] www.ecshop4.0.com/admin/logo/logo [运行时间：0.033027s][吞吐率：30.28req/s] [内存消耗：1,180.84kb] [文件加载：37]
[ info ] [ LANG ] E:\phpStudy\WWW\ECShop\thinkphp\lang\zh-cn.php
[ info ] [ ROUTE ] array (
  'type' => 'module',
  'module' => 
  array (
    0 => 'admin',
    1 => 'logo',
    2 => 'logo',
  ),
)
[ info ] [ HEADER ] array (
  'cookie' => 'pgv_pvi=2783815680',
  'accept-language' => 'zh-CN,zh;q=0.9',
  'accept-encoding' => 'gzip, deflate',
  'referer' => 'http://www.ecshop4.0.com/admin',
  'accept' => 'text/html,application/xhtml+xml,application/xml;q=0.9,image/webp,image/apng,*/*;q=0.8',
  'user-agent' => 'Mozilla/5.0 (Windows NT 10.0; Win64; x64) AppleWebKit/537.36 (KHTML, like Gecko) Chrome/68.0.3440.106 Safari/537.36',
  'upgrade-insecure-requests' => '1',
  'connection' => 'close',
  'host' => 'www.ecshop4.0.com',
)
[ info ] [ PARAM ] array (
)
[ info ] [ RUN ] app\admin\controller\Logo->logo[ E:\phpStudy\WWW\ECShop\application\admin\controller\Logo.php ]
[ info ] [ VIEW ] E:\phpStudy\WWW\ECShop\public/../application/admin\view\logo\logo.html [ array (
) ]
[ info ] [ LOG ] INIT File
---------------------------------------------------------------
[ 2018-09-07T20:36:24+08:00 ] 127.0.0.1 GET /admin/member/users
[ info ] www.ecshop4.0.com/admin/member/users [运行时间：0.038860s][吞吐率：25.73req/s] [内存消耗：1,182.88kb] [文件加载：35]
[ info ] [ LANG ] E:\phpStudy\WWW\ECShop\thinkphp\lang\zh-cn.php
[ info ] [ ROUTE ] array (
  'type' => 'module',
  'module' => 
  array (
    0 => 'admin',
    1 => 'member',
    2 => 'users',
  ),
)
[ info ] [ HEADER ] array (
  'cookie' => 'pgv_pvi=2783815680',
  'accept-language' => 'zh-CN,zh;q=0.9',
  'accept-encoding' => 'gzip, deflate',
  'referer' => 'http://www.ecshop4.0.com/admin',
  'accept' => 'text/html,application/xhtml+xml,application/xml;q=0.9,image/webp,image/apng,*/*;q=0.8',
  'user-agent' => 'Mozilla/5.0 (Windows NT 10.0; Win64; x64) AppleWebKit/537.36 (KHTML, like Gecko) Chrome/68.0.3440.106 Safari/537.36',
  'upgrade-insecure-requests' => '1',
  'connection' => 'close',
  'host' => 'www.ecshop4.0.com',
)
[ info ] [ PARAM ] array (
)
[ info ] [ RUN ] app\admin\controller\Member->users[ E:\phpStudy\WWW\ECShop\application\admin\controller\Member.php ]
[ info ] [ VIEW ] E:\phpStudy\WWW\ECShop\public/../application/admin\view\member\users.html [ array (
) ]
[ info ] [ LOG ] INIT File
---------------------------------------------------------------
[ 2018-09-07T20:36:24+08:00 ] 127.0.0.1 GET /admin/member/static/js/utils.js
[ info ] www.ecshop4.0.com/admin/member/static/js/utils.js [运行时间：0.029734s][吞吐率：33.63req/s] [内存消耗：821.47kb] [文件加载：30]
[ info ] [ LANG ] E:\phpStudy\WWW\ECShop\thinkphp\lang\zh-cn.php
[ info ] [ ROUTE ] array (
  'type' => 'module',
  'module' => 
  array (
    0 => 'admin',
    1 => 'member',
    2 => 'static',
  ),
)
[ info ] [ HEADER ] array (
  'cookie' => 'pgv_pvi=2783815680',
  'accept-language' => 'zh-CN,zh;q=0.9',
  'accept-encoding' => 'gzip, deflate',
  'referer' => 'http://www.ecshop4.0.com/admin/member/users',
  'accept' => '*/*',
  'user-agent' => 'Mozilla/5.0 (Windows NT 10.0; Win64; x64) AppleWebKit/537.36 (KHTML, like Gecko) Chrome/68.0.3440.106 Safari/537.36',
  'connection' => 'close',
  'host' => 'www.ecshop4.0.com',
)
[ info ] [ PARAM ] array (
  'js' => 'utils.js',
)
[ info ] [ LOG ] INIT File
---------------------------------------------------------------
[ 2018-09-07T20:36:24+08:00 ] 127.0.0.1 GET /admin/member/static/js/listtable.js
[ info ] www.ecshop4.0.com/admin/member/static/js/listtable.js [运行时间：0.036269s][吞吐率：27.57req/s] [内存消耗：821.47kb] [文件加载：30]
[ info ] [ LANG ] E:\phpStudy\WWW\ECShop\thinkphp\lang\zh-cn.php
[ info ] [ ROUTE ] array (
  'type' => 'module',
  'module' => 
  array (
    0 => 'admin',
    1 => 'member',
    2 => 'static',
  ),
)
[ info ] [ HEADER ] array (
  'cookie' => 'pgv_pvi=2783815680',
  'accept-language' => 'zh-CN,zh;q=0.9',
  'accept-encoding' => 'gzip, deflate',
  'referer' => 'http://www.ecshop4.0.com/admin/member/users',
  'accept' => '*/*',
  'user-agent' => 'Mozilla/5.0 (Windows NT 10.0; Win64; x64) AppleWebKit/537.36 (KHTML, like Gecko) Chrome/68.0.3440.106 Safari/537.36',
  'connection' => 'close',
  'host' => 'www.ecshop4.0.com',
)
[ info ] [ PARAM ] array (
  'js' => 'listtable.js',
)
[ info ] [ LOG ] INIT File
---------------------------------------------------------------
[ 2018-09-07T20:36:25+08:00 ] 127.0.0.1 GET /admin/quanxi/privilege
[ info ] www.ecshop4.0.com/admin/quanxi/privilege [运行时间：0.073887s][吞吐率：13.53req/s] [内存消耗：1,797.57kb] [文件加载：43]
[ info ] [ LANG ] E:\phpStudy\WWW\ECShop\thinkphp\lang\zh-cn.php
[ info ] [ ROUTE ] array (
  'type' => 'module',
  'module' => 
  array (
    0 => 'admin',
    1 => 'quanxi',
    2 => 'privilege',
  ),
)
[ info ] [ HEADER ] array (
  'cookie' => 'pgv_pvi=2783815680',
  'accept-language' => 'zh-CN,zh;q=0.9',
  'accept-encoding' => 'gzip, deflate',
  'referer' => 'http://www.ecshop4.0.com/admin',
  'accept' => 'text/html,application/xhtml+xml,application/xml;q=0.9,image/webp,image/apng,*/*;q=0.8',
  'user-agent' => 'Mozilla/5.0 (Windows NT 10.0; Win64; x64) AppleWebKit/537.36 (KHTML, like Gecko) Chrome/68.0.3440.106 Safari/537.36',
  'upgrade-insecure-requests' => '1',
  'connection' => 'close',
  'host' => 'www.ecshop4.0.com',
)
[ info ] [ PARAM ] array (
)
[ info ] [ RUN ] app\admin\controller\Quanxi->privilege[ E:\phpStudy\WWW\ECShop\application\admin\controller\Quanxi.php ]
[ info ] [ DB ] INIT mysql
[ info ] [ VIEW ] E:\phpStudy\WWW\ECShop\public/../application/admin\view\quanxi\privilege.html [ array (
  0 => 'list',
) ]
[ info ] [ LOG ] INIT File
[ sql ] [ DB ] CONNECT:[ UseTime:0.008482s ] mysql:host=127.0.0.1;port=3306;dbname=ecshop;charset=utf8
[ sql ] [ SQL ] SHOW COLUMNS FROM `admin` [ RunTime:0.010207s ]
[ sql ] [ SQL ] SELECT * FROM `admin` [ RunTime:0.000467s ]
---------------------------------------------------------------
[ 2018-09-07T20:36:25+08:00 ] 127.0.0.1 GET /admin/member/static/picture/sort_desc.png
[ info ] www.ecshop4.0.com/admin/member/static/picture/sort_desc.png [运行时间：0.019143s][吞吐率：52.24req/s] [内存消耗：821.83kb] [文件加载：30]
[ info ] [ LANG ] E:\phpStudy\WWW\ECShop\thinkphp\lang\zh-cn.php
[ info ] [ ROUTE ] array (
  'type' => 'module',
  'module' => 
  array (
    0 => 'admin',
    1 => 'member',
    2 => 'static',
  ),
)
[ info ] [ HEADER ] array (
  'cookie' => 'pgv_pvi=2783815680',
  'accept-language' => 'zh-CN,zh;q=0.9',
  'accept-encoding' => 'gzip, deflate',
  'referer' => 'http://www.ecshop4.0.com/admin/member/users',
  'accept' => 'image/webp,image/apng,image/*,*/*;q=0.8',
  'user-agent' => 'Mozilla/5.0 (Windows NT 10.0; Win64; x64) AppleWebKit/537.36 (KHTML, like Gecko) Chrome/68.0.3440.106 Safari/537.36',
  'connection' => 'close',
  'host' => 'www.ecshop4.0.com',
)
[ info ] [ PARAM ] array (
  'picture' => 'sort_desc.png',
)
[ info ] [ LOG ] INIT File
---------------------------------------------------------------
[ 2018-09-07T20:36:25+08:00 ] 127.0.0.1 GET /admin/member/static/picture/no.svg
[ info ] www.ecshop4.0.com/admin/member/static/picture/no.svg [运行时间：0.018421s][吞吐率：54.29req/s] [内存消耗：821.55kb] [文件加载：30]
[ info ] [ LANG ] E:\phpStudy\WWW\ECShop\thinkphp\lang\zh-cn.php
[ info ] [ ROUTE ] array (
  'type' => 'module',
  'module' => 
  array (
    0 => 'admin',
    1 => 'member',
    2 => 'static',
  ),
)
[ info ] [ HEADER ] array (
  'cookie' => 'pgv_pvi=2783815680',
  'accept-language' => 'zh-CN,zh;q=0.9',
  'accept-encoding' => 'gzip, deflate',
  'referer' => 'http://www.ecshop4.0.com/admin/member/users',
  'accept' => 'image/webp,image/apng,image/*,*/*;q=0.8',
  'user-agent' => 'Mozilla/5.0 (Windows NT 10.0; Win64; x64) AppleWebKit/537.36 (KHTML, like Gecko) Chrome/68.0.3440.106 Safari/537.36',
  'connection' => 'close',
  'host' => 'www.ecshop4.0.com',
)
[ info ] [ PARAM ] array (
  'picture' => 'no.svg',
)
[ info ] [ LOG ] INIT File
---------------------------------------------------------------
[ 2018-09-07T20:36:26+08:00 ] 127.0.0.1 GET /shop_config.php?act=list_edit
[ info ] www.ecshop4.0.com/shop_config.php?act=list_edit [运行时间：0.017437s][吞吐率：57.35req/s] [内存消耗：818.73kb] [文件加载：29]
[ info ] [ LANG ] E:\phpStudy\WWW\ECShop\thinkphp\lang\zh-cn.php
[ info ] [ ROUTE ] array (
  'type' => 'module',
  'module' => 
  array (
    0 => 'shop_config.php',
    1 => NULL,
    2 => NULL,
  ),
)
[ info ] [ HEADER ] array (
  'cookie' => 'pgv_pvi=2783815680',
  'accept-language' => 'zh-CN,zh;q=0.9',
  'accept-encoding' => 'gzip, deflate',
  'referer' => 'http://www.ecshop4.0.com/admin',
  'accept' => 'text/html,application/xhtml+xml,application/xml;q=0.9,image/webp,image/apng,*/*;q=0.8',
  'user-agent' => 'Mozilla/5.0 (Windows NT 10.0; Win64; x64) AppleWebKit/537.36 (KHTML, like Gecko) Chrome/68.0.3440.106 Safari/537.36',
  'upgrade-insecure-requests' => '1',
  'connection' => 'close',
  'host' => 'www.ecshop4.0.com',
)
[ info ] [ PARAM ] array (
  'act' => 'list_edit',
)
[ info ] [ LOG ] INIT File
---------------------------------------------------------------
[ 2018-09-07T20:36:29+08:00 ] 127.0.0.1 GET /admin/goods/goods_list
[ info ] www.ecshop4.0.com/admin/goods/goods_list [运行时间：0.077109s][吞吐率：12.97req/s] [内存消耗：2,295.86kb] [文件加载：51]
[ info ] [ LANG ] E:\phpStudy\WWW\ECShop\thinkphp\lang\zh-cn.php
[ info ] [ ROUTE ] array (
  'type' => 'module',
  'module' => 
  array (
    0 => 'admin',
    1 => 'goods',
    2 => 'goods_list',
  ),
)
[ info ] [ HEADER ] array (
  'cookie' => 'pgv_pvi=2783815680',
  'accept-language' => 'zh-CN,zh;q=0.9',
  'accept-encoding' => 'gzip, deflate',
  'referer' => 'http://www.ecshop4.0.com/admin',
  'accept' => 'text/html,application/xhtml+xml,application/xml;q=0.9,image/webp,image/apng,*/*;q=0.8',
  'user-agent' => 'Mozilla/5.0 (Windows NT 10.0; Win64; x64) AppleWebKit/537.36 (KHTML, like Gecko) Chrome/68.0.3440.106 Safari/537.36',
  'upgrade-insecure-requests' => '1',
  'connection' => 'close',
  'host' => 'www.ecshop4.0.com',
)
[ info ] [ PARAM ] array (
)
[ info ] [ DB ] INIT mysql
[ info ] [ RUN ] app\admin\controller\Goods->goods_list[ E:\phpStudy\WWW\ECShop\application\admin\controller\Goods.php ]
[ info ] [ VIEW ] E:\phpStudy\WWW\ECShop\public/../application/admin\view\goods\goods_list.html [ array (
  0 => 'res',
) ]
[ info ] [ LOG ] INIT File
[ sql ] [ DB ] CONNECT:[ UseTime:0.010097s ] mysql:host=127.0.0.1;port=3306;dbname=ecshop;charset=utf8
[ sql ] [ SQL ] SHOW COLUMNS FROM `goods` [ RunTime:0.011069s ]
[ sql ] [ SQL ] SELECT COUNT(*) AS tp_count FROM `goods` LIMIT 1 [ RunTime:0.000436s ]
[ sql ] [ SQL ] SELECT * FROM `goods` LIMIT 0,5 [ RunTime:0.000756s ]
---------------------------------------------------------------
[ 2018-09-07T20:36:30+08:00 ] 127.0.0.1 GET /admin/Promotion/type
[ info ] www.ecshop4.0.com/admin/Promotion/type [运行时间：0.016693s][吞吐率：59.91req/s] [内存消耗：1,039.30kb] [文件加载：33]
[ info ] [ LANG ] E:\phpStudy\WWW\ECShop\thinkphp\lang\zh-cn.php
[ info ] [ ROUTE ] array (
  'type' => 'module',
  'module' => 
  array (
    0 => 'admin',
    1 => 'Promotion',
    2 => 'type',
  ),
)
[ info ] [ HEADER ] array (
  'cookie' => 'pgv_pvi=2783815680',
  'accept-language' => 'zh-CN,zh;q=0.9',
  'accept-encoding' => 'gzip, deflate',
  'referer' => 'http://www.ecshop4.0.com/admin',
  'accept' => 'text/html,application/xhtml+xml,application/xml;q=0.9,image/webp,image/apng,*/*;q=0.8',
  'user-agent' => 'Mozilla/5.0 (Windows NT 10.0; Win64; x64) AppleWebKit/537.36 (KHTML, like Gecko) Chrome/68.0.3440.106 Safari/537.36',
  'upgrade-insecure-requests' => '1',
  'connection' => 'close',
  'host' => 'www.ecshop4.0.com',
)
[ info ] [ PARAM ] array (
)
[ info ] [ RUN ] app\admin\controller\Promotion->type[ E:\phpStudy\WWW\ECShop\application\admin\controller\Promotion.php ]
[ info ] [ VIEW ] E:\phpStudy\WWW\ECShop\public/../application/admin\view\promotion\type.html [ array (
) ]
[ info ] [ LOG ] INIT File
---------------------------------------------------------------
[ 2018-09-07T20:36:30+08:00 ] 127.0.0.1 GET /static/js/transport_2.js
[ info ] www.ecshop4.0.com/static/js/transport_2.js [运行时间：0.015520s][吞吐率：64.43req/s] [内存消耗：817.55kb] [文件加载：29]
[ info ] [ LANG ] E:\phpStudy\WWW\ECShop\thinkphp\lang\zh-cn.php
[ info ] [ ROUTE ] array (
  'type' => 'module',
  'module' => 
  array (
    0 => 'static',
    1 => 'js',
    2 => 'transport_2.js',
  ),
)
[ info ] [ HEADER ] array (
  'cookie' => 'pgv_pvi=2783815680',
  'accept-language' => 'zh-CN,zh;q=0.9',
  'accept-encoding' => 'gzip, deflate',
  'referer' => 'http://www.ecshop4.0.com/admin/Promotion/type',
  'accept' => '*/*',
  'user-agent' => 'Mozilla/5.0 (Windows NT 10.0; Win64; x64) AppleWebKit/537.36 (KHTML, like Gecko) Chrome/68.0.3440.106 Safari/537.36',
  'connection' => 'close',
  'host' => 'www.ecshop4.0.com',
)
[ info ] [ PARAM ] array (
)
[ info ] [ LOG ] INIT File
---------------------------------------------------------------
[ 2018-09-07T20:36:30+08:00 ] 127.0.0.1 GET /admin/goods/goods_list
[ info ] www.ecshop4.0.com/admin/goods/goods_list [运行时间：0.042630s][吞吐率：23.46req/s] [内存消耗：2,150.11kb] [文件加载：49]
[ info ] [ LANG ] E:\phpStudy\WWW\ECShop\thinkphp\lang\zh-cn.php
[ info ] [ ROUTE ] array (
  'type' => 'module',
  'module' => 
  array (
    0 => 'admin',
    1 => 'goods',
    2 => 'goods_list',
  ),
)
[ info ] [ HEADER ] array (
  'cookie' => 'pgv_pvi=2783815680',
  'accept-language' => 'zh-CN,zh;q=0.9',
  'accept-encoding' => 'gzip, deflate',
  'referer' => 'http://www.ecshop4.0.com/admin',
  'accept' => 'text/html,application/xhtml+xml,application/xml;q=0.9,image/webp,image/apng,*/*;q=0.8',
  'user-agent' => 'Mozilla/5.0 (Windows NT 10.0; Win64; x64) AppleWebKit/537.36 (KHTML, like Gecko) Chrome/68.0.3440.106 Safari/537.36',
  'upgrade-insecure-requests' => '1',
  'connection' => 'close',
  'host' => 'www.ecshop4.0.com',
)
[ info ] [ PARAM ] array (
)
[ info ] [ DB ] INIT mysql
[ info ] [ RUN ] app\admin\controller\Goods->goods_list[ E:\phpStudy\WWW\ECShop\application\admin\controller\Goods.php ]
[ info ] [ VIEW ] E:\phpStudy\WWW\ECShop\public/../application/admin\view\goods\goods_list.html [ array (
  0 => 'res',
) ]
[ info ] [ LOG ] INIT File
[ sql ] [ DB ] CONNECT:[ UseTime:0.002560s ] mysql:host=127.0.0.1;port=3306;dbname=ecshop;charset=utf8
[ sql ] [ SQL ] SHOW COLUMNS FROM `goods` [ RunTime:0.009199s ]
[ sql ] [ SQL ] SELECT COUNT(*) AS tp_count FROM `goods` LIMIT 1 [ RunTime:0.000426s ]
[ sql ] [ SQL ] SELECT * FROM `goods` LIMIT 0,5 [ RunTime:0.000643s ]
---------------------------------------------------------------
[ 2018-09-07T20:36:31+08:00 ] 127.0.0.1 GET /admin/goods/category_list
[ info ] www.ecshop4.0.com/admin/goods/category_list [运行时间：0.035338s][吞吐率：28.30req/s] [内存消耗：2,035.58kb] [文件加载：45]
[ info ] [ LANG ] E:\phpStudy\WWW\ECShop\thinkphp\lang\zh-cn.php
[ info ] [ ROUTE ] array (
  'type' => 'module',
  'module' => 
  array (
    0 => 'admin',
    1 => 'goods',
    2 => 'category_list',
  ),
)
[ info ] [ HEADER ] array (
  'cookie' => 'pgv_pvi=2783815680',
  'accept-language' => 'zh-CN,zh;q=0.9',
  'accept-encoding' => 'gzip, deflate',
  'referer' => 'http://www.ecshop4.0.com/admin/Index/index_menu',
  'accept' => 'text/html,application/xhtml+xml,application/xml;q=0.9,image/webp,image/apng,*/*;q=0.8',
  'user-agent' => 'Mozilla/5.0 (Windows NT 10.0; Win64; x64) AppleWebKit/537.36 (KHTML, like Gecko) Chrome/68.0.3440.106 Safari/537.36',
  'upgrade-insecure-requests' => '1',
  'connection' => 'close',
  'host' => 'www.ecshop4.0.com',
)
[ info ] [ PARAM ] array (
)
[ info ] [ DB ] INIT mysql
[ info ] [ RUN ] app\admin\controller\Goods->category_list[ E:\phpStudy\WWW\ECShop\application\admin\controller\Goods.php ]
[ info ] [ VIEW ] E:\phpStudy\WWW\ECShop\public/../application/admin\view\goods\category_list.html [ array (
) ]
[ info ] [ LOG ] INIT File
---------------------------------------------------------------
[ 2018-09-07T20:36:31+08:00 ] 127.0.0.1 GET /admin/goods/comment_manage_list
[ info ] www.ecshop4.0.com/admin/goods/comment_manage_list [运行时间：0.032335s][吞吐率：30.93req/s] [内存消耗：1,947.60kb] [文件加载：45]
[ info ] [ LANG ] E:\phpStudy\WWW\ECShop\thinkphp\lang\zh-cn.php
[ info ] [ ROUTE ] array (
  'type' => 'module',
  'module' => 
  array (
    0 => 'admin',
    1 => 'goods',
    2 => 'comment_manage_list',
  ),
)
[ info ] [ HEADER ] array (
  'cookie' => 'pgv_pvi=2783815680',
  'accept-language' => 'zh-CN,zh;q=0.9',
  'accept-encoding' => 'gzip, deflate',
  'referer' => 'http://www.ecshop4.0.com/admin/Index/index_menu',
  'accept' => 'text/html,application/xhtml+xml,application/xml;q=0.9,image/webp,image/apng,*/*;q=0.8',
  'user-agent' => 'Mozilla/5.0 (Windows NT 10.0; Win64; x64) AppleWebKit/537.36 (KHTML, like Gecko) Chrome/68.0.3440.106 Safari/537.36',
  'upgrade-insecure-requests' => '1',
  'connection' => 'close',
  'host' => 'www.ecshop4.0.com',
)
[ info ] [ PARAM ] array (
)
[ info ] [ DB ] INIT mysql
[ info ] [ RUN ] app\admin\controller\Goods->comment_manage_list[ E:\phpStudy\WWW\ECShop\application\admin\controller\Goods.php ]
[ info ] [ VIEW ] E:\phpStudy\WWW\ECShop\public/../application/admin\view\goods\comment_manage_list.html [ array (
) ]
[ info ] [ LOG ] INIT File
---------------------------------------------------------------
[ 2018-09-07T20:36:32+08:00 ] 127.0.0.1 GET /admin/goods/brand_list
[ info ] www.ecshop4.0.com/admin/goods/brand_list [运行时间：0.076135s][吞吐率：13.13req/s] [内存消耗：2,169.90kb] [文件加载：50]
[ info ] [ LANG ] E:\phpStudy\WWW\ECShop\thinkphp\lang\zh-cn.php
[ info ] [ ROUTE ] array (
  'type' => 'module',
  'module' => 
  array (
    0 => 'admin',
    1 => 'goods',
    2 => 'brand_list',
  ),
)
[ info ] [ HEADER ] array (
  'cookie' => 'pgv_pvi=2783815680',
  'accept-language' => 'zh-CN,zh;q=0.9',
  'accept-encoding' => 'gzip, deflate',
  'referer' => 'http://www.ecshop4.0.com/admin/Index/index_menu',
  'accept' => 'text/html,application/xhtml+xml,application/xml;q=0.9,image/webp,image/apng,*/*;q=0.8',
  'user-agent' => 'Mozilla/5.0 (Windows NT 10.0; Win64; x64) AppleWebKit/537.36 (KHTML, like Gecko) Chrome/68.0.3440.106 Safari/537.36',
  'upgrade-insecure-requests' => '1',
  'connection' => 'close',
  'host' => 'www.ecshop4.0.com',
)
[ info ] [ PARAM ] array (
)
[ info ] [ DB ] INIT mysql
[ info ] [ RUN ] app\admin\controller\Goods->brand_list[ E:\phpStudy\WWW\ECShop\application\admin\controller\Goods.php ]
[ info ] [ VIEW ] E:\phpStudy\WWW\ECShop\public/../application/admin\view\goods\brand_list.html [ array (
  0 => 'res',
) ]
[ info ] [ LOG ] INIT File
[ sql ] [ DB ] CONNECT:[ UseTime:0.002583s ] mysql:host=127.0.0.1;port=3306;dbname=ecshop;charset=utf8
[ sql ] [ SQL ] SHOW COLUMNS FROM `brand` [ RunTime:0.009016s ]
[ sql ] [ SQL ] SELECT COUNT(*) AS tp_count FROM `brand` LIMIT 1 [ RunTime:0.000528s ]
[ sql ] [ SQL ] SELECT * FROM `brand` LIMIT 0,5 [ RunTime:0.000432s ]
---------------------------------------------------------------
[ 2018-09-07T20:36:32+08:00 ] 127.0.0.1 GET /admin/goods/goods_type_manage
[ info ] www.ecshop4.0.com/admin/goods/goods_type_manage [运行时间：0.041609s][吞吐率：24.03req/s] [内存消耗：2,136.45kb] [文件加载：47]
[ info ] [ LANG ] E:\phpStudy\WWW\ECShop\thinkphp\lang\zh-cn.php
[ info ] [ ROUTE ] array (
  'type' => 'module',
  'module' => 
  array (
    0 => 'admin',
    1 => 'goods',
    2 => 'goods_type_manage',
  ),
)
[ info ] [ HEADER ] array (
  'cookie' => 'pgv_pvi=2783815680',
  'accept-language' => 'zh-CN,zh;q=0.9',
  'accept-encoding' => 'gzip, deflate',
  'referer' => 'http://www.ecshop4.0.com/admin/Index/index_menu',
  'accept' => 'text/html,application/xhtml+xml,application/xml;q=0.9,image/webp,image/apng,*/*;q=0.8',
  'user-agent' => 'Mozilla/5.0 (Windows NT 10.0; Win64; x64) AppleWebKit/537.36 (KHTML, like Gecko) Chrome/68.0.3440.106 Safari/537.36',
  'upgrade-insecure-requests' => '1',
  'connection' => 'close',
  'host' => 'www.ecshop4.0.com',
)
[ info ] [ PARAM ] array (
)
[ info ] [ DB ] INIT mysql
[ info ] [ RUN ] app\admin\controller\Goods->goods_type_manage[ E:\phpStudy\WWW\ECShop\application\admin\controller\Goods.php ]
[ info ] [ VIEW ] E:\phpStudy\WWW\ECShop\public/../application/admin\view\goods\goods_type_manage.html [ array (
  0 => 'arr',
) ]
[ info ] [ LOG ] INIT File
[ sql ] [ DB ] CONNECT:[ UseTime:0.002514s ] mysql:host=127.0.0.1;port=3306;dbname=ecshop;charset=utf8
[ sql ] [ SQL ] SHOW COLUMNS FROM `goods_type` [ RunTime:0.009112s ]
[ sql ] [ SQL ] SELECT * FROM `goods_type` [ RunTime:0.000469s ]
---------------------------------------------------------------
[ 2018-09-07T20:36:33+08:00 ] 127.0.0.1 GET /admin/goods/goods_trash
[ info ] www.ecshop4.0.com/admin/goods/goods_trash [运行时间：0.063333s][吞吐率：15.79req/s] [内存消耗：2,096.39kb] [文件加载：46]
[ info ] [ LANG ] E:\phpStudy\WWW\ECShop\thinkphp\lang\zh-cn.php
[ info ] [ ROUTE ] array (
  'type' => 'module',
  'module' => 
  array (
    0 => 'admin',
    1 => 'goods',
    2 => 'goods_trash',
  ),
)
[ info ] [ HEADER ] array (
  'cookie' => 'pgv_pvi=2783815680',
  'accept-language' => 'zh-CN,zh;q=0.9',
  'accept-encoding' => 'gzip, deflate',
  'referer' => 'http://www.ecshop4.0.com/admin/Index/index_menu',
  'accept' => 'text/html,application/xhtml+xml,application/xml;q=0.9,image/webp,image/apng,*/*;q=0.8',
  'user-agent' => 'Mozilla/5.0 (Windows NT 10.0; Win64; x64) AppleWebKit/537.36 (KHTML, like Gecko) Chrome/68.0.3440.106 Safari/537.36',
  'upgrade-insecure-requests' => '1',
  'connection' => 'close',
  'host' => 'www.ecshop4.0.com',
)
[ info ] [ PARAM ] array (
)
[ info ] [ DB ] INIT mysql
[ info ] [ RUN ] app\admin\controller\Goods->goods_trash[ E:\phpStudy\WWW\ECShop\application\admin\controller\Goods.php ]
[ info ] [ VIEW ] E:\phpStudy\WWW\ECShop\public/../application/admin\view\goods\goods_trash.html [ array (
  0 => 'arr',
) ]
[ info ] [ LOG ] INIT File
[ sql ] [ DB ] CONNECT:[ UseTime:0.002696s ] mysql:host=127.0.0.1;port=3306;dbname=ecshop;charset=utf8
[ sql ] [ SQL ] SHOW COLUMNS FROM `goods_trash` [ RunTime:0.009693s ]
[ sql ] [ SQL ] SELECT * FROM `goods_trash` [ RunTime:0.000414s ]
---------------------------------------------------------------
[ 2018-09-07T20:36:34+08:00 ] 127.0.0.1 GET /admin/goods/goods_trash
[ info ] www.ecshop4.0.com/admin/goods/goods_trash [运行时间：0.046075s][吞吐率：21.70req/s] [内存消耗：1,907.38kb] [文件加载：44]
[ info ] [ LANG ] E:\phpStudy\WWW\ECShop\thinkphp\lang\zh-cn.php
[ info ] [ ROUTE ] array (
  'type' => 'module',
  'module' => 
  array (
    0 => 'admin',
    1 => 'goods',
    2 => 'goods_trash',
  ),
)
[ info ] [ HEADER ] array (
  'cookie' => 'pgv_pvi=2783815680',
  'accept-language' => 'zh-CN,zh;q=0.9',
  'accept-encoding' => 'gzip, deflate',
  'referer' => 'http://www.ecshop4.0.com/admin/Index/index_menu',
  'accept' => 'text/html,application/xhtml+xml,application/xml;q=0.9,image/webp,image/apng,*/*;q=0.8',
  'user-agent' => 'Mozilla/5.0 (Windows NT 10.0; Win64; x64) AppleWebKit/537.36 (KHTML, like Gecko) Chrome/68.0.3440.106 Safari/537.36',
  'upgrade-insecure-requests' => '1',
  'connection' => 'close',
  'host' => 'www.ecshop4.0.com',
)
[ info ] [ PARAM ] array (
)
[ info ] [ DB ] INIT mysql
[ info ] [ RUN ] app\admin\controller\Goods->goods_trash[ E:\phpStudy\WWW\ECShop\application\admin\controller\Goods.php ]
[ info ] [ VIEW ] E:\phpStudy\WWW\ECShop\public/../application/admin\view\goods\goods_trash.html [ array (
  0 => 'arr',
) ]
[ info ] [ LOG ] INIT File
[ sql ] [ DB ] CONNECT:[ UseTime:0.002501s ] mysql:host=127.0.0.1;port=3306;dbname=ecshop;charset=utf8
[ sql ] [ SQL ] SHOW COLUMNS FROM `goods_trash` [ RunTime:0.016582s ]
[ sql ] [ SQL ] SELECT * FROM `goods_trash` [ RunTime:0.000387s ]
---------------------------------------------------------------
[ 2018-09-07T20:36:34+08:00 ] 127.0.0.1 GET /admin/goods/goods_add
[ info ] www.ecshop4.0.com/admin/goods/goods_add [运行时间：0.028669s][吞吐率：34.88req/s] [内存消耗：2,035.54kb] [文件加载：45]
[ info ] [ LANG ] E:\phpStudy\WWW\ECShop\thinkphp\lang\zh-cn.php
[ info ] [ ROUTE ] array (
  'type' => 'module',
  'module' => 
  array (
    0 => 'admin',
    1 => 'goods',
    2 => 'goods_add',
  ),
)
[ info ] [ HEADER ] array (
  'cookie' => 'pgv_pvi=2783815680',
  'accept-language' => 'zh-CN,zh;q=0.9',
  'accept-encoding' => 'gzip, deflate',
  'referer' => 'http://www.ecshop4.0.com/admin/Index/index_menu',
  'accept' => 'text/html,application/xhtml+xml,application/xml;q=0.9,image/webp,image/apng,*/*;q=0.8',
  'user-agent' => 'Mozilla/5.0 (Windows NT 10.0; Win64; x64) AppleWebKit/537.36 (KHTML, like Gecko) Chrome/68.0.3440.106 Safari/537.36',
  'upgrade-insecure-requests' => '1',
  'connection' => 'close',
  'host' => 'www.ecshop4.0.com',
)
[ info ] [ PARAM ] array (
)
[ info ] [ DB ] INIT mysql
[ info ] [ RUN ] app\admin\controller\Goods->goods_add[ E:\phpStudy\WWW\ECShop\application\admin\controller\Goods.php ]
[ info ] [ VIEW ] E:\phpStudy\WWW\ECShop\public/../application/admin\view\goods\goods_add.html [ array (
) ]
[ info ] [ LOG ] INIT File
