---------------------------------------------------------------
[ 2018-09-09T21:11:01+08:00 ] 127.0.0.1 GET /admin/
[ info ] www.ecshop4.0.com/admin/ [运行时间：0.890648s][吞吐率：1.12req/s] [内存消耗：1,009.17kb] [文件加载：33]
[ info ] [ LANG ] D:\phpstudy\WWW\ECShop\thinkphp\lang\zh-cn.php
[ info ] [ ROUTE ] array (
  'type' => 'module',
  'module' => 
  array (
    0 => 'admin',
    1 => NULL,
    2 => NULL,
  ),
)
[ info ] [ HEADER ] array (
  'accept-language' => 'zh-CN,zh;q=0.9',
  'accept-encoding' => 'gzip, deflate',
  'accept' => 'text/html,application/xhtml+xml,application/xml;q=0.9,image/webp,image/apng,*/*;q=0.8',
  'user-agent' => 'Mozilla/5.0 (Windows NT 10.0; Win64; x64) AppleWebKit/537.36 (KHTML, like Gecko) Chrome/68.0.3440.106 Safari/537.36',
  'upgrade-insecure-requests' => '1',
  'connection' => 'close',
  'host' => 'www.ecshop4.0.com',
)
[ info ] [ PARAM ] array (
)
[ info ] [ RUN ] app\admin\controller\Index->index[ D:\phpstudy\WWW\ECShop\application\admin\controller\Index.php ]
[ info ] [ VIEW ] D:\phpstudy\WWW\ECShop\public/../application/admin\view\index\index.html [ array (
) ]
[ info ] [ LOG ] INIT File
---------------------------------------------------------------
[ 2018-09-09T21:11:01+08:00 ] 127.0.0.1 GET /admin/Index/index_menu
[ info ] www.ecshop4.0.com/admin/Index/index_menu [运行时间：0.109863s][吞吐率：9.10req/s] [内存消耗：1,025.73kb] [文件加载：33]
[ info ] [ LANG ] D:\phpstudy\WWW\ECShop\thinkphp\lang\zh-cn.php
[ info ] [ ROUTE ] array (
  'type' => 'module',
  'module' => 
  array (
    0 => 'admin',
    1 => 'Index',
    2 => 'index_menu',
  ),
)
[ info ] [ HEADER ] array (
  'accept-language' => 'zh-CN,zh;q=0.9',
  'accept-encoding' => 'gzip, deflate',
  'referer' => 'http://www.ecshop4.0.com/admin/',
  'accept' => 'text/html,application/xhtml+xml,application/xml;q=0.9,image/webp,image/apng,*/*;q=0.8',
  'user-agent' => 'Mozilla/5.0 (Windows NT 10.0; Win64; x64) AppleWebKit/537.36 (KHTML, like Gecko) Chrome/68.0.3440.106 Safari/537.36',
  'upgrade-insecure-requests' => '1',
  'connection' => 'close',
  'host' => 'www.ecshop4.0.com',
)
[ info ] [ PARAM ] array (
)
[ info ] [ RUN ] app\admin\controller\Index->index_menu[ D:\phpstudy\WWW\ECShop\application\admin\controller\Index.php ]
[ info ] [ VIEW ] D:\phpstudy\WWW\ECShop\public/../application/admin\view\index\index_menu.html [ array (
) ]
[ info ] [ LOG ] INIT File
---------------------------------------------------------------
[ 2018-09-09T21:11:02+08:00 ] 127.0.0.1 GET /admin/Index/index_top
[ info ] www.ecshop4.0.com/admin/Index/index_top [运行时间：0.133225s][吞吐率：7.51req/s] [内存消耗：1,009.77kb] [文件加载：33]
[ info ] [ LANG ] D:\phpstudy\WWW\ECShop\thinkphp\lang\zh-cn.php
[ info ] [ ROUTE ] array (
  'type' => 'module',
  'module' => 
  array (
    0 => 'admin',
    1 => 'Index',
    2 => 'index_top',
  ),
)
[ info ] [ HEADER ] array (
  'accept-language' => 'zh-CN,zh;q=0.9',
  'accept-encoding' => 'gzip, deflate',
  'referer' => 'http://www.ecshop4.0.com/admin/',
  'accept' => 'text/html,application/xhtml+xml,application/xml;q=0.9,image/webp,image/apng,*/*;q=0.8',
  'user-agent' => 'Mozilla/5.0 (Windows NT 10.0; Win64; x64) AppleWebKit/537.36 (KHTML, like Gecko) Chrome/68.0.3440.106 Safari/537.36',
  'upgrade-insecure-requests' => '1',
  'connection' => 'close',
  'host' => 'www.ecshop4.0.com',
)
[ info ] [ PARAM ] array (
)
[ info ] [ RUN ] app\admin\controller\Index->index_top[ D:\phpstudy\WWW\ECShop\application\admin\controller\Index.php ]
[ info ] [ VIEW ] D:\phpstudy\WWW\ECShop\public/../application/admin\view\index\index_top.html [ array (
) ]
[ info ] [ LOG ] INIT File
---------------------------------------------------------------
[ 2018-09-09T21:11:02+08:00 ] 127.0.0.1 GET /admin/Index/index_main
[ info ] www.ecshop4.0.com/admin/Index/index_main [运行时间：0.091759s][吞吐率：10.90req/s] [内存消耗：1,009.70kb] [文件加载：33]
[ info ] [ LANG ] D:\phpstudy\WWW\ECShop\thinkphp\lang\zh-cn.php
[ info ] [ ROUTE ] array (
  'type' => 'module',
  'module' => 
  array (
    0 => 'admin',
    1 => 'Index',
    2 => 'index_main',
  ),
)
[ info ] [ HEADER ] array (
  'accept-language' => 'zh-CN,zh;q=0.9',
  'accept-encoding' => 'gzip, deflate',
  'referer' => 'http://www.ecshop4.0.com/admin/',
  'accept' => 'text/html,application/xhtml+xml,application/xml;q=0.9,image/webp,image/apng,*/*;q=0.8',
  'user-agent' => 'Mozilla/5.0 (Windows NT 10.0; Win64; x64) AppleWebKit/537.36 (KHTML, like Gecko) Chrome/68.0.3440.106 Safari/537.36',
  'upgrade-insecure-requests' => '1',
  'connection' => 'close',
  'host' => 'www.ecshop4.0.com',
)
[ info ] [ PARAM ] array (
)
[ info ] [ RUN ] app\admin\controller\Index->index_main[ D:\phpstudy\WWW\ECShop\application\admin\controller\Index.php ]
[ info ] [ VIEW ] D:\phpstudy\WWW\ECShop\public/../application/admin\view\index\index_main.html [ array (
) ]
[ info ] [ LOG ] INIT File
---------------------------------------------------------------
[ 2018-09-09T21:11:04+08:00 ] 127.0.0.1 GET /admin/goods/goods_list
[ info ] www.ecshop4.0.com/admin/goods/goods_list [运行时间：0.863843s][吞吐率：1.16req/s] [内存消耗：2,201.64kb] [文件加载：49]
[ info ] [ LANG ] D:\phpstudy\WWW\ECShop\thinkphp\lang\zh-cn.php
[ info ] [ ROUTE ] array (
  'type' => 'module',
  'module' => 
  array (
    0 => 'admin',
    1 => 'goods',
    2 => 'goods_list',
  ),
)
[ info ] [ HEADER ] array (
  'accept-language' => 'zh-CN,zh;q=0.9',
  'accept-encoding' => 'gzip, deflate',
  'referer' => 'http://www.ecshop4.0.com/admin/',
  'accept' => 'text/html,application/xhtml+xml,application/xml;q=0.9,image/webp,image/apng,*/*;q=0.8',
  'user-agent' => 'Mozilla/5.0 (Windows NT 10.0; Win64; x64) AppleWebKit/537.36 (KHTML, like Gecko) Chrome/68.0.3440.106 Safari/537.36',
  'upgrade-insecure-requests' => '1',
  'connection' => 'close',
  'host' => 'www.ecshop4.0.com',
)
[ info ] [ PARAM ] array (
)
[ info ] [ DB ] INIT mysql
[ info ] [ RUN ] app\admin\controller\Goods->goods_list[ D:\phpstudy\WWW\ECShop\application\admin\controller\Goods.php ]
[ info ] [ VIEW ] D:\phpstudy\WWW\ECShop\public/../application/admin\view\goods\goods_list.html [ array (
  0 => 'res',
) ]
[ info ] [ LOG ] INIT File
[ sql ] [ DB ] CONNECT:[ UseTime:0.100625s ] mysql:host=127.0.0.1;port=3306;dbname=ecshop1;charset=utf8
[ sql ] [ SQL ] SHOW COLUMNS FROM `goods` [ RunTime:0.269293s ]
[ sql ] [ SQL ] SELECT COUNT(*) AS tp_count FROM `goods` WHERE  `is_delete` = 1 LIMIT 1 [ RunTime:0.061101s ]
[ sql ] [ SQL ] SELECT * FROM `goods` WHERE  `is_delete` = 1 LIMIT 0,5 [ RunTime:0.000988s ]
---------------------------------------------------------------
[ 2018-09-09T21:11:09+08:00 ] 127.0.0.1 GET /admin/goods/category_list
[ info ] www.ecshop4.0.com/admin/goods/category_list [运行时间：0.080096s][吞吐率：12.49req/s] [内存消耗：1,955.27kb] [文件加载：43]
[ info ] [ LANG ] D:\phpstudy\WWW\ECShop\thinkphp\lang\zh-cn.php
[ info ] [ ROUTE ] array (
  'type' => 'module',
  'module' => 
  array (
    0 => 'admin',
    1 => 'goods',
    2 => 'category_list',
  ),
)
[ info ] [ HEADER ] array (
  'accept-language' => 'zh-CN,zh;q=0.9',
  'accept-encoding' => 'gzip, deflate',
  'referer' => 'http://www.ecshop4.0.com/admin/Index/index_menu',
  'accept' => 'text/html,application/xhtml+xml,application/xml;q=0.9,image/webp,image/apng,*/*;q=0.8',
  'user-agent' => 'Mozilla/5.0 (Windows NT 10.0; Win64; x64) AppleWebKit/537.36 (KHTML, like Gecko) Chrome/68.0.3440.106 Safari/537.36',
  'upgrade-insecure-requests' => '1',
  'connection' => 'close',
  'host' => 'www.ecshop4.0.com',
)
[ info ] [ PARAM ] array (
)
[ info ] [ DB ] INIT mysql
[ info ] [ RUN ] app\admin\controller\Goods->category_list[ D:\phpstudy\WWW\ECShop\application\admin\controller\Goods.php ]
[ info ] [ VIEW ] D:\phpstudy\WWW\ECShop\public/../application/admin\view\goods\category_list.html [ array (
) ]
[ info ] [ LOG ] INIT File
---------------------------------------------------------------
[ 2018-09-09T21:11:09+08:00 ] 127.0.0.1 GET /static/css/general_3.css
[ info ] www.ecshop4.0.com/static/css/general_3.css [运行时间：0.098596s][吞吐率：10.14req/s] [内存消耗：839.83kb] [文件加载：29]
[ info ] [ LANG ] D:\phpstudy\WWW\ECShop\thinkphp\lang\zh-cn.php
[ info ] [ ROUTE ] array (
  'type' => 'module',
  'module' => 
  array (
    0 => 'static',
    1 => 'css',
    2 => 'general_3.css',
  ),
)
[ info ] [ HEADER ] array (
  'accept-language' => 'zh-CN,zh;q=0.9',
  'accept-encoding' => 'gzip, deflate',
  'referer' => 'http://www.ecshop4.0.com/admin/goods/category_list',
  'accept' => 'text/css,*/*;q=0.1',
  'user-agent' => 'Mozilla/5.0 (Windows NT 10.0; Win64; x64) AppleWebKit/537.36 (KHTML, like Gecko) Chrome/68.0.3440.106 Safari/537.36',
  'connection' => 'close',
  'host' => 'www.ecshop4.0.com',
)
[ info ] [ PARAM ] array (
)
[ info ] [ LOG ] INIT File
---------------------------------------------------------------
[ 2018-09-09T21:11:09+08:00 ] 127.0.0.1 GET /static/css/main_3.css
[ info ] www.ecshop4.0.com/static/css/main_3.css [运行时间：0.095356s][吞吐率：10.49req/s] [内存消耗：839.77kb] [文件加载：29]
[ info ] [ LANG ] D:\phpstudy\WWW\ECShop\thinkphp\lang\zh-cn.php
[ info ] [ ROUTE ] array (
  'type' => 'module',
  'module' => 
  array (
    0 => 'static',
    1 => 'css',
    2 => 'main_3.css',
  ),
)
[ info ] [ HEADER ] array (
  'accept-language' => 'zh-CN,zh;q=0.9',
  'accept-encoding' => 'gzip, deflate',
  'referer' => 'http://www.ecshop4.0.com/admin/goods/category_list',
  'accept' => 'text/css,*/*;q=0.1',
  'user-agent' => 'Mozilla/5.0 (Windows NT 10.0; Win64; x64) AppleWebKit/537.36 (KHTML, like Gecko) Chrome/68.0.3440.106 Safari/537.36',
  'connection' => 'close',
  'host' => 'www.ecshop4.0.com',
)
[ info ] [ PARAM ] array (
)
[ info ] [ LOG ] INIT File
---------------------------------------------------------------
[ 2018-09-09T21:11:10+08:00 ] 127.0.0.1 GET /static/picture/menu_minus.gif
[ info ] www.ecshop4.0.com/static/picture/menu_minus.gif [运行时间：0.018990s][吞吐率：52.66req/s] [内存消耗：839.92kb] [文件加载：29]
[ info ] [ LANG ] D:\phpstudy\WWW\ECShop\thinkphp\lang\zh-cn.php
[ info ] [ ROUTE ] array (
  'type' => 'module',
  'module' => 
  array (
    0 => 'static',
    1 => 'picture',
    2 => 'menu_minus.gif',
  ),
)
[ info ] [ HEADER ] array (
  'accept-language' => 'zh-CN,zh;q=0.9',
  'accept-encoding' => 'gzip, deflate',
  'referer' => 'http://www.ecshop4.0.com/admin/goods/category_list',
  'accept' => 'image/webp,image/apng,image/*,*/*;q=0.8',
  'user-agent' => 'Mozilla/5.0 (Windows NT 10.0; Win64; x64) AppleWebKit/537.36 (KHTML, like Gecko) Chrome/68.0.3440.106 Safari/537.36',
  'connection' => 'close',
  'host' => 'www.ecshop4.0.com',
)
[ info ] [ PARAM ] array (
)
[ info ] [ LOG ] INIT File
---------------------------------------------------------------
[ 2018-09-09T21:11:12+08:00 ] 127.0.0.1 GET /admin/goods/brand_list
[ info ] www.ecshop4.0.com/admin/goods/brand_list [运行时间：0.215780s][吞吐率：4.63req/s] [内存消耗：2,141.46kb] [文件加载：49]
[ info ] [ LANG ] D:\phpstudy\WWW\ECShop\thinkphp\lang\zh-cn.php
[ info ] [ ROUTE ] array (
  'type' => 'module',
  'module' => 
  array (
    0 => 'admin',
    1 => 'goods',
    2 => 'brand_list',
  ),
)
[ info ] [ HEADER ] array (
  'accept-language' => 'zh-CN,zh;q=0.9',
  'accept-encoding' => 'gzip, deflate',
  'referer' => 'http://www.ecshop4.0.com/admin/Index/index_menu',
  'accept' => 'text/html,application/xhtml+xml,application/xml;q=0.9,image/webp,image/apng,*/*;q=0.8',
  'user-agent' => 'Mozilla/5.0 (Windows NT 10.0; Win64; x64) AppleWebKit/537.36 (KHTML, like Gecko) Chrome/68.0.3440.106 Safari/537.36',
  'upgrade-insecure-requests' => '1',
  'connection' => 'close',
  'host' => 'www.ecshop4.0.com',
)
[ info ] [ PARAM ] array (
)
[ info ] [ DB ] INIT mysql
[ info ] [ RUN ] app\admin\controller\Goods->brand_list[ D:\phpstudy\WWW\ECShop\application\admin\controller\Goods.php ]
[ info ] [ VIEW ] D:\phpstudy\WWW\ECShop\public/../application/admin\view\goods\brand_list.html [ array (
  0 => 'res',
) ]
[ info ] [ LOG ] INIT File
[ sql ] [ DB ] CONNECT:[ UseTime:0.001440s ] mysql:host=127.0.0.1;port=3306;dbname=ecshop1;charset=utf8
[ sql ] [ SQL ] SHOW COLUMNS FROM `brand` [ RunTime:0.127871s ]
[ sql ] [ SQL ] SELECT COUNT(*) AS tp_count FROM `brand` LIMIT 1 [ RunTime:0.000670s ]
[ sql ] [ SQL ] SELECT * FROM `brand` LIMIT 0,5 [ RunTime:0.000658s ]
---------------------------------------------------------------
[ 2018-09-09T21:11:13+08:00 ] 127.0.0.1 GET /admin/Promotion/type
[ info ] www.ecshop4.0.com/admin/Promotion/type [运行时间：0.067027s][吞吐率：14.92req/s] [内存消耗：1,008.23kb] [文件加载：33]
[ info ] [ LANG ] D:\phpstudy\WWW\ECShop\thinkphp\lang\zh-cn.php
[ info ] [ ROUTE ] array (
  'type' => 'module',
  'module' => 
  array (
    0 => 'admin',
    1 => 'Promotion',
    2 => 'type',
  ),
)
[ info ] [ HEADER ] array (
  'accept-language' => 'zh-CN,zh;q=0.9',
  'accept-encoding' => 'gzip, deflate',
  'referer' => 'http://www.ecshop4.0.com/admin/',
  'accept' => 'text/html,application/xhtml+xml,application/xml;q=0.9,image/webp,image/apng,*/*;q=0.8',
  'user-agent' => 'Mozilla/5.0 (Windows NT 10.0; Win64; x64) AppleWebKit/537.36 (KHTML, like Gecko) Chrome/68.0.3440.106 Safari/537.36',
  'upgrade-insecure-requests' => '1',
  'connection' => 'close',
  'host' => 'www.ecshop4.0.com',
)
[ info ] [ PARAM ] array (
)
[ info ] [ RUN ] app\admin\controller\Promotion->type[ D:\phpstudy\WWW\ECShop\application\admin\controller\Promotion.php ]
[ info ] [ VIEW ] D:\phpstudy\WWW\ECShop\public/../application/admin\view\promotion\type.html [ array (
) ]
[ info ] [ LOG ] INIT File
---------------------------------------------------------------
[ 2018-09-09T21:11:13+08:00 ] 127.0.0.1 GET /static/css/general_2.css
[ info ] www.ecshop4.0.com/static/css/general_2.css [运行时间：0.023439s][吞吐率：42.66req/s] [内存消耗：839.73kb] [文件加载：29]
[ info ] [ LANG ] D:\phpstudy\WWW\ECShop\thinkphp\lang\zh-cn.php
[ info ] [ ROUTE ] array (
  'type' => 'module',
  'module' => 
  array (
    0 => 'static',
    1 => 'css',
    2 => 'general_2.css',
  ),
)
[ info ] [ HEADER ] array (
  'accept-language' => 'zh-CN,zh;q=0.9',
  'accept-encoding' => 'gzip, deflate',
  'referer' => 'http://www.ecshop4.0.com/admin/Promotion/type',
  'accept' => 'text/css,*/*;q=0.1',
  'user-agent' => 'Mozilla/5.0 (Windows NT 10.0; Win64; x64) AppleWebKit/537.36 (KHTML, like Gecko) Chrome/68.0.3440.106 Safari/537.36',
  'connection' => 'close',
  'host' => 'www.ecshop4.0.com',
)
[ info ] [ PARAM ] array (
)
[ info ] [ LOG ] INIT File
---------------------------------------------------------------
[ 2018-09-09T21:11:13+08:00 ] 127.0.0.1 GET /static/css/main_2.css
[ info ] www.ecshop4.0.com/static/css/main_2.css [运行时间：0.018588s][吞吐率：53.80req/s] [内存消耗：839.77kb] [文件加载：29]
[ info ] [ LANG ] D:\phpstudy\WWW\ECShop\thinkphp\lang\zh-cn.php
[ info ] [ ROUTE ] array (
  'type' => 'module',
  'module' => 
  array (
    0 => 'static',
    1 => 'css',
    2 => 'main_2.css',
  ),
)
[ info ] [ HEADER ] array (
  'accept-language' => 'zh-CN,zh;q=0.9',
  'accept-encoding' => 'gzip, deflate',
  'referer' => 'http://www.ecshop4.0.com/admin/Promotion/type',
  'accept' => 'text/css,*/*;q=0.1',
  'user-agent' => 'Mozilla/5.0 (Windows NT 10.0; Win64; x64) AppleWebKit/537.36 (KHTML, like Gecko) Chrome/68.0.3440.106 Safari/537.36',
  'connection' => 'close',
  'host' => 'www.ecshop4.0.com',
)
[ info ] [ PARAM ] array (
)
[ info ] [ LOG ] INIT File
---------------------------------------------------------------
[ 2018-09-09T21:11:13+08:00 ] 127.0.0.1 GET /static/js/transport_2.js
[ info ] www.ecshop4.0.com/static/js/transport_2.js [运行时间：0.024176s][吞吐率：41.36req/s] [内存消耗：839.68kb] [文件加载：29]
[ info ] [ LANG ] D:\phpstudy\WWW\ECShop\thinkphp\lang\zh-cn.php
[ info ] [ ROUTE ] array (
  'type' => 'module',
  'module' => 
  array (
    0 => 'static',
    1 => 'js',
    2 => 'transport_2.js',
  ),
)
[ info ] [ HEADER ] array (
  'accept-language' => 'zh-CN,zh;q=0.9',
  'accept-encoding' => 'gzip, deflate',
  'referer' => 'http://www.ecshop4.0.com/admin/Promotion/type',
  'accept' => '*/*',
  'user-agent' => 'Mozilla/5.0 (Windows NT 10.0; Win64; x64) AppleWebKit/537.36 (KHTML, like Gecko) Chrome/68.0.3440.106 Safari/537.36',
  'connection' => 'close',
  'host' => 'www.ecshop4.0.com',
)
[ info ] [ PARAM ] array (
)
[ info ] [ LOG ] INIT File
---------------------------------------------------------------
[ 2018-09-09T21:11:13+08:00 ] 127.0.0.1 GET /static/js/common_2.js
[ info ] www.ecshop4.0.com/static/js/common_2.js [运行时间：0.027278s][吞吐率：36.66req/s] [内存消耗：839.69kb] [文件加载：29]
[ info ] [ LANG ] D:\phpstudy\WWW\ECShop\thinkphp\lang\zh-cn.php
[ info ] [ ROUTE ] array (
  'type' => 'module',
  'module' => 
  array (
    0 => 'static',
    1 => 'js',
    2 => 'common_2.js',
  ),
)
[ info ] [ HEADER ] array (
  'accept-language' => 'zh-CN,zh;q=0.9',
  'accept-encoding' => 'gzip, deflate',
  'referer' => 'http://www.ecshop4.0.com/admin/Promotion/type',
  'accept' => '*/*',
  'user-agent' => 'Mozilla/5.0 (Windows NT 10.0; Win64; x64) AppleWebKit/537.36 (KHTML, like Gecko) Chrome/68.0.3440.106 Safari/537.36',
  'connection' => 'close',
  'host' => 'www.ecshop4.0.com',
)
[ info ] [ PARAM ] array (
)
[ info ] [ LOG ] INIT File
---------------------------------------------------------------
[ 2018-09-09T21:11:15+08:00 ] 127.0.0.1 GET /admin/order/orders_list
[ info ] www.ecshop4.0.com/admin/order/orders_list [运行时间：0.209715s][吞吐率：4.77req/s] [内存消耗：1,690.98kb] [文件加载：42]
[ info ] [ LANG ] D:\phpstudy\WWW\ECShop\thinkphp\lang\zh-cn.php
[ info ] [ ROUTE ] array (
  'type' => 'module',
  'module' => 
  array (
    0 => 'admin',
    1 => 'order',
    2 => 'orders_list',
  ),
)
[ info ] [ HEADER ] array (
  'accept-language' => 'zh-CN,zh;q=0.9',
  'accept-encoding' => 'gzip, deflate',
  'referer' => 'http://www.ecshop4.0.com/admin/',
  'accept' => 'text/html,application/xhtml+xml,application/xml;q=0.9,image/webp,image/apng,*/*;q=0.8',
  'user-agent' => 'Mozilla/5.0 (Windows NT 10.0; Win64; x64) AppleWebKit/537.36 (KHTML, like Gecko) Chrome/68.0.3440.106 Safari/537.36',
  'upgrade-insecure-requests' => '1',
  'connection' => 'close',
  'host' => 'www.ecshop4.0.com',
)
[ info ] [ PARAM ] array (
)
[ info ] [ RUN ] app\admin\controller\Order->orders_list[ D:\phpstudy\WWW\ECShop\application\admin\controller\Order.php ]
[ info ] [ DB ] INIT mysql
[ info ] [ VIEW ] D:\phpstudy\WWW\ECShop\public/../application/admin\view\order\orders_list.html [ array (
  0 => 'data',
) ]
[ info ] [ LOG ] INIT File
[ sql ] [ DB ] CONNECT:[ UseTime:0.002951s ] mysql:host=127.0.0.1;port=3306;dbname=ecshop1;charset=utf8
[ sql ] [ SQL ] SHOW COLUMNS FROM `order` [ RunTime:0.072819s ]
[ sql ] [ SQL ] SELECT * FROM `order` [ RunTime:0.000728s ]
---------------------------------------------------------------
[ 2018-09-09T21:11:17+08:00 ] 127.0.0.1 GET /admin/order/orders_query
[ info ] www.ecshop4.0.com/admin/order/orders_query [运行时间：0.067881s][吞吐率：14.73req/s] [内存消耗：1,075.09kb] [文件加载：35]
[ info ] [ LANG ] D:\phpstudy\WWW\ECShop\thinkphp\lang\zh-cn.php
[ info ] [ ROUTE ] array (
  'type' => 'module',
  'module' => 
  array (
    0 => 'admin',
    1 => 'order',
    2 => 'orders_query',
  ),
)
[ info ] [ HEADER ] array (
  'accept-language' => 'zh-CN,zh;q=0.9',
  'accept-encoding' => 'gzip, deflate',
  'referer' => 'http://www.ecshop4.0.com/admin/Index/index_menu',
  'accept' => 'text/html,application/xhtml+xml,application/xml;q=0.9,image/webp,image/apng,*/*;q=0.8',
  'user-agent' => 'Mozilla/5.0 (Windows NT 10.0; Win64; x64) AppleWebKit/537.36 (KHTML, like Gecko) Chrome/68.0.3440.106 Safari/537.36',
  'upgrade-insecure-requests' => '1',
  'connection' => 'close',
  'host' => 'www.ecshop4.0.com',
)
[ info ] [ PARAM ] array (
)
[ info ] [ RUN ] app\admin\controller\Order->orders_query[ D:\phpstudy\WWW\ECShop\application\admin\controller\Order.php ]
[ info ] [ VIEW ] D:\phpstudy\WWW\ECShop\public/../application/admin\view\order\orders_query.html [ array (
) ]
[ info ] [ LOG ] INIT File
---------------------------------------------------------------
[ 2018-09-09T21:11:17+08:00 ] 127.0.0.1 GET /static/js/region.js
[ info ] www.ecshop4.0.com/static/js/region.js [运行时间：0.017656s][吞吐率：56.64req/s] [内存消耗：839.73kb] [文件加载：29]
[ info ] [ LANG ] D:\phpstudy\WWW\ECShop\thinkphp\lang\zh-cn.php
[ info ] [ ROUTE ] array (
  'type' => 'module',
  'module' => 
  array (
    0 => 'static',
    1 => 'js',
    2 => 'region.js',
  ),
)
[ info ] [ HEADER ] array (
  'accept-language' => 'zh-CN,zh;q=0.9',
  'accept-encoding' => 'gzip, deflate',
  'referer' => 'http://www.ecshop4.0.com/admin/order/orders_query',
  'accept' => '*/*',
  'user-agent' => 'Mozilla/5.0 (Windows NT 10.0; Win64; x64) AppleWebKit/537.36 (KHTML, like Gecko) Chrome/68.0.3440.106 Safari/537.36',
  'connection' => 'close',
  'host' => 'www.ecshop4.0.com',
)
[ info ] [ PARAM ] array (
)
[ info ] [ LOG ] INIT File
---------------------------------------------------------------
[ 2018-09-09T21:11:17+08:00 ] 127.0.0.1 GET /static/js/region.js
[ info ] www.ecshop4.0.com/static/js/region.js [运行时间：0.020788s][吞吐率：48.10req/s] [内存消耗：839.73kb] [文件加载：29]
[ info ] [ LANG ] D:\phpstudy\WWW\ECShop\thinkphp\lang\zh-cn.php
[ info ] [ ROUTE ] array (
  'type' => 'module',
  'module' => 
  array (
    0 => 'static',
    1 => 'js',
    2 => 'region.js',
  ),
)
[ info ] [ HEADER ] array (
  'accept-language' => 'zh-CN,zh;q=0.9',
  'accept-encoding' => 'gzip, deflate',
  'referer' => 'http://www.ecshop4.0.com/admin/order/orders_query',
  'accept' => '*/*',
  'user-agent' => 'Mozilla/5.0 (Windows NT 10.0; Win64; x64) AppleWebKit/537.36 (KHTML, like Gecko) Chrome/68.0.3440.106 Safari/537.36',
  'connection' => 'close',
  'host' => 'www.ecshop4.0.com',
)
[ info ] [ PARAM ] array (
)
[ info ] [ LOG ] INIT File
---------------------------------------------------------------
[ 2018-09-09T21:11:18+08:00 ] 127.0.0.1 GET /admin/order/orders_list
[ info ] www.ecshop4.0.com/admin/order/orders_list [运行时间：0.055165s][吞吐率：18.13req/s] [内存消耗：1,691.13kb] [文件加载：42]
[ info ] [ LANG ] D:\phpstudy\WWW\ECShop\thinkphp\lang\zh-cn.php
[ info ] [ ROUTE ] array (
  'type' => 'module',
  'module' => 
  array (
    0 => 'admin',
    1 => 'order',
    2 => 'orders_list',
  ),
)
[ info ] [ HEADER ] array (
  'accept-language' => 'zh-CN,zh;q=0.9',
  'accept-encoding' => 'gzip, deflate',
  'referer' => 'http://www.ecshop4.0.com/admin/Index/index_menu',
  'accept' => 'text/html,application/xhtml+xml,application/xml;q=0.9,image/webp,image/apng,*/*;q=0.8',
  'user-agent' => 'Mozilla/5.0 (Windows NT 10.0; Win64; x64) AppleWebKit/537.36 (KHTML, like Gecko) Chrome/68.0.3440.106 Safari/537.36',
  'upgrade-insecure-requests' => '1',
  'connection' => 'close',
  'host' => 'www.ecshop4.0.com',
)
[ info ] [ PARAM ] array (
)
[ info ] [ RUN ] app\admin\controller\Order->orders_list[ D:\phpstudy\WWW\ECShop\application\admin\controller\Order.php ]
[ info ] [ DB ] INIT mysql
[ info ] [ VIEW ] D:\phpstudy\WWW\ECShop\public/../application/admin\view\order\orders_list.html [ array (
  0 => 'data',
) ]
[ info ] [ LOG ] INIT File
[ sql ] [ DB ] CONNECT:[ UseTime:0.001692s ] mysql:host=127.0.0.1;port=3306;dbname=ecshop1;charset=utf8
[ sql ] [ SQL ] SHOW COLUMNS FROM `order` [ RunTime:0.020768s ]
[ sql ] [ SQL ] SELECT * FROM `order` [ RunTime:0.000713s ]
---------------------------------------------------------------
[ 2018-09-09T21:11:19+08:00 ] 127.0.0.1 GET /admin/order/merge_orders
[ info ] www.ecshop4.0.com/admin/order/merge_orders [运行时间：0.128767s][吞吐率：7.77req/s] [内存消耗：1,059.09kb] [文件加载：35]
[ info ] [ LANG ] D:\phpstudy\WWW\ECShop\thinkphp\lang\zh-cn.php
[ info ] [ ROUTE ] array (
  'type' => 'module',
  'module' => 
  array (
    0 => 'admin',
    1 => 'order',
    2 => 'merge_orders',
  ),
)
[ info ] [ HEADER ] array (
  'accept-language' => 'zh-CN,zh;q=0.9',
  'accept-encoding' => 'gzip, deflate',
  'referer' => 'http://www.ecshop4.0.com/admin/Index/index_menu',
  'accept' => 'text/html,application/xhtml+xml,application/xml;q=0.9,image/webp,image/apng,*/*;q=0.8',
  'user-agent' => 'Mozilla/5.0 (Windows NT 10.0; Win64; x64) AppleWebKit/537.36 (KHTML, like Gecko) Chrome/68.0.3440.106 Safari/537.36',
  'upgrade-insecure-requests' => '1',
  'connection' => 'close',
  'host' => 'www.ecshop4.0.com',
)
[ info ] [ PARAM ] array (
)
[ info ] [ RUN ] app\admin\controller\Order->merge_orders[ D:\phpstudy\WWW\ECShop\application\admin\controller\Order.php ]
[ info ] [ VIEW ] D:\phpstudy\WWW\ECShop\public/../application/admin\view\order\merge_orders.html [ array (
) ]
[ info ] [ LOG ] INIT File
---------------------------------------------------------------
[ 2018-09-09T21:11:19+08:00 ] 127.0.0.1 GET /static/css/general_1.css
[ info ] www.ecshop4.0.com/static/css/general_1.css [运行时间：0.027908s][吞吐率：35.83req/s] [内存消耗：839.80kb] [文件加载：29]
[ info ] [ LANG ] D:\phpstudy\WWW\ECShop\thinkphp\lang\zh-cn.php
[ info ] [ ROUTE ] array (
  'type' => 'module',
  'module' => 
  array (
    0 => 'static',
    1 => 'css',
    2 => 'general_1.css',
  ),
)
[ info ] [ HEADER ] array (
  'accept-language' => 'zh-CN,zh;q=0.9',
  'accept-encoding' => 'gzip, deflate',
  'referer' => 'http://www.ecshop4.0.com/admin/order/merge_orders',
  'accept' => 'text/css,*/*;q=0.1',
  'user-agent' => 'Mozilla/5.0 (Windows NT 10.0; Win64; x64) AppleWebKit/537.36 (KHTML, like Gecko) Chrome/68.0.3440.106 Safari/537.36',
  'connection' => 'close',
  'host' => 'www.ecshop4.0.com',
)
[ info ] [ PARAM ] array (
)
[ info ] [ LOG ] INIT File
---------------------------------------------------------------
[ 2018-09-09T21:11:19+08:00 ] 127.0.0.1 GET /static/css/main_1.css
[ info ] www.ecshop4.0.com/static/css/main_1.css [运行时间：0.025282s][吞吐率：39.55req/s] [内存消耗：839.80kb] [文件加载：29]
[ info ] [ LANG ] D:\phpstudy\WWW\ECShop\thinkphp\lang\zh-cn.php
[ info ] [ ROUTE ] array (
  'type' => 'module',
  'module' => 
  array (
    0 => 'static',
    1 => 'css',
    2 => 'main_1.css',
  ),
)
[ info ] [ HEADER ] array (
  'accept-language' => 'zh-CN,zh;q=0.9',
  'accept-encoding' => 'gzip, deflate',
  'referer' => 'http://www.ecshop4.0.com/admin/order/merge_orders',
  'accept' => 'text/css,*/*;q=0.1',
  'user-agent' => 'Mozilla/5.0 (Windows NT 10.0; Win64; x64) AppleWebKit/537.36 (KHTML, like Gecko) Chrome/68.0.3440.106 Safari/537.36',
  'connection' => 'close',
  'host' => 'www.ecshop4.0.com',
)
[ info ] [ PARAM ] array (
)
[ info ] [ LOG ] INIT File
---------------------------------------------------------------
[ 2018-09-09T21:11:19+08:00 ] 127.0.0.1 GET /static/js/utils_1.js
[ info ] www.ecshop4.0.com/static/js/utils_1.js [运行时间：0.020793s][吞吐率：48.09req/s] [内存消耗：839.75kb] [文件加载：29]
[ info ] [ LANG ] D:\phpstudy\WWW\ECShop\thinkphp\lang\zh-cn.php
[ info ] [ ROUTE ] array (
  'type' => 'module',
  'module' => 
  array (
    0 => 'static',
    1 => 'js',
    2 => 'utils_1.js',
  ),
)
[ info ] [ HEADER ] array (
  'accept-language' => 'zh-CN,zh;q=0.9',
  'accept-encoding' => 'gzip, deflate',
  'referer' => 'http://www.ecshop4.0.com/admin/order/merge_orders',
  'accept' => '*/*',
  'user-agent' => 'Mozilla/5.0 (Windows NT 10.0; Win64; x64) AppleWebKit/537.36 (KHTML, like Gecko) Chrome/68.0.3440.106 Safari/537.36',
  'connection' => 'close',
  'host' => 'www.ecshop4.0.com',
)
[ info ] [ PARAM ] array (
)
[ info ] [ LOG ] INIT File
---------------------------------------------------------------
[ 2018-09-09T21:11:20+08:00 ] 127.0.0.1 GET /admin/logo/logo
[ info ] www.ecshop4.0.com/admin/logo/logo [运行时间：0.179031s][吞吐率：5.59req/s] [内存消耗：1,721.02kb] [文件加载：42]
[ info ] [ LANG ] D:\phpstudy\WWW\ECShop\thinkphp\lang\zh-cn.php
[ info ] [ ROUTE ] array (
  'type' => 'module',
  'module' => 
  array (
    0 => 'admin',
    1 => 'logo',
    2 => 'logo',
  ),
)
[ info ] [ HEADER ] array (
  'accept-language' => 'zh-CN,zh;q=0.9',
  'accept-encoding' => 'gzip, deflate',
  'referer' => 'http://www.ecshop4.0.com/admin/',
  'accept' => 'text/html,application/xhtml+xml,application/xml;q=0.9,image/webp,image/apng,*/*;q=0.8',
  'user-agent' => 'Mozilla/5.0 (Windows NT 10.0; Win64; x64) AppleWebKit/537.36 (KHTML, like Gecko) Chrome/68.0.3440.106 Safari/537.36',
  'upgrade-insecure-requests' => '1',
  'connection' => 'close',
  'host' => 'www.ecshop4.0.com',
)
[ info ] [ PARAM ] array (
)
[ info ] [ RUN ] app\admin\controller\Logo->logo[ D:\phpstudy\WWW\ECShop\application\admin\controller\Logo.php ]
[ info ] [ DB ] INIT mysql
[ info ] [ VIEW ] D:\phpstudy\WWW\ECShop\public/../application/admin\view\logo\logo.html [ array (
  0 => 'arr',
) ]
[ info ] [ LOG ] INIT File
[ sql ] [ DB ] CONNECT:[ UseTime:0.001685s ] mysql:host=127.0.0.1;port=3306;dbname=ecshop1;charset=utf8
[ sql ] [ SQL ] SHOW COLUMNS FROM `place` [ RunTime:0.069629s ]
[ sql ] [ SQL ] SELECT * FROM `place` [ RunTime:0.030194s ]
---------------------------------------------------------------
[ 2018-09-09T21:11:20+08:00 ] 127.0.0.1 GET /static/js/transport_1.js
[ info ] www.ecshop4.0.com/static/js/transport_1.js [运行时间：0.025128s][吞吐率：39.80req/s] [内存消耗：839.72kb] [文件加载：29]
[ info ] [ LANG ] D:\phpstudy\WWW\ECShop\thinkphp\lang\zh-cn.php
[ info ] [ ROUTE ] array (
  'type' => 'module',
  'module' => 
  array (
    0 => 'static',
    1 => 'js',
    2 => 'transport_1.js',
  ),
)
[ info ] [ HEADER ] array (
  'accept-language' => 'zh-CN,zh;q=0.9',
  'accept-encoding' => 'gzip, deflate',
  'referer' => 'http://www.ecshop4.0.com/admin/order/merge_orders',
  'accept' => '*/*',
  'user-agent' => 'Mozilla/5.0 (Windows NT 10.0; Win64; x64) AppleWebKit/537.36 (KHTML, like Gecko) Chrome/68.0.3440.106 Safari/537.36',
  'connection' => 'close',
  'host' => 'www.ecshop4.0.com',
)
[ info ] [ PARAM ] array (
)
[ info ] [ LOG ] INIT File
---------------------------------------------------------------
[ 2018-09-09T21:11:20+08:00 ] 127.0.0.1 GET /static/js/common_1.js
[ info ] www.ecshop4.0.com/static/js/common_1.js [运行时间：0.031164s][吞吐率：32.09req/s] [内存消耗：839.75kb] [文件加载：29]
[ info ] [ LANG ] D:\phpstudy\WWW\ECShop\thinkphp\lang\zh-cn.php
[ info ] [ ROUTE ] array (
  'type' => 'module',
  'module' => 
  array (
    0 => 'static',
    1 => 'js',
    2 => 'common_1.js',
  ),
)
[ info ] [ HEADER ] array (
  'accept-language' => 'zh-CN,zh;q=0.9',
  'accept-encoding' => 'gzip, deflate',
  'referer' => 'http://www.ecshop4.0.com/admin/order/merge_orders',
  'accept' => '*/*',
  'user-agent' => 'Mozilla/5.0 (Windows NT 10.0; Win64; x64) AppleWebKit/537.36 (KHTML, like Gecko) Chrome/68.0.3440.106 Safari/537.36',
  'connection' => 'close',
  'host' => 'www.ecshop4.0.com',
)
[ info ] [ PARAM ] array (
)
[ info ] [ LOG ] INIT File
---------------------------------------------------------------
[ 2018-09-09T21:11:21+08:00 ] 127.0.0.1 GET /admin/logo/position
[ info ] www.ecshop4.0.com/admin/logo/position [运行时间：0.116634s][吞吐率：8.57req/s] [内存消耗：1,707.79kb] [文件加载：42]
[ info ] [ LANG ] D:\phpstudy\WWW\ECShop\thinkphp\lang\zh-cn.php
[ info ] [ ROUTE ] array (
  'type' => 'module',
  'module' => 
  array (
    0 => 'admin',
    1 => 'logo',
    2 => 'position',
  ),
)
[ info ] [ HEADER ] array (
  'accept-language' => 'zh-CN,zh;q=0.9',
  'accept-encoding' => 'gzip, deflate',
  'referer' => 'http://www.ecshop4.0.com/admin/Index/index_menu',
  'accept' => 'text/html,application/xhtml+xml,application/xml;q=0.9,image/webp,image/apng,*/*;q=0.8',
  'user-agent' => 'Mozilla/5.0 (Windows NT 10.0; Win64; x64) AppleWebKit/537.36 (KHTML, like Gecko) Chrome/68.0.3440.106 Safari/537.36',
  'upgrade-insecure-requests' => '1',
  'connection' => 'close',
  'host' => 'www.ecshop4.0.com',
)
[ info ] [ PARAM ] array (
)
[ info ] [ RUN ] app\admin\controller\Logo->position[ D:\phpstudy\WWW\ECShop\application\admin\controller\Logo.php ]
[ info ] [ DB ] INIT mysql
[ info ] [ VIEW ] D:\phpstudy\WWW\ECShop\public/../application/admin\view\logo\position.html [ array (
  0 => 're',
) ]
[ info ] [ LOG ] INIT File
[ sql ] [ DB ] CONNECT:[ UseTime:0.001278s ] mysql:host=127.0.0.1;port=3306;dbname=ecshop1;charset=utf8
[ sql ] [ SQL ] SHOW COLUMNS FROM `position` [ RunTime:0.048728s ]
[ sql ] [ SQL ] SELECT * FROM `position` [ RunTime:0.000736s ]
---------------------------------------------------------------
[ 2018-09-09T21:11:21+08:00 ] 127.0.0.1 GET /static/css/general_1.css
[ info ] www.ecshop4.0.com/static/css/general_1.css [运行时间：0.024334s][吞吐率：41.09req/s] [内存消耗：839.73kb] [文件加载：29]
[ info ] [ LANG ] D:\phpstudy\WWW\ECShop\thinkphp\lang\zh-cn.php
[ info ] [ ROUTE ] array (
  'type' => 'module',
  'module' => 
  array (
    0 => 'static',
    1 => 'css',
    2 => 'general_1.css',
  ),
)
[ info ] [ HEADER ] array (
  'accept-language' => 'zh-CN,zh;q=0.9',
  'accept-encoding' => 'gzip, deflate',
  'referer' => 'http://www.ecshop4.0.com/admin/logo/position',
  'accept' => 'text/css,*/*;q=0.1',
  'user-agent' => 'Mozilla/5.0 (Windows NT 10.0; Win64; x64) AppleWebKit/537.36 (KHTML, like Gecko) Chrome/68.0.3440.106 Safari/537.36',
  'connection' => 'close',
  'host' => 'www.ecshop4.0.com',
)
[ info ] [ PARAM ] array (
)
[ info ] [ LOG ] INIT File
---------------------------------------------------------------
[ 2018-09-09T21:11:21+08:00 ] 127.0.0.1 GET /static/css/main_1.css
[ info ] www.ecshop4.0.com/static/css/main_1.css [运行时间：0.024648s][吞吐率：40.57req/s] [内存消耗：839.77kb] [文件加载：29]
[ info ] [ LANG ] D:\phpstudy\WWW\ECShop\thinkphp\lang\zh-cn.php
[ info ] [ ROUTE ] array (
  'type' => 'module',
  'module' => 
  array (
    0 => 'static',
    1 => 'css',
    2 => 'main_1.css',
  ),
)
[ info ] [ HEADER ] array (
  'accept-language' => 'zh-CN,zh;q=0.9',
  'accept-encoding' => 'gzip, deflate',
  'referer' => 'http://www.ecshop4.0.com/admin/logo/position',
  'accept' => 'text/css,*/*;q=0.1',
  'user-agent' => 'Mozilla/5.0 (Windows NT 10.0; Win64; x64) AppleWebKit/537.36 (KHTML, like Gecko) Chrome/68.0.3440.106 Safari/537.36',
  'connection' => 'close',
  'host' => 'www.ecshop4.0.com',
)
[ info ] [ PARAM ] array (
)
[ info ] [ LOG ] INIT File
---------------------------------------------------------------
[ 2018-09-09T21:11:22+08:00 ] 127.0.0.1 GET /admin/logo/logo
[ info ] www.ecshop4.0.com/admin/logo/logo [运行时间：0.079996s][吞吐率：12.50req/s] [内存消耗：1,721.16kb] [文件加载：42]
[ info ] [ LANG ] D:\phpstudy\WWW\ECShop\thinkphp\lang\zh-cn.php
[ info ] [ ROUTE ] array (
  'type' => 'module',
  'module' => 
  array (
    0 => 'admin',
    1 => 'logo',
    2 => 'logo',
  ),
)
[ info ] [ HEADER ] array (
  'accept-language' => 'zh-CN,zh;q=0.9',
  'accept-encoding' => 'gzip, deflate',
  'referer' => 'http://www.ecshop4.0.com/admin/Index/index_menu',
  'accept' => 'text/html,application/xhtml+xml,application/xml;q=0.9,image/webp,image/apng,*/*;q=0.8',
  'user-agent' => 'Mozilla/5.0 (Windows NT 10.0; Win64; x64) AppleWebKit/537.36 (KHTML, like Gecko) Chrome/68.0.3440.106 Safari/537.36',
  'upgrade-insecure-requests' => '1',
  'connection' => 'close',
  'host' => 'www.ecshop4.0.com',
)
[ info ] [ PARAM ] array (
)
[ info ] [ RUN ] app\admin\controller\Logo->logo[ D:\phpstudy\WWW\ECShop\application\admin\controller\Logo.php ]
[ info ] [ DB ] INIT mysql
[ info ] [ VIEW ] D:\phpstudy\WWW\ECShop\public/../application/admin\view\logo\logo.html [ array (
  0 => 'arr',
) ]
[ info ] [ LOG ] INIT File
[ sql ] [ DB ] CONNECT:[ UseTime:0.001484s ] mysql:host=127.0.0.1;port=3306;dbname=ecshop1;charset=utf8
[ sql ] [ SQL ] SHOW COLUMNS FROM `place` [ RunTime:0.049357s ]
[ sql ] [ SQL ] SELECT * FROM `place` [ RunTime:0.000846s ]
---------------------------------------------------------------
[ 2018-09-09T21:11:23+08:00 ] 127.0.0.1 GET /admin/logo/position
[ info ] www.ecshop4.0.com/admin/logo/position [运行时间：0.071727s][吞吐率：13.94req/s] [内存消耗：1,707.79kb] [文件加载：42]
[ info ] [ LANG ] D:\phpstudy\WWW\ECShop\thinkphp\lang\zh-cn.php
[ info ] [ ROUTE ] array (
  'type' => 'module',
  'module' => 
  array (
    0 => 'admin',
    1 => 'logo',
    2 => 'position',
  ),
)
[ info ] [ HEADER ] array (
  'accept-language' => 'zh-CN,zh;q=0.9',
  'accept-encoding' => 'gzip, deflate',
  'referer' => 'http://www.ecshop4.0.com/admin/Index/index_menu',
  'accept' => 'text/html,application/xhtml+xml,application/xml;q=0.9,image/webp,image/apng,*/*;q=0.8',
  'user-agent' => 'Mozilla/5.0 (Windows NT 10.0; Win64; x64) AppleWebKit/537.36 (KHTML, like Gecko) Chrome/68.0.3440.106 Safari/537.36',
  'upgrade-insecure-requests' => '1',
  'connection' => 'close',
  'host' => 'www.ecshop4.0.com',
)
[ info ] [ PARAM ] array (
)
[ info ] [ RUN ] app\admin\controller\Logo->position[ D:\phpstudy\WWW\ECShop\application\admin\controller\Logo.php ]
[ info ] [ DB ] INIT mysql
[ info ] [ VIEW ] D:\phpstudy\WWW\ECShop\public/../application/admin\view\logo\position.html [ array (
  0 => 're',
) ]
[ info ] [ LOG ] INIT File
[ sql ] [ DB ] CONNECT:[ UseTime:0.001833s ] mysql:host=127.0.0.1;port=3306;dbname=ecshop1;charset=utf8
[ sql ] [ SQL ] SHOW COLUMNS FROM `position` [ RunTime:0.040194s ]
[ sql ] [ SQL ] SELECT * FROM `position` [ RunTime:0.000744s ]
---------------------------------------------------------------
[ 2018-09-09T21:11:23+08:00 ] 127.0.0.1 GET /static/css/main_1.css
[ info ] www.ecshop4.0.com/static/css/main_1.css [运行时间：0.025301s][吞吐率：39.52req/s] [内存消耗：839.77kb] [文件加载：29]
[ info ] [ LANG ] D:\phpstudy\WWW\ECShop\thinkphp\lang\zh-cn.php
[ info ] [ ROUTE ] array (
  'type' => 'module',
  'module' => 
  array (
    0 => 'static',
    1 => 'css',
    2 => 'main_1.css',
  ),
)
[ info ] [ HEADER ] array (
  'accept-language' => 'zh-CN,zh;q=0.9',
  'accept-encoding' => 'gzip, deflate',
  'referer' => 'http://www.ecshop4.0.com/admin/logo/position',
  'accept' => 'text/css,*/*;q=0.1',
  'user-agent' => 'Mozilla/5.0 (Windows NT 10.0; Win64; x64) AppleWebKit/537.36 (KHTML, like Gecko) Chrome/68.0.3440.106 Safari/537.36',
  'connection' => 'close',
  'host' => 'www.ecshop4.0.com',
)
[ info ] [ PARAM ] array (
)
[ info ] [ LOG ] INIT File
---------------------------------------------------------------
[ 2018-09-09T21:11:23+08:00 ] 127.0.0.1 GET /static/css/general_1.css
[ info ] www.ecshop4.0.com/static/css/general_1.css [运行时间：0.033802s][吞吐率：29.58req/s] [内存消耗：839.73kb] [文件加载：29]
[ info ] [ LANG ] D:\phpstudy\WWW\ECShop\thinkphp\lang\zh-cn.php
[ info ] [ ROUTE ] array (
  'type' => 'module',
  'module' => 
  array (
    0 => 'static',
    1 => 'css',
    2 => 'general_1.css',
  ),
)
[ info ] [ HEADER ] array (
  'accept-language' => 'zh-CN,zh;q=0.9',
  'accept-encoding' => 'gzip, deflate',
  'referer' => 'http://www.ecshop4.0.com/admin/logo/position',
  'accept' => 'text/css,*/*;q=0.1',
  'user-agent' => 'Mozilla/5.0 (Windows NT 10.0; Win64; x64) AppleWebKit/537.36 (KHTML, like Gecko) Chrome/68.0.3440.106 Safari/537.36',
  'connection' => 'close',
  'host' => 'www.ecshop4.0.com',
)
[ info ] [ PARAM ] array (
)
[ info ] [ LOG ] INIT File
---------------------------------------------------------------
[ 2018-09-09T21:11:29+08:00 ] 127.0.0.1 GET /admin/logo/logo
[ info ] www.ecshop4.0.com/admin/logo/logo [运行时间：0.040618s][吞吐率：24.62req/s] [内存消耗：1,721.16kb] [文件加载：42]
[ info ] [ LANG ] D:\phpstudy\WWW\ECShop\thinkphp\lang\zh-cn.php
[ info ] [ ROUTE ] array (
  'type' => 'module',
  'module' => 
  array (
    0 => 'admin',
    1 => 'logo',
    2 => 'logo',
  ),
)
[ info ] [ HEADER ] array (
  'accept-language' => 'zh-CN,zh;q=0.9',
  'accept-encoding' => 'gzip, deflate',
  'referer' => 'http://www.ecshop4.0.com/admin/Index/index_menu',
  'accept' => 'text/html,application/xhtml+xml,application/xml;q=0.9,image/webp,image/apng,*/*;q=0.8',
  'user-agent' => 'Mozilla/5.0 (Windows NT 10.0; Win64; x64) AppleWebKit/537.36 (KHTML, like Gecko) Chrome/68.0.3440.106 Safari/537.36',
  'upgrade-insecure-requests' => '1',
  'connection' => 'close',
  'host' => 'www.ecshop4.0.com',
)
[ info ] [ PARAM ] array (
)
[ info ] [ RUN ] app\admin\controller\Logo->logo[ D:\phpstudy\WWW\ECShop\application\admin\controller\Logo.php ]
[ info ] [ DB ] INIT mysql
[ info ] [ VIEW ] D:\phpstudy\WWW\ECShop\public/../application/admin\view\logo\logo.html [ array (
  0 => 'arr',
) ]
[ info ] [ LOG ] INIT File
[ sql ] [ DB ] CONNECT:[ UseTime:0.001487s ] mysql:host=127.0.0.1;port=3306;dbname=ecshop1;charset=utf8
[ sql ] [ SQL ] SHOW COLUMNS FROM `place` [ RunTime:0.009793s ]
[ sql ] [ SQL ] SELECT * FROM `place` [ RunTime:0.000680s ]
---------------------------------------------------------------
[ 2018-09-09T21:11:30+08:00 ] 127.0.0.1 GET /admin/logo/position
[ info ] www.ecshop4.0.com/admin/logo/position [运行时间：0.039503s][吞吐率：25.31req/s] [内存消耗：1,707.79kb] [文件加载：42]
[ info ] [ LANG ] D:\phpstudy\WWW\ECShop\thinkphp\lang\zh-cn.php
[ info ] [ ROUTE ] array (
  'type' => 'module',
  'module' => 
  array (
    0 => 'admin',
    1 => 'logo',
    2 => 'position',
  ),
)
[ info ] [ HEADER ] array (
  'accept-language' => 'zh-CN,zh;q=0.9',
  'accept-encoding' => 'gzip, deflate',
  'referer' => 'http://www.ecshop4.0.com/admin/Index/index_menu',
  'accept' => 'text/html,application/xhtml+xml,application/xml;q=0.9,image/webp,image/apng,*/*;q=0.8',
  'user-agent' => 'Mozilla/5.0 (Windows NT 10.0; Win64; x64) AppleWebKit/537.36 (KHTML, like Gecko) Chrome/68.0.3440.106 Safari/537.36',
  'upgrade-insecure-requests' => '1',
  'connection' => 'close',
  'host' => 'www.ecshop4.0.com',
)
[ info ] [ PARAM ] array (
)
[ info ] [ RUN ] app\admin\controller\Logo->position[ D:\phpstudy\WWW\ECShop\application\admin\controller\Logo.php ]
[ info ] [ DB ] INIT mysql
[ info ] [ VIEW ] D:\phpstudy\WWW\ECShop\public/../application/admin\view\logo\position.html [ array (
  0 => 're',
) ]
[ info ] [ LOG ] INIT File
[ sql ] [ DB ] CONNECT:[ UseTime:0.001430s ] mysql:host=127.0.0.1;port=3306;dbname=ecshop1;charset=utf8
[ sql ] [ SQL ] SHOW COLUMNS FROM `position` [ RunTime:0.008505s ]
[ sql ] [ SQL ] SELECT * FROM `position` [ RunTime:0.000649s ]
---------------------------------------------------------------
[ 2018-09-09T21:11:31+08:00 ] 127.0.0.1 GET /static/css/general_1.css
[ info ] www.ecshop4.0.com/static/css/general_1.css [运行时间：0.023306s][吞吐率：42.91req/s] [内存消耗：839.73kb] [文件加载：29]
[ info ] [ LANG ] D:\phpstudy\WWW\ECShop\thinkphp\lang\zh-cn.php
[ info ] [ ROUTE ] array (
  'type' => 'module',
  'module' => 
  array (
    0 => 'static',
    1 => 'css',
    2 => 'general_1.css',
  ),
)
[ info ] [ HEADER ] array (
  'accept-language' => 'zh-CN,zh;q=0.9',
  'accept-encoding' => 'gzip, deflate',
  'referer' => 'http://www.ecshop4.0.com/admin/logo/position',
  'accept' => 'text/css,*/*;q=0.1',
  'user-agent' => 'Mozilla/5.0 (Windows NT 10.0; Win64; x64) AppleWebKit/537.36 (KHTML, like Gecko) Chrome/68.0.3440.106 Safari/537.36',
  'connection' => 'close',
  'host' => 'www.ecshop4.0.com',
)
[ info ] [ PARAM ] array (
)
[ info ] [ LOG ] INIT File
---------------------------------------------------------------
[ 2018-09-09T21:11:31+08:00 ] 127.0.0.1 GET /static/css/main_1.css
[ info ] www.ecshop4.0.com/static/css/main_1.css [运行时间：0.022698s][吞吐率：44.06req/s] [内存消耗：839.77kb] [文件加载：29]
[ info ] [ LANG ] D:\phpstudy\WWW\ECShop\thinkphp\lang\zh-cn.php
[ info ] [ ROUTE ] array (
  'type' => 'module',
  'module' => 
  array (
    0 => 'static',
    1 => 'css',
    2 => 'main_1.css',
  ),
)
[ info ] [ HEADER ] array (
  'accept-language' => 'zh-CN,zh;q=0.9',
  'accept-encoding' => 'gzip, deflate',
  'referer' => 'http://www.ecshop4.0.com/admin/logo/position',
  'accept' => 'text/css,*/*;q=0.1',
  'user-agent' => 'Mozilla/5.0 (Windows NT 10.0; Win64; x64) AppleWebKit/537.36 (KHTML, like Gecko) Chrome/68.0.3440.106 Safari/537.36',
  'connection' => 'close',
  'host' => 'www.ecshop4.0.com',
)
[ info ] [ PARAM ] array (
)
[ info ] [ LOG ] INIT File
---------------------------------------------------------------
[ 2018-09-09T21:11:37+08:00 ] 127.0.0.1 GET /admin/logo/logo
[ info ] www.ecshop4.0.com/admin/logo/logo [运行时间：0.040728s][吞吐率：24.55req/s] [内存消耗：1,721.16kb] [文件加载：42]
[ info ] [ LANG ] D:\phpstudy\WWW\ECShop\thinkphp\lang\zh-cn.php
[ info ] [ ROUTE ] array (
  'type' => 'module',
  'module' => 
  array (
    0 => 'admin',
    1 => 'logo',
    2 => 'logo',
  ),
)
[ info ] [ HEADER ] array (
  'accept-language' => 'zh-CN,zh;q=0.9',
  'accept-encoding' => 'gzip, deflate',
  'referer' => 'http://www.ecshop4.0.com/admin/Index/index_menu',
  'accept' => 'text/html,application/xhtml+xml,application/xml;q=0.9,image/webp,image/apng,*/*;q=0.8',
  'user-agent' => 'Mozilla/5.0 (Windows NT 10.0; Win64; x64) AppleWebKit/537.36 (KHTML, like Gecko) Chrome/68.0.3440.106 Safari/537.36',
  'upgrade-insecure-requests' => '1',
  'connection' => 'close',
  'host' => 'www.ecshop4.0.com',
)
[ info ] [ PARAM ] array (
)
[ info ] [ RUN ] app\admin\controller\Logo->logo[ D:\phpstudy\WWW\ECShop\application\admin\controller\Logo.php ]
[ info ] [ DB ] INIT mysql
[ info ] [ VIEW ] D:\phpstudy\WWW\ECShop\public/../application/admin\view\logo\logo.html [ array (
  0 => 'arr',
) ]
[ info ] [ LOG ] INIT File
[ sql ] [ DB ] CONNECT:[ UseTime:0.001614s ] mysql:host=127.0.0.1;port=3306;dbname=ecshop1;charset=utf8
[ sql ] [ SQL ] SHOW COLUMNS FROM `place` [ RunTime:0.008362s ]
[ sql ] [ SQL ] SELECT * FROM `place` [ RunTime:0.000842s ]
---------------------------------------------------------------
[ 2018-09-09T21:11:38+08:00 ] 127.0.0.1 GET /admin/logo/position
[ info ] www.ecshop4.0.com/admin/logo/position [运行时间：0.070937s][吞吐率：14.10req/s] [内存消耗：1,707.79kb] [文件加载：42]
[ info ] [ LANG ] D:\phpstudy\WWW\ECShop\thinkphp\lang\zh-cn.php
[ info ] [ ROUTE ] array (
  'type' => 'module',
  'module' => 
  array (
    0 => 'admin',
    1 => 'logo',
    2 => 'position',
  ),
)
[ info ] [ HEADER ] array (
  'accept-language' => 'zh-CN,zh;q=0.9',
  'accept-encoding' => 'gzip, deflate',
  'referer' => 'http://www.ecshop4.0.com/admin/Index/index_menu',
  'accept' => 'text/html,application/xhtml+xml,application/xml;q=0.9,image/webp,image/apng,*/*;q=0.8',
  'user-agent' => 'Mozilla/5.0 (Windows NT 10.0; Win64; x64) AppleWebKit/537.36 (KHTML, like Gecko) Chrome/68.0.3440.106 Safari/537.36',
  'upgrade-insecure-requests' => '1',
  'connection' => 'close',
  'host' => 'www.ecshop4.0.com',
)
[ info ] [ PARAM ] array (
)
[ info ] [ RUN ] app\admin\controller\Logo->position[ D:\phpstudy\WWW\ECShop\application\admin\controller\Logo.php ]
[ info ] [ DB ] INIT mysql
[ info ] [ VIEW ] D:\phpstudy\WWW\ECShop\public/../application/admin\view\logo\position.html [ array (
  0 => 're',
) ]
[ info ] [ LOG ] INIT File
[ sql ] [ DB ] CONNECT:[ UseTime:0.001567s ] mysql:host=127.0.0.1;port=3306;dbname=ecshop1;charset=utf8
[ sql ] [ SQL ] SHOW COLUMNS FROM `position` [ RunTime:0.040182s ]
[ sql ] [ SQL ] SELECT * FROM `position` [ RunTime:0.000644s ]
---------------------------------------------------------------
[ 2018-09-09T21:11:38+08:00 ] 127.0.0.1 GET /static/css/main_1.css
[ info ] www.ecshop4.0.com/static/css/main_1.css [运行时间：0.021268s][吞吐率：47.02req/s] [内存消耗：839.77kb] [文件加载：29]
[ info ] [ LANG ] D:\phpstudy\WWW\ECShop\thinkphp\lang\zh-cn.php
[ info ] [ ROUTE ] array (
  'type' => 'module',
  'module' => 
  array (
    0 => 'static',
    1 => 'css',
    2 => 'main_1.css',
  ),
)
[ info ] [ HEADER ] array (
  'accept-language' => 'zh-CN,zh;q=0.9',
  'accept-encoding' => 'gzip, deflate',
  'referer' => 'http://www.ecshop4.0.com/admin/logo/position',
  'accept' => 'text/css,*/*;q=0.1',
  'user-agent' => 'Mozilla/5.0 (Windows NT 10.0; Win64; x64) AppleWebKit/537.36 (KHTML, like Gecko) Chrome/68.0.3440.106 Safari/537.36',
  'connection' => 'close',
  'host' => 'www.ecshop4.0.com',
)
[ info ] [ PARAM ] array (
)
[ info ] [ LOG ] INIT File
---------------------------------------------------------------
[ 2018-09-09T21:11:38+08:00 ] 127.0.0.1 GET /static/css/general_1.css
[ info ] www.ecshop4.0.com/static/css/general_1.css [运行时间：0.023579s][吞吐率：42.41req/s] [内存消耗：839.73kb] [文件加载：29]
[ info ] [ LANG ] D:\phpstudy\WWW\ECShop\thinkphp\lang\zh-cn.php
[ info ] [ ROUTE ] array (
  'type' => 'module',
  'module' => 
  array (
    0 => 'static',
    1 => 'css',
    2 => 'general_1.css',
  ),
)
[ info ] [ HEADER ] array (
  'accept-language' => 'zh-CN,zh;q=0.9',
  'accept-encoding' => 'gzip, deflate',
  'referer' => 'http://www.ecshop4.0.com/admin/logo/position',
  'accept' => 'text/css,*/*;q=0.1',
  'user-agent' => 'Mozilla/5.0 (Windows NT 10.0; Win64; x64) AppleWebKit/537.36 (KHTML, like Gecko) Chrome/68.0.3440.106 Safari/537.36',
  'connection' => 'close',
  'host' => 'www.ecshop4.0.com',
)
[ info ] [ PARAM ] array (
)
[ info ] [ LOG ] INIT File
---------------------------------------------------------------
[ 2018-09-09T21:11:39+08:00 ] 127.0.0.1 GET /admin/member/users
[ info ] www.ecshop4.0.com/admin/member/users [运行时间：0.138217s][吞吐率：7.24req/s] [内存消耗：1,710.57kb] [文件加载：45]
[ info ] [ LANG ] D:\phpstudy\WWW\ECShop\thinkphp\lang\zh-cn.php
[ info ] [ ROUTE ] array (
  'type' => 'module',
  'module' => 
  array (
    0 => 'admin',
    1 => 'member',
    2 => 'users',
  ),
)
[ info ] [ HEADER ] array (
  'accept-language' => 'zh-CN,zh;q=0.9',
  'accept-encoding' => 'gzip, deflate',
  'referer' => 'http://www.ecshop4.0.com/admin/',
  'accept' => 'text/html,application/xhtml+xml,application/xml;q=0.9,image/webp,image/apng,*/*;q=0.8',
  'user-agent' => 'Mozilla/5.0 (Windows NT 10.0; Win64; x64) AppleWebKit/537.36 (KHTML, like Gecko) Chrome/68.0.3440.106 Safari/537.36',
  'upgrade-insecure-requests' => '1',
  'connection' => 'close',
  'host' => 'www.ecshop4.0.com',
)
[ info ] [ PARAM ] array (
)
[ info ] [ RUN ] app\admin\controller\Member->users[ D:\phpstudy\WWW\ECShop\application\admin\controller\Member.php ]
[ info ] [ DB ] INIT mysql
[ info ] [ LOG ] INIT File
[ sql ] [ DB ] CONNECT:[ UseTime:0.001431s ] mysql:host=127.0.0.1;port=3306;dbname=ecshop1;charset=utf8
[ error ] [10501]SQLSTATE[42S02]: Base table or view not found: 1146 Table 'ecshop1.users' doesn't exist[D:\phpstudy\WWW\ECShop\thinkphp\library\think\db\Connection.php:390]
---------------------------------------------------------------
[ 2018-09-09T21:11:41+08:00 ] 127.0.0.1 GET /admin/quanxi/privilege
[ info ] www.ecshop4.0.com/admin/quanxi/privilege [运行时间：0.163351s][吞吐率：6.12req/s] [内存消耗：1,694.47kb] [文件加载：41]
[ info ] [ LANG ] D:\phpstudy\WWW\ECShop\thinkphp\lang\zh-cn.php
[ info ] [ ROUTE ] array (
  'type' => 'module',
  'module' => 
  array (
    0 => 'admin',
    1 => 'quanxi',
    2 => 'privilege',
  ),
)
[ info ] [ HEADER ] array (
  'accept-language' => 'zh-CN,zh;q=0.9',
  'accept-encoding' => 'gzip, deflate',
  'referer' => 'http://www.ecshop4.0.com/admin/',
  'accept' => 'text/html,application/xhtml+xml,application/xml;q=0.9,image/webp,image/apng,*/*;q=0.8',
  'user-agent' => 'Mozilla/5.0 (Windows NT 10.0; Win64; x64) AppleWebKit/537.36 (KHTML, like Gecko) Chrome/68.0.3440.106 Safari/537.36',
  'upgrade-insecure-requests' => '1',
  'connection' => 'close',
  'host' => 'www.ecshop4.0.com',
)
[ info ] [ PARAM ] array (
)
[ info ] [ RUN ] app\admin\controller\Quanxi->privilege[ D:\phpstudy\WWW\ECShop\application\admin\controller\Quanxi.php ]
[ info ] [ DB ] INIT mysql
[ info ] [ VIEW ] D:\phpstudy\WWW\ECShop\public/../application/admin\view\quanxi\privilege.html [ array (
  0 => 'list',
) ]
[ info ] [ LOG ] INIT File
[ sql ] [ DB ] CONNECT:[ UseTime:0.001879s ] mysql:host=127.0.0.1;port=3306;dbname=ecshop1;charset=utf8
[ sql ] [ SQL ] SHOW COLUMNS FROM `admin` [ RunTime:0.062838s ]
[ sql ] [ SQL ] SELECT * FROM `admin` [ RunTime:0.000797s ]
---------------------------------------------------------------
[ 2018-09-09T21:11:41+08:00 ] 127.0.0.1 GET /static/css/general_2.css
[ info ] www.ecshop4.0.com/static/css/general_2.css [运行时间：0.023248s][吞吐率：43.01req/s] [内存消耗：839.77kb] [文件加载：29]
[ info ] [ LANG ] D:\phpstudy\WWW\ECShop\thinkphp\lang\zh-cn.php
[ info ] [ ROUTE ] array (
  'type' => 'module',
  'module' => 
  array (
    0 => 'static',
    1 => 'css',
    2 => 'general_2.css',
  ),
)
[ info ] [ HEADER ] array (
  'accept-language' => 'zh-CN,zh;q=0.9',
  'accept-encoding' => 'gzip, deflate',
  'referer' => 'http://www.ecshop4.0.com/admin/quanxi/privilege',
  'accept' => 'text/css,*/*;q=0.1',
  'user-agent' => 'Mozilla/5.0 (Windows NT 10.0; Win64; x64) AppleWebKit/537.36 (KHTML, like Gecko) Chrome/68.0.3440.106 Safari/537.36',
  'connection' => 'close',
  'host' => 'www.ecshop4.0.com',
)
[ info ] [ PARAM ] array (
)
[ info ] [ LOG ] INIT File
---------------------------------------------------------------
[ 2018-09-09T21:11:41+08:00 ] 127.0.0.1 GET /static/css/main_2.css
[ info ] www.ecshop4.0.com/static/css/main_2.css [运行时间：0.026642s][吞吐率：37.53req/s] [内存消耗：839.78kb] [文件加载：29]
[ info ] [ LANG ] D:\phpstudy\WWW\ECShop\thinkphp\lang\zh-cn.php
[ info ] [ ROUTE ] array (
  'type' => 'module',
  'module' => 
  array (
    0 => 'static',
    1 => 'css',
    2 => 'main_2.css',
  ),
)
[ info ] [ HEADER ] array (
  'accept-language' => 'zh-CN,zh;q=0.9',
  'accept-encoding' => 'gzip, deflate',
  'referer' => 'http://www.ecshop4.0.com/admin/quanxi/privilege',
  'accept' => 'text/css,*/*;q=0.1',
  'user-agent' => 'Mozilla/5.0 (Windows NT 10.0; Win64; x64) AppleWebKit/537.36 (KHTML, like Gecko) Chrome/68.0.3440.106 Safari/537.36',
  'connection' => 'close',
  'host' => 'www.ecshop4.0.com',
)
[ info ] [ PARAM ] array (
)
[ info ] [ LOG ] INIT File
---------------------------------------------------------------
[ 2018-09-09T21:11:42+08:00 ] 127.0.0.1 GET /shop_config.php?act=list_edit
[ info ] www.ecshop4.0.com/shop_config.php?act=list_edit [运行时间：0.020275s][吞吐率：49.32req/s] [内存消耗：840.55kb] [文件加载：29]
[ info ] [ LANG ] D:\phpstudy\WWW\ECShop\thinkphp\lang\zh-cn.php
[ info ] [ ROUTE ] array (
  'type' => 'module',
  'module' => 
  array (
    0 => 'shop_config.php',
    1 => NULL,
    2 => NULL,
  ),
)
[ info ] [ HEADER ] array (
  'accept-language' => 'zh-CN,zh;q=0.9',
  'accept-encoding' => 'gzip, deflate',
  'referer' => 'http://www.ecshop4.0.com/admin/',
  'accept' => 'text/html,application/xhtml+xml,application/xml;q=0.9,image/webp,image/apng,*/*;q=0.8',
  'user-agent' => 'Mozilla/5.0 (Windows NT 10.0; Win64; x64) AppleWebKit/537.36 (KHTML, like Gecko) Chrome/68.0.3440.106 Safari/537.36',
  'upgrade-insecure-requests' => '1',
  'connection' => 'close',
  'host' => 'www.ecshop4.0.com',
)
[ info ] [ PARAM ] array (
  'act' => 'list_edit',
)
[ info ] [ LOG ] INIT File
---------------------------------------------------------------
[ 2018-09-09T21:11:43+08:00 ] 127.0.0.1 GET /admin/quanxi/privilege
[ info ] www.ecshop4.0.com/admin/quanxi/privilege [运行时间：0.092128s][吞吐率：10.85req/s] [内存消耗：1,694.47kb] [文件加载：41]
[ info ] [ LANG ] D:\phpstudy\WWW\ECShop\thinkphp\lang\zh-cn.php
[ info ] [ ROUTE ] array (
  'type' => 'module',
  'module' => 
  array (
    0 => 'admin',
    1 => 'quanxi',
    2 => 'privilege',
  ),
)
[ info ] [ HEADER ] array (
  'accept-language' => 'zh-CN,zh;q=0.9',
  'accept-encoding' => 'gzip, deflate',
  'referer' => 'http://www.ecshop4.0.com/admin/',
  'accept' => 'text/html,application/xhtml+xml,application/xml;q=0.9,image/webp,image/apng,*/*;q=0.8',
  'user-agent' => 'Mozilla/5.0 (Windows NT 10.0; Win64; x64) AppleWebKit/537.36 (KHTML, like Gecko) Chrome/68.0.3440.106 Safari/537.36',
  'upgrade-insecure-requests' => '1',
  'connection' => 'close',
  'host' => 'www.ecshop4.0.com',
)
[ info ] [ PARAM ] array (
)
[ info ] [ RUN ] app\admin\controller\Quanxi->privilege[ D:\phpstudy\WWW\ECShop\application\admin\controller\Quanxi.php ]
[ info ] [ DB ] INIT mysql
[ info ] [ VIEW ] D:\phpstudy\WWW\ECShop\public/../application/admin\view\quanxi\privilege.html [ array (
  0 => 'list',
) ]
[ info ] [ LOG ] INIT File
[ sql ] [ DB ] CONNECT:[ UseTime:0.001502s ] mysql:host=127.0.0.1;port=3306;dbname=ecshop1;charset=utf8
[ sql ] [ SQL ] SHOW COLUMNS FROM `admin` [ RunTime:0.060542s ]
[ sql ] [ SQL ] SELECT * FROM `admin` [ RunTime:0.000613s ]
---------------------------------------------------------------
[ 2018-09-09T21:11:43+08:00 ] 127.0.0.1 GET /static/css/general_2.css
[ info ] www.ecshop4.0.com/static/css/general_2.css [运行时间：0.028109s][吞吐率：35.58req/s] [内存消耗：839.77kb] [文件加载：29]
[ info ] [ LANG ] D:\phpstudy\WWW\ECShop\thinkphp\lang\zh-cn.php
[ info ] [ ROUTE ] array (
  'type' => 'module',
  'module' => 
  array (
    0 => 'static',
    1 => 'css',
    2 => 'general_2.css',
  ),
)
[ info ] [ HEADER ] array (
  'accept-language' => 'zh-CN,zh;q=0.9',
  'accept-encoding' => 'gzip, deflate',
  'referer' => 'http://www.ecshop4.0.com/admin/quanxi/privilege',
  'accept' => 'text/css,*/*;q=0.1',
  'user-agent' => 'Mozilla/5.0 (Windows NT 10.0; Win64; x64) AppleWebKit/537.36 (KHTML, like Gecko) Chrome/68.0.3440.106 Safari/537.36',
  'connection' => 'close',
  'host' => 'www.ecshop4.0.com',
)
[ info ] [ PARAM ] array (
)
[ info ] [ LOG ] INIT File
---------------------------------------------------------------
[ 2018-09-09T21:11:43+08:00 ] 127.0.0.1 GET /static/css/main_2.css
[ info ] www.ecshop4.0.com/static/css/main_2.css [运行时间：0.025685s][吞吐率：38.93req/s] [内存消耗：839.78kb] [文件加载：29]
[ info ] [ LANG ] D:\phpstudy\WWW\ECShop\thinkphp\lang\zh-cn.php
[ info ] [ ROUTE ] array (
  'type' => 'module',
  'module' => 
  array (
    0 => 'static',
    1 => 'css',
    2 => 'main_2.css',
  ),
)
[ info ] [ HEADER ] array (
  'accept-language' => 'zh-CN,zh;q=0.9',
  'accept-encoding' => 'gzip, deflate',
  'referer' => 'http://www.ecshop4.0.com/admin/quanxi/privilege',
  'accept' => 'text/css,*/*;q=0.1',
  'user-agent' => 'Mozilla/5.0 (Windows NT 10.0; Win64; x64) AppleWebKit/537.36 (KHTML, like Gecko) Chrome/68.0.3440.106 Safari/537.36',
  'connection' => 'close',
  'host' => 'www.ecshop4.0.com',
)
[ info ] [ PARAM ] array (
)
[ info ] [ LOG ] INIT File
---------------------------------------------------------------
[ 2018-09-09T21:11:43+08:00 ] 127.0.0.1 GET /admin/member/users
[ info ] www.ecshop4.0.com/admin/member/users [运行时间：0.041982s][吞吐率：23.82req/s] [内存消耗：1,710.57kb] [文件加载：45]
[ info ] [ LANG ] D:\phpstudy\WWW\ECShop\thinkphp\lang\zh-cn.php
[ info ] [ ROUTE ] array (
  'type' => 'module',
  'module' => 
  array (
    0 => 'admin',
    1 => 'member',
    2 => 'users',
  ),
)
[ info ] [ HEADER ] array (
  'accept-language' => 'zh-CN,zh;q=0.9',
  'accept-encoding' => 'gzip, deflate',
  'referer' => 'http://www.ecshop4.0.com/admin/',
  'accept' => 'text/html,application/xhtml+xml,application/xml;q=0.9,image/webp,image/apng,*/*;q=0.8',
  'user-agent' => 'Mozilla/5.0 (Windows NT 10.0; Win64; x64) AppleWebKit/537.36 (KHTML, like Gecko) Chrome/68.0.3440.106 Safari/537.36',
  'upgrade-insecure-requests' => '1',
  'connection' => 'close',
  'host' => 'www.ecshop4.0.com',
)
[ info ] [ PARAM ] array (
)
[ info ] [ RUN ] app\admin\controller\Member->users[ D:\phpstudy\WWW\ECShop\application\admin\controller\Member.php ]
[ info ] [ DB ] INIT mysql
[ info ] [ LOG ] INIT File
[ sql ] [ DB ] CONNECT:[ UseTime:0.001487s ] mysql:host=127.0.0.1;port=3306;dbname=ecshop1;charset=utf8
[ error ] [10501]SQLSTATE[42S02]: Base table or view not found: 1146 Table 'ecshop1.users' doesn't exist[D:\phpstudy\WWW\ECShop\thinkphp\library\think\db\Connection.php:390]
---------------------------------------------------------------
[ 2018-09-09T21:11:44+08:00 ] 127.0.0.1 GET /admin/logo/logo
[ info ] www.ecshop4.0.com/admin/logo/logo [运行时间：0.063507s][吞吐率：15.75req/s] [内存消耗：1,721.02kb] [文件加载：42]
[ info ] [ LANG ] D:\phpstudy\WWW\ECShop\thinkphp\lang\zh-cn.php
[ info ] [ ROUTE ] array (
  'type' => 'module',
  'module' => 
  array (
    0 => 'admin',
    1 => 'logo',
    2 => 'logo',
  ),
)
[ info ] [ HEADER ] array (
  'accept-language' => 'zh-CN,zh;q=0.9',
  'accept-encoding' => 'gzip, deflate',
  'referer' => 'http://www.ecshop4.0.com/admin/',
  'accept' => 'text/html,application/xhtml+xml,application/xml;q=0.9,image/webp,image/apng,*/*;q=0.8',
  'user-agent' => 'Mozilla/5.0 (Windows NT 10.0; Win64; x64) AppleWebKit/537.36 (KHTML, like Gecko) Chrome/68.0.3440.106 Safari/537.36',
  'upgrade-insecure-requests' => '1',
  'connection' => 'close',
  'host' => 'www.ecshop4.0.com',
)
[ info ] [ PARAM ] array (
)
[ info ] [ RUN ] app\admin\controller\Logo->logo[ D:\phpstudy\WWW\ECShop\application\admin\controller\Logo.php ]
[ info ] [ DB ] INIT mysql
[ info ] [ VIEW ] D:\phpstudy\WWW\ECShop\public/../application/admin\view\logo\logo.html [ array (
  0 => 'arr',
) ]
[ info ] [ LOG ] INIT File
[ sql ] [ DB ] CONNECT:[ UseTime:0.001777s ] mysql:host=127.0.0.1;port=3306;dbname=ecshop1;charset=utf8
[ sql ] [ SQL ] SHOW COLUMNS FROM `place` [ RunTime:0.031873s ]
[ sql ] [ SQL ] SELECT * FROM `place` [ RunTime:0.000825s ]
---------------------------------------------------------------
[ 2018-09-09T21:11:46+08:00 ] 127.0.0.1 GET /admin/logo/logo
[ info ] www.ecshop4.0.com/admin/logo/logo [运行时间：0.062992s][吞吐率：15.88req/s] [内存消耗：1,721.02kb] [文件加载：42]
[ info ] [ LANG ] D:\phpstudy\WWW\ECShop\thinkphp\lang\zh-cn.php
[ info ] [ ROUTE ] array (
  'type' => 'module',
  'module' => 
  array (
    0 => 'admin',
    1 => 'logo',
    2 => 'logo',
  ),
)
[ info ] [ HEADER ] array (
  'accept-language' => 'zh-CN,zh;q=0.9',
  'accept-encoding' => 'gzip, deflate',
  'referer' => 'http://www.ecshop4.0.com/admin/',
  'accept' => 'text/html,application/xhtml+xml,application/xml;q=0.9,image/webp,image/apng,*/*;q=0.8',
  'user-agent' => 'Mozilla/5.0 (Windows NT 10.0; Win64; x64) AppleWebKit/537.36 (KHTML, like Gecko) Chrome/68.0.3440.106 Safari/537.36',
  'upgrade-insecure-requests' => '1',
  'connection' => 'close',
  'host' => 'www.ecshop4.0.com',
)
[ info ] [ PARAM ] array (
)
[ info ] [ RUN ] app\admin\controller\Logo->logo[ D:\phpstudy\WWW\ECShop\application\admin\controller\Logo.php ]
[ info ] [ DB ] INIT mysql
[ info ] [ VIEW ] D:\phpstudy\WWW\ECShop\public/../application/admin\view\logo\logo.html [ array (
  0 => 'arr',
) ]
[ info ] [ LOG ] INIT File
[ sql ] [ DB ] CONNECT:[ UseTime:0.001756s ] mysql:host=127.0.0.1;port=3306;dbname=ecshop1;charset=utf8
[ sql ] [ SQL ] SHOW COLUMNS FROM `place` [ RunTime:0.031031s ]
[ sql ] [ SQL ] SELECT * FROM `place` [ RunTime:0.000851s ]
---------------------------------------------------------------
[ 2018-09-09T21:11:46+08:00 ] 127.0.0.1 GET /admin/logo/position
[ info ] www.ecshop4.0.com/admin/logo/position [运行时间：0.054960s][吞吐率：18.20req/s] [内存消耗：1,707.79kb] [文件加载：42]
[ info ] [ LANG ] D:\phpstudy\WWW\ECShop\thinkphp\lang\zh-cn.php
[ info ] [ ROUTE ] array (
  'type' => 'module',
  'module' => 
  array (
    0 => 'admin',
    1 => 'logo',
    2 => 'position',
  ),
)
[ info ] [ HEADER ] array (
  'accept-language' => 'zh-CN,zh;q=0.9',
  'accept-encoding' => 'gzip, deflate',
  'referer' => 'http://www.ecshop4.0.com/admin/Index/index_menu',
  'accept' => 'text/html,application/xhtml+xml,application/xml;q=0.9,image/webp,image/apng,*/*;q=0.8',
  'user-agent' => 'Mozilla/5.0 (Windows NT 10.0; Win64; x64) AppleWebKit/537.36 (KHTML, like Gecko) Chrome/68.0.3440.106 Safari/537.36',
  'upgrade-insecure-requests' => '1',
  'connection' => 'close',
  'host' => 'www.ecshop4.0.com',
)
[ info ] [ PARAM ] array (
)
[ info ] [ RUN ] app\admin\controller\Logo->position[ D:\phpstudy\WWW\ECShop\application\admin\controller\Logo.php ]
[ info ] [ DB ] INIT mysql
[ info ] [ VIEW ] D:\phpstudy\WWW\ECShop\public/../application/admin\view\logo\position.html [ array (
  0 => 're',
) ]
[ info ] [ LOG ] INIT File
[ sql ] [ DB ] CONNECT:[ UseTime:0.001733s ] mysql:host=127.0.0.1;port=3306;dbname=ecshop1;charset=utf8
[ sql ] [ SQL ] SHOW COLUMNS FROM `position` [ RunTime:0.021344s ]
[ sql ] [ SQL ] SELECT * FROM `position` [ RunTime:0.000769s ]
---------------------------------------------------------------
[ 2018-09-09T21:11:46+08:00 ] 127.0.0.1 GET /static/css/general_1.css
[ info ] www.ecshop4.0.com/static/css/general_1.css [运行时间：0.022936s][吞吐率：43.60req/s] [内存消耗：839.73kb] [文件加载：29]
[ info ] [ LANG ] D:\phpstudy\WWW\ECShop\thinkphp\lang\zh-cn.php
[ info ] [ ROUTE ] array (
  'type' => 'module',
  'module' => 
  array (
    0 => 'static',
    1 => 'css',
    2 => 'general_1.css',
  ),
)
[ info ] [ HEADER ] array (
  'accept-language' => 'zh-CN,zh;q=0.9',
  'accept-encoding' => 'gzip, deflate',
  'referer' => 'http://www.ecshop4.0.com/admin/logo/position',
  'accept' => 'text/css,*/*;q=0.1',
  'user-agent' => 'Mozilla/5.0 (Windows NT 10.0; Win64; x64) AppleWebKit/537.36 (KHTML, like Gecko) Chrome/68.0.3440.106 Safari/537.36',
  'connection' => 'close',
  'host' => 'www.ecshop4.0.com',
)
[ info ] [ PARAM ] array (
)
[ info ] [ LOG ] INIT File
---------------------------------------------------------------
[ 2018-09-09T21:11:46+08:00 ] 127.0.0.1 GET /static/css/main_1.css
[ info ] www.ecshop4.0.com/static/css/main_1.css [运行时间：0.024381s][吞吐率：41.02req/s] [内存消耗：839.77kb] [文件加载：29]
[ info ] [ LANG ] D:\phpstudy\WWW\ECShop\thinkphp\lang\zh-cn.php
[ info ] [ ROUTE ] array (
  'type' => 'module',
  'module' => 
  array (
    0 => 'static',
    1 => 'css',
    2 => 'main_1.css',
  ),
)
[ info ] [ HEADER ] array (
  'accept-language' => 'zh-CN,zh;q=0.9',
  'accept-encoding' => 'gzip, deflate',
  'referer' => 'http://www.ecshop4.0.com/admin/logo/position',
  'accept' => 'text/css,*/*;q=0.1',
  'user-agent' => 'Mozilla/5.0 (Windows NT 10.0; Win64; x64) AppleWebKit/537.36 (KHTML, like Gecko) Chrome/68.0.3440.106 Safari/537.36',
  'connection' => 'close',
  'host' => 'www.ecshop4.0.com',
)
[ info ] [ PARAM ] array (
)
[ info ] [ LOG ] INIT File
---------------------------------------------------------------
[ 2018-09-09T21:12:22+08:00 ] 127.0.0.1 GET /index.php
[ info ] www.ecshop4.0.com/index.php [运行时间：0.069098s][吞吐率：14.47req/s] [内存消耗：1,005.12kb] [文件加载：33]
[ info ] [ LANG ] D:\phpstudy\WWW\ECShop\thinkphp\lang\zh-cn.php
[ info ] [ ROUTE ] array (
  'type' => 'module',
  'module' => 
  array (
    0 => '',
    1 => NULL,
    2 => NULL,
  ),
)
[ info ] [ HEADER ] array (
  'accept-language' => 'zh-CN,zh;q=0.9',
  'accept-encoding' => 'gzip, deflate',
  'referer' => 'http://www.ecshop4.0.com/admin/Index/index_top',
  'accept' => 'text/html,application/xhtml+xml,application/xml;q=0.9,image/webp,image/apng,*/*;q=0.8',
  'user-agent' => 'Mozilla/5.0 (Windows NT 10.0; Win64; x64) AppleWebKit/537.36 (KHTML, like Gecko) Chrome/68.0.3440.106 Safari/537.36',
  'upgrade-insecure-requests' => '1',
  'connection' => 'close',
  'host' => 'www.ecshop4.0.com',
)
[ info ] [ PARAM ] array (
)
[ info ] [ RUN ] app\index\controller\Index->index[ D:\phpstudy\WWW\ECShop\application\index\controller\Index.php ]
[ info ] [ VIEW ] D:\phpstudy\WWW\ECShop\public/../application/index\view\index\index.html [ array (
) ]
[ info ] [ LOG ] INIT File
---------------------------------------------------------------
[ 2018-09-09T21:12:26+08:00 ] 127.0.0.1 GET /admin/goods/goods_list
[ info ] www.ecshop4.0.com/admin/goods/goods_list [运行时间：0.087653s][吞吐率：11.41req/s] [内存消耗：2,201.64kb] [文件加载：49]
[ info ] [ LANG ] D:\phpstudy\WWW\ECShop\thinkphp\lang\zh-cn.php
[ info ] [ ROUTE ] array (
  'type' => 'module',
  'module' => 
  array (
    0 => 'admin',
    1 => 'goods',
    2 => 'goods_list',
  ),
)
[ info ] [ HEADER ] array (
  'accept-language' => 'zh-CN,zh;q=0.9',
  'accept-encoding' => 'gzip, deflate',
  'referer' => 'http://www.ecshop4.0.com/admin/',
  'accept' => 'text/html,application/xhtml+xml,application/xml;q=0.9,image/webp,image/apng,*/*;q=0.8',
  'user-agent' => 'Mozilla/5.0 (Windows NT 10.0; Win64; x64) AppleWebKit/537.36 (KHTML, like Gecko) Chrome/68.0.3440.106 Safari/537.36',
  'upgrade-insecure-requests' => '1',
  'connection' => 'close',
  'host' => 'www.ecshop4.0.com',
)
[ info ] [ PARAM ] array (
)
[ info ] [ DB ] INIT mysql
[ info ] [ RUN ] app\admin\controller\Goods->goods_list[ D:\phpstudy\WWW\ECShop\application\admin\controller\Goods.php ]
[ info ] [ VIEW ] D:\phpstudy\WWW\ECShop\public/../application/admin\view\goods\goods_list.html [ array (
  0 => 'res',
) ]
[ info ] [ LOG ] INIT File
[ sql ] [ DB ] CONNECT:[ UseTime:0.001566s ] mysql:host=127.0.0.1;port=3306;dbname=ecshop1;charset=utf8
[ sql ] [ SQL ] SHOW COLUMNS FROM `goods` [ RunTime:0.046677s ]
[ sql ] [ SQL ] SELECT COUNT(*) AS tp_count FROM `goods` WHERE  `is_delete` = 1 LIMIT 1 [ RunTime:0.000650s ]
[ sql ] [ SQL ] SELECT * FROM `goods` WHERE  `is_delete` = 1 LIMIT 0,5 [ RunTime:0.000955s ]
---------------------------------------------------------------
[ 2018-09-09T21:12:27+08:00 ] 127.0.0.1 GET /admin/Promotion/type
[ info ] www.ecshop4.0.com/admin/Promotion/type [运行时间：0.021530s][吞吐率：46.45req/s] [内存消耗：1,008.23kb] [文件加载：33]
[ info ] [ LANG ] D:\phpstudy\WWW\ECShop\thinkphp\lang\zh-cn.php
[ info ] [ ROUTE ] array (
  'type' => 'module',
  'module' => 
  array (
    0 => 'admin',
    1 => 'Promotion',
    2 => 'type',
  ),
)
[ info ] [ HEADER ] array (
  'accept-language' => 'zh-CN,zh;q=0.9',
  'accept-encoding' => 'gzip, deflate',
  'referer' => 'http://www.ecshop4.0.com/admin/',
  'accept' => 'text/html,application/xhtml+xml,application/xml;q=0.9,image/webp,image/apng,*/*;q=0.8',
  'user-agent' => 'Mozilla/5.0 (Windows NT 10.0; Win64; x64) AppleWebKit/537.36 (KHTML, like Gecko) Chrome/68.0.3440.106 Safari/537.36',
  'upgrade-insecure-requests' => '1',
  'connection' => 'close',
  'host' => 'www.ecshop4.0.com',
)
[ info ] [ PARAM ] array (
)
[ info ] [ RUN ] app\admin\controller\Promotion->type[ D:\phpstudy\WWW\ECShop\application\admin\controller\Promotion.php ]
[ info ] [ VIEW ] D:\phpstudy\WWW\ECShop\public/../application/admin\view\promotion\type.html [ array (
) ]
[ info ] [ LOG ] INIT File
---------------------------------------------------------------
[ 2018-09-09T21:12:27+08:00 ] 127.0.0.1 GET /static/css/general_2.css
[ info ] www.ecshop4.0.com/static/css/general_2.css [运行时间：0.022116s][吞吐率：45.22req/s] [内存消耗：839.73kb] [文件加载：29]
[ info ] [ LANG ] D:\phpstudy\WWW\ECShop\thinkphp\lang\zh-cn.php
[ info ] [ ROUTE ] array (
  'type' => 'module',
  'module' => 
  array (
    0 => 'static',
    1 => 'css',
    2 => 'general_2.css',
  ),
)
[ info ] [ HEADER ] array (
  'accept-language' => 'zh-CN,zh;q=0.9',
  'accept-encoding' => 'gzip, deflate',
  'referer' => 'http://www.ecshop4.0.com/admin/Promotion/type',
  'accept' => 'text/css,*/*;q=0.1',
  'user-agent' => 'Mozilla/5.0 (Windows NT 10.0; Win64; x64) AppleWebKit/537.36 (KHTML, like Gecko) Chrome/68.0.3440.106 Safari/537.36',
  'connection' => 'close',
  'host' => 'www.ecshop4.0.com',
)
[ info ] [ PARAM ] array (
)
[ info ] [ LOG ] INIT File
---------------------------------------------------------------
[ 2018-09-09T21:12:27+08:00 ] 127.0.0.1 GET /static/js/transport_2.js
[ info ] www.ecshop4.0.com/static/js/transport_2.js [运行时间：0.023320s][吞吐率：42.88req/s] [内存消耗：839.68kb] [文件加载：29]
[ info ] [ LANG ] D:\phpstudy\WWW\ECShop\thinkphp\lang\zh-cn.php
[ info ] [ ROUTE ] array (
  'type' => 'module',
  'module' => 
  array (
    0 => 'static',
    1 => 'js',
    2 => 'transport_2.js',
  ),
)
[ info ] [ HEADER ] array (
  'accept-language' => 'zh-CN,zh;q=0.9',
  'accept-encoding' => 'gzip, deflate',
  'referer' => 'http://www.ecshop4.0.com/admin/Promotion/type',
  'accept' => '*/*',
  'user-agent' => 'Mozilla/5.0 (Windows NT 10.0; Win64; x64) AppleWebKit/537.36 (KHTML, like Gecko) Chrome/68.0.3440.106 Safari/537.36',
  'connection' => 'close',
  'host' => 'www.ecshop4.0.com',
)
[ info ] [ PARAM ] array (
)
[ info ] [ LOG ] INIT File
---------------------------------------------------------------
[ 2018-09-09T21:12:28+08:00 ] 127.0.0.1 GET /static/js/common_2.js
[ info ] www.ecshop4.0.com/static/js/common_2.js [运行时间：0.022842s][吞吐率：43.78req/s] [内存消耗：839.69kb] [文件加载：29]
[ info ] [ LANG ] D:\phpstudy\WWW\ECShop\thinkphp\lang\zh-cn.php
[ info ] [ ROUTE ] array (
  'type' => 'module',
  'module' => 
  array (
    0 => 'static',
    1 => 'js',
    2 => 'common_2.js',
  ),
)
[ info ] [ HEADER ] array (
  'accept-language' => 'zh-CN,zh;q=0.9',
  'accept-encoding' => 'gzip, deflate',
  'referer' => 'http://www.ecshop4.0.com/admin/Promotion/type',
  'accept' => '*/*',
  'user-agent' => 'Mozilla/5.0 (Windows NT 10.0; Win64; x64) AppleWebKit/537.36 (KHTML, like Gecko) Chrome/68.0.3440.106 Safari/537.36',
  'connection' => 'close',
  'host' => 'www.ecshop4.0.com',
)
[ info ] [ PARAM ] array (
)
[ info ] [ LOG ] INIT File
---------------------------------------------------------------
[ 2018-09-09T21:12:28+08:00 ] 127.0.0.1 GET /static/css/main_2.css
[ info ] www.ecshop4.0.com/static/css/main_2.css [运行时间：0.025883s][吞吐率：38.64req/s] [内存消耗：839.77kb] [文件加载：29]
[ info ] [ LANG ] D:\phpstudy\WWW\ECShop\thinkphp\lang\zh-cn.php
[ info ] [ ROUTE ] array (
  'type' => 'module',
  'module' => 
  array (
    0 => 'static',
    1 => 'css',
    2 => 'main_2.css',
  ),
)
[ info ] [ HEADER ] array (
  'accept-language' => 'zh-CN,zh;q=0.9',
  'accept-encoding' => 'gzip, deflate',
  'referer' => 'http://www.ecshop4.0.com/admin/Promotion/type',
  'accept' => 'text/css,*/*;q=0.1',
  'user-agent' => 'Mozilla/5.0 (Windows NT 10.0; Win64; x64) AppleWebKit/537.36 (KHTML, like Gecko) Chrome/68.0.3440.106 Safari/537.36',
  'connection' => 'close',
  'host' => 'www.ecshop4.0.com',
)
[ info ] [ PARAM ] array (
)
[ info ] [ LOG ] INIT File
---------------------------------------------------------------
[ 2018-09-09T21:12:28+08:00 ] 127.0.0.1 GET /admin/order/orders_list
[ info ] www.ecshop4.0.com/admin/order/orders_list [运行时间：0.053013s][吞吐率：18.86req/s] [内存消耗：1,690.98kb] [文件加载：42]
[ info ] [ LANG ] D:\phpstudy\WWW\ECShop\thinkphp\lang\zh-cn.php
[ info ] [ ROUTE ] array (
  'type' => 'module',
  'module' => 
  array (
    0 => 'admin',
    1 => 'order',
    2 => 'orders_list',
  ),
)
[ info ] [ HEADER ] array (
  'accept-language' => 'zh-CN,zh;q=0.9',
  'accept-encoding' => 'gzip, deflate',
  'referer' => 'http://www.ecshop4.0.com/admin/',
  'accept' => 'text/html,application/xhtml+xml,application/xml;q=0.9,image/webp,image/apng,*/*;q=0.8',
  'user-agent' => 'Mozilla/5.0 (Windows NT 10.0; Win64; x64) AppleWebKit/537.36 (KHTML, like Gecko) Chrome/68.0.3440.106 Safari/537.36',
  'upgrade-insecure-requests' => '1',
  'connection' => 'close',
  'host' => 'www.ecshop4.0.com',
)
[ info ] [ PARAM ] array (
)
[ info ] [ RUN ] app\admin\controller\Order->orders_list[ D:\phpstudy\WWW\ECShop\application\admin\controller\Order.php ]
[ info ] [ DB ] INIT mysql
[ info ] [ VIEW ] D:\phpstudy\WWW\ECShop\public/../application/admin\view\order\orders_list.html [ array (
  0 => 'data',
) ]
[ info ] [ LOG ] INIT File
[ sql ] [ DB ] CONNECT:[ UseTime:0.001682s ] mysql:host=127.0.0.1;port=3306;dbname=ecshop1;charset=utf8
[ sql ] [ SQL ] SHOW COLUMNS FROM `order` [ RunTime:0.020137s ]
[ sql ] [ SQL ] SELECT * FROM `order` [ RunTime:0.000991s ]
---------------------------------------------------------------
[ 2018-09-09T21:12:30+08:00 ] 127.0.0.1 GET /admin/logo/logo
[ info ] www.ecshop4.0.com/admin/logo/logo [运行时间：0.041001s][吞吐率：24.39req/s] [内存消耗：1,721.02kb] [文件加载：42]
[ info ] [ LANG ] D:\phpstudy\WWW\ECShop\thinkphp\lang\zh-cn.php
[ info ] [ ROUTE ] array (
  'type' => 'module',
  'module' => 
  array (
    0 => 'admin',
    1 => 'logo',
    2 => 'logo',
  ),
)
[ info ] [ HEADER ] array (
  'accept-language' => 'zh-CN,zh;q=0.9',
  'accept-encoding' => 'gzip, deflate',
  'referer' => 'http://www.ecshop4.0.com/admin/',
  'accept' => 'text/html,application/xhtml+xml,application/xml;q=0.9,image/webp,image/apng,*/*;q=0.8',
  'user-agent' => 'Mozilla/5.0 (Windows NT 10.0; Win64; x64) AppleWebKit/537.36 (KHTML, like Gecko) Chrome/68.0.3440.106 Safari/537.36',
  'upgrade-insecure-requests' => '1',
  'connection' => 'close',
  'host' => 'www.ecshop4.0.com',
)
[ info ] [ PARAM ] array (
)
[ info ] [ RUN ] app\admin\controller\Logo->logo[ D:\phpstudy\WWW\ECShop\application\admin\controller\Logo.php ]
[ info ] [ DB ] INIT mysql
[ info ] [ VIEW ] D:\phpstudy\WWW\ECShop\public/../application/admin\view\logo\logo.html [ array (
  0 => 'arr',
) ]
[ info ] [ LOG ] INIT File
[ sql ] [ DB ] CONNECT:[ UseTime:0.001548s ] mysql:host=127.0.0.1;port=3306;dbname=ecshop1;charset=utf8
[ sql ] [ SQL ] SHOW COLUMNS FROM `place` [ RunTime:0.008499s ]
[ sql ] [ SQL ] SELECT * FROM `place` [ RunTime:0.000788s ]
---------------------------------------------------------------
[ 2018-09-09T21:12:31+08:00 ] 127.0.0.1 GET /admin/
[ info ] www.ecshop4.0.com/admin/ [运行时间：0.023977s][吞吐率：41.71req/s] [内存消耗：1,009.48kb] [文件加载：33]
[ info ] [ LANG ] D:\phpstudy\WWW\ECShop\thinkphp\lang\zh-cn.php
[ info ] [ ROUTE ] array (
  'type' => 'module',
  'module' => 
  array (
    0 => 'admin',
    1 => NULL,
    2 => NULL,
  ),
)
[ info ] [ HEADER ] array (
  'accept-language' => 'zh-CN,zh;q=0.9',
  'accept-encoding' => 'gzip, deflate',
  'accept' => 'text/html,application/xhtml+xml,application/xml;q=0.9,image/webp,image/apng,*/*;q=0.8',
  'user-agent' => 'Mozilla/5.0 (Windows NT 10.0; Win64; x64) AppleWebKit/537.36 (KHTML, like Gecko) Chrome/68.0.3440.106 Safari/537.36',
  'upgrade-insecure-requests' => '1',
  'cache-control' => 'max-age=0',
  'connection' => 'close',
  'host' => 'www.ecshop4.0.com',
)
[ info ] [ PARAM ] array (
)
[ info ] [ RUN ] app\admin\controller\Index->index[ D:\phpstudy\WWW\ECShop\application\admin\controller\Index.php ]
[ info ] [ VIEW ] D:\phpstudy\WWW\ECShop\public/../application/admin\view\index\index.html [ array (
) ]
[ info ] [ LOG ] INIT File
---------------------------------------------------------------
[ 2018-09-09T21:12:31+08:00 ] 127.0.0.1 GET /admin/Index/index_menu
[ info ] www.ecshop4.0.com/admin/Index/index_menu [运行时间：0.030704s][吞吐率：32.57req/s] [内存消耗：1,025.73kb] [文件加载：33]
[ info ] [ LANG ] D:\phpstudy\WWW\ECShop\thinkphp\lang\zh-cn.php
[ info ] [ ROUTE ] array (
  'type' => 'module',
  'module' => 
  array (
    0 => 'admin',
    1 => 'Index',
    2 => 'index_menu',
  ),
)
[ info ] [ HEADER ] array (
  'accept-language' => 'zh-CN,zh;q=0.9',
  'accept-encoding' => 'gzip, deflate',
  'referer' => 'http://www.ecshop4.0.com/admin/',
  'accept' => 'text/html,application/xhtml+xml,application/xml;q=0.9,image/webp,image/apng,*/*;q=0.8',
  'user-agent' => 'Mozilla/5.0 (Windows NT 10.0; Win64; x64) AppleWebKit/537.36 (KHTML, like Gecko) Chrome/68.0.3440.106 Safari/537.36',
  'upgrade-insecure-requests' => '1',
  'connection' => 'close',
  'host' => 'www.ecshop4.0.com',
)
[ info ] [ PARAM ] array (
)
[ info ] [ RUN ] app\admin\controller\Index->index_menu[ D:\phpstudy\WWW\ECShop\application\admin\controller\Index.php ]
[ info ] [ VIEW ] D:\phpstudy\WWW\ECShop\public/../application/admin\view\index\index_menu.html [ array (
) ]
[ info ] [ LOG ] INIT File
---------------------------------------------------------------
[ 2018-09-09T21:12:32+08:00 ] 127.0.0.1 GET /admin/Index/index_main
[ info ] www.ecshop4.0.com/admin/Index/index_main [运行时间：0.019896s][吞吐率：50.26req/s] [内存消耗：1,009.73kb] [文件加载：33]
[ info ] [ LANG ] D:\phpstudy\WWW\ECShop\thinkphp\lang\zh-cn.php
[ info ] [ ROUTE ] array (
  'type' => 'module',
  'module' => 
  array (
    0 => 'admin',
    1 => 'Index',
    2 => 'index_main',
  ),
)
[ info ] [ HEADER ] array (
  'accept-language' => 'zh-CN,zh;q=0.9',
  'accept-encoding' => 'gzip, deflate',
  'referer' => 'http://www.ecshop4.0.com/admin/',
  'accept' => 'text/html,application/xhtml+xml,application/xml;q=0.9,image/webp,image/apng,*/*;q=0.8',
  'user-agent' => 'Mozilla/5.0 (Windows NT 10.0; Win64; x64) AppleWebKit/537.36 (KHTML, like Gecko) Chrome/68.0.3440.106 Safari/537.36',
  'upgrade-insecure-requests' => '1',
  'connection' => 'close',
  'host' => 'www.ecshop4.0.com',
)
[ info ] [ PARAM ] array (
)
[ info ] [ RUN ] app\admin\controller\Index->index_main[ D:\phpstudy\WWW\ECShop\application\admin\controller\Index.php ]
[ info ] [ VIEW ] D:\phpstudy\WWW\ECShop\public/../application/admin\view\index\index_main.html [ array (
) ]
[ info ] [ LOG ] INIT File
---------------------------------------------------------------
[ 2018-09-09T21:12:35+08:00 ] 127.0.0.1 GET /message.php?act=list
[ info ] www.ecshop4.0.com/message.php?act=list [运行时间：0.017431s][吞吐率：57.37req/s] [内存消耗：840.59kb] [文件加载：29]
[ info ] [ LANG ] D:\phpstudy\WWW\ECShop\thinkphp\lang\zh-cn.php
[ info ] [ ROUTE ] array (
  'type' => 'module',
  'module' => 
  array (
    0 => 'message.php',
    1 => NULL,
    2 => NULL,
  ),
)
[ info ] [ HEADER ] array (
  'accept-language' => 'zh-CN,zh;q=0.9',
  'accept-encoding' => 'gzip, deflate',
  'referer' => 'http://www.ecshop4.0.com/admin/Index/index_top',
  'accept' => 'text/html,application/xhtml+xml,application/xml;q=0.9,image/webp,image/apng,*/*;q=0.8',
  'user-agent' => 'Mozilla/5.0 (Windows NT 10.0; Win64; x64) AppleWebKit/537.36 (KHTML, like Gecko) Chrome/68.0.3440.106 Safari/537.36',
  'upgrade-insecure-requests' => '1',
  'connection' => 'close',
  'host' => 'www.ecshop4.0.com',
)
[ info ] [ PARAM ] array (
  'act' => 'list',
)
[ info ] [ LOG ] INIT File
