---------------------------------------------------------------
[ 2018-09-12T08:28:35+08:00 ] 127.0.0.1 GET /admin/
[ info ] www.ecshop4.0.com/admin/ [运行时间：0.244935s][吞吐率：4.08req/s] [内存消耗：1,009.92kb] [文件加载：33]
[ info ] [ LANG ] D:\PHPTutorial\WWW\ECShop\thinkphp\lang\zh-cn.php
[ info ] [ ROUTE ] array (
  'type' => 'module',
  'module' => 
  array (
    0 => 'admin',
    1 => NULL,
    2 => NULL,
  ),
)
[ info ] [ HEADER ] array (
  'accept-language' => 'zh-CN,zh;q=0.8',
  'accept-encoding' => 'gzip, deflate, sdch',
  'accept' => 'text/html,application/xhtml+xml,application/xml;q=0.9,image/webp,*/*;q=0.8',
  'user-agent' => 'Mozilla/5.0 (Windows NT 6.2; WOW64) AppleWebKit/537.36 (KHTML, like Gecko) Chrome/55.0.2883.75 Safari/537.36',
  'upgrade-insecure-requests' => '1',
  'cache-control' => 'max-age=0',
  'connection' => 'close',
  'host' => 'www.ecshop4.0.com',
)
[ info ] [ PARAM ] array (
)
[ info ] [ RUN ] app\admin\controller\Index->index[ D:\PHPTutorial\WWW\ECShop\application\admin\controller\Index.php ]
[ info ] [ VIEW ] D:\PHPTutorial\WWW\ECShop\public/../application/admin\view\index\index.html [ array (
) ]
[ info ] [ LOG ] INIT File
---------------------------------------------------------------
[ 2018-09-12T08:28:35+08:00 ] 127.0.0.1 GET /admin/Index/index_menu
[ info ] www.ecshop4.0.com/admin/Index/index_menu [运行时间：0.043432s][吞吐率：23.02req/s] [内存消耗：1,026.41kb] [文件加载：33]
[ info ] [ LANG ] D:\PHPTutorial\WWW\ECShop\thinkphp\lang\zh-cn.php
[ info ] [ ROUTE ] array (
  'type' => 'module',
  'module' => 
  array (
    0 => 'admin',
    1 => 'Index',
    2 => 'index_menu',
  ),
)
[ info ] [ HEADER ] array (
  'accept-language' => 'zh-CN,zh;q=0.8',
  'accept-encoding' => 'gzip, deflate, sdch',
  'referer' => 'http://www.ecshop4.0.com/admin/',
  'accept' => 'text/html,application/xhtml+xml,application/xml;q=0.9,image/webp,*/*;q=0.8',
  'user-agent' => 'Mozilla/5.0 (Windows NT 6.2; WOW64) AppleWebKit/537.36 (KHTML, like Gecko) Chrome/55.0.2883.75 Safari/537.36',
  'upgrade-insecure-requests' => '1',
  'cache-control' => 'max-age=0',
  'connection' => 'close',
  'host' => 'www.ecshop4.0.com',
)
[ info ] [ PARAM ] array (
)
[ info ] [ RUN ] app\admin\controller\Index->index_menu[ D:\PHPTutorial\WWW\ECShop\application\admin\controller\Index.php ]
[ info ] [ VIEW ] D:\PHPTutorial\WWW\ECShop\public/../application/admin\view\index\index_menu.html [ array (
) ]
[ info ] [ LOG ] INIT File
---------------------------------------------------------------
[ 2018-09-12T08:28:36+08:00 ] 127.0.0.1 GET /admin/Index/index_main
[ info ] www.ecshop4.0.com/admin/Index/index_main [运行时间：0.050966s][吞吐率：19.62req/s] [内存消耗：1,010.42kb] [文件加载：33]
[ info ] [ LANG ] D:\PHPTutorial\WWW\ECShop\thinkphp\lang\zh-cn.php
[ info ] [ ROUTE ] array (
  'type' => 'module',
  'module' => 
  array (
    0 => 'admin',
    1 => 'Index',
    2 => 'index_main',
  ),
)
[ info ] [ HEADER ] array (
  'accept-language' => 'zh-CN,zh;q=0.8',
  'accept-encoding' => 'gzip, deflate, sdch',
  'referer' => 'http://www.ecshop4.0.com/admin/',
  'accept' => 'text/html,application/xhtml+xml,application/xml;q=0.9,image/webp,*/*;q=0.8',
  'user-agent' => 'Mozilla/5.0 (Windows NT 6.2; WOW64) AppleWebKit/537.36 (KHTML, like Gecko) Chrome/55.0.2883.75 Safari/537.36',
  'upgrade-insecure-requests' => '1',
  'cache-control' => 'max-age=0',
  'connection' => 'close',
  'host' => 'www.ecshop4.0.com',
)
[ info ] [ PARAM ] array (
)
[ info ] [ RUN ] app\admin\controller\Index->index_main[ D:\PHPTutorial\WWW\ECShop\application\admin\controller\Index.php ]
[ info ] [ VIEW ] D:\PHPTutorial\WWW\ECShop\public/../application/admin\view\index\index_main.html [ array (
) ]
[ info ] [ LOG ] INIT File
---------------------------------------------------------------
[ 2018-09-12T08:28:36+08:00 ] 127.0.0.1 GET /admin/Index/index_top
[ info ] www.ecshop4.0.com/admin/Index/index_top [运行时间：0.026307s][吞吐率：38.01req/s] [内存消耗：1,010.41kb] [文件加载：33]
[ info ] [ LANG ] D:\PHPTutorial\WWW\ECShop\thinkphp\lang\zh-cn.php
[ info ] [ ROUTE ] array (
  'type' => 'module',
  'module' => 
  array (
    0 => 'admin',
    1 => 'Index',
    2 => 'index_top',
  ),
)
[ info ] [ HEADER ] array (
  'accept-language' => 'zh-CN,zh;q=0.8',
  'accept-encoding' => 'gzip, deflate, sdch',
  'referer' => 'http://www.ecshop4.0.com/admin/',
  'accept' => 'text/html,application/xhtml+xml,application/xml;q=0.9,image/webp,*/*;q=0.8',
  'user-agent' => 'Mozilla/5.0 (Windows NT 6.2; WOW64) AppleWebKit/537.36 (KHTML, like Gecko) Chrome/55.0.2883.75 Safari/537.36',
  'upgrade-insecure-requests' => '1',
  'cache-control' => 'max-age=0',
  'connection' => 'close',
  'host' => 'www.ecshop4.0.com',
)
[ info ] [ PARAM ] array (
)
[ info ] [ RUN ] app\admin\controller\Index->index_top[ D:\PHPTutorial\WWW\ECShop\application\admin\controller\Index.php ]
[ info ] [ VIEW ] D:\PHPTutorial\WWW\ECShop\public/../application/admin\view\index\index_top.html [ array (
) ]
[ info ] [ LOG ] INIT File
---------------------------------------------------------------
[ 2018-09-12T08:29:23+08:00 ] 127.0.0.1 GET /admin/order/orders_list
[ info ] www.ecshop4.0.com/admin/order/orders_list [运行时间：0.471837s][吞吐率：2.12req/s] [内存消耗：1,805.13kb] [文件加载：46]
[ info ] [ LANG ] D:\PHPTutorial\WWW\ECShop\thinkphp\lang\zh-cn.php
[ info ] [ ROUTE ] array (
  'type' => 'module',
  'module' => 
  array (
    0 => 'admin',
    1 => 'order',
    2 => 'orders_list',
  ),
)
[ info ] [ HEADER ] array (
  'accept-language' => 'zh-CN,zh;q=0.8',
  'accept-encoding' => 'gzip, deflate, sdch',
  'referer' => 'http://www.ecshop4.0.com/admin/',
  'accept' => 'text/html,application/xhtml+xml,application/xml;q=0.9,image/webp,*/*;q=0.8',
  'user-agent' => 'Mozilla/5.0 (Windows NT 6.2; WOW64) AppleWebKit/537.36 (KHTML, like Gecko) Chrome/55.0.2883.75 Safari/537.36',
  'upgrade-insecure-requests' => '1',
  'connection' => 'close',
  'host' => 'www.ecshop4.0.com',
)
[ info ] [ PARAM ] array (
)
[ info ] [ RUN ] app\admin\controller\Order->orders_list[ D:\PHPTutorial\WWW\ECShop\application\admin\controller\Order.php ]
[ info ] [ DB ] INIT mysql
[ info ] [ VIEW ] D:\PHPTutorial\WWW\ECShop\public/../application/admin\view\order\orders_list.html [ array (
  0 => 'data',
) ]
[ info ] [ LOG ] INIT File
[ sql ] [ DB ] CONNECT:[ UseTime:0.083513s ] mysql:host=127.0.0.1;port=3306;dbname=ecshops;charset=utf8
[ sql ] [ SQL ] SHOW COLUMNS FROM `order` [ RunTime:0.104908s ]
[ sql ] [ SQL ] SELECT COUNT(*) AS tp_count FROM `order` LIMIT 1 [ RunTime:0.003080s ]
[ sql ] [ SQL ] SELECT * FROM `order` LIMIT 0,5 [ RunTime:0.001574s ]
---------------------------------------------------------------
[ 2018-09-12T08:29:24+08:00 ] 127.0.0.1 GET /admin/order/orders_query
[ info ] www.ecshop4.0.com/admin/order/orders_query [运行时间：0.227451s][吞吐率：4.40req/s] [内存消耗：1,065.91kb] [文件加载：35]
[ info ] [ LANG ] D:\PHPTutorial\WWW\ECShop\thinkphp\lang\zh-cn.php
[ info ] [ ROUTE ] array (
  'type' => 'module',
  'module' => 
  array (
    0 => 'admin',
    1 => 'order',
    2 => 'orders_query',
  ),
)
[ info ] [ HEADER ] array (
  'accept-language' => 'zh-CN,zh;q=0.8',
  'accept-encoding' => 'gzip, deflate, sdch',
  'referer' => 'http://www.ecshop4.0.com/admin/Index/index_menu',
  'accept' => 'text/html,application/xhtml+xml,application/xml;q=0.9,image/webp,*/*;q=0.8',
  'user-agent' => 'Mozilla/5.0 (Windows NT 6.2; WOW64) AppleWebKit/537.36 (KHTML, like Gecko) Chrome/55.0.2883.75 Safari/537.36',
  'upgrade-insecure-requests' => '1',
  'connection' => 'close',
  'host' => 'www.ecshop4.0.com',
)
[ info ] [ PARAM ] array (
)
[ info ] [ RUN ] app\admin\controller\Order->orders_query[ D:\PHPTutorial\WWW\ECShop\application\admin\controller\Order.php ]
[ info ] [ VIEW ] D:\PHPTutorial\WWW\ECShop\public/../application/admin\view\order\orders_query.html [ array (
) ]
[ info ] [ LOG ] INIT File
---------------------------------------------------------------
[ 2018-09-12T08:29:25+08:00 ] 127.0.0.1 GET /static/js/region.js
[ info ] www.ecshop4.0.com/static/js/region.js [运行时间：0.067372s][吞吐率：14.84req/s] [内存消耗：840.10kb] [文件加载：29]
[ info ] [ LANG ] D:\PHPTutorial\WWW\ECShop\thinkphp\lang\zh-cn.php
[ info ] [ ROUTE ] array (
  'type' => 'module',
  'module' => 
  array (
    0 => 'static',
    1 => 'js',
    2 => 'region.js',
  ),
)
[ info ] [ HEADER ] array (
  'accept-language' => 'zh-CN,zh;q=0.8',
  'accept-encoding' => 'gzip, deflate, sdch',
  'referer' => 'http://www.ecshop4.0.com/admin/order/orders_query',
  'accept' => '*/*',
  'user-agent' => 'Mozilla/5.0 (Windows NT 6.2; WOW64) AppleWebKit/537.36 (KHTML, like Gecko) Chrome/55.0.2883.75 Safari/537.36',
  'connection' => 'close',
  'host' => 'www.ecshop4.0.com',
)
[ info ] [ PARAM ] array (
)
[ info ] [ LOG ] INIT File
---------------------------------------------------------------
[ 2018-09-12T08:29:25+08:00 ] 127.0.0.1 GET /images/online.swf
[ info ] www.ecshop4.0.com/images/online.swf [运行时间：0.014989s][吞吐率：66.71req/s] [内存消耗：840.48kb] [文件加载：29]
[ info ] [ LANG ] D:\PHPTutorial\WWW\ECShop\thinkphp\lang\zh-cn.php
[ info ] [ ROUTE ] array (
  'type' => 'module',
  'module' => 
  array (
    0 => 'images',
    1 => 'online.swf',
    2 => NULL,
  ),
)
[ info ] [ HEADER ] array (
  'accept-language' => 'zh-CN,zh;q=0.8',
  'accept-encoding' => 'gzip, deflate, sdch',
  'referer' => 'http://www.ecshop4.0.com/admin/order/orders_query',
  'accept' => '*/*',
  'x-requested-with' => 'ShockwaveFlash/29.0.0.140',
  'user-agent' => 'Mozilla/5.0 (Windows NT 6.2; WOW64) AppleWebKit/537.36 (KHTML, like Gecko) Chrome/55.0.2883.75 Safari/537.36',
  'connection' => 'close',
  'host' => 'www.ecshop4.0.com',
)
[ info ] [ PARAM ] array (
)
[ info ] [ LOG ] INIT File
---------------------------------------------------------------
[ 2018-09-12T08:29:28+08:00 ] 127.0.0.1 POST /admin/order/search
[ info ] www.ecshop4.0.com/admin/order/search [运行时间：0.094766s][吞吐率：10.55req/s] [内存消耗：1,802.44kb] [文件加载：46]
[ info ] [ LANG ] D:\PHPTutorial\WWW\ECShop\thinkphp\lang\zh-cn.php
[ info ] [ ROUTE ] array (
  'type' => 'module',
  'module' => 
  array (
    0 => 'admin',
    1 => 'order',
    2 => 'search',
  ),
)
[ info ] [ HEADER ] array (
  'accept-language' => 'zh-CN,zh;q=0.8',
  'accept-encoding' => 'gzip, deflate',
  'referer' => 'http://www.ecshop4.0.com/admin/order/orders_query',
  'accept' => 'text/html,application/xhtml+xml,application/xml;q=0.9,image/webp,*/*;q=0.8',
  'content-type' => 'multipart/form-data; boundary=----WebKitFormBoundaryTRJob3PqNouLLc2W',
  'user-agent' => 'Mozilla/5.0 (Windows NT 6.2; WOW64) AppleWebKit/537.36 (KHTML, like Gecko) Chrome/55.0.2883.75 Safari/537.36',
  'upgrade-insecure-requests' => '1',
  'origin' => 'http://www.ecshop4.0.com',
  'cache-control' => 'max-age=0',
  'content-length' => '248',
  'connection' => 'close',
  'host' => 'www.ecshop4.0.com',
)
[ info ] [ PARAM ] array (
  'order_number' => '',
  'consignee' => '佑哥哥',
)
[ info ] [ RUN ] app\admin\controller\Order->search[ D:\PHPTutorial\WWW\ECShop\application\admin\controller\Order.php ]
[ info ] [ DB ] INIT mysql
[ info ] [ VIEW ] D:\PHPTutorial\WWW\ECShop\public/../application/admin\view\order\orders_list.html [ array (
  0 => 'data',
) ]
[ info ] [ LOG ] INIT File
[ sql ] [ DB ] CONNECT:[ UseTime:0.010881s ] mysql:host=127.0.0.1;port=3306;dbname=ecshops;charset=utf8
[ sql ] [ SQL ] SHOW COLUMNS FROM `order` [ RunTime:0.005169s ]
[ sql ] [ SQL ] SELECT COUNT(*) AS tp_count FROM `order` WHERE  `consignee` = '佑哥哥' LIMIT 1 [ RunTime:0.034878s ]
[ sql ] [ SQL ] SELECT * FROM `order` WHERE  `consignee` = '佑哥哥' LIMIT 0,5 [ RunTime:0.001629s ]
---------------------------------------------------------------
[ 2018-09-12T08:29:30+08:00 ] 127.0.0.1 GET /static/js/region.js
[ info ] www.ecshop4.0.com/static/js/region.js [运行时间：0.026694s][吞吐率：37.46req/s] [内存消耗：840.10kb] [文件加载：29]
[ info ] [ LANG ] D:\PHPTutorial\WWW\ECShop\thinkphp\lang\zh-cn.php
[ info ] [ ROUTE ] array (
  'type' => 'module',
  'module' => 
  array (
    0 => 'static',
    1 => 'js',
    2 => 'region.js',
  ),
)
[ info ] [ HEADER ] array (
  'accept-language' => 'zh-CN,zh;q=0.8',
  'accept-encoding' => 'gzip, deflate, sdch',
  'referer' => 'http://www.ecshop4.0.com/admin/order/orders_query',
  'accept' => '*/*',
  'user-agent' => 'Mozilla/5.0 (Windows NT 6.2; WOW64) AppleWebKit/537.36 (KHTML, like Gecko) Chrome/55.0.2883.75 Safari/537.36',
  'connection' => 'close',
  'host' => 'www.ecshop4.0.com',
)
[ info ] [ PARAM ] array (
)
[ info ] [ LOG ] INIT File
---------------------------------------------------------------
[ 2018-09-12T08:29:30+08:00 ] 127.0.0.1 GET /images/online.swf
[ info ] www.ecshop4.0.com/images/online.swf [运行时间：0.015637s][吞吐率：63.95req/s] [内存消耗：840.48kb] [文件加载：29]
[ info ] [ LANG ] D:\PHPTutorial\WWW\ECShop\thinkphp\lang\zh-cn.php
[ info ] [ ROUTE ] array (
  'type' => 'module',
  'module' => 
  array (
    0 => 'images',
    1 => 'online.swf',
    2 => NULL,
  ),
)
[ info ] [ HEADER ] array (
  'accept-language' => 'zh-CN,zh;q=0.8',
  'accept-encoding' => 'gzip, deflate, sdch',
  'referer' => 'http://www.ecshop4.0.com/admin/order/orders_query',
  'accept' => '*/*',
  'x-requested-with' => 'ShockwaveFlash/29.0.0.140',
  'user-agent' => 'Mozilla/5.0 (Windows NT 6.2; WOW64) AppleWebKit/537.36 (KHTML, like Gecko) Chrome/55.0.2883.75 Safari/537.36',
  'connection' => 'close',
  'host' => 'www.ecshop4.0.com',
)
[ info ] [ PARAM ] array (
)
[ info ] [ LOG ] INIT File
---------------------------------------------------------------
[ 2018-09-12T08:29:33+08:00 ] 127.0.0.1 GET /admin/order/add_order
[ info ] www.ecshop4.0.com/admin/order/add_order [运行时间：0.152152s][吞吐率：6.57req/s] [内存消耗：1,081.91kb] [文件加载：35]
[ info ] [ LANG ] D:\PHPTutorial\WWW\ECShop\thinkphp\lang\zh-cn.php
[ info ] [ ROUTE ] array (
  'type' => 'module',
  'module' => 
  array (
    0 => 'admin',
    1 => 'order',
    2 => 'add_order',
  ),
)
[ info ] [ HEADER ] array (
  'accept-language' => 'zh-CN,zh;q=0.8',
  'accept-encoding' => 'gzip, deflate, sdch',
  'referer' => 'http://www.ecshop4.0.com/admin/Index/index_menu',
  'accept' => 'text/html,application/xhtml+xml,application/xml;q=0.9,image/webp,*/*;q=0.8',
  'user-agent' => 'Mozilla/5.0 (Windows NT 6.2; WOW64) AppleWebKit/537.36 (KHTML, like Gecko) Chrome/55.0.2883.75 Safari/537.36',
  'upgrade-insecure-requests' => '1',
  'connection' => 'close',
  'host' => 'www.ecshop4.0.com',
)
[ info ] [ PARAM ] array (
)
[ info ] [ RUN ] app\admin\controller\Order->add_order[ D:\PHPTutorial\WWW\ECShop\application\admin\controller\Order.php ]
[ info ] [ VIEW ] D:\PHPTutorial\WWW\ECShop\public/../application/admin\view\order\add_order.html [ array (
) ]
[ info ] [ LOG ] INIT File
---------------------------------------------------------------
[ 2018-09-12T08:29:33+08:00 ] 127.0.0.1 GET /images/online.swf
[ info ] www.ecshop4.0.com/images/online.swf [运行时间：0.014436s][吞吐率：69.27req/s] [内存消耗：840.49kb] [文件加载：29]
[ info ] [ LANG ] D:\PHPTutorial\WWW\ECShop\thinkphp\lang\zh-cn.php
[ info ] [ ROUTE ] array (
  'type' => 'module',
  'module' => 
  array (
    0 => 'images',
    1 => 'online.swf',
    2 => NULL,
  ),
)
[ info ] [ HEADER ] array (
  'accept-language' => 'zh-CN,zh;q=0.8',
  'accept-encoding' => 'gzip, deflate, sdch',
  'referer' => 'http://www.ecshop4.0.com/admin/order/add_order',
  'accept' => '*/*',
  'x-requested-with' => 'ShockwaveFlash/29.0.0.140',
  'user-agent' => 'Mozilla/5.0 (Windows NT 6.2; WOW64) AppleWebKit/537.36 (KHTML, like Gecko) Chrome/55.0.2883.75 Safari/537.36',
  'connection' => 'close',
  'host' => 'www.ecshop4.0.com',
)
[ info ] [ PARAM ] array (
)
[ info ] [ LOG ] INIT File
---------------------------------------------------------------
[ 2018-09-12T14:29:06+08:00 ] 127.0.0.1 POST /order.php?act=step_post&step=user&order_id=0&step_act=add
[ info ] www.ecshop4.0.com/order.php?act=step_post&step=user&order_id=0&step_act=add [运行时间：0.019456s][吞吐率：51.40req/s] [内存消耗：842.98kb] [文件加载：29]
[ info ] [ LANG ] D:\PHPTutorial\WWW\ECShop\thinkphp\lang\zh-cn.php
[ info ] [ ROUTE ] array (
  'type' => 'module',
  'module' => 
  array (
    0 => 'order.php',
    1 => NULL,
    2 => NULL,
  ),
)
[ info ] [ HEADER ] array (
  'accept-language' => 'zh-CN,zh;q=0.8',
  'accept-encoding' => 'gzip, deflate',
  'referer' => 'http://www.ecshop4.0.com/admin/order/add_order',
  'accept' => 'text/html,application/xhtml+xml,application/xml;q=0.9,image/webp,*/*;q=0.8',
  'content-type' => 'application/x-www-form-urlencoded',
  'user-agent' => 'Mozilla/5.0 (Windows NT 6.2; WOW64) AppleWebKit/537.36 (KHTML, like Gecko) Chrome/55.0.2883.75 Safari/537.36',
  'upgrade-insecure-requests' => '1',
  'origin' => 'http://www.ecshop4.0.com',
  'cache-control' => 'max-age=0',
  'content-length' => '55',
  'connection' => 'close',
  'host' => 'www.ecshop4.0.com',
)
[ info ] [ PARAM ] array (
  'act' => 'step_post',
  'step' => 'user',
  'order_id' => '0',
  'step_act' => 'add',
  'anonymous' => '1',
  'keyword' => '',
  'submit' => '下一步',
)
[ info ] [ LOG ] INIT File
---------------------------------------------------------------
[ 2018-09-12T14:29:07+08:00 ] 127.0.0.1 GET /images/online.swf
[ info ] www.ecshop4.0.com/images/online.swf [运行时间：0.019636s][吞吐率：50.93req/s] [内存消耗：840.49kb] [文件加载：29]
[ info ] [ LANG ] D:\PHPTutorial\WWW\ECShop\thinkphp\lang\zh-cn.php
[ info ] [ ROUTE ] array (
  'type' => 'module',
  'module' => 
  array (
    0 => 'images',
    1 => 'online.swf',
    2 => NULL,
  ),
)
[ info ] [ HEADER ] array (
  'accept-language' => 'zh-CN,zh;q=0.8',
  'accept-encoding' => 'gzip, deflate, sdch',
  'referer' => 'http://www.ecshop4.0.com/admin/order/add_order',
  'accept' => '*/*',
  'x-requested-with' => 'ShockwaveFlash/29.0.0.140',
  'user-agent' => 'Mozilla/5.0 (Windows NT 6.2; WOW64) AppleWebKit/537.36 (KHTML, like Gecko) Chrome/55.0.2883.75 Safari/537.36',
  'connection' => 'close',
  'host' => 'www.ecshop4.0.com',
)
[ info ] [ PARAM ] array (
)
[ info ] [ LOG ] INIT File
