---------------------------------------------------------------
[ 2018-09-15T07:36:13+08:00 ] 127.0.0.1 GET /
[ info ] www.ecshop4.0.com/ [运行时间：0.097332s][吞吐率：10.27req/s] [内存消耗：1,333.90kb] [文件加载：42]
[ info ] [ LANG ] D:\phpstudy\WWW\shixun\ECShop\thinkphp\lang\zh-cn.php
[ info ] [ ROUTE ] array (
  'type' => 'module',
  'module' => 
  array (
    0 => '',
    1 => NULL,
    2 => NULL,
  ),
)
[ info ] [ HEADER ] array (
  'accept-language' => 'zh-CN,zh;q=0.8',
  'accept-encoding' => 'gzip, deflate, sdch',
  'accept' => 'text/html,application/xhtml+xml,application/xml;q=0.9,image/webp,*/*;q=0.8',
  'user-agent' => 'Mozilla/5.0 (Windows NT 10.0; WOW64) AppleWebKit/537.36 (KHTML, like Gecko) Chrome/55.0.2883.87 Safari/537.36',
  'upgrade-insecure-requests' => '1',
  'connection' => 'close',
  'host' => 'www.ecshop4.0.com',
)
[ info ] [ PARAM ] array (
)
[ info ] [ RUN ] app\admin\controller\Login->login[ D:\phpstudy\WWW\shixun\ECShop\application\admin\controller\Login.php ]
[ info ] [ VIEW ] D:\phpstudy\WWW\shixun\ECShop\public/../application/admin\view\login\login.html [ array (
) ]
[ info ] [ LOG ] INIT File
---------------------------------------------------------------
[ 2018-09-15T07:36:13+08:00 ] 127.0.0.1 GET /captcha.html
[ info ] www.ecshop4.0.com/captcha.html [运行时间：0.086194s][吞吐率：11.60req/s] [内存消耗：1,100.91kb] [文件加载：34]
[ info ] [ LANG ] D:\phpstudy\WWW\shixun\ECShop\thinkphp\lang\zh-cn.php
[ info ] [ ROUTE ] array (
  'type' => 'method',
  'method' => 
  array (
    0 => '\\think\\captcha\\CaptchaController',
    1 => 'index',
  ),
  'var' => 
  array (
  ),
)
[ info ] [ HEADER ] array (
  'accept-language' => 'zh-CN,zh;q=0.8',
  'accept-encoding' => 'gzip, deflate, sdch',
  'referer' => 'http://www.ecshop4.0.com/',
  'accept' => 'image/webp,image/*,*/*;q=0.8',
  'user-agent' => 'Mozilla/5.0 (Windows NT 10.0; WOW64) AppleWebKit/537.36 (KHTML, like Gecko) Chrome/55.0.2883.87 Safari/537.36',
  'connection' => 'close',
  'host' => 'www.ecshop4.0.com',
)
[ info ] [ PARAM ] array (
  'id' => NULL,
)
[ info ] [ RUN ] think\captcha\CaptchaController->index[ D:\phpstudy\WWW\shixun\ECShop\vendor\topthink\think-captcha\src\CaptchaController.php ]
[ info ] [ SESSION ] INIT array (
  'id' => '',
  'var_session_id' => '',
  'prefix' => 'think',
  'type' => '',
  'auto_start' => true,
)
[ info ] [ LOG ] INIT File
---------------------------------------------------------------
[ 2018-09-15T07:36:26+08:00 ] 127.0.0.1 POST /admin/login/login_do.html
[ info ] www.ecshop4.0.com/admin/login/login_do.html [运行时间：0.069611s][吞吐率：14.37req/s] [内存消耗：1,324.32kb] [文件加载：40]
[ info ] [ LANG ] D:\phpstudy\WWW\shixun\ECShop\thinkphp\lang\zh-cn.php
[ info ] [ ROUTE ] array (
  'type' => 'module',
  'module' => 
  array (
    0 => 'admin',
    1 => 'login',
    2 => 'login_do',
  ),
)
[ info ] [ HEADER ] array (
  'cookie' => 'PHPSESSID=aa5qldsekkfbl18p3oc60cpb73',
  'accept-language' => 'zh-CN,zh;q=0.8',
  'accept-encoding' => 'gzip, deflate',
  'referer' => 'http://www.ecshop4.0.com/',
  'accept' => 'text/html,application/xhtml+xml,application/xml;q=0.9,image/webp,*/*;q=0.8',
  'content-type' => 'application/x-www-form-urlencoded',
  'user-agent' => 'Mozilla/5.0 (Windows NT 10.0; WOW64) AppleWebKit/537.36 (KHTML, like Gecko) Chrome/55.0.2883.87 Safari/537.36',
  'upgrade-insecure-requests' => '1',
  'origin' => 'http://www.ecshop4.0.com',
  'cache-control' => 'max-age=0',
  'content-length' => '41',
  'connection' => 'close',
  'host' => 'www.ecshop4.0.com',
)
[ info ] [ PARAM ] array (
  'User_name' => 'zhangxin',
  'User_pwd' => '123',
  'code' => '2624',
)
[ info ] [ RUN ] app\admin\controller\Login->login_do[ D:\phpstudy\WWW\shixun\ECShop\application\admin\controller\Login.php ]
[ info ] [ SESSION ] INIT array (
  'id' => '',
  'var_session_id' => '',
  'prefix' => 'think',
  'type' => '',
  'auto_start' => true,
)
[ info ] [ LOG ] INIT File
---------------------------------------------------------------
[ 2018-09-15T07:36:27+08:00 ] 127.0.0.1 GET /admin/login/login
[ info ] www.ecshop4.0.com/admin/login/login [运行时间：0.072093s][吞吐率：13.87req/s] [内存消耗：1,337.57kb] [文件加载：42]
[ info ] [ LANG ] D:\phpstudy\WWW\shixun\ECShop\thinkphp\lang\zh-cn.php
[ info ] [ ROUTE ] array (
  'type' => 'module',
  'module' => 
  array (
    0 => 'admin',
    1 => 'login',
    2 => 'login',
  ),
)
[ info ] [ HEADER ] array (
  'cookie' => 'PHPSESSID=aa5qldsekkfbl18p3oc60cpb73',
  'accept-language' => 'zh-CN,zh;q=0.8',
  'accept-encoding' => 'gzip, deflate, sdch',
  'referer' => 'http://www.ecshop4.0.com/admin/login/login_do.html',
  'accept' => 'text/html,application/xhtml+xml,application/xml;q=0.9,image/webp,*/*;q=0.8',
  'user-agent' => 'Mozilla/5.0 (Windows NT 10.0; WOW64) AppleWebKit/537.36 (KHTML, like Gecko) Chrome/55.0.2883.87 Safari/537.36',
  'upgrade-insecure-requests' => '1',
  'connection' => 'close',
  'host' => 'www.ecshop4.0.com',
)
[ info ] [ PARAM ] array (
)
[ info ] [ RUN ] app\admin\controller\Login->login[ D:\phpstudy\WWW\shixun\ECShop\application\admin\controller\Login.php ]
[ info ] [ VIEW ] D:\phpstudy\WWW\shixun\ECShop\public/../application/admin\view\login\login.html [ array (
) ]
[ info ] [ LOG ] INIT File
---------------------------------------------------------------
[ 2018-09-15T07:36:28+08:00 ] 127.0.0.1 GET /captcha.html
[ info ] www.ecshop4.0.com/captcha.html [运行时间：0.109499s][吞吐率：9.13req/s] [内存消耗：1,101.27kb] [文件加载：34]
[ info ] [ LANG ] D:\phpstudy\WWW\shixun\ECShop\thinkphp\lang\zh-cn.php
[ info ] [ ROUTE ] array (
  'type' => 'method',
  'method' => 
  array (
    0 => '\\think\\captcha\\CaptchaController',
    1 => 'index',
  ),
  'var' => 
  array (
  ),
)
[ info ] [ HEADER ] array (
  'cookie' => 'PHPSESSID=aa5qldsekkfbl18p3oc60cpb73',
  'accept-language' => 'zh-CN,zh;q=0.8',
  'accept-encoding' => 'gzip, deflate, sdch',
  'referer' => 'http://www.ecshop4.0.com/admin/login/login',
  'accept' => 'image/webp,image/*,*/*;q=0.8',
  'user-agent' => 'Mozilla/5.0 (Windows NT 10.0; WOW64) AppleWebKit/537.36 (KHTML, like Gecko) Chrome/55.0.2883.87 Safari/537.36',
  'connection' => 'close',
  'host' => 'www.ecshop4.0.com',
)
[ info ] [ PARAM ] array (
  'id' => NULL,
)
[ info ] [ RUN ] think\captcha\CaptchaController->index[ D:\phpstudy\WWW\shixun\ECShop\vendor\topthink\think-captcha\src\CaptchaController.php ]
[ info ] [ SESSION ] INIT array (
  'id' => '',
  'var_session_id' => '',
  'prefix' => 'think',
  'type' => '',
  'auto_start' => true,
)
[ info ] [ LOG ] INIT File
---------------------------------------------------------------
[ 2018-09-15T07:36:53+08:00 ] 127.0.0.1 GET /admin/login/login
[ info ] www.ecshop4.0.com/admin/login/login [运行时间：0.075651s][吞吐率：13.22req/s] [内存消耗：1,336.89kb] [文件加载：42]
[ info ] [ LANG ] D:\phpstudy\WWW\shixun\ECShop\thinkphp\lang\zh-cn.php
[ info ] [ ROUTE ] array (
  'type' => 'module',
  'module' => 
  array (
    0 => 'admin',
    1 => 'login',
    2 => 'login',
  ),
)
[ info ] [ HEADER ] array (
  'accept-language' => 'zh-CN,zh;q=0.9',
  'accept-encoding' => 'gzip, deflate',
  'accept' => 'text/html,application/xhtml+xml,application/xml;q=0.9,image/webp,image/apng,*/*;q=0.8',
  'user-agent' => 'Mozilla/5.0 (Windows NT 10.0; Win64; x64) AppleWebKit/537.36 (KHTML, like Gecko) Chrome/68.0.3440.106 Safari/537.36',
  'upgrade-insecure-requests' => '1',
  'connection' => 'close',
  'host' => 'www.ecshop4.0.com',
)
[ info ] [ PARAM ] array (
)
[ info ] [ RUN ] app\admin\controller\Login->login[ D:\phpstudy\WWW\shixun\ECShop\application\admin\controller\Login.php ]
[ info ] [ VIEW ] D:\phpstudy\WWW\shixun\ECShop\public/../application/admin\view\login\login.html [ array (
) ]
[ info ] [ LOG ] INIT File
---------------------------------------------------------------
[ 2018-09-15T07:36:53+08:00 ] 127.0.0.1 GET /captcha.html
[ info ] www.ecshop4.0.com/captcha.html [运行时间：0.094486s][吞吐率：10.58req/s] [内存消耗：1,101.05kb] [文件加载：34]
[ info ] [ LANG ] D:\phpstudy\WWW\shixun\ECShop\thinkphp\lang\zh-cn.php
[ info ] [ ROUTE ] array (
  'type' => 'method',
  'method' => 
  array (
    0 => '\\think\\captcha\\CaptchaController',
    1 => 'index',
  ),
  'var' => 
  array (
  ),
)
[ info ] [ HEADER ] array (
  'accept-language' => 'zh-CN,zh;q=0.9',
  'accept-encoding' => 'gzip, deflate',
  'referer' => 'http://www.ecshop4.0.com/admin/login/login',
  'accept' => 'image/webp,image/apng,image/*,*/*;q=0.8',
  'user-agent' => 'Mozilla/5.0 (Windows NT 10.0; Win64; x64) AppleWebKit/537.36 (KHTML, like Gecko) Chrome/68.0.3440.106 Safari/537.36',
  'connection' => 'close',
  'host' => 'www.ecshop4.0.com',
)
[ info ] [ PARAM ] array (
  'id' => NULL,
)
[ info ] [ RUN ] think\captcha\CaptchaController->index[ D:\phpstudy\WWW\shixun\ECShop\vendor\topthink\think-captcha\src\CaptchaController.php ]
[ info ] [ SESSION ] INIT array (
  'id' => '',
  'var_session_id' => '',
  'prefix' => 'think',
  'type' => '',
  'auto_start' => true,
)
[ info ] [ LOG ] INIT File
---------------------------------------------------------------
[ 2018-09-15T07:37:07+08:00 ] 127.0.0.1 POST /admin/login/login_do.html
[ info ] www.ecshop4.0.com/admin/login/login_do.html [运行时间：0.303968s][吞吐率：3.29req/s] [内存消耗：1,954.84kb] [文件加载：48]
[ info ] [ LANG ] D:\phpstudy\WWW\shixun\ECShop\thinkphp\lang\zh-cn.php
[ info ] [ ROUTE ] array (
  'type' => 'module',
  'module' => 
  array (
    0 => 'admin',
    1 => 'login',
    2 => 'login_do',
  ),
)
[ info ] [ HEADER ] array (
  'cookie' => 'PHPSESSID=2jlg3r4ad0anpq3hs9samh16d2',
  'accept-language' => 'zh-CN,zh;q=0.9',
  'accept-encoding' => 'gzip, deflate',
  'referer' => 'http://www.ecshop4.0.com/admin/login/login',
  'accept' => 'text/html,application/xhtml+xml,application/xml;q=0.9,image/webp,image/apng,*/*;q=0.8',
  'user-agent' => 'Mozilla/5.0 (Windows NT 10.0; Win64; x64) AppleWebKit/537.36 (KHTML, like Gecko) Chrome/68.0.3440.106 Safari/537.36',
  'content-type' => 'application/x-www-form-urlencoded',
  'upgrade-insecure-requests' => '1',
  'origin' => 'http://www.ecshop4.0.com',
  'cache-control' => 'max-age=0',
  'content-length' => '41',
  'connection' => 'close',
  'host' => 'www.ecshop4.0.com',
)
[ info ] [ PARAM ] array (
  'User_name' => 'zhangxin',
  'User_pwd' => '123',
  'code' => '2857',
)
[ info ] [ RUN ] app\admin\controller\Login->login_do[ D:\phpstudy\WWW\shixun\ECShop\application\admin\controller\Login.php ]
[ info ] [ SESSION ] INIT array (
  'id' => '',
  'var_session_id' => '',
  'prefix' => 'think',
  'type' => '',
  'auto_start' => true,
)
[ info ] [ DB ] INIT mysql
[ info ] [ LOG ] INIT File
[ sql ] [ DB ] CONNECT:[ UseTime:0.092726s ] mysql:host=127.0.0.1;port=3306;dbname=ecshop;charset=utf8
[ sql ] [ SQL ] SHOW COLUMNS FROM `user` [ RunTime:0.052994s ]
[ sql ] [ SQL ] SELECT * FROM `user` WHERE  (  User_name='zhangxin' and User_pwd='123' ) LIMIT 1 [ RunTime:0.003912s ]
---------------------------------------------------------------
[ 2018-09-15T07:37:08+08:00 ] 127.0.0.1 GET /admin/index/index
[ info ] www.ecshop4.0.com/admin/index/index [运行时间：0.139167s][吞吐率：7.19req/s] [内存消耗：1,246.11kb] [文件加载：39]
[ info ] [ LANG ] D:\phpstudy\WWW\shixun\ECShop\thinkphp\lang\zh-cn.php
[ info ] [ ROUTE ] array (
  'type' => 'module',
  'module' => 
  array (
    0 => 'admin',
    1 => 'index',
    2 => 'index',
  ),
)
[ info ] [ HEADER ] array (
  'cookie' => 'PHPSESSID=2jlg3r4ad0anpq3hs9samh16d2',
  'accept-language' => 'zh-CN,zh;q=0.9',
  'accept-encoding' => 'gzip, deflate',
  'referer' => 'http://www.ecshop4.0.com/admin/login/login_do.html',
  'accept' => 'text/html,application/xhtml+xml,application/xml;q=0.9,image/webp,image/apng,*/*;q=0.8',
  'user-agent' => 'Mozilla/5.0 (Windows NT 10.0; Win64; x64) AppleWebKit/537.36 (KHTML, like Gecko) Chrome/68.0.3440.106 Safari/537.36',
  'upgrade-insecure-requests' => '1',
  'connection' => 'close',
  'host' => 'www.ecshop4.0.com',
)
[ info ] [ PARAM ] array (
)
[ info ] [ RUN ] app\admin\controller\Index->index[ D:\phpstudy\WWW\shixun\ECShop\application\admin\controller\Index.php ]
[ info ] [ VIEW ] D:\phpstudy\WWW\shixun\ECShop\public/../application/admin\view\index\index.html [ array (
) ]
[ info ] [ LOG ] INIT File
---------------------------------------------------------------
[ 2018-09-15T07:37:09+08:00 ] 127.0.0.1 GET /admin/Index/index_menu
[ info ] www.ecshop4.0.com/admin/Index/index_menu [运行时间：0.133095s][吞吐率：7.51req/s] [内存消耗：1,310.18kb] [文件加载：40]
[ info ] [ LANG ] D:\phpstudy\WWW\shixun\ECShop\thinkphp\lang\zh-cn.php
[ info ] [ ROUTE ] array (
  'type' => 'module',
  'module' => 
  array (
    0 => 'admin',
    1 => 'Index',
    2 => 'index_menu',
  ),
)
[ info ] [ HEADER ] array (
  'cookie' => 'PHPSESSID=2jlg3r4ad0anpq3hs9samh16d2',
  'accept-language' => 'zh-CN,zh;q=0.9',
  'accept-encoding' => 'gzip, deflate',
  'referer' => 'http://www.ecshop4.0.com/admin/index/index',
  'accept' => 'text/html,application/xhtml+xml,application/xml;q=0.9,image/webp,image/apng,*/*;q=0.8',
  'user-agent' => 'Mozilla/5.0 (Windows NT 10.0; Win64; x64) AppleWebKit/537.36 (KHTML, like Gecko) Chrome/68.0.3440.106 Safari/537.36',
  'upgrade-insecure-requests' => '1',
  'connection' => 'close',
  'host' => 'www.ecshop4.0.com',
)
[ info ] [ PARAM ] array (
)
[ info ] [ RUN ] app\admin\controller\Index->index_menu[ D:\phpstudy\WWW\shixun\ECShop\application\admin\controller\Index.php ]
[ info ] [ VIEW ] D:\phpstudy\WWW\shixun\ECShop\public/../application/admin\view\index\index_menu.html [ array (
) ]
[ info ] [ LOG ] INIT File
---------------------------------------------------------------
[ 2018-09-15T07:37:10+08:00 ] 127.0.0.1 GET /admin/Index/index_top
[ info ] www.ecshop4.0.com/admin/Index/index_top [运行时间：0.066139s][吞吐率：15.12req/s] [内存消耗：1,246.14kb] [文件加载：39]
[ info ] [ LANG ] D:\phpstudy\WWW\shixun\ECShop\thinkphp\lang\zh-cn.php
[ info ] [ ROUTE ] array (
  'type' => 'module',
  'module' => 
  array (
    0 => 'admin',
    1 => 'Index',
    2 => 'index_top',
  ),
)
[ info ] [ HEADER ] array (
  'cookie' => 'PHPSESSID=2jlg3r4ad0anpq3hs9samh16d2',
  'accept-language' => 'zh-CN,zh;q=0.9',
  'accept-encoding' => 'gzip, deflate',
  'referer' => 'http://www.ecshop4.0.com/admin/index/index',
  'accept' => 'text/html,application/xhtml+xml,application/xml;q=0.9,image/webp,image/apng,*/*;q=0.8',
  'user-agent' => 'Mozilla/5.0 (Windows NT 10.0; Win64; x64) AppleWebKit/537.36 (KHTML, like Gecko) Chrome/68.0.3440.106 Safari/537.36',
  'upgrade-insecure-requests' => '1',
  'connection' => 'close',
  'host' => 'www.ecshop4.0.com',
)
[ info ] [ PARAM ] array (
)
[ info ] [ RUN ] app\admin\controller\Index->index_top[ D:\phpstudy\WWW\shixun\ECShop\application\admin\controller\Index.php ]
[ info ] [ VIEW ] D:\phpstudy\WWW\shixun\ECShop\public/../application/admin\view\index\index_top.html [ array (
) ]
[ info ] [ LOG ] INIT File
---------------------------------------------------------------
[ 2018-09-15T07:37:10+08:00 ] 127.0.0.1 GET /admin/Index/index_main
[ info ] www.ecshop4.0.com/admin/Index/index_main [运行时间：0.099977s][吞吐率：10.00req/s] [内存消耗：1,246.15kb] [文件加载：39]
[ info ] [ LANG ] D:\phpstudy\WWW\shixun\ECShop\thinkphp\lang\zh-cn.php
[ info ] [ ROUTE ] array (
  'type' => 'module',
  'module' => 
  array (
    0 => 'admin',
    1 => 'Index',
    2 => 'index_main',
  ),
)
[ info ] [ HEADER ] array (
  'cookie' => 'PHPSESSID=2jlg3r4ad0anpq3hs9samh16d2',
  'accept-language' => 'zh-CN,zh;q=0.9',
  'accept-encoding' => 'gzip, deflate',
  'referer' => 'http://www.ecshop4.0.com/admin/index/index',
  'accept' => 'text/html,application/xhtml+xml,application/xml;q=0.9,image/webp,image/apng,*/*;q=0.8',
  'user-agent' => 'Mozilla/5.0 (Windows NT 10.0; Win64; x64) AppleWebKit/537.36 (KHTML, like Gecko) Chrome/68.0.3440.106 Safari/537.36',
  'upgrade-insecure-requests' => '1',
  'connection' => 'close',
  'host' => 'www.ecshop4.0.com',
)
[ info ] [ PARAM ] array (
)
[ info ] [ RUN ] app\admin\controller\Index->index_main[ D:\phpstudy\WWW\shixun\ECShop\application\admin\controller\Index.php ]
[ info ] [ VIEW ] D:\phpstudy\WWW\shixun\ECShop\public/../application/admin\view\index\index_main.html [ array (
) ]
[ info ] [ LOG ] INIT File
---------------------------------------------------------------
[ 2018-09-15T07:37:19+08:00 ] 127.0.0.1 GET /admin/member/users
[ info ] www.ecshop4.0.com/admin/member/users [运行时间：0.186387s][吞吐率：5.37req/s] [内存消耗：2,130.38kb] [文件加载：53]
[ info ] [ LANG ] D:\phpstudy\WWW\shixun\ECShop\thinkphp\lang\zh-cn.php
[ info ] [ ROUTE ] array (
  'type' => 'module',
  'module' => 
  array (
    0 => 'admin',
    1 => 'member',
    2 => 'users',
  ),
)
[ info ] [ HEADER ] array (
  'cookie' => 'PHPSESSID=2jlg3r4ad0anpq3hs9samh16d2',
  'accept-language' => 'zh-CN,zh;q=0.9',
  'accept-encoding' => 'gzip, deflate',
  'referer' => 'http://www.ecshop4.0.com/admin/index/index',
  'accept' => 'text/html,application/xhtml+xml,application/xml;q=0.9,image/webp,image/apng,*/*;q=0.8',
  'user-agent' => 'Mozilla/5.0 (Windows NT 10.0; Win64; x64) AppleWebKit/537.36 (KHTML, like Gecko) Chrome/68.0.3440.106 Safari/537.36',
  'upgrade-insecure-requests' => '1',
  'connection' => 'close',
  'host' => 'www.ecshop4.0.com',
)
[ info ] [ PARAM ] array (
)
[ info ] [ RUN ] app\admin\controller\Member->users[ D:\phpstudy\WWW\shixun\ECShop\application\admin\controller\Member.php ]
[ info ] [ DB ] INIT mysql
[ info ] [ VIEW ] D:\phpstudy\WWW\shixun\ECShop\public/../application/admin\view\member\users.html [ array (
  0 => 'to',
  1 => 'list',
  2 => 'page',
) ]
[ info ] [ LOG ] INIT File
[ sql ] [ DB ] CONNECT:[ UseTime:0.003709s ] mysql:host=127.0.0.1;port=3306;dbname=ecshop;charset=utf8
[ sql ] [ SQL ] SHOW COLUMNS FROM `user_rank` [ RunTime:0.025383s ]
[ sql ] [ SQL ] SELECT * FROM `user_rank` [ RunTime:0.001080s ]
[ sql ] [ SQL ] SHOW COLUMNS FROM `users` [ RunTime:0.027496s ]
[ sql ] [ SQL ] SELECT COUNT(*) AS tp_count FROM `users` LIMIT 1 [ RunTime:0.003041s ]
[ sql ] [ SQL ] SELECT * FROM `users` LIMIT 0,2 [ RunTime:0.001395s ]
---------------------------------------------------------------
[ 2018-09-15T07:37:26+08:00 ] 127.0.0.1 GET /admin/quanxi/privilege
[ info ] www.ecshop4.0.com/admin/quanxi/privilege [运行时间：0.152391s][吞吐率：6.56req/s] [内存消耗：1,991.36kb] [文件加载：48]
[ info ] [ LANG ] D:\phpstudy\WWW\shixun\ECShop\thinkphp\lang\zh-cn.php
[ info ] [ ROUTE ] array (
  'type' => 'module',
  'module' => 
  array (
    0 => 'admin',
    1 => 'quanxi',
    2 => 'privilege',
  ),
)
[ info ] [ HEADER ] array (
  'cookie' => 'PHPSESSID=2jlg3r4ad0anpq3hs9samh16d2',
  'accept-language' => 'zh-CN,zh;q=0.9',
  'accept-encoding' => 'gzip, deflate',
  'referer' => 'http://www.ecshop4.0.com/admin/index/index',
  'accept' => 'text/html,application/xhtml+xml,application/xml;q=0.9,image/webp,image/apng,*/*;q=0.8',
  'user-agent' => 'Mozilla/5.0 (Windows NT 10.0; Win64; x64) AppleWebKit/537.36 (KHTML, like Gecko) Chrome/68.0.3440.106 Safari/537.36',
  'upgrade-insecure-requests' => '1',
  'connection' => 'close',
  'host' => 'www.ecshop4.0.com',
)
[ info ] [ PARAM ] array (
)
[ info ] [ RUN ] app\admin\controller\Quanxi->privilege[ D:\phpstudy\WWW\shixun\ECShop\application\admin\controller\Quanxi.php ]
[ info ] [ DB ] INIT mysql
[ info ] [ VIEW ] D:\phpstudy\WWW\shixun\ECShop\public/../application/admin\view\quanxi\privilege.html [ array (
  0 => 'list',
) ]
[ info ] [ LOG ] INIT File
[ sql ] [ DB ] CONNECT:[ UseTime:0.003290s ] mysql:host=127.0.0.1;port=3306;dbname=ecshop;charset=utf8
[ sql ] [ SQL ] SHOW COLUMNS FROM `admin` [ RunTime:0.025434s ]
[ sql ] [ SQL ] SELECT * FROM `admin` [ RunTime:0.002503s ]
---------------------------------------------------------------
[ 2018-09-15T07:37:28+08:00 ] 127.0.0.1 GET /admin/quanxi/agency
[ info ] www.ecshop4.0.com/admin/quanxi/agency [运行时间：0.146893s][吞吐率：6.81req/s] [内存消耗：2,103.01kb] [文件加载：53]
[ info ] [ LANG ] D:\phpstudy\WWW\shixun\ECShop\thinkphp\lang\zh-cn.php
[ info ] [ ROUTE ] array (
  'type' => 'module',
  'module' => 
  array (
    0 => 'admin',
    1 => 'quanxi',
    2 => 'agency',
  ),
)
[ info ] [ HEADER ] array (
  'cookie' => 'PHPSESSID=2jlg3r4ad0anpq3hs9samh16d2',
  'accept-language' => 'zh-CN,zh;q=0.9',
  'accept-encoding' => 'gzip, deflate',
  'referer' => 'http://www.ecshop4.0.com/admin/Index/index_menu',
  'accept' => 'text/html,application/xhtml+xml,application/xml;q=0.9,image/webp,image/apng,*/*;q=0.8',
  'user-agent' => 'Mozilla/5.0 (Windows NT 10.0; Win64; x64) AppleWebKit/537.36 (KHTML, like Gecko) Chrome/68.0.3440.106 Safari/537.36',
  'upgrade-insecure-requests' => '1',
  'connection' => 'close',
  'host' => 'www.ecshop4.0.com',
)
[ info ] [ PARAM ] array (
)
[ info ] [ RUN ] app\admin\controller\Quanxi->agency[ D:\phpstudy\WWW\shixun\ECShop\application\admin\controller\Quanxi.php ]
[ info ] [ DB ] INIT mysql
[ info ] [ VIEW ] D:\phpstudy\WWW\shixun\ECShop\public/../application/admin\view\quanxi\agency.html [ array (
  0 => 'list',
  1 => 'page',
) ]
[ info ] [ LOG ] INIT File
[ sql ] [ DB ] CONNECT:[ UseTime:0.013096s ] mysql:host=127.0.0.1;port=3306;dbname=ecshop;charset=utf8
[ sql ] [ SQL ] SHOW COLUMNS FROM `agency` [ RunTime:0.029979s ]
[ sql ] [ SQL ] SELECT COUNT(*) AS tp_count FROM `agency` LIMIT 1 [ RunTime:0.000974s ]
[ sql ] [ SQL ] SELECT * FROM `agency` LIMIT 0,2 [ RunTime:0.001275s ]
---------------------------------------------------------------
[ 2018-09-15T07:37:29+08:00 ] 127.0.0.1 GET /static/images/sort_desc.png
[ info ] www.ecshop4.0.com/static/images/sort_desc.png [运行时间：0.074782s][吞吐率：13.37req/s] [内存消耗：1,076.34kb] [文件加载：35]
[ info ] [ LANG ] D:\phpstudy\WWW\shixun\ECShop\thinkphp\lang\zh-cn.php
[ info ] [ ROUTE ] array (
  'type' => 'module',
  'module' => 
  array (
    0 => 'static',
    1 => 'images',
    2 => 'sort_desc.png',
  ),
)
[ info ] [ HEADER ] array (
  'cookie' => 'PHPSESSID=2jlg3r4ad0anpq3hs9samh16d2',
  'accept-language' => 'zh-CN,zh;q=0.9',
  'accept-encoding' => 'gzip, deflate',
  'referer' => 'http://www.ecshop4.0.com/admin/quanxi/agency',
  'accept' => 'image/webp,image/apng,image/*,*/*;q=0.8',
  'user-agent' => 'Mozilla/5.0 (Windows NT 10.0; Win64; x64) AppleWebKit/537.36 (KHTML, like Gecko) Chrome/68.0.3440.106 Safari/537.36',
  'connection' => 'close',
  'host' => 'www.ecshop4.0.com',
)
[ info ] [ PARAM ] array (
)
[ info ] [ LOG ] INIT File
---------------------------------------------------------------
[ 2018-09-15T07:37:35+08:00 ] 127.0.0.1 GET /admin/quanxi/agency_add.html
[ info ] www.ecshop4.0.com/admin/quanxi/agency_add.html [运行时间：0.163632s][吞吐率：6.11req/s] [内存消耗：2,173.70kb] [文件加载：51]
[ info ] [ LANG ] D:\phpstudy\WWW\shixun\ECShop\thinkphp\lang\zh-cn.php
[ info ] [ ROUTE ] array (
  'type' => 'module',
  'module' => 
  array (
    0 => 'admin',
    1 => 'quanxi',
    2 => 'agency_add',
  ),
)
[ info ] [ HEADER ] array (
  'cookie' => 'PHPSESSID=2jlg3r4ad0anpq3hs9samh16d2',
  'accept-language' => 'zh-CN,zh;q=0.9',
  'accept-encoding' => 'gzip, deflate',
  'referer' => 'http://www.ecshop4.0.com/admin/quanxi/agency',
  'accept' => 'text/html,application/xhtml+xml,application/xml;q=0.9,image/webp,image/apng,*/*;q=0.8',
  'user-agent' => 'Mozilla/5.0 (Windows NT 10.0; Win64; x64) AppleWebKit/537.36 (KHTML, like Gecko) Chrome/68.0.3440.106 Safari/537.36',
  'upgrade-insecure-requests' => '1',
  'connection' => 'close',
  'host' => 'www.ecshop4.0.com',
)
[ info ] [ PARAM ] array (
)
[ info ] [ RUN ] app\admin\controller\Quanxi->agency_add[ D:\phpstudy\WWW\shixun\ECShop\application\admin\controller\Quanxi.php ]
[ info ] [ DB ] INIT mysql
[ info ] [ VIEW ] D:\phpstudy\WWW\shixun\ECShop\public/../application/admin\view\quanxi\agency_add.html [ array (
  0 => 'province',
) ]
[ info ] [ LOG ] INIT File
[ sql ] [ DB ] CONNECT:[ UseTime:0.003772s ] mysql:host=127.0.0.1;port=3306;dbname=ecshop;charset=utf8
[ sql ] [ SQL ] SHOW COLUMNS FROM `region` [ RunTime:0.031756s ]
[ sql ] [ SQL ] SELECT * FROM `region` WHERE  `parent_id` = 1 [ RunTime:0.003595s ]
---------------------------------------------------------------
[ 2018-09-15T07:37:35+08:00 ] 127.0.0.1 GET /admin/quanxi/static/js/validator.js
[ info ] www.ecshop4.0.com/admin/quanxi/static/js/validator.js [运行时间：0.105612s][吞吐率：9.47req/s] [内存消耗：1,336.08kb] [文件加载：42]
[ info ] [ LANG ] D:\phpstudy\WWW\shixun\ECShop\thinkphp\lang\zh-cn.php
[ info ] [ ROUTE ] array (
  'type' => 'module',
  'module' => 
  array (
    0 => 'admin',
    1 => 'quanxi',
    2 => 'static',
  ),
)
[ info ] [ HEADER ] array (
  'cookie' => 'PHPSESSID=2jlg3r4ad0anpq3hs9samh16d2',
  'accept-language' => 'zh-CN,zh;q=0.9',
  'accept-encoding' => 'gzip, deflate',
  'referer' => 'http://www.ecshop4.0.com/admin/quanxi/agency_add.html',
  'accept' => '*/*',
  'user-agent' => 'Mozilla/5.0 (Windows NT 10.0; Win64; x64) AppleWebKit/537.36 (KHTML, like Gecko) Chrome/68.0.3440.106 Safari/537.36',
  'connection' => 'close',
  'host' => 'www.ecshop4.0.com',
)
[ info ] [ PARAM ] array (
  'js' => 'validator.js',
)
[ info ] [ LOG ] INIT File
---------------------------------------------------------------
[ 2018-09-15T07:37:35+08:00 ] 127.0.0.1 GET /admin/quanxi/static/js/region.js
[ info ] www.ecshop4.0.com/admin/quanxi/static/js/region.js [运行时间：0.096693s][吞吐率：10.34req/s] [内存消耗：1,336.09kb] [文件加载：42]
[ info ] [ LANG ] D:\phpstudy\WWW\shixun\ECShop\thinkphp\lang\zh-cn.php
[ info ] [ ROUTE ] array (
  'type' => 'module',
  'module' => 
  array (
    0 => 'admin',
    1 => 'quanxi',
    2 => 'static',
  ),
)
[ info ] [ HEADER ] array (
  'cookie' => 'PHPSESSID=2jlg3r4ad0anpq3hs9samh16d2',
  'accept-language' => 'zh-CN,zh;q=0.9',
  'accept-encoding' => 'gzip, deflate',
  'referer' => 'http://www.ecshop4.0.com/admin/quanxi/agency_add.html',
  'accept' => '*/*',
  'user-agent' => 'Mozilla/5.0 (Windows NT 10.0; Win64; x64) AppleWebKit/537.36 (KHTML, like Gecko) Chrome/68.0.3440.106 Safari/537.36',
  'connection' => 'close',
  'host' => 'www.ecshop4.0.com',
)
[ info ] [ PARAM ] array (
  'js' => 'region.js',
)
[ info ] [ LOG ] INIT File
---------------------------------------------------------------
[ 2018-09-15T07:37:36+08:00 ] 127.0.0.1 GET /admin/quanxi/static/picture/notice.svg
[ info ] www.ecshop4.0.com/admin/quanxi/static/picture/notice.svg [运行时间：0.083673s][吞吐率：11.95req/s] [内存消耗：1,336.23kb] [文件加载：42]
[ info ] [ LANG ] D:\phpstudy\WWW\shixun\ECShop\thinkphp\lang\zh-cn.php
[ info ] [ ROUTE ] array (
  'type' => 'module',
  'module' => 
  array (
    0 => 'admin',
    1 => 'quanxi',
    2 => 'static',
  ),
)
[ info ] [ HEADER ] array (
  'cookie' => 'PHPSESSID=2jlg3r4ad0anpq3hs9samh16d2',
  'accept-language' => 'zh-CN,zh;q=0.9',
  'accept-encoding' => 'gzip, deflate',
  'referer' => 'http://www.ecshop4.0.com/admin/quanxi/agency_add.html',
  'accept' => 'image/webp,image/apng,image/*,*/*;q=0.8',
  'user-agent' => 'Mozilla/5.0 (Windows NT 10.0; Win64; x64) AppleWebKit/537.36 (KHTML, like Gecko) Chrome/68.0.3440.106 Safari/537.36',
  'connection' => 'close',
  'host' => 'www.ecshop4.0.com',
)
[ info ] [ PARAM ] array (
  'picture' => 'notice.svg',
)
[ info ] [ LOG ] INIT File
---------------------------------------------------------------
[ 2018-09-15T07:39:24+08:00 ] 127.0.0.1 GET /admin/quanxi/agency_add.html
[ info ] www.ecshop4.0.com/admin/quanxi/agency_add.html [运行时间：0.119838s][吞吐率：8.34req/s] [内存消耗：2,032.70kb] [文件加载：49]
[ info ] [ LANG ] D:\phpstudy\WWW\shixun\ECShop\thinkphp\lang\zh-cn.php
[ info ] [ ROUTE ] array (
  'type' => 'module',
  'module' => 
  array (
    0 => 'admin',
    1 => 'quanxi',
    2 => 'agency_add',
  ),
)
[ info ] [ HEADER ] array (
  'cookie' => 'PHPSESSID=2jlg3r4ad0anpq3hs9samh16d2',
  'accept-language' => 'zh-CN,zh;q=0.9',
  'accept-encoding' => 'gzip, deflate',
  'referer' => 'http://www.ecshop4.0.com/admin/quanxi/agency',
  'accept' => 'text/html,application/xhtml+xml,application/xml;q=0.9,image/webp,image/apng,*/*;q=0.8',
  'user-agent' => 'Mozilla/5.0 (Windows NT 10.0; Win64; x64) AppleWebKit/537.36 (KHTML, like Gecko) Chrome/68.0.3440.106 Safari/537.36',
  'upgrade-insecure-requests' => '1',
  'cache-control' => 'max-age=0',
  'connection' => 'close',
  'host' => 'www.ecshop4.0.com',
)
[ info ] [ PARAM ] array (
)
[ info ] [ RUN ] app\admin\controller\Quanxi->agency_add[ D:\phpstudy\WWW\shixun\ECShop\application\admin\controller\Quanxi.php ]
[ info ] [ DB ] INIT mysql
[ info ] [ VIEW ] D:\phpstudy\WWW\shixun\ECShop\public/../application/admin\view\quanxi\agency_add.html [ array (
  0 => 'province',
) ]
[ info ] [ LOG ] INIT File
[ sql ] [ DB ] CONNECT:[ UseTime:0.003497s ] mysql:host=127.0.0.1;port=3306;dbname=ecshop;charset=utf8
[ sql ] [ SQL ] SHOW COLUMNS FROM `region` [ RunTime:0.023828s ]
[ sql ] [ SQL ] SELECT * FROM `region` WHERE  `parent_id` = 1 [ RunTime:0.001573s ]
---------------------------------------------------------------
[ 2018-09-15T07:39:25+08:00 ] 127.0.0.1 GET /admin/quanxi/static/js/validator.js
[ info ] www.ecshop4.0.com/admin/quanxi/static/js/validator.js [运行时间：0.077949s][吞吐率：12.83req/s] [内存消耗：1,336.07kb] [文件加载：42]
[ info ] [ LANG ] D:\phpstudy\WWW\shixun\ECShop\thinkphp\lang\zh-cn.php
[ info ] [ ROUTE ] array (
  'type' => 'module',
  'module' => 
  array (
    0 => 'admin',
    1 => 'quanxi',
    2 => 'static',
  ),
)
[ info ] [ HEADER ] array (
  'cookie' => 'PHPSESSID=2jlg3r4ad0anpq3hs9samh16d2',
  'accept-language' => 'zh-CN,zh;q=0.9',
  'accept-encoding' => 'gzip, deflate',
  'referer' => 'http://www.ecshop4.0.com/admin/quanxi/agency_add.html',
  'accept' => '*/*',
  'user-agent' => 'Mozilla/5.0 (Windows NT 10.0; Win64; x64) AppleWebKit/537.36 (KHTML, like Gecko) Chrome/68.0.3440.106 Safari/537.36',
  'connection' => 'close',
  'host' => 'www.ecshop4.0.com',
)
[ info ] [ PARAM ] array (
  'js' => 'validator.js',
)
[ info ] [ LOG ] INIT File
---------------------------------------------------------------
[ 2018-09-15T07:39:25+08:00 ] 127.0.0.1 GET /admin/quanxi/static/js/region.js
[ info ] www.ecshop4.0.com/admin/quanxi/static/js/region.js [运行时间：0.089631s][吞吐率：11.16req/s] [内存消耗：1,336.09kb] [文件加载：42]
[ info ] [ LANG ] D:\phpstudy\WWW\shixun\ECShop\thinkphp\lang\zh-cn.php
[ info ] [ ROUTE ] array (
  'type' => 'module',
  'module' => 
  array (
    0 => 'admin',
    1 => 'quanxi',
    2 => 'static',
  ),
)
[ info ] [ HEADER ] array (
  'cookie' => 'PHPSESSID=2jlg3r4ad0anpq3hs9samh16d2',
  'accept-language' => 'zh-CN,zh;q=0.9',
  'accept-encoding' => 'gzip, deflate',
  'referer' => 'http://www.ecshop4.0.com/admin/quanxi/agency_add.html',
  'accept' => '*/*',
  'user-agent' => 'Mozilla/5.0 (Windows NT 10.0; Win64; x64) AppleWebKit/537.36 (KHTML, like Gecko) Chrome/68.0.3440.106 Safari/537.36',
  'connection' => 'close',
  'host' => 'www.ecshop4.0.com',
)
[ info ] [ PARAM ] array (
  'js' => 'region.js',
)
[ info ] [ LOG ] INIT File
---------------------------------------------------------------
[ 2018-09-15T07:39:25+08:00 ] 127.0.0.1 GET /admin/quanxi/static/picture/notice.svg
[ info ] www.ecshop4.0.com/admin/quanxi/static/picture/notice.svg [运行时间：0.062650s][吞吐率：15.96req/s] [内存消耗：1,336.23kb] [文件加载：42]
[ info ] [ LANG ] D:\phpstudy\WWW\shixun\ECShop\thinkphp\lang\zh-cn.php
[ info ] [ ROUTE ] array (
  'type' => 'module',
  'module' => 
  array (
    0 => 'admin',
    1 => 'quanxi',
    2 => 'static',
  ),
)
[ info ] [ HEADER ] array (
  'cookie' => 'PHPSESSID=2jlg3r4ad0anpq3hs9samh16d2',
  'accept-language' => 'zh-CN,zh;q=0.9',
  'accept-encoding' => 'gzip, deflate',
  'referer' => 'http://www.ecshop4.0.com/admin/quanxi/agency_add.html',
  'accept' => 'image/webp,image/apng,image/*,*/*;q=0.8',
  'user-agent' => 'Mozilla/5.0 (Windows NT 10.0; Win64; x64) AppleWebKit/537.36 (KHTML, like Gecko) Chrome/68.0.3440.106 Safari/537.36',
  'connection' => 'close',
  'host' => 'www.ecshop4.0.com',
)
[ info ] [ PARAM ] array (
  'picture' => 'notice.svg',
)
[ info ] [ LOG ] INIT File
---------------------------------------------------------------
[ 2018-09-15T07:39:27+08:00 ] 127.0.0.1 GET /admin/index/index
[ info ] www.ecshop4.0.com/admin/index/index [运行时间：0.071171s][吞吐率：14.05req/s] [内存消耗：1,246.37kb] [文件加载：39]
[ info ] [ LANG ] D:\phpstudy\WWW\shixun\ECShop\thinkphp\lang\zh-cn.php
[ info ] [ ROUTE ] array (
  'type' => 'module',
  'module' => 
  array (
    0 => 'admin',
    1 => 'index',
    2 => 'index',
  ),
)
[ info ] [ HEADER ] array (
  'cookie' => 'PHPSESSID=2jlg3r4ad0anpq3hs9samh16d2',
  'accept-language' => 'zh-CN,zh;q=0.9',
  'accept-encoding' => 'gzip, deflate',
  'referer' => 'http://www.ecshop4.0.com/admin/login/login_do.html',
  'accept' => 'text/html,application/xhtml+xml,application/xml;q=0.9,image/webp,image/apng,*/*;q=0.8',
  'user-agent' => 'Mozilla/5.0 (Windows NT 10.0; Win64; x64) AppleWebKit/537.36 (KHTML, like Gecko) Chrome/68.0.3440.106 Safari/537.36',
  'upgrade-insecure-requests' => '1',
  'cache-control' => 'max-age=0',
  'connection' => 'close',
  'host' => 'www.ecshop4.0.com',
)
[ info ] [ PARAM ] array (
)
[ info ] [ RUN ] app\admin\controller\Index->index[ D:\phpstudy\WWW\shixun\ECShop\application\admin\controller\Index.php ]
[ info ] [ VIEW ] D:\phpstudy\WWW\shixun\ECShop\public/../application/admin\view\index\index.html [ array (
) ]
[ info ] [ LOG ] INIT File
---------------------------------------------------------------
[ 2018-09-15T07:39:27+08:00 ] 127.0.0.1 GET /admin/Index/index_top
[ info ] www.ecshop4.0.com/admin/Index/index_top [运行时间：0.086076s][吞吐率：11.62req/s] [内存消耗：1,246.14kb] [文件加载：39]
[ info ] [ LANG ] D:\phpstudy\WWW\shixun\ECShop\thinkphp\lang\zh-cn.php
[ info ] [ ROUTE ] array (
  'type' => 'module',
  'module' => 
  array (
    0 => 'admin',
    1 => 'Index',
    2 => 'index_top',
  ),
)
[ info ] [ HEADER ] array (
  'cookie' => 'PHPSESSID=2jlg3r4ad0anpq3hs9samh16d2',
  'accept-language' => 'zh-CN,zh;q=0.9',
  'accept-encoding' => 'gzip, deflate',
  'referer' => 'http://www.ecshop4.0.com/admin/index/index',
  'accept' => 'text/html,application/xhtml+xml,application/xml;q=0.9,image/webp,image/apng,*/*;q=0.8',
  'user-agent' => 'Mozilla/5.0 (Windows NT 10.0; Win64; x64) AppleWebKit/537.36 (KHTML, like Gecko) Chrome/68.0.3440.106 Safari/537.36',
  'upgrade-insecure-requests' => '1',
  'connection' => 'close',
  'host' => 'www.ecshop4.0.com',
)
[ info ] [ PARAM ] array (
)
[ info ] [ RUN ] app\admin\controller\Index->index_top[ D:\phpstudy\WWW\shixun\ECShop\application\admin\controller\Index.php ]
[ info ] [ VIEW ] D:\phpstudy\WWW\shixun\ECShop\public/../application/admin\view\index\index_top.html [ array (
) ]
[ info ] [ LOG ] INIT File
---------------------------------------------------------------
[ 2018-09-15T07:39:27+08:00 ] 127.0.0.1 GET /admin/Index/index_menu
[ info ] www.ecshop4.0.com/admin/Index/index_menu [运行时间：0.156332s][吞吐率：6.40req/s] [内存消耗：1,457.01kb] [文件加载：42]
[ info ] [ LANG ] D:\phpstudy\WWW\shixun\ECShop\thinkphp\lang\zh-cn.php
[ info ] [ ROUTE ] array (
  'type' => 'module',
  'module' => 
  array (
    0 => 'admin',
    1 => 'Index',
    2 => 'index_menu',
  ),
)
[ info ] [ HEADER ] array (
  'cookie' => 'PHPSESSID=2jlg3r4ad0anpq3hs9samh16d2',
  'accept-language' => 'zh-CN,zh;q=0.9',
  'accept-encoding' => 'gzip, deflate',
  'referer' => 'http://www.ecshop4.0.com/admin/index/index',
  'accept' => 'text/html,application/xhtml+xml,application/xml;q=0.9,image/webp,image/apng,*/*;q=0.8',
  'user-agent' => 'Mozilla/5.0 (Windows NT 10.0; Win64; x64) AppleWebKit/537.36 (KHTML, like Gecko) Chrome/68.0.3440.106 Safari/537.36',
  'upgrade-insecure-requests' => '1',
  'connection' => 'close',
  'host' => 'www.ecshop4.0.com',
)
[ info ] [ PARAM ] array (
)
[ info ] [ RUN ] app\admin\controller\Index->index_menu[ D:\phpstudy\WWW\shixun\ECShop\application\admin\controller\Index.php ]
[ info ] [ VIEW ] D:\phpstudy\WWW\shixun\ECShop\public/../application/admin\view\index\index_menu.html [ array (
) ]
[ info ] [ LOG ] INIT File
---------------------------------------------------------------
[ 2018-09-15T07:39:28+08:00 ] 127.0.0.1 GET /admin/Index/index_main
[ info ] www.ecshop4.0.com/admin/Index/index_main [运行时间：0.074011s][吞吐率：13.51req/s] [内存消耗：1,246.16kb] [文件加载：39]
[ info ] [ LANG ] D:\phpstudy\WWW\shixun\ECShop\thinkphp\lang\zh-cn.php
[ info ] [ ROUTE ] array (
  'type' => 'module',
  'module' => 
  array (
    0 => 'admin',
    1 => 'Index',
    2 => 'index_main',
  ),
)
[ info ] [ HEADER ] array (
  'cookie' => 'PHPSESSID=2jlg3r4ad0anpq3hs9samh16d2',
  'accept-language' => 'zh-CN,zh;q=0.9',
  'accept-encoding' => 'gzip, deflate',
  'referer' => 'http://www.ecshop4.0.com/admin/index/index',
  'accept' => 'text/html,application/xhtml+xml,application/xml;q=0.9,image/webp,image/apng,*/*;q=0.8',
  'user-agent' => 'Mozilla/5.0 (Windows NT 10.0; Win64; x64) AppleWebKit/537.36 (KHTML, like Gecko) Chrome/68.0.3440.106 Safari/537.36',
  'upgrade-insecure-requests' => '1',
  'connection' => 'close',
  'host' => 'www.ecshop4.0.com',
)
[ info ] [ PARAM ] array (
)
[ info ] [ RUN ] app\admin\controller\Index->index_main[ D:\phpstudy\WWW\shixun\ECShop\application\admin\controller\Index.php ]
[ info ] [ VIEW ] D:\phpstudy\WWW\shixun\ECShop\public/../application/admin\view\index\index_main.html [ array (
) ]
[ info ] [ LOG ] INIT File
---------------------------------------------------------------
[ 2018-09-15T07:39:29+08:00 ] 127.0.0.1 GET /admin/system/accuse_list
[ info ] www.ecshop4.0.com/admin/system/accuse_list [运行时间：0.077767s][吞吐率：12.86req/s] [内存消耗：1,971.37kb] [文件加载：49]
[ info ] [ LANG ] D:\phpstudy\WWW\shixun\ECShop\thinkphp\lang\zh-cn.php
[ info ] [ ROUTE ] array (
  'type' => 'module',
  'module' => 
  array (
    0 => 'admin',
    1 => 'system',
    2 => 'accuse_list',
  ),
)
[ info ] [ HEADER ] array (
  'cookie' => 'PHPSESSID=2jlg3r4ad0anpq3hs9samh16d2',
  'accept-language' => 'zh-CN,zh;q=0.9',
  'accept-encoding' => 'gzip, deflate',
  'referer' => 'http://www.ecshop4.0.com/admin/index/index',
  'accept' => 'text/html,application/xhtml+xml,application/xml;q=0.9,image/webp,image/apng,*/*;q=0.8',
  'user-agent' => 'Mozilla/5.0 (Windows NT 10.0; Win64; x64) AppleWebKit/537.36 (KHTML, like Gecko) Chrome/68.0.3440.106 Safari/537.36',
  'upgrade-insecure-requests' => '1',
  'connection' => 'close',
  'host' => 'www.ecshop4.0.com',
)
[ info ] [ PARAM ] array (
)
[ info ] [ RUN ] app\admin\controller\System->accuse_list[ D:\phpstudy\WWW\shixun\ECShop\application\admin\controller\System.php ]
[ info ] [ DB ] INIT mysql
[ info ] [ VIEW ] D:\phpstudy\WWW\shixun\ECShop\public/../application/admin\view\system\accuse_list.html [ array (
  0 => 'arr',
) ]
[ info ] [ LOG ] INIT File
[ sql ] [ DB ] CONNECT:[ UseTime:0.002170s ] mysql:host=127.0.0.1;port=3306;dbname=ecshop;charset=utf8
[ sql ] [ SQL ] SHOW COLUMNS FROM `accuse` [ RunTime:0.015634s ]
[ sql ] [ SQL ] SELECT * FROM `accuse` [ RunTime:0.000676s ]
---------------------------------------------------------------
[ 2018-09-15T07:39:29+08:00 ] 127.0.0.1 GET /shop_config.php?act=list_edit
[ info ] www.ecshop4.0.com/shop_config.php?act=list_edit [运行时间：0.048106s][吞吐率：20.79req/s] [内存消耗：1,077.09kb] [文件加载：35]
[ info ] [ LANG ] D:\phpstudy\WWW\shixun\ECShop\thinkphp\lang\zh-cn.php
[ info ] [ ROUTE ] array (
  'type' => 'module',
  'module' => 
  array (
    0 => 'shop_config.php',
    1 => NULL,
    2 => NULL,
  ),
)
[ info ] [ HEADER ] array (
  'cookie' => 'PHPSESSID=2jlg3r4ad0anpq3hs9samh16d2',
  'accept-language' => 'zh-CN,zh;q=0.9',
  'accept-encoding' => 'gzip, deflate',
  'referer' => 'http://www.ecshop4.0.com/admin/index/index',
  'accept' => 'text/html,application/xhtml+xml,application/xml;q=0.9,image/webp,image/apng,*/*;q=0.8',
  'user-agent' => 'Mozilla/5.0 (Windows NT 10.0; Win64; x64) AppleWebKit/537.36 (KHTML, like Gecko) Chrome/68.0.3440.106 Safari/537.36',
  'upgrade-insecure-requests' => '1',
  'connection' => 'close',
  'host' => 'www.ecshop4.0.com',
)
[ info ] [ PARAM ] array (
  'act' => 'list_edit',
)
[ info ] [ LOG ] INIT File
---------------------------------------------------------------
[ 2018-09-15T07:39:39+08:00 ] 127.0.0.1 GET /shop_config.php?act=list_edit
[ info ] www.ecshop4.0.com/shop_config.php?act=list_edit [运行时间：0.049502s][吞吐率：20.20req/s] [内存消耗：1,077.09kb] [文件加载：35]
[ info ] [ LANG ] D:\phpstudy\WWW\shixun\ECShop\thinkphp\lang\zh-cn.php
[ info ] [ ROUTE ] array (
  'type' => 'module',
  'module' => 
  array (
    0 => 'shop_config.php',
    1 => NULL,
    2 => NULL,
  ),
)
[ info ] [ HEADER ] array (
  'cookie' => 'PHPSESSID=2jlg3r4ad0anpq3hs9samh16d2',
  'accept-language' => 'zh-CN,zh;q=0.9',
  'accept-encoding' => 'gzip, deflate',
  'referer' => 'http://www.ecshop4.0.com/admin/index/index',
  'accept' => 'text/html,application/xhtml+xml,application/xml;q=0.9,image/webp,image/apng,*/*;q=0.8',
  'user-agent' => 'Mozilla/5.0 (Windows NT 10.0; Win64; x64) AppleWebKit/537.36 (KHTML, like Gecko) Chrome/68.0.3440.106 Safari/537.36',
  'upgrade-insecure-requests' => '1',
  'connection' => 'close',
  'host' => 'www.ecshop4.0.com',
)
[ info ] [ PARAM ] array (
  'act' => 'list_edit',
)
[ info ] [ LOG ] INIT File
---------------------------------------------------------------
[ 2018-09-15T07:39:40+08:00 ] 127.0.0.1 GET /shop_config.php?act=list_edit
[ info ] www.ecshop4.0.com/shop_config.php?act=list_edit [运行时间：0.042733s][吞吐率：23.40req/s] [内存消耗：1,077.09kb] [文件加载：35]
[ info ] [ LANG ] D:\phpstudy\WWW\shixun\ECShop\thinkphp\lang\zh-cn.php
[ info ] [ ROUTE ] array (
  'type' => 'module',
  'module' => 
  array (
    0 => 'shop_config.php',
    1 => NULL,
    2 => NULL,
  ),
)
[ info ] [ HEADER ] array (
  'cookie' => 'PHPSESSID=2jlg3r4ad0anpq3hs9samh16d2',
  'accept-language' => 'zh-CN,zh;q=0.9',
  'accept-encoding' => 'gzip, deflate',
  'referer' => 'http://www.ecshop4.0.com/admin/index/index',
  'accept' => 'text/html,application/xhtml+xml,application/xml;q=0.9,image/webp,image/apng,*/*;q=0.8',
  'user-agent' => 'Mozilla/5.0 (Windows NT 10.0; Win64; x64) AppleWebKit/537.36 (KHTML, like Gecko) Chrome/68.0.3440.106 Safari/537.36',
  'upgrade-insecure-requests' => '1',
  'connection' => 'close',
  'host' => 'www.ecshop4.0.com',
)
[ info ] [ PARAM ] array (
  'act' => 'list_edit',
)
[ info ] [ LOG ] INIT File
---------------------------------------------------------------
[ 2018-09-15T07:40:51+08:00 ] 127.0.0.1 GET /admin/index/index
[ info ] www.ecshop4.0.com/admin/index/index [运行时间：0.077790s][吞吐率：12.86req/s] [内存消耗：1,246.37kb] [文件加载：39]
[ info ] [ LANG ] D:\phpstudy\WWW\shixun\ECShop\thinkphp\lang\zh-cn.php
[ info ] [ ROUTE ] array (
  'type' => 'module',
  'module' => 
  array (
    0 => 'admin',
    1 => 'index',
    2 => 'index',
  ),
)
[ info ] [ HEADER ] array (
  'cookie' => 'PHPSESSID=2jlg3r4ad0anpq3hs9samh16d2',
  'accept-language' => 'zh-CN,zh;q=0.9',
  'accept-encoding' => 'gzip, deflate',
  'referer' => 'http://www.ecshop4.0.com/admin/login/login_do.html',
  'accept' => 'text/html,application/xhtml+xml,application/xml;q=0.9,image/webp,image/apng,*/*;q=0.8',
  'user-agent' => 'Mozilla/5.0 (Windows NT 10.0; Win64; x64) AppleWebKit/537.36 (KHTML, like Gecko) Chrome/68.0.3440.106 Safari/537.36',
  'upgrade-insecure-requests' => '1',
  'cache-control' => 'max-age=0',
  'connection' => 'close',
  'host' => 'www.ecshop4.0.com',
)
[ info ] [ PARAM ] array (
)
[ info ] [ RUN ] app\admin\controller\Index->index[ D:\phpstudy\WWW\shixun\ECShop\application\admin\controller\Index.php ]
[ info ] [ VIEW ] D:\phpstudy\WWW\shixun\ECShop\public/../application/admin\view\index\index.html [ array (
) ]
[ info ] [ LOG ] INIT File
---------------------------------------------------------------
[ 2018-09-15T07:40:51+08:00 ] 127.0.0.1 GET /admin/Index/index_top
[ info ] www.ecshop4.0.com/admin/Index/index_top [运行时间：0.078231s][吞吐率：12.78req/s] [内存消耗：1,246.14kb] [文件加载：39]
[ info ] [ LANG ] D:\phpstudy\WWW\shixun\ECShop\thinkphp\lang\zh-cn.php
[ info ] [ ROUTE ] array (
  'type' => 'module',
  'module' => 
  array (
    0 => 'admin',
    1 => 'Index',
    2 => 'index_top',
  ),
)
[ info ] [ HEADER ] array (
  'cookie' => 'PHPSESSID=2jlg3r4ad0anpq3hs9samh16d2',
  'accept-language' => 'zh-CN,zh;q=0.9',
  'accept-encoding' => 'gzip, deflate',
  'referer' => 'http://www.ecshop4.0.com/admin/index/index',
  'accept' => 'text/html,application/xhtml+xml,application/xml;q=0.9,image/webp,image/apng,*/*;q=0.8',
  'user-agent' => 'Mozilla/5.0 (Windows NT 10.0; Win64; x64) AppleWebKit/537.36 (KHTML, like Gecko) Chrome/68.0.3440.106 Safari/537.36',
  'upgrade-insecure-requests' => '1',
  'connection' => 'close',
  'host' => 'www.ecshop4.0.com',
)
[ info ] [ PARAM ] array (
)
[ info ] [ RUN ] app\admin\controller\Index->index_top[ D:\phpstudy\WWW\shixun\ECShop\application\admin\controller\Index.php ]
[ info ] [ VIEW ] D:\phpstudy\WWW\shixun\ECShop\public/../application/admin\view\index\index_top.html [ array (
) ]
[ info ] [ LOG ] INIT File
---------------------------------------------------------------
[ 2018-09-15T07:40:51+08:00 ] 127.0.0.1 GET /admin/Index/index_menu
[ info ] www.ecshop4.0.com/admin/Index/index_menu [运行时间：0.105306s][吞吐率：9.50req/s] [内存消耗：1,456.93kb] [文件加载：42]
[ info ] [ LANG ] D:\phpstudy\WWW\shixun\ECShop\thinkphp\lang\zh-cn.php
[ info ] [ ROUTE ] array (
  'type' => 'module',
  'module' => 
  array (
    0 => 'admin',
    1 => 'Index',
    2 => 'index_menu',
  ),
)
[ info ] [ HEADER ] array (
  'cookie' => 'PHPSESSID=2jlg3r4ad0anpq3hs9samh16d2',
  'accept-language' => 'zh-CN,zh;q=0.9',
  'accept-encoding' => 'gzip, deflate',
  'referer' => 'http://www.ecshop4.0.com/admin/index/index',
  'accept' => 'text/html,application/xhtml+xml,application/xml;q=0.9,image/webp,image/apng,*/*;q=0.8',
  'user-agent' => 'Mozilla/5.0 (Windows NT 10.0; Win64; x64) AppleWebKit/537.36 (KHTML, like Gecko) Chrome/68.0.3440.106 Safari/537.36',
  'upgrade-insecure-requests' => '1',
  'connection' => 'close',
  'host' => 'www.ecshop4.0.com',
)
[ info ] [ PARAM ] array (
)
[ info ] [ RUN ] app\admin\controller\Index->index_menu[ D:\phpstudy\WWW\shixun\ECShop\application\admin\controller\Index.php ]
[ info ] [ VIEW ] D:\phpstudy\WWW\shixun\ECShop\public/../application/admin\view\index\index_menu.html [ array (
) ]
[ info ] [ LOG ] INIT File
---------------------------------------------------------------
[ 2018-09-15T07:40:52+08:00 ] 127.0.0.1 GET /admin/Index/index_main
[ info ] www.ecshop4.0.com/admin/Index/index_main [运行时间：0.049876s][吞吐率：20.05req/s] [内存消耗：1,246.16kb] [文件加载：39]
[ info ] [ LANG ] D:\phpstudy\WWW\shixun\ECShop\thinkphp\lang\zh-cn.php
[ info ] [ ROUTE ] array (
  'type' => 'module',
  'module' => 
  array (
    0 => 'admin',
    1 => 'Index',
    2 => 'index_main',
  ),
)
[ info ] [ HEADER ] array (
  'cookie' => 'PHPSESSID=2jlg3r4ad0anpq3hs9samh16d2',
  'accept-language' => 'zh-CN,zh;q=0.9',
  'accept-encoding' => 'gzip, deflate',
  'referer' => 'http://www.ecshop4.0.com/admin/index/index',
  'accept' => 'text/html,application/xhtml+xml,application/xml;q=0.9,image/webp,image/apng,*/*;q=0.8',
  'user-agent' => 'Mozilla/5.0 (Windows NT 10.0; Win64; x64) AppleWebKit/537.36 (KHTML, like Gecko) Chrome/68.0.3440.106 Safari/537.36',
  'upgrade-insecure-requests' => '1',
  'connection' => 'close',
  'host' => 'www.ecshop4.0.com',
)
[ info ] [ PARAM ] array (
)
[ info ] [ RUN ] app\admin\controller\Index->index_main[ D:\phpstudy\WWW\shixun\ECShop\application\admin\controller\Index.php ]
[ info ] [ VIEW ] D:\phpstudy\WWW\shixun\ECShop\public/../application/admin\view\index\index_main.html [ array (
) ]
[ info ] [ LOG ] INIT File
---------------------------------------------------------------
[ 2018-09-15T07:40:52+08:00 ] 127.0.0.1 GET /shop_config.php?act=list_edit
[ info ] www.ecshop4.0.com/shop_config.php?act=list_edit [运行时间：0.043431s][吞吐率：23.03req/s] [内存消耗：1,077.09kb] [文件加载：35]
[ info ] [ LANG ] D:\phpstudy\WWW\shixun\ECShop\thinkphp\lang\zh-cn.php
[ info ] [ ROUTE ] array (
  'type' => 'module',
  'module' => 
  array (
    0 => 'shop_config.php',
    1 => NULL,
    2 => NULL,
  ),
)
[ info ] [ HEADER ] array (
  'cookie' => 'PHPSESSID=2jlg3r4ad0anpq3hs9samh16d2',
  'accept-language' => 'zh-CN,zh;q=0.9',
  'accept-encoding' => 'gzip, deflate',
  'referer' => 'http://www.ecshop4.0.com/admin/index/index',
  'accept' => 'text/html,application/xhtml+xml,application/xml;q=0.9,image/webp,image/apng,*/*;q=0.8',
  'user-agent' => 'Mozilla/5.0 (Windows NT 10.0; Win64; x64) AppleWebKit/537.36 (KHTML, like Gecko) Chrome/68.0.3440.106 Safari/537.36',
  'upgrade-insecure-requests' => '1',
  'connection' => 'close',
  'host' => 'www.ecshop4.0.com',
)
[ info ] [ PARAM ] array (
  'act' => 'list_edit',
)
[ info ] [ LOG ] INIT File
---------------------------------------------------------------
[ 2018-09-15T07:40:54+08:00 ] 127.0.0.1 GET /sitemap.php
[ info ] www.ecshop4.0.com/sitemap.php [运行时间：0.045427s][吞吐率：22.01req/s] [内存消耗：1,076.69kb] [文件加载：35]
[ info ] [ LANG ] D:\phpstudy\WWW\shixun\ECShop\thinkphp\lang\zh-cn.php
[ info ] [ ROUTE ] array (
  'type' => 'module',
  'module' => 
  array (
    0 => 'sitemap.php',
    1 => NULL,
    2 => NULL,
  ),
)
[ info ] [ HEADER ] array (
  'cookie' => 'PHPSESSID=2jlg3r4ad0anpq3hs9samh16d2',
  'accept-language' => 'zh-CN,zh;q=0.9',
  'accept-encoding' => 'gzip, deflate',
  'referer' => 'http://www.ecshop4.0.com/admin/Index/index_menu',
  'accept' => 'text/html,application/xhtml+xml,application/xml;q=0.9,image/webp,image/apng,*/*;q=0.8',
  'user-agent' => 'Mozilla/5.0 (Windows NT 10.0; Win64; x64) AppleWebKit/537.36 (KHTML, like Gecko) Chrome/68.0.3440.106 Safari/537.36',
  'upgrade-insecure-requests' => '1',
  'connection' => 'close',
  'host' => 'www.ecshop4.0.com',
)
[ info ] [ PARAM ] array (
)
[ info ] [ LOG ] INIT File
---------------------------------------------------------------
[ 2018-09-15T07:40:55+08:00 ] 127.0.0.1 GET /sitemap.php
[ info ] www.ecshop4.0.com/sitemap.php [运行时间：0.060529s][吞吐率：16.52req/s] [内存消耗：1,076.69kb] [文件加载：35]
[ info ] [ LANG ] D:\phpstudy\WWW\shixun\ECShop\thinkphp\lang\zh-cn.php
[ info ] [ ROUTE ] array (
  'type' => 'module',
  'module' => 
  array (
    0 => 'sitemap.php',
    1 => NULL,
    2 => NULL,
  ),
)
[ info ] [ HEADER ] array (
  'cookie' => 'PHPSESSID=2jlg3r4ad0anpq3hs9samh16d2',
  'accept-language' => 'zh-CN,zh;q=0.9',
  'accept-encoding' => 'gzip, deflate',
  'referer' => 'http://www.ecshop4.0.com/admin/Index/index_menu',
  'accept' => 'text/html,application/xhtml+xml,application/xml;q=0.9,image/webp,image/apng,*/*;q=0.8',
  'user-agent' => 'Mozilla/5.0 (Windows NT 10.0; Win64; x64) AppleWebKit/537.36 (KHTML, like Gecko) Chrome/68.0.3440.106 Safari/537.36',
  'upgrade-insecure-requests' => '1',
  'connection' => 'close',
  'host' => 'www.ecshop4.0.com',
)
[ info ] [ PARAM ] array (
)
[ info ] [ LOG ] INIT File
---------------------------------------------------------------
[ 2018-09-15T07:40:55+08:00 ] 127.0.0.1 GET /navigator.php?act=list
[ info ] www.ecshop4.0.com/navigator.php?act=list [运行时间：0.048927s][吞吐率：20.44req/s] [内存消耗：1,077.03kb] [文件加载：35]
[ info ] [ LANG ] D:\phpstudy\WWW\shixun\ECShop\thinkphp\lang\zh-cn.php
[ info ] [ ROUTE ] array (
  'type' => 'module',
  'module' => 
  array (
    0 => 'navigator.php',
    1 => NULL,
    2 => NULL,
  ),
)
[ info ] [ HEADER ] array (
  'cookie' => 'PHPSESSID=2jlg3r4ad0anpq3hs9samh16d2',
  'accept-language' => 'zh-CN,zh;q=0.9',
  'accept-encoding' => 'gzip, deflate',
  'referer' => 'http://www.ecshop4.0.com/admin/Index/index_menu',
  'accept' => 'text/html,application/xhtml+xml,application/xml;q=0.9,image/webp,image/apng,*/*;q=0.8',
  'user-agent' => 'Mozilla/5.0 (Windows NT 10.0; Win64; x64) AppleWebKit/537.36 (KHTML, like Gecko) Chrome/68.0.3440.106 Safari/537.36',
  'upgrade-insecure-requests' => '1',
  'connection' => 'close',
  'host' => 'www.ecshop4.0.com',
)
[ info ] [ PARAM ] array (
  'act' => 'list',
)
[ info ] [ LOG ] INIT File
---------------------------------------------------------------
[ 2018-09-15T07:40:56+08:00 ] 127.0.0.1 GET /filecheck.php
[ info ] www.ecshop4.0.com/filecheck.php [运行时间：0.039072s][吞吐率：25.59req/s] [内存消耗：1,076.69kb] [文件加载：35]
[ info ] [ LANG ] D:\phpstudy\WWW\shixun\ECShop\thinkphp\lang\zh-cn.php
[ info ] [ ROUTE ] array (
  'type' => 'module',
  'module' => 
  array (
    0 => 'filecheck.php',
    1 => NULL,
    2 => NULL,
  ),
)
[ info ] [ HEADER ] array (
  'cookie' => 'PHPSESSID=2jlg3r4ad0anpq3hs9samh16d2',
  'accept-language' => 'zh-CN,zh;q=0.9',
  'accept-encoding' => 'gzip, deflate',
  'referer' => 'http://www.ecshop4.0.com/admin/Index/index_menu',
  'accept' => 'text/html,application/xhtml+xml,application/xml;q=0.9,image/webp,image/apng,*/*;q=0.8',
  'user-agent' => 'Mozilla/5.0 (Windows NT 10.0; Win64; x64) AppleWebKit/537.36 (KHTML, like Gecko) Chrome/68.0.3440.106 Safari/537.36',
  'upgrade-insecure-requests' => '1',
  'connection' => 'close',
  'host' => 'www.ecshop4.0.com',
)
[ info ] [ PARAM ] array (
)
[ info ] [ LOG ] INIT File
---------------------------------------------------------------
[ 2018-09-15T07:40:57+08:00 ] 127.0.0.1 GET /friend_link.php?act=list
[ info ] www.ecshop4.0.com/friend_link.php?act=list [运行时间：0.042830s][吞吐率：23.35req/s] [内存消耗：1,077.09kb] [文件加载：35]
[ info ] [ LANG ] D:\phpstudy\WWW\shixun\ECShop\thinkphp\lang\zh-cn.php
[ info ] [ ROUTE ] array (
  'type' => 'module',
  'module' => 
  array (
    0 => 'friend_link.php',
    1 => NULL,
    2 => NULL,
  ),
)
[ info ] [ HEADER ] array (
  'cookie' => 'PHPSESSID=2jlg3r4ad0anpq3hs9samh16d2',
  'accept-language' => 'zh-CN,zh;q=0.9',
  'accept-encoding' => 'gzip, deflate',
  'referer' => 'http://www.ecshop4.0.com/admin/Index/index_menu',
  'accept' => 'text/html,application/xhtml+xml,application/xml;q=0.9,image/webp,image/apng,*/*;q=0.8',
  'user-agent' => 'Mozilla/5.0 (Windows NT 10.0; Win64; x64) AppleWebKit/537.36 (KHTML, like Gecko) Chrome/68.0.3440.106 Safari/537.36',
  'upgrade-insecure-requests' => '1',
  'connection' => 'close',
  'host' => 'www.ecshop4.0.com',
)
[ info ] [ PARAM ] array (
  'act' => 'list',
)
[ info ] [ LOG ] INIT File
---------------------------------------------------------------
[ 2018-09-15T07:40:58+08:00 ] 127.0.0.1 GET /cron.php?act=list
[ info ] www.ecshop4.0.com/cron.php?act=list [运行时间：0.043070s][吞吐率：23.22req/s] [内存消耗：1,077.02kb] [文件加载：35]
[ info ] [ LANG ] D:\phpstudy\WWW\shixun\ECShop\thinkphp\lang\zh-cn.php
[ info ] [ ROUTE ] array (
  'type' => 'module',
  'module' => 
  array (
    0 => 'cron.php',
    1 => NULL,
    2 => NULL,
  ),
)
[ info ] [ HEADER ] array (
  'cookie' => 'PHPSESSID=2jlg3r4ad0anpq3hs9samh16d2',
  'accept-language' => 'zh-CN,zh;q=0.9',
  'accept-encoding' => 'gzip, deflate',
  'referer' => 'http://www.ecshop4.0.com/admin/Index/index_menu',
  'accept' => 'text/html,application/xhtml+xml,application/xml;q=0.9,image/webp,image/apng,*/*;q=0.8',
  'user-agent' => 'Mozilla/5.0 (Windows NT 10.0; Win64; x64) AppleWebKit/537.36 (KHTML, like Gecko) Chrome/68.0.3440.106 Safari/537.36',
  'upgrade-insecure-requests' => '1',
  'connection' => 'close',
  'host' => 'www.ecshop4.0.com',
)
[ info ] [ PARAM ] array (
  'act' => 'list',
)
[ info ] [ LOG ] INIT File
---------------------------------------------------------------
[ 2018-09-15T07:40:58+08:00 ] 127.0.0.1 GET /area_manage.php?act=list
[ info ] www.ecshop4.0.com/area_manage.php?act=list [运行时间：0.049849s][吞吐率：20.06req/s] [内存消耗：1,077.10kb] [文件加载：35]
[ info ] [ LANG ] D:\phpstudy\WWW\shixun\ECShop\thinkphp\lang\zh-cn.php
[ info ] [ ROUTE ] array (
  'type' => 'module',
  'module' => 
  array (
    0 => 'area_manage.php',
    1 => NULL,
    2 => NULL,
  ),
)
[ info ] [ HEADER ] array (
  'cookie' => 'PHPSESSID=2jlg3r4ad0anpq3hs9samh16d2',
  'accept-language' => 'zh-CN,zh;q=0.9',
  'accept-encoding' => 'gzip, deflate',
  'referer' => 'http://www.ecshop4.0.com/admin/Index/index_menu',
  'accept' => 'text/html,application/xhtml+xml,application/xml;q=0.9,image/webp,image/apng,*/*;q=0.8',
  'user-agent' => 'Mozilla/5.0 (Windows NT 10.0; Win64; x64) AppleWebKit/537.36 (KHTML, like Gecko) Chrome/68.0.3440.106 Safari/537.36',
  'upgrade-insecure-requests' => '1',
  'connection' => 'close',
  'host' => 'www.ecshop4.0.com',
)
[ info ] [ PARAM ] array (
  'act' => 'list',
)
[ info ] [ LOG ] INIT File
---------------------------------------------------------------
[ 2018-09-15T07:40:58+08:00 ] 127.0.0.1 GET /shop_config.php?act=mail_settings
[ info ] www.ecshop4.0.com/shop_config.php?act=mail_settings [运行时间：0.053720s][吞吐率：18.62req/s] [内存消耗：1,077.10kb] [文件加载：35]
[ info ] [ LANG ] D:\phpstudy\WWW\shixun\ECShop\thinkphp\lang\zh-cn.php
[ info ] [ ROUTE ] array (
  'type' => 'module',
  'module' => 
  array (
    0 => 'shop_config.php',
    1 => NULL,
    2 => NULL,
  ),
)
[ info ] [ HEADER ] array (
  'cookie' => 'PHPSESSID=2jlg3r4ad0anpq3hs9samh16d2',
  'accept-language' => 'zh-CN,zh;q=0.9',
  'accept-encoding' => 'gzip, deflate',
  'referer' => 'http://www.ecshop4.0.com/admin/Index/index_menu',
  'accept' => 'text/html,application/xhtml+xml,application/xml;q=0.9,image/webp,image/apng,*/*;q=0.8',
  'user-agent' => 'Mozilla/5.0 (Windows NT 10.0; Win64; x64) AppleWebKit/537.36 (KHTML, like Gecko) Chrome/68.0.3440.106 Safari/537.36',
  'upgrade-insecure-requests' => '1',
  'connection' => 'close',
  'host' => 'www.ecshop4.0.com',
)
[ info ] [ PARAM ] array (
  'act' => 'mail_settings',
)
[ info ] [ LOG ] INIT File
---------------------------------------------------------------
[ 2018-09-15T07:40:59+08:00 ] 127.0.0.1 GET /shipping.php?act=list
[ info ] www.ecshop4.0.com/shipping.php?act=list [运行时间：0.049446s][吞吐率：20.22req/s] [内存消耗：1,077.02kb] [文件加载：35]
[ info ] [ LANG ] D:\phpstudy\WWW\shixun\ECShop\thinkphp\lang\zh-cn.php
[ info ] [ ROUTE ] array (
  'type' => 'module',
  'module' => 
  array (
    0 => 'shipping.php',
    1 => NULL,
    2 => NULL,
  ),
)
[ info ] [ HEADER ] array (
  'cookie' => 'PHPSESSID=2jlg3r4ad0anpq3hs9samh16d2',
  'accept-language' => 'zh-CN,zh;q=0.9',
  'accept-encoding' => 'gzip, deflate',
  'referer' => 'http://www.ecshop4.0.com/admin/Index/index_menu',
  'accept' => 'text/html,application/xhtml+xml,application/xml;q=0.9,image/webp,image/apng,*/*;q=0.8',
  'user-agent' => 'Mozilla/5.0 (Windows NT 10.0; Win64; x64) AppleWebKit/537.36 (KHTML, like Gecko) Chrome/68.0.3440.106 Safari/537.36',
  'upgrade-insecure-requests' => '1',
  'connection' => 'close',
  'host' => 'www.ecshop4.0.com',
)
[ info ] [ PARAM ] array (
  'act' => 'list',
)
[ info ] [ LOG ] INIT File
---------------------------------------------------------------
[ 2018-09-15T07:40:59+08:00 ] 127.0.0.1 GET /reg_fields.php?act=list
[ info ] www.ecshop4.0.com/reg_fields.php?act=list [运行时间：0.042194s][吞吐率：23.70req/s] [内存消耗：1,077.16kb] [文件加载：35]
[ info ] [ LANG ] D:\phpstudy\WWW\shixun\ECShop\thinkphp\lang\zh-cn.php
[ info ] [ ROUTE ] array (
  'type' => 'module',
  'module' => 
  array (
    0 => 'reg_fields.php',
    1 => NULL,
    2 => NULL,
  ),
)
[ info ] [ HEADER ] array (
  'cookie' => 'PHPSESSID=2jlg3r4ad0anpq3hs9samh16d2',
  'accept-language' => 'zh-CN,zh;q=0.9',
  'accept-encoding' => 'gzip, deflate',
  'referer' => 'http://www.ecshop4.0.com/admin/Index/index_menu',
  'accept' => 'text/html,application/xhtml+xml,application/xml;q=0.9,image/webp,image/apng,*/*;q=0.8',
  'user-agent' => 'Mozilla/5.0 (Windows NT 10.0; Win64; x64) AppleWebKit/537.36 (KHTML, like Gecko) Chrome/68.0.3440.106 Safari/537.36',
  'upgrade-insecure-requests' => '1',
  'connection' => 'close',
  'host' => 'www.ecshop4.0.com',
)
[ info ] [ PARAM ] array (
  'act' => 'list',
)
[ info ] [ LOG ] INIT File
---------------------------------------------------------------
[ 2018-09-15T07:41:00+08:00 ] 127.0.0.1 GET /shop_config.php?act=list_edit
[ info ] www.ecshop4.0.com/shop_config.php?act=list_edit [运行时间：0.049532s][吞吐率：20.19req/s] [内存消耗：1,077.10kb] [文件加载：35]
[ info ] [ LANG ] D:\phpstudy\WWW\shixun\ECShop\thinkphp\lang\zh-cn.php
[ info ] [ ROUTE ] array (
  'type' => 'module',
  'module' => 
  array (
    0 => 'shop_config.php',
    1 => NULL,
    2 => NULL,
  ),
)
[ info ] [ HEADER ] array (
  'cookie' => 'PHPSESSID=2jlg3r4ad0anpq3hs9samh16d2',
  'accept-language' => 'zh-CN,zh;q=0.9',
  'accept-encoding' => 'gzip, deflate',
  'referer' => 'http://www.ecshop4.0.com/admin/Index/index_menu',
  'accept' => 'text/html,application/xhtml+xml,application/xml;q=0.9,image/webp,image/apng,*/*;q=0.8',
  'user-agent' => 'Mozilla/5.0 (Windows NT 10.0; Win64; x64) AppleWebKit/537.36 (KHTML, like Gecko) Chrome/68.0.3440.106 Safari/537.36',
  'upgrade-insecure-requests' => '1',
  'connection' => 'close',
  'host' => 'www.ecshop4.0.com',
)
[ info ] [ PARAM ] array (
  'act' => 'list_edit',
)
[ info ] [ LOG ] INIT File
---------------------------------------------------------------
[ 2018-09-15T07:41:01+08:00 ] 127.0.0.1 GET /admin/system/accuse_list
[ info ] www.ecshop4.0.com/admin/system/accuse_list [运行时间：0.084663s][吞吐率：11.81req/s] [内存消耗：1,971.37kb] [文件加载：49]
[ info ] [ LANG ] D:\phpstudy\WWW\shixun\ECShop\thinkphp\lang\zh-cn.php
[ info ] [ ROUTE ] array (
  'type' => 'module',
  'module' => 
  array (
    0 => 'admin',
    1 => 'system',
    2 => 'accuse_list',
  ),
)
[ info ] [ HEADER ] array (
  'cookie' => 'PHPSESSID=2jlg3r4ad0anpq3hs9samh16d2',
  'accept-language' => 'zh-CN,zh;q=0.9',
  'accept-encoding' => 'gzip, deflate',
  'referer' => 'http://www.ecshop4.0.com/admin/index/index',
  'accept' => 'text/html,application/xhtml+xml,application/xml;q=0.9,image/webp,image/apng,*/*;q=0.8',
  'user-agent' => 'Mozilla/5.0 (Windows NT 10.0; Win64; x64) AppleWebKit/537.36 (KHTML, like Gecko) Chrome/68.0.3440.106 Safari/537.36',
  'upgrade-insecure-requests' => '1',
  'connection' => 'close',
  'host' => 'www.ecshop4.0.com',
)
[ info ] [ PARAM ] array (
)
[ info ] [ RUN ] app\admin\controller\System->accuse_list[ D:\phpstudy\WWW\shixun\ECShop\application\admin\controller\System.php ]
[ info ] [ DB ] INIT mysql
[ info ] [ VIEW ] D:\phpstudy\WWW\shixun\ECShop\public/../application/admin\view\system\accuse_list.html [ array (
  0 => 'arr',
) ]
[ info ] [ LOG ] INIT File
[ sql ] [ DB ] CONNECT:[ UseTime:0.002498s ] mysql:host=127.0.0.1;port=3306;dbname=ecshop;charset=utf8
[ sql ] [ SQL ] SHOW COLUMNS FROM `accuse` [ RunTime:0.014011s ]
[ sql ] [ SQL ] SELECT * FROM `accuse` [ RunTime:0.000695s ]
---------------------------------------------------------------
[ 2018-09-15T07:41:03+08:00 ] 127.0.0.1 GET /admin/quanxi/privilege
[ info ] www.ecshop4.0.com/admin/quanxi/privilege [运行时间：0.078352s][吞吐率：12.76req/s] [内存消耗：1,991.36kb] [文件加载：48]
[ info ] [ LANG ] D:\phpstudy\WWW\shixun\ECShop\thinkphp\lang\zh-cn.php
[ info ] [ ROUTE ] array (
  'type' => 'module',
  'module' => 
  array (
    0 => 'admin',
    1 => 'quanxi',
    2 => 'privilege',
  ),
)
[ info ] [ HEADER ] array (
  'cookie' => 'PHPSESSID=2jlg3r4ad0anpq3hs9samh16d2',
  'accept-language' => 'zh-CN,zh;q=0.9',
  'accept-encoding' => 'gzip, deflate',
  'referer' => 'http://www.ecshop4.0.com/admin/index/index',
  'accept' => 'text/html,application/xhtml+xml,application/xml;q=0.9,image/webp,image/apng,*/*;q=0.8',
  'user-agent' => 'Mozilla/5.0 (Windows NT 10.0; Win64; x64) AppleWebKit/537.36 (KHTML, like Gecko) Chrome/68.0.3440.106 Safari/537.36',
  'upgrade-insecure-requests' => '1',
  'connection' => 'close',
  'host' => 'www.ecshop4.0.com',
)
[ info ] [ PARAM ] array (
)
[ info ] [ RUN ] app\admin\controller\Quanxi->privilege[ D:\phpstudy\WWW\shixun\ECShop\application\admin\controller\Quanxi.php ]
[ info ] [ DB ] INIT mysql
[ info ] [ VIEW ] D:\phpstudy\WWW\shixun\ECShop\public/../application/admin\view\quanxi\privilege.html [ array (
  0 => 'list',
) ]
[ info ] [ LOG ] INIT File
[ sql ] [ DB ] CONNECT:[ UseTime:0.002302s ] mysql:host=127.0.0.1;port=3306;dbname=ecshop;charset=utf8
[ sql ] [ SQL ] SHOW COLUMNS FROM `admin` [ RunTime:0.015224s ]
[ sql ] [ SQL ] SELECT * FROM `admin` [ RunTime:0.000658s ]
---------------------------------------------------------------
[ 2018-09-15T07:41:04+08:00 ] 127.0.0.1 GET /admin/member/users
[ info ] www.ecshop4.0.com/admin/member/users [运行时间：0.121976s][吞吐率：8.20req/s] [内存消耗：2,130.38kb] [文件加载：53]
[ info ] [ LANG ] D:\phpstudy\WWW\shixun\ECShop\thinkphp\lang\zh-cn.php
[ info ] [ ROUTE ] array (
  'type' => 'module',
  'module' => 
  array (
    0 => 'admin',
    1 => 'member',
    2 => 'users',
  ),
)
[ info ] [ HEADER ] array (
  'cookie' => 'PHPSESSID=2jlg3r4ad0anpq3hs9samh16d2',
  'accept-language' => 'zh-CN,zh;q=0.9',
  'accept-encoding' => 'gzip, deflate',
  'referer' => 'http://www.ecshop4.0.com/admin/index/index',
  'accept' => 'text/html,application/xhtml+xml,application/xml;q=0.9,image/webp,image/apng,*/*;q=0.8',
  'user-agent' => 'Mozilla/5.0 (Windows NT 10.0; Win64; x64) AppleWebKit/537.36 (KHTML, like Gecko) Chrome/68.0.3440.106 Safari/537.36',
  'upgrade-insecure-requests' => '1',
  'connection' => 'close',
  'host' => 'www.ecshop4.0.com',
)
[ info ] [ PARAM ] array (
)
[ info ] [ RUN ] app\admin\controller\Member->users[ D:\phpstudy\WWW\shixun\ECShop\application\admin\controller\Member.php ]
[ info ] [ DB ] INIT mysql
[ info ] [ VIEW ] D:\phpstudy\WWW\shixun\ECShop\public/../application/admin\view\member\users.html [ array (
  0 => 'to',
  1 => 'list',
  2 => 'page',
) ]
[ info ] [ LOG ] INIT File
[ sql ] [ DB ] CONNECT:[ UseTime:0.012286s ] mysql:host=127.0.0.1;port=3306;dbname=ecshop;charset=utf8
[ sql ] [ SQL ] SHOW COLUMNS FROM `user_rank` [ RunTime:0.014503s ]
[ sql ] [ SQL ] SELECT * FROM `user_rank` [ RunTime:0.000727s ]
[ sql ] [ SQL ] SHOW COLUMNS FROM `users` [ RunTime:0.014684s ]
[ sql ] [ SQL ] SELECT COUNT(*) AS tp_count FROM `users` LIMIT 1 [ RunTime:0.000557s ]
[ sql ] [ SQL ] SELECT * FROM `users` LIMIT 0,2 [ RunTime:0.000666s ]
---------------------------------------------------------------
[ 2018-09-15T07:41:04+08:00 ] 127.0.0.1 GET /admin/logo/logo
[ info ] www.ecshop4.0.com/admin/logo/logo [运行时间：0.110395s][吞吐率：9.06req/s] [内存消耗：2,057.00kb] [文件加载：51]
[ info ] [ LANG ] D:\phpstudy\WWW\shixun\ECShop\thinkphp\lang\zh-cn.php
[ info ] [ ROUTE ] array (
  'type' => 'module',
  'module' => 
  array (
    0 => 'admin',
    1 => 'logo',
    2 => 'logo',
  ),
)
[ info ] [ HEADER ] array (
  'cookie' => 'PHPSESSID=2jlg3r4ad0anpq3hs9samh16d2',
  'accept-language' => 'zh-CN,zh;q=0.9',
  'accept-encoding' => 'gzip, deflate',
  'referer' => 'http://www.ecshop4.0.com/admin/index/index',
  'accept' => 'text/html,application/xhtml+xml,application/xml;q=0.9,image/webp,image/apng,*/*;q=0.8',
  'user-agent' => 'Mozilla/5.0 (Windows NT 10.0; Win64; x64) AppleWebKit/537.36 (KHTML, like Gecko) Chrome/68.0.3440.106 Safari/537.36',
  'upgrade-insecure-requests' => '1',
  'connection' => 'close',
  'host' => 'www.ecshop4.0.com',
)
[ info ] [ PARAM ] array (
)
[ info ] [ RUN ] app\admin\controller\Logo->logo[ D:\phpstudy\WWW\shixun\ECShop\application\admin\controller\Logo.php ]
[ info ] [ DB ] INIT mysql
[ info ] [ VIEW ] D:\phpstudy\WWW\shixun\ECShop\public/../application/admin\view\logo\logo.html [ array (
  0 => 'arr',
) ]
[ info ] [ LOG ] INIT File
[ sql ] [ DB ] CONNECT:[ UseTime:0.013191s ] mysql:host=127.0.0.1;port=3306;dbname=ecshop;charset=utf8
[ sql ] [ SQL ] SHOW COLUMNS FROM `place` [ RunTime:0.017082s ]
[ sql ] [ SQL ] SELECT COUNT(*) AS tp_count FROM `place` INNER JOIN `position` `p` ON `place`.`position_id`=`p`.`position_id` LIMIT 1 [ RunTime:0.005167s ]
[ sql ] [ SQL ] SELECT * FROM `place` INNER JOIN `position` `p` ON `place`.`position_id`=`p`.`position_id` LIMIT 0,5 [ RunTime:0.001228s ]
---------------------------------------------------------------
[ 2018-09-15T07:41:05+08:00 ] 127.0.0.1 GET /admin/Promotion/type
[ info ] www.ecshop4.0.com/admin/Promotion/type [运行时间：0.051576s][吞吐率：19.39req/s] [内存消耗：1,244.63kb] [文件加载：39]
[ info ] [ LANG ] D:\phpstudy\WWW\shixun\ECShop\thinkphp\lang\zh-cn.php
[ info ] [ ROUTE ] array (
  'type' => 'module',
  'module' => 
  array (
    0 => 'admin',
    1 => 'Promotion',
    2 => 'type',
  ),
)
[ info ] [ HEADER ] array (
  'cookie' => 'PHPSESSID=2jlg3r4ad0anpq3hs9samh16d2',
  'accept-language' => 'zh-CN,zh;q=0.9',
  'accept-encoding' => 'gzip, deflate',
  'referer' => 'http://www.ecshop4.0.com/admin/index/index',
  'accept' => 'text/html,application/xhtml+xml,application/xml;q=0.9,image/webp,image/apng,*/*;q=0.8',
  'user-agent' => 'Mozilla/5.0 (Windows NT 10.0; Win64; x64) AppleWebKit/537.36 (KHTML, like Gecko) Chrome/68.0.3440.106 Safari/537.36',
  'upgrade-insecure-requests' => '1',
  'connection' => 'close',
  'host' => 'www.ecshop4.0.com',
)
[ info ] [ PARAM ] array (
)
[ info ] [ RUN ] app\admin\controller\Promotion->type[ D:\phpstudy\WWW\shixun\ECShop\application\admin\controller\Promotion.php ]
[ info ] [ VIEW ] D:\phpstudy\WWW\shixun\ECShop\public/../application/admin\view\promotion\type.html [ array (
) ]
[ info ] [ LOG ] INIT File
---------------------------------------------------------------
[ 2018-09-15T07:41:05+08:00 ] 127.0.0.1 GET /static/js/transport_2.js
[ info ] www.ecshop4.0.com/static/js/transport_2.js [运行时间：0.056788s][吞吐率：17.61req/s] [内存消耗：1,076.20kb] [文件加载：35]
[ info ] [ LANG ] D:\phpstudy\WWW\shixun\ECShop\thinkphp\lang\zh-cn.php
[ info ] [ ROUTE ] array (
  'type' => 'module',
  'module' => 
  array (
    0 => 'static',
    1 => 'js',
    2 => 'transport_2.js',
  ),
)
[ info ] [ HEADER ] array (
  'cookie' => 'PHPSESSID=2jlg3r4ad0anpq3hs9samh16d2',
  'accept-language' => 'zh-CN,zh;q=0.9',
  'accept-encoding' => 'gzip, deflate',
  'referer' => 'http://www.ecshop4.0.com/admin/Promotion/type',
  'accept' => '*/*',
  'user-agent' => 'Mozilla/5.0 (Windows NT 10.0; Win64; x64) AppleWebKit/537.36 (KHTML, like Gecko) Chrome/68.0.3440.106 Safari/537.36',
  'connection' => 'close',
  'host' => 'www.ecshop4.0.com',
)
[ info ] [ PARAM ] array (
)
[ info ] [ LOG ] INIT File
---------------------------------------------------------------
[ 2018-09-15T07:41:05+08:00 ] 127.0.0.1 GET /admin/goods/goods_list
[ info ] www.ecshop4.0.com/admin/goods/goods_list [运行时间：0.095254s][吞吐率：10.50req/s] [内存消耗：2,498.36kb] [文件加载：55]
[ info ] [ LANG ] D:\phpstudy\WWW\shixun\ECShop\thinkphp\lang\zh-cn.php
[ info ] [ ROUTE ] array (
  'type' => 'module',
  'module' => 
  array (
    0 => 'admin',
    1 => 'goods',
    2 => 'goods_list',
  ),
)
[ info ] [ HEADER ] array (
  'cookie' => 'PHPSESSID=2jlg3r4ad0anpq3hs9samh16d2',
  'accept-language' => 'zh-CN,zh;q=0.9',
  'accept-encoding' => 'gzip, deflate',
  'referer' => 'http://www.ecshop4.0.com/admin/index/index',
  'accept' => 'text/html,application/xhtml+xml,application/xml;q=0.9,image/webp,image/apng,*/*;q=0.8',
  'user-agent' => 'Mozilla/5.0 (Windows NT 10.0; Win64; x64) AppleWebKit/537.36 (KHTML, like Gecko) Chrome/68.0.3440.106 Safari/537.36',
  'upgrade-insecure-requests' => '1',
  'connection' => 'close',
  'host' => 'www.ecshop4.0.com',
)
[ info ] [ PARAM ] array (
)
[ info ] [ DB ] INIT mysql
[ info ] [ RUN ] app\admin\controller\Goods->goods_list[ D:\phpstudy\WWW\shixun\ECShop\application\admin\controller\Goods.php ]
[ info ] [ VIEW ] D:\phpstudy\WWW\shixun\ECShop\public/../application/admin\view\goods\goods_list.html [ array (
  0 => 'res',
) ]
[ info ] [ LOG ] INIT File
[ sql ] [ DB ] CONNECT:[ UseTime:0.002484s ] mysql:host=127.0.0.1;port=3306;dbname=ecshop;charset=utf8
[ sql ] [ SQL ] SHOW COLUMNS FROM `goods` [ RunTime:0.016518s ]
[ sql ] [ SQL ] SELECT COUNT(*) AS tp_count FROM `goods` WHERE  `is_delete` = 1  AND `goods_name` LIKE '%%' LIMIT 1 [ RunTime:0.001728s ]
[ sql ] [ SQL ] SELECT * FROM `goods` WHERE  `is_delete` = 1  AND `goods_name` LIKE '%%' ORDER BY `sort_order` LIMIT 0,5 [ RunTime:0.001352s ]
---------------------------------------------------------------
[ 2018-09-15T07:41:40+08:00 ] 127.0.0.1 GET /
[ info ] www.ecshop4.0.com/ [运行时间：0.062193s][吞吐率：16.08req/s] [内存消耗：1,334.59kb] [文件加载：42]
[ info ] [ LANG ] D:\phpstudy\WWW\shixun\ECShop\thinkphp\lang\zh-cn.php
[ info ] [ ROUTE ] array (
  'type' => 'module',
  'module' => 
  array (
    0 => '',
    1 => NULL,
    2 => NULL,
  ),
)
[ info ] [ HEADER ] array (
  'cookie' => 'PHPSESSID=2jlg3r4ad0anpq3hs9samh16d2',
  'accept-language' => 'zh-CN,zh;q=0.9',
  'accept-encoding' => 'gzip, deflate',
  'referer' => 'http://www.ecshop4.0.com/admin/Index/index_menu',
  'accept' => 'text/html,application/xhtml+xml,application/xml;q=0.9,image/webp,image/apng,*/*;q=0.8',
  'user-agent' => 'Mozilla/5.0 (Windows NT 10.0; Win64; x64) AppleWebKit/537.36 (KHTML, like Gecko) Chrome/68.0.3440.106 Safari/537.36',
  'upgrade-insecure-requests' => '1',
  'connection' => 'close',
  'host' => 'www.ecshop4.0.com',
)
[ info ] [ PARAM ] array (
)
[ info ] [ RUN ] app\admin\controller\Login->login[ D:\phpstudy\WWW\shixun\ECShop\application\admin\controller\Login.php ]
[ info ] [ VIEW ] D:\phpstudy\WWW\shixun\ECShop\public/../application/admin\view\login\login.html [ array (
) ]
[ info ] [ LOG ] INIT File
---------------------------------------------------------------
[ 2018-09-15T07:41:40+08:00 ] 127.0.0.1 GET /captcha.html
[ info ] www.ecshop4.0.com/captcha.html [运行时间：0.083487s][吞吐率：11.98req/s] [内存消耗：1,101.14kb] [文件加载：34]
[ info ] [ LANG ] D:\phpstudy\WWW\shixun\ECShop\thinkphp\lang\zh-cn.php
[ info ] [ ROUTE ] array (
  'type' => 'method',
  'method' => 
  array (
    0 => '\\think\\captcha\\CaptchaController',
    1 => 'index',
  ),
  'var' => 
  array (
  ),
)
[ info ] [ HEADER ] array (
  'cookie' => 'PHPSESSID=2jlg3r4ad0anpq3hs9samh16d2',
  'accept-language' => 'zh-CN,zh;q=0.9',
  'accept-encoding' => 'gzip, deflate',
  'referer' => 'http://www.ecshop4.0.com/',
  'accept' => 'image/webp,image/apng,image/*,*/*;q=0.8',
  'user-agent' => 'Mozilla/5.0 (Windows NT 10.0; Win64; x64) AppleWebKit/537.36 (KHTML, like Gecko) Chrome/68.0.3440.106 Safari/537.36',
  'connection' => 'close',
  'host' => 'www.ecshop4.0.com',
)
[ info ] [ PARAM ] array (
  'id' => NULL,
)
[ info ] [ RUN ] think\captcha\CaptchaController->index[ D:\phpstudy\WWW\shixun\ECShop\vendor\topthink\think-captcha\src\CaptchaController.php ]
[ info ] [ SESSION ] INIT array (
  'id' => '',
  'var_session_id' => '',
  'prefix' => 'think',
  'type' => '',
  'auto_start' => true,
)
[ info ] [ LOG ] INIT File
---------------------------------------------------------------
[ 2018-09-15T07:41:47+08:00 ] 127.0.0.1 GET /picture_batch.php
[ info ] www.ecshop4.0.com/picture_batch.php [运行时间：0.108674s][吞吐率：9.20req/s] [内存消耗：1,076.73kb] [文件加载：35]
[ info ] [ LANG ] D:\phpstudy\WWW\shixun\ECShop\thinkphp\lang\zh-cn.php
[ info ] [ ROUTE ] array (
  'type' => 'module',
  'module' => 
  array (
    0 => 'picture_batch.php',
    1 => NULL,
    2 => NULL,
  ),
)
[ info ] [ HEADER ] array (
  'cookie' => 'PHPSESSID=2jlg3r4ad0anpq3hs9samh16d2',
  'accept-language' => 'zh-CN,zh;q=0.9',
  'accept-encoding' => 'gzip, deflate',
  'referer' => 'http://www.ecshop4.0.com/admin/Index/index_menu',
  'accept' => 'text/html,application/xhtml+xml,application/xml;q=0.9,image/webp,image/apng,*/*;q=0.8',
  'user-agent' => 'Mozilla/5.0 (Windows NT 10.0; Win64; x64) AppleWebKit/537.36 (KHTML, like Gecko) Chrome/68.0.3440.106 Safari/537.36',
  'upgrade-insecure-requests' => '1',
  'connection' => 'close',
  'host' => 'www.ecshop4.0.com',
)
[ info ] [ PARAM ] array (
)
[ info ] [ LOG ] INIT File
---------------------------------------------------------------
[ 2018-09-15T07:41:47+08:00 ] 127.0.0.1 GET /
[ info ] www.ecshop4.0.com/ [运行时间：0.063795s][吞吐率：15.68req/s] [内存消耗：1,334.59kb] [文件加载：42]
[ info ] [ LANG ] D:\phpstudy\WWW\shixun\ECShop\thinkphp\lang\zh-cn.php
[ info ] [ ROUTE ] array (
  'type' => 'module',
  'module' => 
  array (
    0 => '',
    1 => NULL,
    2 => NULL,
  ),
)
[ info ] [ HEADER ] array (
  'cookie' => 'PHPSESSID=2jlg3r4ad0anpq3hs9samh16d2',
  'accept-language' => 'zh-CN,zh;q=0.9',
  'accept-encoding' => 'gzip, deflate',
  'referer' => 'http://www.ecshop4.0.com/admin/Index/index_menu',
  'accept' => 'text/html,application/xhtml+xml,application/xml;q=0.9,image/webp,image/apng,*/*;q=0.8',
  'user-agent' => 'Mozilla/5.0 (Windows NT 10.0; Win64; x64) AppleWebKit/537.36 (KHTML, like Gecko) Chrome/68.0.3440.106 Safari/537.36',
  'upgrade-insecure-requests' => '1',
  'connection' => 'close',
  'host' => 'www.ecshop4.0.com',
)
[ info ] [ PARAM ] array (
)
[ info ] [ RUN ] app\admin\controller\Login->login[ D:\phpstudy\WWW\shixun\ECShop\application\admin\controller\Login.php ]
[ info ] [ VIEW ] D:\phpstudy\WWW\shixun\ECShop\public/../application/admin\view\login\login.html [ array (
) ]
[ info ] [ LOG ] INIT File
---------------------------------------------------------------
[ 2018-09-15T07:41:47+08:00 ] 127.0.0.1 GET /captcha.html
[ info ] www.ecshop4.0.com/captcha.html [运行时间：0.057000s][吞吐率：17.54req/s] [内存消耗：1,101.15kb] [文件加载：34]
[ info ] [ LANG ] D:\phpstudy\WWW\shixun\ECShop\thinkphp\lang\zh-cn.php
[ info ] [ ROUTE ] array (
  'type' => 'method',
  'method' => 
  array (
    0 => '\\think\\captcha\\CaptchaController',
    1 => 'index',
  ),
  'var' => 
  array (
  ),
)
[ info ] [ HEADER ] array (
  'cookie' => 'PHPSESSID=2jlg3r4ad0anpq3hs9samh16d2',
  'accept-language' => 'zh-CN,zh;q=0.9',
  'accept-encoding' => 'gzip, deflate',
  'referer' => 'http://www.ecshop4.0.com/',
  'accept' => 'image/webp,image/apng,image/*,*/*;q=0.8',
  'user-agent' => 'Mozilla/5.0 (Windows NT 10.0; Win64; x64) AppleWebKit/537.36 (KHTML, like Gecko) Chrome/68.0.3440.106 Safari/537.36',
  'connection' => 'close',
  'host' => 'www.ecshop4.0.com',
)
[ info ] [ PARAM ] array (
  'id' => NULL,
)
[ info ] [ RUN ] think\captcha\CaptchaController->index[ D:\phpstudy\WWW\shixun\ECShop\vendor\topthink\think-captcha\src\CaptchaController.php ]
[ info ] [ SESSION ] INIT array (
  'id' => '',
  'var_session_id' => '',
  'prefix' => 'think',
  'type' => '',
  'auto_start' => true,
)
[ info ] [ LOG ] INIT File
---------------------------------------------------------------
[ 2018-09-15T07:44:06+08:00 ] 127.0.0.1 GET /admin/Promotion/type
[ info ] www.ecshop4.0.com/admin/Promotion/type [运行时间：0.095478s][吞吐率：10.47req/s] [内存消耗：1,244.63kb] [文件加载：39]
[ info ] [ LANG ] D:\phpstudy\WWW\shixun\ECShop\thinkphp\lang\zh-cn.php
[ info ] [ ROUTE ] array (
  'type' => 'module',
  'module' => 
  array (
    0 => 'admin',
    1 => 'Promotion',
    2 => 'type',
  ),
)
[ info ] [ HEADER ] array (
  'cookie' => 'PHPSESSID=2jlg3r4ad0anpq3hs9samh16d2',
  'accept-language' => 'zh-CN,zh;q=0.9',
  'accept-encoding' => 'gzip, deflate',
  'referer' => 'http://www.ecshop4.0.com/admin/index/index',
  'accept' => 'text/html,application/xhtml+xml,application/xml;q=0.9,image/webp,image/apng,*/*;q=0.8',
  'user-agent' => 'Mozilla/5.0 (Windows NT 10.0; Win64; x64) AppleWebKit/537.36 (KHTML, like Gecko) Chrome/68.0.3440.106 Safari/537.36',
  'upgrade-insecure-requests' => '1',
  'connection' => 'close',
  'host' => 'www.ecshop4.0.com',
)
[ info ] [ PARAM ] array (
)
[ info ] [ RUN ] app\admin\controller\Promotion->type[ D:\phpstudy\WWW\shixun\ECShop\application\admin\controller\Promotion.php ]
[ info ] [ VIEW ] D:\phpstudy\WWW\shixun\ECShop\public/../application/admin\view\promotion\type.html [ array (
) ]
[ info ] [ LOG ] INIT File
---------------------------------------------------------------
[ 2018-09-15T07:44:06+08:00 ] 127.0.0.1 GET /static/js/transport_2.js
[ info ] www.ecshop4.0.com/static/js/transport_2.js [运行时间：0.042930s][吞吐率：23.29req/s] [内存消耗：1,076.20kb] [文件加载：35]
[ info ] [ LANG ] D:\phpstudy\WWW\shixun\ECShop\thinkphp\lang\zh-cn.php
[ info ] [ ROUTE ] array (
  'type' => 'module',
  'module' => 
  array (
    0 => 'static',
    1 => 'js',
    2 => 'transport_2.js',
  ),
)
[ info ] [ HEADER ] array (
  'cookie' => 'PHPSESSID=2jlg3r4ad0anpq3hs9samh16d2',
  'accept-language' => 'zh-CN,zh;q=0.9',
  'accept-encoding' => 'gzip, deflate',
  'referer' => 'http://www.ecshop4.0.com/admin/Promotion/type',
  'accept' => '*/*',
  'user-agent' => 'Mozilla/5.0 (Windows NT 10.0; Win64; x64) AppleWebKit/537.36 (KHTML, like Gecko) Chrome/68.0.3440.106 Safari/537.36',
  'connection' => 'close',
  'host' => 'www.ecshop4.0.com',
)
[ info ] [ PARAM ] array (
)
[ info ] [ LOG ] INIT File
---------------------------------------------------------------
[ 2018-09-15T07:44:07+08:00 ] 127.0.0.1 GET /admin/goods/goods_list
[ info ] www.ecshop4.0.com/admin/goods/goods_list [运行时间：0.124255s][吞吐率：8.05req/s] [内存消耗：2,498.36kb] [文件加载：55]
[ info ] [ LANG ] D:\phpstudy\WWW\shixun\ECShop\thinkphp\lang\zh-cn.php
[ info ] [ ROUTE ] array (
  'type' => 'module',
  'module' => 
  array (
    0 => 'admin',
    1 => 'goods',
    2 => 'goods_list',
  ),
)
[ info ] [ HEADER ] array (
  'cookie' => 'PHPSESSID=2jlg3r4ad0anpq3hs9samh16d2',
  'accept-language' => 'zh-CN,zh;q=0.9',
  'accept-encoding' => 'gzip, deflate',
  'referer' => 'http://www.ecshop4.0.com/admin/index/index',
  'accept' => 'text/html,application/xhtml+xml,application/xml;q=0.9,image/webp,image/apng,*/*;q=0.8',
  'user-agent' => 'Mozilla/5.0 (Windows NT 10.0; Win64; x64) AppleWebKit/537.36 (KHTML, like Gecko) Chrome/68.0.3440.106 Safari/537.36',
  'upgrade-insecure-requests' => '1',
  'connection' => 'close',
  'host' => 'www.ecshop4.0.com',
)
[ info ] [ PARAM ] array (
)
[ info ] [ DB ] INIT mysql
[ info ] [ RUN ] app\admin\controller\Goods->goods_list[ D:\phpstudy\WWW\shixun\ECShop\application\admin\controller\Goods.php ]
[ info ] [ VIEW ] D:\phpstudy\WWW\shixun\ECShop\public/../application/admin\view\goods\goods_list.html [ array (
  0 => 'res',
) ]
[ info ] [ LOG ] INIT File
[ sql ] [ DB ] CONNECT:[ UseTime:0.012115s ] mysql:host=127.0.0.1;port=3306;dbname=ecshop;charset=utf8
[ sql ] [ SQL ] SHOW COLUMNS FROM `goods` [ RunTime:0.024638s ]
[ sql ] [ SQL ] SELECT COUNT(*) AS tp_count FROM `goods` WHERE  `is_delete` = 1  AND `goods_name` LIKE '%%' LIMIT 1 [ RunTime:0.001214s ]
[ sql ] [ SQL ] SELECT * FROM `goods` WHERE  `is_delete` = 1  AND `goods_name` LIKE '%%' ORDER BY `sort_order` LIMIT 0,5 [ RunTime:0.001353s ]
---------------------------------------------------------------
[ 2018-09-15T07:44:10+08:00 ] 127.0.0.1 GET /admin/goods/category_list
[ info ] www.ecshop4.0.com/admin/goods/category_list [运行时间：0.106322s][吞吐率：9.41req/s] [内存消耗：2,325.88kb] [文件加载：50]
[ info ] [ LANG ] D:\phpstudy\WWW\shixun\ECShop\thinkphp\lang\zh-cn.php
[ info ] [ ROUTE ] array (
  'type' => 'module',
  'module' => 
  array (
    0 => 'admin',
    1 => 'goods',
    2 => 'category_list',
  ),
)
[ info ] [ HEADER ] array (
  'cookie' => 'PHPSESSID=2jlg3r4ad0anpq3hs9samh16d2',
  'accept-language' => 'zh-CN,zh;q=0.9',
  'accept-encoding' => 'gzip, deflate',
  'referer' => 'http://www.ecshop4.0.com/admin/Index/index_top',
  'accept' => 'text/html,application/xhtml+xml,application/xml;q=0.9,image/webp,image/apng,*/*;q=0.8',
  'user-agent' => 'Mozilla/5.0 (Windows NT 10.0; Win64; x64) AppleWebKit/537.36 (KHTML, like Gecko) Chrome/68.0.3440.106 Safari/537.36',
  'upgrade-insecure-requests' => '1',
  'connection' => 'close',
  'host' => 'www.ecshop4.0.com',
)
[ info ] [ PARAM ] array (
)
[ info ] [ DB ] INIT mysql
[ info ] [ RUN ] app\admin\controller\Goods->category_list[ D:\phpstudy\WWW\shixun\ECShop\application\admin\controller\Goods.php ]
[ info ] [ VIEW ] D:\phpstudy\WWW\shixun\ECShop\public/../application/admin\view\goods\category_list.html [ array (
  0 => 'arr',
) ]
[ info ] [ LOG ] INIT File
[ sql ] [ DB ] CONNECT:[ UseTime:0.003020s ] mysql:host=127.0.0.1;port=3306;dbname=ecshop;charset=utf8
[ sql ] [ SQL ] SHOW COLUMNS FROM `classify` [ RunTime:0.022695s ]
[ sql ] [ SQL ] SELECT * FROM `classify` [ RunTime:0.000886s ]
[ sql ] [ SQL ] SELECT *,CONCAT(path,'-',cat_id) as new FROM classify ORDER BY new [ RunTime:0.002908s ]
---------------------------------------------------------------
[ 2018-09-15T07:44:11+08:00 ] 127.0.0.1 GET /admin/goods/goods_list
[ info ] www.ecshop4.0.com/admin/goods/goods_list [运行时间：0.095332s][吞吐率：10.49req/s] [内存消耗：2,498.27kb] [文件加载：55]
[ info ] [ LANG ] D:\phpstudy\WWW\shixun\ECShop\thinkphp\lang\zh-cn.php
[ info ] [ ROUTE ] array (
  'type' => 'module',
  'module' => 
  array (
    0 => 'admin',
    1 => 'goods',
    2 => 'goods_list',
  ),
)
[ info ] [ HEADER ] array (
  'cookie' => 'PHPSESSID=2jlg3r4ad0anpq3hs9samh16d2',
  'accept-language' => 'zh-CN,zh;q=0.9',
  'accept-encoding' => 'gzip, deflate',
  'referer' => 'http://www.ecshop4.0.com/admin/Index/index_top',
  'accept' => 'text/html,application/xhtml+xml,application/xml;q=0.9,image/webp,image/apng,*/*;q=0.8',
  'user-agent' => 'Mozilla/5.0 (Windows NT 10.0; Win64; x64) AppleWebKit/537.36 (KHTML, like Gecko) Chrome/68.0.3440.106 Safari/537.36',
  'upgrade-insecure-requests' => '1',
  'connection' => 'close',
  'host' => 'www.ecshop4.0.com',
)
[ info ] [ PARAM ] array (
)
[ info ] [ DB ] INIT mysql
[ info ] [ RUN ] app\admin\controller\Goods->goods_list[ D:\phpstudy\WWW\shixun\ECShop\application\admin\controller\Goods.php ]
[ info ] [ VIEW ] D:\phpstudy\WWW\shixun\ECShop\public/../application/admin\view\goods\goods_list.html [ array (
  0 => 'res',
) ]
[ info ] [ LOG ] INIT File
[ sql ] [ DB ] CONNECT:[ UseTime:0.002295s ] mysql:host=127.0.0.1;port=3306;dbname=ecshop;charset=utf8
[ sql ] [ SQL ] SHOW COLUMNS FROM `goods` [ RunTime:0.020204s ]
[ sql ] [ SQL ] SELECT COUNT(*) AS tp_count FROM `goods` WHERE  `is_delete` = 1  AND `goods_name` LIKE '%%' LIMIT 1 [ RunTime:0.000943s ]
[ sql ] [ SQL ] SELECT * FROM `goods` WHERE  `is_delete` = 1  AND `goods_name` LIKE '%%' ORDER BY `sort_order` LIMIT 0,5 [ RunTime:0.001289s ]
---------------------------------------------------------------
[ 2018-09-15T07:44:12+08:00 ] 127.0.0.1 GET /admin/order/orders_list
[ info ] www.ecshop4.0.com/admin/order/orders_list [运行时间：0.091089s][吞吐率：10.98req/s] [内存消耗：2,060.23kb] [文件加载：52]
[ info ] [ LANG ] D:\phpstudy\WWW\shixun\ECShop\thinkphp\lang\zh-cn.php
[ info ] [ ROUTE ] array (
  'type' => 'module',
  'module' => 
  array (
    0 => 'admin',
    1 => 'order',
    2 => 'orders_list',
  ),
)
[ info ] [ HEADER ] array (
  'cookie' => 'PHPSESSID=2jlg3r4ad0anpq3hs9samh16d2',
  'accept-language' => 'zh-CN,zh;q=0.9',
  'accept-encoding' => 'gzip, deflate',
  'referer' => 'http://www.ecshop4.0.com/admin/Index/index_top',
  'accept' => 'text/html,application/xhtml+xml,application/xml;q=0.9,image/webp,image/apng,*/*;q=0.8',
  'user-agent' => 'Mozilla/5.0 (Windows NT 10.0; Win64; x64) AppleWebKit/537.36 (KHTML, like Gecko) Chrome/68.0.3440.106 Safari/537.36',
  'upgrade-insecure-requests' => '1',
  'connection' => 'close',
  'host' => 'www.ecshop4.0.com',
)
[ info ] [ PARAM ] array (
)
[ info ] [ RUN ] app\admin\controller\Order->orders_list[ D:\phpstudy\WWW\shixun\ECShop\application\admin\controller\Order.php ]
[ info ] [ DB ] INIT mysql
[ info ] [ VIEW ] D:\phpstudy\WWW\shixun\ECShop\public/../application/admin\view\order\orders_list.html [ array (
  0 => 'data',
) ]
[ info ] [ LOG ] INIT File
[ sql ] [ DB ] CONNECT:[ UseTime:0.002664s ] mysql:host=127.0.0.1;port=3306;dbname=ecshop;charset=utf8
[ sql ] [ SQL ] SHOW COLUMNS FROM `order` [ RunTime:0.016872s ]
[ sql ] [ SQL ] SELECT COUNT(*) AS tp_count FROM `order` LIMIT 1 [ RunTime:0.000787s ]
[ sql ] [ SQL ] SELECT * FROM `order` LIMIT 0,5 [ RunTime:0.000787s ]
---------------------------------------------------------------
[ 2018-09-15T07:44:13+08:00 ] 127.0.0.1 GET /admin/goods/comment_manage_list
[ info ] www.ecshop4.0.com/admin/goods/comment_manage_list [运行时间：0.088409s][吞吐率：11.31req/s] [内存消耗：2,328.33kb] [文件加载：51]
[ info ] [ LANG ] D:\phpstudy\WWW\shixun\ECShop\thinkphp\lang\zh-cn.php
[ info ] [ ROUTE ] array (
  'type' => 'module',
  'module' => 
  array (
    0 => 'admin',
    1 => 'goods',
    2 => 'comment_manage_list',
  ),
)
[ info ] [ HEADER ] array (
  'cookie' => 'PHPSESSID=2jlg3r4ad0anpq3hs9samh16d2',
  'accept-language' => 'zh-CN,zh;q=0.9',
  'accept-encoding' => 'gzip, deflate',
  'referer' => 'http://www.ecshop4.0.com/admin/Index/index_top',
  'accept' => 'text/html,application/xhtml+xml,application/xml;q=0.9,image/webp,image/apng,*/*;q=0.8',
  'user-agent' => 'Mozilla/5.0 (Windows NT 10.0; Win64; x64) AppleWebKit/537.36 (KHTML, like Gecko) Chrome/68.0.3440.106 Safari/537.36',
  'upgrade-insecure-requests' => '1',
  'connection' => 'close',
  'host' => 'www.ecshop4.0.com',
)
[ info ] [ PARAM ] array (
)
[ info ] [ DB ] INIT mysql
[ info ] [ RUN ] app\admin\controller\Goods->comment_manage_list[ D:\phpstudy\WWW\shixun\ECShop\application\admin\controller\Goods.php ]
[ info ] [ VIEW ] D:\phpstudy\WWW\shixun\ECShop\public/../application/admin\view\goods\comment_manage_list.html [ array (
  0 => 'arr',
) ]
[ info ] [ LOG ] INIT File
[ sql ] [ DB ] CONNECT:[ UseTime:0.002591s ] mysql:host=127.0.0.1;port=3306;dbname=ecshop;charset=utf8
[ sql ] [ SQL ] SHOW COLUMNS FROM `comment_manage` [ RunTime:0.022774s ]
[ sql ] [ SQL ] SELECT * FROM `comment_manage` [ RunTime:0.000913s ]
