---------------------------------------------------------------
[ 2018-09-16T19:39:36+08:00 ] 127.0.0.1 GET /home/index/user
[ info ] www.ecshop4.0.com/home/index/user [运行时间：0.096835s][吞吐率：10.33req/s] [内存消耗：1,304.08kb] [文件加载：42]
[ info ] [ LANG ] D:\phpstudy\WWW\shixun\ECShop\thinkphp\lang\zh-cn.php
[ info ] [ ROUTE ] array (
  'type' => 'module',
  'module' => 
  array (
    0 => 'home',
    1 => 'index',
    2 => 'user',
  ),
)
[ info ] [ HEADER ] array (
  'cookie' => 'PHPSESSID=jl5itekq3s1a7cqp14escuvl62',
  'accept-language' => 'zh-CN,zh;q=0.9',
  'accept-encoding' => 'gzip, deflate',
  'accept' => 'text/html,application/xhtml+xml,application/xml;q=0.9,image/webp,image/apng,*/*;q=0.8',
  'user-agent' => 'Mozilla/5.0 (Windows NT 10.0; Win64; x64) AppleWebKit/537.36 (KHTML, like Gecko) Chrome/68.0.3440.106 Safari/537.36',
  'upgrade-insecure-requests' => '1',
  'cache-control' => 'max-age=0',
  'connection' => 'close',
  'host' => 'www.ecshop4.0.com',
)
[ info ] [ PARAM ] array (
)
[ info ] [ LOG ] INIT File
---------------------------------------------------------------
[ 2018-09-16T19:39:37+08:00 ] 127.0.0.1 GET /home/index/user
[ info ] www.ecshop4.0.com/home/index/user [运行时间：0.080063s][吞吐率：12.49req/s] [内存消耗：1,304.05kb] [文件加载：42]
[ info ] [ LANG ] D:\phpstudy\WWW\shixun\ECShop\thinkphp\lang\zh-cn.php
[ info ] [ ROUTE ] array (
  'type' => 'module',
  'module' => 
  array (
    0 => 'home',
    1 => 'index',
    2 => 'user',
  ),
)
[ info ] [ HEADER ] array (
  'cookie' => 'PHPSESSID=jl5itekq3s1a7cqp14escuvl62',
  'accept-language' => 'zh-CN,zh;q=0.9',
  'accept-encoding' => 'gzip, deflate',
  'accept' => 'text/html,application/xhtml+xml,application/xml;q=0.9,image/webp,image/apng,*/*;q=0.8',
  'user-agent' => 'Mozilla/5.0 (Windows NT 10.0; Win64; x64) AppleWebKit/537.36 (KHTML, like Gecko) Chrome/68.0.3440.106 Safari/537.36',
  'upgrade-insecure-requests' => '1',
  'cache-control' => 'max-age=0',
  'connection' => 'close',
  'host' => 'www.ecshop4.0.com',
)
[ info ] [ PARAM ] array (
)
[ info ] [ LOG ] INIT File
---------------------------------------------------------------
[ 2018-09-16T19:39:42+08:00 ] 127.0.0.1 GET /home/index/index
[ info ] www.ecshop4.0.com/home/index/index [运行时间：0.139625s][吞吐率：7.16req/s] [内存消耗：2,200.81kb] [文件加载：53]
[ info ] [ LANG ] D:\phpstudy\WWW\shixun\ECShop\thinkphp\lang\zh-cn.php
[ info ] [ ROUTE ] array (
  'type' => 'module',
  'module' => 
  array (
    0 => 'home',
    1 => 'index',
    2 => 'index',
  ),
)
[ info ] [ HEADER ] array (
  'cookie' => 'PHPSESSID=jl5itekq3s1a7cqp14escuvl62',
  'accept-language' => 'zh-CN,zh;q=0.9',
  'accept-encoding' => 'gzip, deflate',
  'accept' => 'text/html,application/xhtml+xml,application/xml;q=0.9,image/webp,image/apng,*/*;q=0.8',
  'user-agent' => 'Mozilla/5.0 (Windows NT 10.0; Win64; x64) AppleWebKit/537.36 (KHTML, like Gecko) Chrome/68.0.3440.106 Safari/537.36',
  'upgrade-insecure-requests' => '1',
  'connection' => 'close',
  'host' => 'www.ecshop4.0.com',
)
[ info ] [ PARAM ] array (
)
[ info ] [ RUN ] app\home\controller\Index->index[ D:\phpstudy\WWW\shixun\ECShop\application\home\controller\Index.php ]
[ info ] [ DB ] INIT mysql
[ info ] [ LOG ] INIT File
[ sql ] [ DB ] CONNECT:[ UseTime:0.012578s ] mysql:host=127.0.0.1;port=3306;dbname=ecshop;charset=utf8
[ error ] [10501]SQLSTATE[42S02]: Base table or view not found: 1146 Table 'ecshop.category' doesn't exist[D:\phpstudy\WWW\shixun\ECShop\thinkphp\library\think\db\Connection.php:390]
---------------------------------------------------------------
[ 2018-09-16T19:39:49+08:00 ] 127.0.0.1 GET /home/index/index.html
[ info ] www.ecshop4.0.com/home/index/index.html [运行时间：0.123079s][吞吐率：8.12req/s] [内存消耗：2,200.85kb] [文件加载：53]
[ info ] [ LANG ] D:\phpstudy\WWW\shixun\ECShop\thinkphp\lang\zh-cn.php
[ info ] [ ROUTE ] array (
  'type' => 'module',
  'module' => 
  array (
    0 => 'home',
    1 => 'index',
    2 => 'index',
  ),
)
[ info ] [ HEADER ] array (
  'cookie' => 'PHPSESSID=jl5itekq3s1a7cqp14escuvl62',
  'accept-language' => 'zh-CN,zh;q=0.9',
  'accept-encoding' => 'gzip, deflate',
  'accept' => 'text/html,application/xhtml+xml,application/xml;q=0.9,image/webp,image/apng,*/*;q=0.8',
  'user-agent' => 'Mozilla/5.0 (Windows NT 10.0; Win64; x64) AppleWebKit/537.36 (KHTML, like Gecko) Chrome/68.0.3440.106 Safari/537.36',
  'upgrade-insecure-requests' => '1',
  'connection' => 'close',
  'host' => 'www.ecshop4.0.com',
)
[ info ] [ PARAM ] array (
)
[ info ] [ RUN ] app\home\controller\Index->index[ D:\phpstudy\WWW\shixun\ECShop\application\home\controller\Index.php ]
[ info ] [ DB ] INIT mysql
[ info ] [ LOG ] INIT File
[ sql ] [ DB ] CONNECT:[ UseTime:0.002372s ] mysql:host=127.0.0.1;port=3306;dbname=ecshop;charset=utf8
[ error ] [10501]SQLSTATE[42S02]: Base table or view not found: 1146 Table 'ecshop.category' doesn't exist[D:\phpstudy\WWW\shixun\ECShop\thinkphp\library\think\db\Connection.php:390]
---------------------------------------------------------------
[ 2018-09-16T19:39:56+08:00 ] 127.0.0.1 GET /
[ info ] www.ecshop4.0.com/ [运行时间：0.102393s][吞吐率：9.77req/s] [内存消耗：1,454.74kb] [文件加载：44]
[ info ] [ LANG ] D:\phpstudy\WWW\shixun\ECShop\thinkphp\lang\zh-cn.php
[ info ] [ ROUTE ] array (
  'type' => 'module',
  'module' => 
  array (
    0 => '',
    1 => NULL,
    2 => NULL,
  ),
)
[ info ] [ HEADER ] array (
  'cookie' => 'PHPSESSID=jl5itekq3s1a7cqp14escuvl62',
  'accept-language' => 'zh-CN,zh;q=0.9',
  'accept-encoding' => 'gzip, deflate',
  'accept' => 'text/html,application/xhtml+xml,application/xml;q=0.9,image/webp,image/apng,*/*;q=0.8',
  'user-agent' => 'Mozilla/5.0 (Windows NT 10.0; Win64; x64) AppleWebKit/537.36 (KHTML, like Gecko) Chrome/68.0.3440.106 Safari/537.36',
  'upgrade-insecure-requests' => '1',
  'connection' => 'close',
  'host' => 'www.ecshop4.0.com',
)
[ info ] [ PARAM ] array (
)
[ info ] [ RUN ] app\admin\controller\Login->login[ D:\phpstudy\WWW\shixun\ECShop\application\admin\controller\Login.php ]
[ info ] [ VIEW ] D:\phpstudy\WWW\shixun\ECShop\public/../application/admin\view\login\login.html [ array (
) ]
[ info ] [ LOG ] INIT File
---------------------------------------------------------------
[ 2018-09-16T19:39:56+08:00 ] 127.0.0.1 GET /captcha.html
[ info ] www.ecshop4.0.com/captcha.html [运行时间：0.114037s][吞吐率：8.77req/s] [内存消耗：1,101.14kb] [文件加载：34]
[ info ] [ LANG ] D:\phpstudy\WWW\shixun\ECShop\thinkphp\lang\zh-cn.php
[ info ] [ ROUTE ] array (
  'type' => 'method',
  'method' => 
  array (
    0 => '\\think\\captcha\\CaptchaController',
    1 => 'index',
  ),
  'var' => 
  array (
  ),
)
[ info ] [ HEADER ] array (
  'cookie' => 'PHPSESSID=jl5itekq3s1a7cqp14escuvl62',
  'accept-language' => 'zh-CN,zh;q=0.9',
  'accept-encoding' => 'gzip, deflate',
  'referer' => 'http://www.ecshop4.0.com/',
  'accept' => 'image/webp,image/apng,image/*,*/*;q=0.8',
  'user-agent' => 'Mozilla/5.0 (Windows NT 10.0; Win64; x64) AppleWebKit/537.36 (KHTML, like Gecko) Chrome/68.0.3440.106 Safari/537.36',
  'connection' => 'close',
  'host' => 'www.ecshop4.0.com',
)
[ info ] [ PARAM ] array (
  'id' => NULL,
)
[ info ] [ RUN ] think\captcha\CaptchaController->index[ D:\phpstudy\WWW\shixun\ECShop\vendor\topthink\think-captcha\src\CaptchaController.php ]
[ info ] [ SESSION ] INIT array (
  'id' => '',
  'var_session_id' => '',
  'prefix' => 'think',
  'type' => '',
  'auto_start' => true,
)
[ info ] [ LOG ] INIT File
---------------------------------------------------------------
[ 2018-09-16T19:40:04+08:00 ] 127.0.0.1 GET /home/index/index.html
[ info ] www.ecshop4.0.com/home/index/index.html [运行时间：0.215079s][吞吐率：4.65req/s] [内存消耗：2,200.85kb] [文件加载：53]
[ info ] [ LANG ] D:\phpstudy\WWW\shixun\ECShop\thinkphp\lang\zh-cn.php
[ info ] [ ROUTE ] array (
  'type' => 'module',
  'module' => 
  array (
    0 => 'home',
    1 => 'index',
    2 => 'index',
  ),
)
[ info ] [ HEADER ] array (
  'cookie' => 'PHPSESSID=jl5itekq3s1a7cqp14escuvl62',
  'accept-language' => 'zh-CN,zh;q=0.9',
  'accept-encoding' => 'gzip, deflate',
  'accept' => 'text/html,application/xhtml+xml,application/xml;q=0.9,image/webp,image/apng,*/*;q=0.8',
  'user-agent' => 'Mozilla/5.0 (Windows NT 10.0; Win64; x64) AppleWebKit/537.36 (KHTML, like Gecko) Chrome/68.0.3440.106 Safari/537.36',
  'upgrade-insecure-requests' => '1',
  'connection' => 'close',
  'host' => 'www.ecshop4.0.com',
)
[ info ] [ PARAM ] array (
)
[ info ] [ RUN ] app\home\controller\Index->index[ D:\phpstudy\WWW\shixun\ECShop\application\home\controller\Index.php ]
[ info ] [ DB ] INIT mysql
[ info ] [ LOG ] INIT File
[ sql ] [ DB ] CONNECT:[ UseTime:0.013276s ] mysql:host=127.0.0.1;port=3306;dbname=ecshop;charset=utf8
[ error ] [10501]SQLSTATE[42S02]: Base table or view not found: 1146 Table 'ecshop.category' doesn't exist[D:\phpstudy\WWW\shixun\ECShop\thinkphp\library\think\db\Connection.php:390]
---------------------------------------------------------------
[ 2018-09-16T19:40:33+08:00 ] 127.0.0.1 GET /shixun/ECShop/public/
[ info ] 127.0.0.1/shixun/ECShop/public/ [运行时间：0.064517s][吞吐率：15.50req/s] [内存消耗：1,335.32kb] [文件加载：42]
[ info ] [ LANG ] D:\phpstudy\WWW\shixun\ECShop\thinkphp\lang\zh-cn.php
[ info ] [ ROUTE ] array (
  'type' => 'module',
  'module' => 
  array (
    0 => '',
    1 => NULL,
    2 => NULL,
  ),
)
[ info ] [ HEADER ] array (
  'cookie' => 'Hm_lvt_dab2195aeba95b2d9ec83a712753ad6e=1529376904; Hm_lvt_5d12e2b4eed3b554ae941c0ac43c330a=1529376958; Hm_lvt_4233e74dff0ae5bd0a3d81c6ccf756e6=1528964755,1529023530,1530674357; _ga=GA1.1.1422980180.1528964754; ECS[visit_times]=31',
  'accept-language' => 'zh-CN,zh;q=0.9',
  'accept-encoding' => 'gzip, deflate, br',
  'referer' => 'http://127.0.0.1/shixun/ECShop/',
  'accept' => 'text/html,application/xhtml+xml,application/xml;q=0.9,image/webp,image/apng,*/*;q=0.8',
  'user-agent' => 'Mozilla/5.0 (Windows NT 10.0; Win64; x64) AppleWebKit/537.36 (KHTML, like Gecko) Chrome/68.0.3440.106 Safari/537.36',
  'upgrade-insecure-requests' => '1',
  'connection' => 'close',
  'host' => '127.0.0.1',
)
[ info ] [ PARAM ] array (
)
[ info ] [ RUN ] app\admin\controller\Login->login[ D:\phpstudy\WWW\shixun\ECShop\application\admin\controller\Login.php ]
[ info ] [ VIEW ] D:\phpstudy\WWW\shixun\ECShop\public/../application/admin\view\login\login.html [ array (
) ]
[ info ] [ LOG ] INIT File
---------------------------------------------------------------
[ 2018-09-16T19:40:33+08:00 ] 127.0.0.1 GET /shixun/ECShop/public/captcha.html
[ info ] 127.0.0.1/shixun/ECShop/public/captcha.html [运行时间：0.100562s][吞吐率：9.94req/s] [内存消耗：1,102.23kb] [文件加载：34]
[ info ] [ LANG ] D:\phpstudy\WWW\shixun\ECShop\thinkphp\lang\zh-cn.php
[ info ] [ ROUTE ] array (
  'type' => 'method',
  'method' => 
  array (
    0 => '\\think\\captcha\\CaptchaController',
    1 => 'index',
  ),
  'var' => 
  array (
  ),
)
[ info ] [ HEADER ] array (
  'cookie' => 'Hm_lvt_dab2195aeba95b2d9ec83a712753ad6e=1529376904; Hm_lvt_5d12e2b4eed3b554ae941c0ac43c330a=1529376958; Hm_lvt_4233e74dff0ae5bd0a3d81c6ccf756e6=1528964755,1529023530,1530674357; _ga=GA1.1.1422980180.1528964754; ECS[visit_times]=31',
  'accept-language' => 'zh-CN,zh;q=0.9',
  'accept-encoding' => 'gzip, deflate, br',
  'referer' => 'http://127.0.0.1/shixun/ECShop/public/',
  'accept' => 'image/webp,image/apng,image/*,*/*;q=0.8',
  'user-agent' => 'Mozilla/5.0 (Windows NT 10.0; Win64; x64) AppleWebKit/537.36 (KHTML, like Gecko) Chrome/68.0.3440.106 Safari/537.36',
  'connection' => 'close',
  'host' => '127.0.0.1',
)
[ info ] [ PARAM ] array (
  'id' => NULL,
)
[ info ] [ RUN ] think\captcha\CaptchaController->index[ D:\phpstudy\WWW\shixun\ECShop\vendor\topthink\think-captcha\src\CaptchaController.php ]
[ info ] [ SESSION ] INIT array (
  'id' => '',
  'var_session_id' => '',
  'prefix' => 'think',
  'type' => '',
  'auto_start' => true,
)
[ info ] [ LOG ] INIT File
---------------------------------------------------------------
[ 2018-09-16T19:40:42+08:00 ] 127.0.0.1 GET /shixun/ECShop/public/index.php
[ info ] 127.0.0.1/shixun/ECShop/public/index.php [运行时间：0.077401s][吞吐率：12.92req/s] [内存消耗：1,335.23kb] [文件加载：42]
[ info ] [ LANG ] D:\phpstudy\WWW\shixun\ECShop\thinkphp\lang\zh-cn.php
[ info ] [ ROUTE ] array (
  'type' => 'module',
  'module' => 
  array (
    0 => '',
    1 => NULL,
    2 => NULL,
  ),
)
[ info ] [ HEADER ] array (
  'cookie' => 'Hm_lvt_dab2195aeba95b2d9ec83a712753ad6e=1529376904; Hm_lvt_5d12e2b4eed3b554ae941c0ac43c330a=1529376958; Hm_lvt_4233e74dff0ae5bd0a3d81c6ccf756e6=1528964755,1529023530,1530674357; _ga=GA1.1.1422980180.1528964754; ECS[visit_times]=31; PHPSESSID=32588cbql2fif6so342ciors54',
  'accept-language' => 'zh-CN,zh;q=0.9',
  'accept-encoding' => 'gzip, deflate, br',
  'accept' => 'text/html,application/xhtml+xml,application/xml;q=0.9,image/webp,image/apng,*/*;q=0.8',
  'user-agent' => 'Mozilla/5.0 (Windows NT 10.0; Win64; x64) AppleWebKit/537.36 (KHTML, like Gecko) Chrome/68.0.3440.106 Safari/537.36',
  'upgrade-insecure-requests' => '1',
  'connection' => 'close',
  'host' => '127.0.0.1',
)
[ info ] [ PARAM ] array (
)
[ info ] [ RUN ] app\admin\controller\Login->login[ D:\phpstudy\WWW\shixun\ECShop\application\admin\controller\Login.php ]
[ info ] [ VIEW ] D:\phpstudy\WWW\shixun\ECShop\public/../application/admin\view\login\login.html [ array (
) ]
[ info ] [ LOG ] INIT File
---------------------------------------------------------------
[ 2018-09-16T19:40:42+08:00 ] 127.0.0.1 GET /shixun/ECShop/public/index.php/captcha.html
[ info ] 127.0.0.1/shixun/ECShop/public/index.php/captcha.html [运行时间：0.071307s][吞吐率：14.02req/s] [内存消耗：1,099.16kb] [文件加载：34]
[ info ] [ LANG ] D:\phpstudy\WWW\shixun\ECShop\thinkphp\lang\zh-cn.php
[ info ] [ ROUTE ] array (
  'type' => 'method',
  'method' => 
  array (
    0 => '\\think\\captcha\\CaptchaController',
    1 => 'index',
  ),
  'var' => 
  array (
  ),
)
[ info ] [ HEADER ] array (
  'cookie' => 'Hm_lvt_dab2195aeba95b2d9ec83a712753ad6e=1529376904; Hm_lvt_5d12e2b4eed3b554ae941c0ac43c330a=1529376958; Hm_lvt_4233e74dff0ae5bd0a3d81c6ccf756e6=1528964755,1529023530,1530674357; _ga=GA1.1.1422980180.1528964754; ECS[visit_times]=31; PHPSESSID=32588cbql2fif6so342ciors54',
  'accept-language' => 'zh-CN,zh;q=0.9',
  'accept-encoding' => 'gzip, deflate, br',
  'referer' => 'http://127.0.0.1/shixun/ECShop/public/index.php',
  'accept' => 'image/webp,image/apng,image/*,*/*;q=0.8',
  'user-agent' => 'Mozilla/5.0 (Windows NT 10.0; Win64; x64) AppleWebKit/537.36 (KHTML, like Gecko) Chrome/68.0.3440.106 Safari/537.36',
  'connection' => 'close',
  'host' => '127.0.0.1',
)
[ info ] [ PARAM ] array (
  'id' => NULL,
)
[ info ] [ RUN ] think\captcha\CaptchaController->index[ D:\phpstudy\WWW\shixun\ECShop\vendor\topthink\think-captcha\src\CaptchaController.php ]
[ info ] [ SESSION ] INIT array (
  'id' => '',
  'var_session_id' => '',
  'prefix' => 'think',
  'type' => '',
  'auto_start' => true,
)
[ info ] [ LOG ] INIT File
---------------------------------------------------------------
[ 2018-09-16T19:40:48+08:00 ] 127.0.0.1 GET /shixun/ECShop/public/index.php/home
[ info ] 127.0.0.1/shixun/ECShop/public/index.php/home [运行时间：0.086433s][吞吐率：11.57req/s] [内存消耗：1,465.63kb] [文件加载：43]
[ info ] [ LANG ] D:\phpstudy\WWW\shixun\ECShop\thinkphp\lang\zh-cn.php
[ info ] [ ROUTE ] array (
  'type' => 'module',
  'module' => 
  array (
    0 => 'home',
    1 => NULL,
    2 => NULL,
  ),
)
[ info ] [ HEADER ] array (
  'cookie' => 'Hm_lvt_dab2195aeba95b2d9ec83a712753ad6e=1529376904; Hm_lvt_5d12e2b4eed3b554ae941c0ac43c330a=1529376958; Hm_lvt_4233e74dff0ae5bd0a3d81c6ccf756e6=1528964755,1529023530,1530674357; _ga=GA1.1.1422980180.1528964754; ECS[visit_times]=31; PHPSESSID=32588cbql2fif6so342ciors54',
  'accept-language' => 'zh-CN,zh;q=0.9',
  'accept-encoding' => 'gzip, deflate, br',
  'accept' => 'text/html,application/xhtml+xml,application/xml;q=0.9,image/webp,image/apng,*/*;q=0.8',
  'user-agent' => 'Mozilla/5.0 (Windows NT 10.0; Win64; x64) AppleWebKit/537.36 (KHTML, like Gecko) Chrome/68.0.3440.106 Safari/537.36',
  'upgrade-insecure-requests' => '1',
  'connection' => 'close',
  'host' => '127.0.0.1',
)
[ info ] [ PARAM ] array (
)
[ info ] [ RUN ] app\home\controller\Login->login[ D:\phpstudy\WWW\shixun\ECShop\application\home\controller\Login.php ]
[ info ] [ VIEW ] D:\phpstudy\WWW\shixun\ECShop\public/../application/home\view\login\login.html [ array (
) ]
[ info ] [ LOG ] INIT File
---------------------------------------------------------------
[ 2018-09-16T19:40:48+08:00 ] 127.0.0.1 GET /shixun/ECShop/public/home/%E7%94%A8%E6%88%B7%E4%B8%AD%E5%BF%83_ECSHOP%E6%BC%94%E7%A4%BA%E7%AB%99%20-%20Powered%20by%20ECShop_files/logo.gif
[ info ] 127.0.0.1/shixun/ECShop/public/home/%E7%94%A8%E6%88%B7%E4%B8%AD%E5%BF%83_ECSHOP%E6%BC%94%E7%A4%BA%E7%AB%99%20-%20Powered%20by%20ECShop_files/logo.gif [运行时间：0.093820s][吞吐率：10.66req/s] [内存消耗：1,083.07kb] [文件加载：36]
[ info ] [ LANG ] D:\phpstudy\WWW\shixun\ECShop\thinkphp\lang\zh-cn.php
[ info ] [ ROUTE ] array (
  'type' => 'module',
  'module' => 
  array (
    0 => 'home',
    1 => '用户中心_ECSHOP演示站 - Powered by ECShop_files',
    2 => 'logo.gif',
  ),
)
[ info ] [ HEADER ] array (
  'cookie' => 'Hm_lvt_dab2195aeba95b2d9ec83a712753ad6e=1529376904; Hm_lvt_5d12e2b4eed3b554ae941c0ac43c330a=1529376958; Hm_lvt_4233e74dff0ae5bd0a3d81c6ccf756e6=1528964755,1529023530,1530674357; _ga=GA1.1.1422980180.1528964754; ECS[visit_times]=31; PHPSESSID=32588cbql2fif6so342ciors54',
  'accept-language' => 'zh-CN,zh;q=0.9',
  'accept-encoding' => 'gzip, deflate, br',
  'referer' => 'http://127.0.0.1/shixun/ECShop/public/index.php/home',
  'accept' => 'image/webp,image/apng,image/*,*/*;q=0.8',
  'user-agent' => 'Mozilla/5.0 (Windows NT 10.0; Win64; x64) AppleWebKit/537.36 (KHTML, like Gecko) Chrome/68.0.3440.106 Safari/537.36',
  'connection' => 'close',
  'host' => '127.0.0.1',
)
[ info ] [ PARAM ] array (
)
[ info ] [ LOG ] INIT File
---------------------------------------------------------------
[ 2018-09-16T19:40:48+08:00 ] 127.0.0.1 GET /shixun/ECShop/public/home/%E7%94%A8%E6%88%B7%E4%B8%AD%E5%BF%83_ECSHOP%E6%BC%94%E7%A4%BA%E7%AB%99%20-%20Powered%20by%20ECShop_files/weixin.jpg
[ info ] 127.0.0.1/shixun/ECShop/public/home/%E7%94%A8%E6%88%B7%E4%B8%AD%E5%BF%83_ECSHOP%E6%BC%94%E7%A4%BA%E7%AB%99%20-%20Powered%20by%20ECShop_files/weixin.jpg [运行时间：0.066035s][吞吐率：15.14req/s] [内存消耗：1,083.08kb] [文件加载：36]
[ info ] [ LANG ] D:\phpstudy\WWW\shixun\ECShop\thinkphp\lang\zh-cn.php
[ info ] [ ROUTE ] array (
  'type' => 'module',
  'module' => 
  array (
    0 => 'home',
    1 => '用户中心_ECSHOP演示站 - Powered by ECShop_files',
    2 => 'weixin.jpg',
  ),
)
[ info ] [ HEADER ] array (
  'cookie' => 'Hm_lvt_dab2195aeba95b2d9ec83a712753ad6e=1529376904; Hm_lvt_5d12e2b4eed3b554ae941c0ac43c330a=1529376958; Hm_lvt_4233e74dff0ae5bd0a3d81c6ccf756e6=1528964755,1529023530,1530674357; _ga=GA1.1.1422980180.1528964754; ECS[visit_times]=31; PHPSESSID=32588cbql2fif6so342ciors54',
  'accept-language' => 'zh-CN,zh;q=0.9',
  'accept-encoding' => 'gzip, deflate, br',
  'referer' => 'http://127.0.0.1/shixun/ECShop/public/index.php/home',
  'accept' => 'image/webp,image/apng,image/*,*/*;q=0.8',
  'user-agent' => 'Mozilla/5.0 (Windows NT 10.0; Win64; x64) AppleWebKit/537.36 (KHTML, like Gecko) Chrome/68.0.3440.106 Safari/537.36',
  'connection' => 'close',
  'host' => '127.0.0.1',
)
[ info ] [ PARAM ] array (
)
[ info ] [ LOG ] INIT File
---------------------------------------------------------------
[ 2018-09-16T19:40:49+08:00 ] 127.0.0.1 GET /shixun/ECShop/public/home/js/user.js
[ info ] 127.0.0.1/shixun/ECShop/public/home/js/user.js [运行时间：0.072226s][吞吐率：13.85req/s] [内存消耗：1,082.53kb] [文件加载：36]
[ info ] [ LANG ] D:\phpstudy\WWW\shixun\ECShop\thinkphp\lang\zh-cn.php
[ info ] [ ROUTE ] array (
  'type' => 'module',
  'module' => 
  array (
    0 => 'home',
    1 => 'js',
    2 => 'user.js',
  ),
)
[ info ] [ HEADER ] array (
  'cookie' => 'Hm_lvt_dab2195aeba95b2d9ec83a712753ad6e=1529376904; Hm_lvt_5d12e2b4eed3b554ae941c0ac43c330a=1529376958; Hm_lvt_4233e74dff0ae5bd0a3d81c6ccf756e6=1528964755,1529023530,1530674357; _ga=GA1.1.1422980180.1528964754; ECS[visit_times]=31; PHPSESSID=32588cbql2fif6so342ciors54',
  'accept-language' => 'zh-CN,zh;q=0.9',
  'accept-encoding' => 'gzip, deflate, br',
  'referer' => 'http://127.0.0.1/shixun/ECShop/public/index.php/home',
  'accept' => '*/*',
  'user-agent' => 'Mozilla/5.0 (Windows NT 10.0; Win64; x64) AppleWebKit/537.36 (KHTML, like Gecko) Chrome/68.0.3440.106 Safari/537.36',
  'connection' => 'close',
  'host' => '127.0.0.1',
)
[ info ] [ PARAM ] array (
)
[ info ] [ LOG ] INIT File
---------------------------------------------------------------
[ 2018-09-16T19:40:49+08:00 ] 127.0.0.1 GET /shixun/ECShop/public/home/%E7%94%A8%E6%88%B7%E4%B8%AD%E5%BF%83_ECSHOP%E6%BC%94%E7%A4%BA%E7%AB%99%20-%20Powered%20by%20ECShop_files/bottom.jpg
[ info ] 127.0.0.1/shixun/ECShop/public/home/%E7%94%A8%E6%88%B7%E4%B8%AD%E5%BF%83_ECSHOP%E6%BC%94%E7%A4%BA%E7%AB%99%20-%20Powered%20by%20ECShop_files/bottom.jpg [运行时间：0.091702s][吞吐率：10.90req/s] [内存消耗：1,083.05kb] [文件加载：36]
[ info ] [ LANG ] D:\phpstudy\WWW\shixun\ECShop\thinkphp\lang\zh-cn.php
[ info ] [ ROUTE ] array (
  'type' => 'module',
  'module' => 
  array (
    0 => 'home',
    1 => '用户中心_ECSHOP演示站 - Powered by ECShop_files',
    2 => 'bottom.jpg',
  ),
)
[ info ] [ HEADER ] array (
  'cookie' => 'Hm_lvt_dab2195aeba95b2d9ec83a712753ad6e=1529376904; Hm_lvt_5d12e2b4eed3b554ae941c0ac43c330a=1529376958; Hm_lvt_4233e74dff0ae5bd0a3d81c6ccf756e6=1528964755,1529023530,1530674357; _ga=GA1.1.1422980180.1528964754; ECS[visit_times]=31; PHPSESSID=32588cbql2fif6so342ciors54',
  'accept-language' => 'zh-CN,zh;q=0.9',
  'accept-encoding' => 'gzip, deflate, br',
  'referer' => 'http://127.0.0.1/shixun/ECShop/public/index.php/home',
  'accept' => 'image/webp,image/apng,image/*,*/*;q=0.8',
  'user-agent' => 'Mozilla/5.0 (Windows NT 10.0; Win64; x64) AppleWebKit/537.36 (KHTML, like Gecko) Chrome/68.0.3440.106 Safari/537.36',
  'connection' => 'close',
  'host' => '127.0.0.1',
)
[ info ] [ PARAM ] array (
)
[ info ] [ LOG ] INIT File
---------------------------------------------------------------
[ 2018-09-16T19:40:49+08:00 ] 127.0.0.1 GET /shixun/ECShop/public/home/js/user.js
[ info ] 127.0.0.1/shixun/ECShop/public/home/js/user.js [运行时间：0.071552s][吞吐率：13.98req/s] [内存消耗：1,082.53kb] [文件加载：36]
[ info ] [ LANG ] D:\phpstudy\WWW\shixun\ECShop\thinkphp\lang\zh-cn.php
[ info ] [ ROUTE ] array (
  'type' => 'module',
  'module' => 
  array (
    0 => 'home',
    1 => 'js',
    2 => 'user.js',
  ),
)
[ info ] [ HEADER ] array (
  'cookie' => 'Hm_lvt_dab2195aeba95b2d9ec83a712753ad6e=1529376904; Hm_lvt_5d12e2b4eed3b554ae941c0ac43c330a=1529376958; Hm_lvt_4233e74dff0ae5bd0a3d81c6ccf756e6=1528964755,1529023530,1530674357; _ga=GA1.1.1422980180.1528964754; ECS[visit_times]=31; PHPSESSID=32588cbql2fif6so342ciors54',
  'accept-language' => 'zh-CN,zh;q=0.9',
  'accept-encoding' => 'gzip, deflate, br',
  'referer' => 'http://127.0.0.1/shixun/ECShop/public/index.php/home',
  'accept' => '*/*',
  'user-agent' => 'Mozilla/5.0 (Windows NT 10.0; Win64; x64) AppleWebKit/537.36 (KHTML, like Gecko) Chrome/68.0.3440.106 Safari/537.36',
  'connection' => 'close',
  'host' => '127.0.0.1',
)
[ info ] [ PARAM ] array (
)
[ info ] [ LOG ] INIT File
---------------------------------------------------------------
[ 2018-09-16T19:40:49+08:00 ] 127.0.0.1 GET /shixun/ECShop/public/home/css/images/bnt_ur_log.gif
[ info ] 127.0.0.1/shixun/ECShop/public/home/css/images/bnt_ur_log.gif [运行时间：0.092792s][吞吐率：10.78req/s] [内存消耗：1,082.75kb] [文件加载：36]
[ info ] [ LANG ] D:\phpstudy\WWW\shixun\ECShop\thinkphp\lang\zh-cn.php
[ info ] [ ROUTE ] array (
  'type' => 'module',
  'module' => 
  array (
    0 => 'home',
    1 => 'css',
    2 => 'images',
  ),
)
[ info ] [ HEADER ] array (
  'cookie' => 'Hm_lvt_dab2195aeba95b2d9ec83a712753ad6e=1529376904; Hm_lvt_5d12e2b4eed3b554ae941c0ac43c330a=1529376958; Hm_lvt_4233e74dff0ae5bd0a3d81c6ccf756e6=1528964755,1529023530,1530674357; _ga=GA1.1.1422980180.1528964754; ECS[visit_times]=31; PHPSESSID=32588cbql2fif6so342ciors54',
  'accept-language' => 'zh-CN,zh;q=0.9',
  'accept-encoding' => 'gzip, deflate, br',
  'referer' => 'http://127.0.0.1/shixun/ECShop/public/home/css/style.css',
  'accept' => 'image/webp,image/apng,image/*,*/*;q=0.8',
  'user-agent' => 'Mozilla/5.0 (Windows NT 10.0; Win64; x64) AppleWebKit/537.36 (KHTML, like Gecko) Chrome/68.0.3440.106 Safari/537.36',
  'connection' => 'close',
  'host' => '127.0.0.1',
)
[ info ] [ PARAM ] array (
)
[ info ] [ LOG ] INIT File
---------------------------------------------------------------
[ 2018-09-16T19:40:49+08:00 ] 127.0.0.1 GET /shixun/ECShop/public/home/css/images/ur_bg1.gif
[ info ] 127.0.0.1/shixun/ECShop/public/home/css/images/ur_bg1.gif [运行时间：0.146176s][吞吐率：6.84req/s] [内存消耗：1,082.73kb] [文件加载：36]
[ info ] [ LANG ] D:\phpstudy\WWW\shixun\ECShop\thinkphp\lang\zh-cn.php
[ info ] [ ROUTE ] array (
  'type' => 'module',
  'module' => 
  array (
    0 => 'home',
    1 => 'css',
    2 => 'images',
  ),
)
[ info ] [ HEADER ] array (
  'cookie' => 'Hm_lvt_dab2195aeba95b2d9ec83a712753ad6e=1529376904; Hm_lvt_5d12e2b4eed3b554ae941c0ac43c330a=1529376958; Hm_lvt_4233e74dff0ae5bd0a3d81c6ccf756e6=1528964755,1529023530,1530674357; _ga=GA1.1.1422980180.1528964754; ECS[visit_times]=31; PHPSESSID=32588cbql2fif6so342ciors54',
  'accept-language' => 'zh-CN,zh;q=0.9',
  'accept-encoding' => 'gzip, deflate, br',
  'referer' => 'http://127.0.0.1/shixun/ECShop/public/home/css/style.css',
  'accept' => 'image/webp,image/apng,image/*,*/*;q=0.8',
  'user-agent' => 'Mozilla/5.0 (Windows NT 10.0; Win64; x64) AppleWebKit/537.36 (KHTML, like Gecko) Chrome/68.0.3440.106 Safari/537.36',
  'connection' => 'close',
  'host' => '127.0.0.1',
)
[ info ] [ PARAM ] array (
)
[ info ] [ LOG ] INIT File
---------------------------------------------------------------
[ 2018-09-16T19:40:50+08:00 ] 127.0.0.1 GET /shixun/ECShop/public/home/css/images/search.jpg
[ info ] 127.0.0.1/shixun/ECShop/public/home/css/images/search.jpg [运行时间：0.072478s][吞吐率：13.80req/s] [内存消耗：1,082.73kb] [文件加载：36]
[ info ] [ LANG ] D:\phpstudy\WWW\shixun\ECShop\thinkphp\lang\zh-cn.php
[ info ] [ ROUTE ] array (
  'type' => 'module',
  'module' => 
  array (
    0 => 'home',
    1 => 'css',
    2 => 'images',
  ),
)
[ info ] [ HEADER ] array (
  'cookie' => 'Hm_lvt_dab2195aeba95b2d9ec83a712753ad6e=1529376904; Hm_lvt_5d12e2b4eed3b554ae941c0ac43c330a=1529376958; Hm_lvt_4233e74dff0ae5bd0a3d81c6ccf756e6=1528964755,1529023530,1530674357; _ga=GA1.1.1422980180.1528964754; ECS[visit_times]=31; PHPSESSID=32588cbql2fif6so342ciors54',
  'accept-language' => 'zh-CN,zh;q=0.9',
  'accept-encoding' => 'gzip, deflate, br',
  'referer' => 'http://127.0.0.1/shixun/ECShop/public/home/css/style.css',
  'accept' => 'image/webp,image/apng,image/*,*/*;q=0.8',
  'user-agent' => 'Mozilla/5.0 (Windows NT 10.0; Win64; x64) AppleWebKit/537.36 (KHTML, like Gecko) Chrome/68.0.3440.106 Safari/537.36',
  'connection' => 'close',
  'host' => '127.0.0.1',
)
[ info ] [ PARAM ] array (
)
[ info ] [ LOG ] INIT File
---------------------------------------------------------------
[ 2018-09-16T19:40:50+08:00 ] 127.0.0.1 GET /shixun/ECShop/public/home/css/images/cart.png
[ info ] 127.0.0.1/shixun/ECShop/public/home/css/images/cart.png [运行时间：0.103567s][吞吐率：9.66req/s] [内存消耗：1,082.73kb] [文件加载：36]
[ info ] [ LANG ] D:\phpstudy\WWW\shixun\ECShop\thinkphp\lang\zh-cn.php
[ info ] [ ROUTE ] array (
  'type' => 'module',
  'module' => 
  array (
    0 => 'home',
    1 => 'css',
    2 => 'images',
  ),
)
[ info ] [ HEADER ] array (
  'cookie' => 'Hm_lvt_dab2195aeba95b2d9ec83a712753ad6e=1529376904; Hm_lvt_5d12e2b4eed3b554ae941c0ac43c330a=1529376958; Hm_lvt_4233e74dff0ae5bd0a3d81c6ccf756e6=1528964755,1529023530,1530674357; _ga=GA1.1.1422980180.1528964754; ECS[visit_times]=31; PHPSESSID=32588cbql2fif6so342ciors54',
  'accept-language' => 'zh-CN,zh;q=0.9',
  'accept-encoding' => 'gzip, deflate, br',
  'referer' => 'http://127.0.0.1/shixun/ECShop/public/home/css/style.css',
  'accept' => 'image/webp,image/apng,image/*,*/*;q=0.8',
  'user-agent' => 'Mozilla/5.0 (Windows NT 10.0; Win64; x64) AppleWebKit/537.36 (KHTML, like Gecko) Chrome/68.0.3440.106 Safari/537.36',
  'connection' => 'close',
  'host' => '127.0.0.1',
)
[ info ] [ PARAM ] array (
)
[ info ] [ LOG ] INIT File
---------------------------------------------------------------
[ 2018-09-16T19:40:51+08:00 ] 127.0.0.1 GET /shixun/ECShop/public/home/css/images/inputbg.gif
[ info ] 127.0.0.1/shixun/ECShop/public/home/css/images/inputbg.gif [运行时间：0.082099s][吞吐率：12.18req/s] [内存消耗：1,082.74kb] [文件加载：36]
[ info ] [ LANG ] D:\phpstudy\WWW\shixun\ECShop\thinkphp\lang\zh-cn.php
[ info ] [ ROUTE ] array (
  'type' => 'module',
  'module' => 
  array (
    0 => 'home',
    1 => 'css',
    2 => 'images',
  ),
)
[ info ] [ HEADER ] array (
  'cookie' => 'Hm_lvt_dab2195aeba95b2d9ec83a712753ad6e=1529376904; Hm_lvt_5d12e2b4eed3b554ae941c0ac43c330a=1529376958; Hm_lvt_4233e74dff0ae5bd0a3d81c6ccf756e6=1528964755,1529023530,1530674357; _ga=GA1.1.1422980180.1528964754; ECS[visit_times]=31; PHPSESSID=32588cbql2fif6so342ciors54',
  'accept-language' => 'zh-CN,zh;q=0.9',
  'accept-encoding' => 'gzip, deflate, br',
  'referer' => 'http://127.0.0.1/shixun/ECShop/public/home/css/style.css',
  'accept' => 'image/webp,image/apng,image/*,*/*;q=0.8',
  'user-agent' => 'Mozilla/5.0 (Windows NT 10.0; Win64; x64) AppleWebKit/537.36 (KHTML, like Gecko) Chrome/68.0.3440.106 Safari/537.36',
  'connection' => 'close',
  'host' => '127.0.0.1',
)
[ info ] [ PARAM ] array (
)
[ info ] [ LOG ] INIT File
---------------------------------------------------------------
[ 2018-09-16T19:40:51+08:00 ] 127.0.0.1 GET /shixun/ECShop/public/home/css/images/ur_bg.gif
[ info ] 127.0.0.1/shixun/ECShop/public/home/css/images/ur_bg.gif [运行时间：0.098318s][吞吐率：10.17req/s] [内存消耗：1,082.73kb] [文件加载：36]
[ info ] [ LANG ] D:\phpstudy\WWW\shixun\ECShop\thinkphp\lang\zh-cn.php
[ info ] [ ROUTE ] array (
  'type' => 'module',
  'module' => 
  array (
    0 => 'home',
    1 => 'css',
    2 => 'images',
  ),
)
[ info ] [ HEADER ] array (
  'cookie' => 'Hm_lvt_dab2195aeba95b2d9ec83a712753ad6e=1529376904; Hm_lvt_5d12e2b4eed3b554ae941c0ac43c330a=1529376958; Hm_lvt_4233e74dff0ae5bd0a3d81c6ccf756e6=1528964755,1529023530,1530674357; _ga=GA1.1.1422980180.1528964754; ECS[visit_times]=31; PHPSESSID=32588cbql2fif6so342ciors54',
  'accept-language' => 'zh-CN,zh;q=0.9',
  'accept-encoding' => 'gzip, deflate, br',
  'referer' => 'http://127.0.0.1/shixun/ECShop/public/home/css/style.css',
  'accept' => 'image/webp,image/apng,image/*,*/*;q=0.8',
  'user-agent' => 'Mozilla/5.0 (Windows NT 10.0; Win64; x64) AppleWebKit/537.36 (KHTML, like Gecko) Chrome/68.0.3440.106 Safari/537.36',
  'connection' => 'close',
  'host' => '127.0.0.1',
)
[ info ] [ PARAM ] array (
)
[ info ] [ LOG ] INIT File
---------------------------------------------------------------
[ 2018-09-16T19:41:00+08:00 ] 127.0.0.1 GET /shixun/ECShop/public/index.php/home/index/index
[ info ] 127.0.0.1/shixun/ECShop/public/index.php/home/index/index [运行时间：0.132432s][吞吐率：7.55req/s] [内存消耗：2,198.85kb] [文件加载：53]
[ info ] [ LANG ] D:\phpstudy\WWW\shixun\ECShop\thinkphp\lang\zh-cn.php
[ info ] [ ROUTE ] array (
  'type' => 'module',
  'module' => 
  array (
    0 => 'home',
    1 => 'index',
    2 => 'index',
  ),
)
[ info ] [ HEADER ] array (
  'cookie' => 'Hm_lvt_dab2195aeba95b2d9ec83a712753ad6e=1529376904; Hm_lvt_5d12e2b4eed3b554ae941c0ac43c330a=1529376958; Hm_lvt_4233e74dff0ae5bd0a3d81c6ccf756e6=1528964755,1529023530,1530674357; _ga=GA1.1.1422980180.1528964754; ECS[visit_times]=31; PHPSESSID=32588cbql2fif6so342ciors54; hzy_login_back=',
  'accept-language' => 'zh-CN,zh;q=0.9',
  'accept-encoding' => 'gzip, deflate, br',
  'accept' => 'text/html,application/xhtml+xml,application/xml;q=0.9,image/webp,image/apng,*/*;q=0.8',
  'user-agent' => 'Mozilla/5.0 (Windows NT 10.0; Win64; x64) AppleWebKit/537.36 (KHTML, like Gecko) Chrome/68.0.3440.106 Safari/537.36',
  'upgrade-insecure-requests' => '1',
  'connection' => 'close',
  'host' => '127.0.0.1',
)
[ info ] [ PARAM ] array (
)
[ info ] [ RUN ] app\home\controller\Index->index[ D:\phpstudy\WWW\shixun\ECShop\application\home\controller\Index.php ]
[ info ] [ DB ] INIT mysql
[ info ] [ LOG ] INIT File
[ sql ] [ DB ] CONNECT:[ UseTime:0.004024s ] mysql:host=127.0.0.1;port=3306;dbname=ecshop;charset=utf8
[ error ] [10501]SQLSTATE[42S02]: Base table or view not found: 1146 Table 'ecshop.category' doesn't exist[D:\phpstudy\WWW\shixun\ECShop\thinkphp\library\think\db\Connection.php:390]
---------------------------------------------------------------
[ 2018-09-16T19:41:05+08:00 ] 127.0.0.1 GET /shixun/ECShop/public/index.php/home/index
[ info ] 127.0.0.1/shixun/ECShop/public/index.php/home/index [运行时间：0.075939s][吞吐率：13.17req/s] [内存消耗：1,301.96kb] [文件加载：42]
[ info ] [ LANG ] D:\phpstudy\WWW\shixun\ECShop\thinkphp\lang\zh-cn.php
[ info ] [ ROUTE ] array (
  'type' => 'module',
  'module' => 
  array (
    0 => 'home',
    1 => 'index',
    2 => NULL,
  ),
)
[ info ] [ HEADER ] array (
  'cookie' => 'Hm_lvt_dab2195aeba95b2d9ec83a712753ad6e=1529376904; Hm_lvt_5d12e2b4eed3b554ae941c0ac43c330a=1529376958; Hm_lvt_4233e74dff0ae5bd0a3d81c6ccf756e6=1528964755,1529023530,1530674357; _ga=GA1.1.1422980180.1528964754; ECS[visit_times]=31; PHPSESSID=32588cbql2fif6so342ciors54; hzy_login_back=',
  'accept-language' => 'zh-CN,zh;q=0.9',
  'accept-encoding' => 'gzip, deflate, br',
  'accept' => 'text/html,application/xhtml+xml,application/xml;q=0.9,image/webp,image/apng,*/*;q=0.8',
  'user-agent' => 'Mozilla/5.0 (Windows NT 10.0; Win64; x64) AppleWebKit/537.36 (KHTML, like Gecko) Chrome/68.0.3440.106 Safari/537.36',
  'upgrade-insecure-requests' => '1',
  'connection' => 'close',
  'host' => '127.0.0.1',
)
[ info ] [ PARAM ] array (
)
[ info ] [ LOG ] INIT File
---------------------------------------------------------------
[ 2018-09-16T19:41:08+08:00 ] 127.0.0.1 GET /shixun/ECShop/public/index.php/home
[ info ] 127.0.0.1/shixun/ECShop/public/index.php/home [运行时间：0.083269s][吞吐率：12.01req/s] [内存消耗：1,330.73kb] [文件加载：41]
[ info ] [ LANG ] D:\phpstudy\WWW\shixun\ECShop\thinkphp\lang\zh-cn.php
[ info ] [ ROUTE ] array (
  'type' => 'module',
  'module' => 
  array (
    0 => 'home',
    1 => NULL,
    2 => NULL,
  ),
)
[ info ] [ HEADER ] array (
  'cookie' => 'Hm_lvt_dab2195aeba95b2d9ec83a712753ad6e=1529376904; Hm_lvt_5d12e2b4eed3b554ae941c0ac43c330a=1529376958; Hm_lvt_4233e74dff0ae5bd0a3d81c6ccf756e6=1528964755,1529023530,1530674357; _ga=GA1.1.1422980180.1528964754; ECS[visit_times]=31; PHPSESSID=32588cbql2fif6so342ciors54; hzy_login_back=',
  'accept-language' => 'zh-CN,zh;q=0.9',
  'accept-encoding' => 'gzip, deflate, br',
  'accept' => 'text/html,application/xhtml+xml,application/xml;q=0.9,image/webp,image/apng,*/*;q=0.8',
  'user-agent' => 'Mozilla/5.0 (Windows NT 10.0; Win64; x64) AppleWebKit/537.36 (KHTML, like Gecko) Chrome/68.0.3440.106 Safari/537.36',
  'upgrade-insecure-requests' => '1',
  'connection' => 'close',
  'host' => '127.0.0.1',
)
[ info ] [ PARAM ] array (
)
[ info ] [ RUN ] app\home\controller\Login->login[ D:\phpstudy\WWW\shixun\ECShop\application\home\controller\Login.php ]
[ info ] [ VIEW ] D:\phpstudy\WWW\shixun\ECShop\public/../application/home\view\login\login.html [ array (
) ]
[ info ] [ LOG ] INIT File
---------------------------------------------------------------
[ 2018-09-16T19:41:08+08:00 ] 127.0.0.1 GET /shixun/ECShop/public/home/%E7%94%A8%E6%88%B7%E4%B8%AD%E5%BF%83_ECSHOP%E6%BC%94%E7%A4%BA%E7%AB%99%20-%20Powered%20by%20ECShop_files/logo.gif
[ info ] 127.0.0.1/shixun/ECShop/public/home/%E7%94%A8%E6%88%B7%E4%B8%AD%E5%BF%83_ECSHOP%E6%BC%94%E7%A4%BA%E7%AB%99%20-%20Powered%20by%20ECShop_files/logo.gif [运行时间：0.096756s][吞吐率：10.34req/s] [内存消耗：1,083.08kb] [文件加载：36]
[ info ] [ LANG ] D:\phpstudy\WWW\shixun\ECShop\thinkphp\lang\zh-cn.php
[ info ] [ ROUTE ] array (
  'type' => 'module',
  'module' => 
  array (
    0 => 'home',
    1 => '用户中心_ECSHOP演示站 - Powered by ECShop_files',
    2 => 'logo.gif',
  ),
)
[ info ] [ HEADER ] array (
  'cookie' => 'Hm_lvt_dab2195aeba95b2d9ec83a712753ad6e=1529376904; Hm_lvt_5d12e2b4eed3b554ae941c0ac43c330a=1529376958; Hm_lvt_4233e74dff0ae5bd0a3d81c6ccf756e6=1528964755,1529023530,1530674357; _ga=GA1.1.1422980180.1528964754; ECS[visit_times]=31; PHPSESSID=32588cbql2fif6so342ciors54; hzy_login_back=',
  'accept-language' => 'zh-CN,zh;q=0.9',
  'accept-encoding' => 'gzip, deflate, br',
  'referer' => 'http://127.0.0.1/shixun/ECShop/public/index.php/home',
  'accept' => 'image/webp,image/apng,image/*,*/*;q=0.8',
  'user-agent' => 'Mozilla/5.0 (Windows NT 10.0; Win64; x64) AppleWebKit/537.36 (KHTML, like Gecko) Chrome/68.0.3440.106 Safari/537.36',
  'connection' => 'close',
  'host' => '127.0.0.1',
)
[ info ] [ PARAM ] array (
)
[ info ] [ LOG ] INIT File
---------------------------------------------------------------
[ 2018-09-16T19:41:08+08:00 ] 127.0.0.1 GET /shixun/ECShop/public/home/js/user.js
[ info ] 127.0.0.1/shixun/ECShop/public/home/js/user.js [运行时间：0.107751s][吞吐率：9.28req/s] [内存消耗：1,082.55kb] [文件加载：36]
[ info ] [ LANG ] D:\phpstudy\WWW\shixun\ECShop\thinkphp\lang\zh-cn.php
[ info ] [ ROUTE ] array (
  'type' => 'module',
  'module' => 
  array (
    0 => 'home',
    1 => 'js',
    2 => 'user.js',
  ),
)
[ info ] [ HEADER ] array (
  'cookie' => 'Hm_lvt_dab2195aeba95b2d9ec83a712753ad6e=1529376904; Hm_lvt_5d12e2b4eed3b554ae941c0ac43c330a=1529376958; Hm_lvt_4233e74dff0ae5bd0a3d81c6ccf756e6=1528964755,1529023530,1530674357; _ga=GA1.1.1422980180.1528964754; ECS[visit_times]=31; PHPSESSID=32588cbql2fif6so342ciors54; hzy_login_back=',
  'accept-language' => 'zh-CN,zh;q=0.9',
  'accept-encoding' => 'gzip, deflate, br',
  'referer' => 'http://127.0.0.1/shixun/ECShop/public/index.php/home',
  'accept' => '*/*',
  'user-agent' => 'Mozilla/5.0 (Windows NT 10.0; Win64; x64) AppleWebKit/537.36 (KHTML, like Gecko) Chrome/68.0.3440.106 Safari/537.36',
  'connection' => 'close',
  'host' => '127.0.0.1',
)
[ info ] [ PARAM ] array (
)
[ info ] [ LOG ] INIT File
---------------------------------------------------------------
[ 2018-09-16T19:41:08+08:00 ] 127.0.0.1 GET /shixun/ECShop/public/home/%E7%94%A8%E6%88%B7%E4%B8%AD%E5%BF%83_ECSHOP%E6%BC%94%E7%A4%BA%E7%AB%99%20-%20Powered%20by%20ECShop_files/weixin.jpg
[ info ] 127.0.0.1/shixun/ECShop/public/home/%E7%94%A8%E6%88%B7%E4%B8%AD%E5%BF%83_ECSHOP%E6%BC%94%E7%A4%BA%E7%AB%99%20-%20Powered%20by%20ECShop_files/weixin.jpg [运行时间：0.107014s][吞吐率：9.34req/s] [内存消耗：1,083.12kb] [文件加载：36]
[ info ] [ LANG ] D:\phpstudy\WWW\shixun\ECShop\thinkphp\lang\zh-cn.php
[ info ] [ ROUTE ] array (
  'type' => 'module',
  'module' => 
  array (
    0 => 'home',
    1 => '用户中心_ECSHOP演示站 - Powered by ECShop_files',
    2 => 'weixin.jpg',
  ),
)
[ info ] [ HEADER ] array (
  'cookie' => 'Hm_lvt_dab2195aeba95b2d9ec83a712753ad6e=1529376904; Hm_lvt_5d12e2b4eed3b554ae941c0ac43c330a=1529376958; Hm_lvt_4233e74dff0ae5bd0a3d81c6ccf756e6=1528964755,1529023530,1530674357; _ga=GA1.1.1422980180.1528964754; ECS[visit_times]=31; PHPSESSID=32588cbql2fif6so342ciors54; hzy_login_back=',
  'accept-language' => 'zh-CN,zh;q=0.9',
  'accept-encoding' => 'gzip, deflate, br',
  'referer' => 'http://127.0.0.1/shixun/ECShop/public/index.php/home',
  'accept' => 'image/webp,image/apng,image/*,*/*;q=0.8',
  'user-agent' => 'Mozilla/5.0 (Windows NT 10.0; Win64; x64) AppleWebKit/537.36 (KHTML, like Gecko) Chrome/68.0.3440.106 Safari/537.36',
  'connection' => 'close',
  'host' => '127.0.0.1',
)
[ info ] [ PARAM ] array (
)
[ info ] [ LOG ] INIT File
---------------------------------------------------------------
[ 2018-09-16T19:41:08+08:00 ] 127.0.0.1 GET /shixun/ECShop/public/home/%E7%94%A8%E6%88%B7%E4%B8%AD%E5%BF%83_ECSHOP%E6%BC%94%E7%A4%BA%E7%AB%99%20-%20Powered%20by%20ECShop_files/bottom.jpg
[ info ] 127.0.0.1/shixun/ECShop/public/home/%E7%94%A8%E6%88%B7%E4%B8%AD%E5%BF%83_ECSHOP%E6%BC%94%E7%A4%BA%E7%AB%99%20-%20Powered%20by%20ECShop_files/bottom.jpg [运行时间：0.129310s][吞吐率：7.73req/s] [内存消耗：1,083.12kb] [文件加载：36]
[ info ] [ LANG ] D:\phpstudy\WWW\shixun\ECShop\thinkphp\lang\zh-cn.php
[ info ] [ ROUTE ] array (
  'type' => 'module',
  'module' => 
  array (
    0 => 'home',
    1 => '用户中心_ECSHOP演示站 - Powered by ECShop_files',
    2 => 'bottom.jpg',
  ),
)
[ info ] [ HEADER ] array (
  'cookie' => 'Hm_lvt_dab2195aeba95b2d9ec83a712753ad6e=1529376904; Hm_lvt_5d12e2b4eed3b554ae941c0ac43c330a=1529376958; Hm_lvt_4233e74dff0ae5bd0a3d81c6ccf756e6=1528964755,1529023530,1530674357; _ga=GA1.1.1422980180.1528964754; ECS[visit_times]=31; PHPSESSID=32588cbql2fif6so342ciors54; hzy_login_back=',
  'accept-language' => 'zh-CN,zh;q=0.9',
  'accept-encoding' => 'gzip, deflate, br',
  'referer' => 'http://127.0.0.1/shixun/ECShop/public/index.php/home',
  'accept' => 'image/webp,image/apng,image/*,*/*;q=0.8',
  'user-agent' => 'Mozilla/5.0 (Windows NT 10.0; Win64; x64) AppleWebKit/537.36 (KHTML, like Gecko) Chrome/68.0.3440.106 Safari/537.36',
  'connection' => 'close',
  'host' => '127.0.0.1',
)
[ info ] [ PARAM ] array (
)
[ info ] [ LOG ] INIT File
---------------------------------------------------------------
[ 2018-09-16T19:41:08+08:00 ] 127.0.0.1 GET /shixun/ECShop/public/home/css/images/ur_bg1.gif
[ info ] 127.0.0.1/shixun/ECShop/public/home/css/images/ur_bg1.gif [运行时间：0.092251s][吞吐率：10.84req/s] [内存消耗：1,082.84kb] [文件加载：36]
[ info ] [ LANG ] D:\phpstudy\WWW\shixun\ECShop\thinkphp\lang\zh-cn.php
[ info ] [ ROUTE ] array (
  'type' => 'module',
  'module' => 
  array (
    0 => 'home',
    1 => 'css',
    2 => 'images',
  ),
)
[ info ] [ HEADER ] array (
  'cookie' => 'Hm_lvt_dab2195aeba95b2d9ec83a712753ad6e=1529376904; Hm_lvt_5d12e2b4eed3b554ae941c0ac43c330a=1529376958; Hm_lvt_4233e74dff0ae5bd0a3d81c6ccf756e6=1528964755,1529023530,1530674357; _ga=GA1.1.1422980180.1528964754; ECS[visit_times]=31; PHPSESSID=32588cbql2fif6so342ciors54; hzy_login_back=',
  'accept-language' => 'zh-CN,zh;q=0.9',
  'accept-encoding' => 'gzip, deflate, br',
  'referer' => 'http://127.0.0.1/shixun/ECShop/public/home/css/style.css',
  'accept' => 'image/webp,image/apng,image/*,*/*;q=0.8',
  'user-agent' => 'Mozilla/5.0 (Windows NT 10.0; Win64; x64) AppleWebKit/537.36 (KHTML, like Gecko) Chrome/68.0.3440.106 Safari/537.36',
  'connection' => 'close',
  'host' => '127.0.0.1',
)
[ info ] [ PARAM ] array (
)
[ info ] [ LOG ] INIT File
---------------------------------------------------------------
[ 2018-09-16T19:41:08+08:00 ] 127.0.0.1 GET /shixun/ECShop/public/home/css/images/bnt_ur_log.gif
[ info ] 127.0.0.1/shixun/ECShop/public/home/css/images/bnt_ur_log.gif [运行时间：0.175172s][吞吐率：5.71req/s] [内存消耗：1,082.84kb] [文件加载：36]
[ info ] [ LANG ] D:\phpstudy\WWW\shixun\ECShop\thinkphp\lang\zh-cn.php
[ info ] [ ROUTE ] array (
  'type' => 'module',
  'module' => 
  array (
    0 => 'home',
    1 => 'css',
    2 => 'images',
  ),
)
[ info ] [ HEADER ] array (
  'cookie' => 'Hm_lvt_dab2195aeba95b2d9ec83a712753ad6e=1529376904; Hm_lvt_5d12e2b4eed3b554ae941c0ac43c330a=1529376958; Hm_lvt_4233e74dff0ae5bd0a3d81c6ccf756e6=1528964755,1529023530,1530674357; _ga=GA1.1.1422980180.1528964754; ECS[visit_times]=31; PHPSESSID=32588cbql2fif6so342ciors54; hzy_login_back=',
  'accept-language' => 'zh-CN,zh;q=0.9',
  'accept-encoding' => 'gzip, deflate, br',
  'referer' => 'http://127.0.0.1/shixun/ECShop/public/home/css/style.css',
  'accept' => 'image/webp,image/apng,image/*,*/*;q=0.8',
  'user-agent' => 'Mozilla/5.0 (Windows NT 10.0; Win64; x64) AppleWebKit/537.36 (KHTML, like Gecko) Chrome/68.0.3440.106 Safari/537.36',
  'connection' => 'close',
  'host' => '127.0.0.1',
)
[ info ] [ PARAM ] array (
)
[ info ] [ LOG ] INIT File
---------------------------------------------------------------
[ 2018-09-16T19:41:08+08:00 ] 127.0.0.1 GET /shixun/ECShop/public/home/css/images/cart.png
[ info ] 127.0.0.1/shixun/ECShop/public/home/css/images/cart.png [运行时间：0.131167s][吞吐率：7.62req/s] [内存消耗：1,082.73kb] [文件加载：36]
[ info ] [ LANG ] D:\phpstudy\WWW\shixun\ECShop\thinkphp\lang\zh-cn.php
[ info ] [ ROUTE ] array (
  'type' => 'module',
  'module' => 
  array (
    0 => 'home',
    1 => 'css',
    2 => 'images',
  ),
)
[ info ] [ HEADER ] array (
  'cookie' => 'Hm_lvt_dab2195aeba95b2d9ec83a712753ad6e=1529376904; Hm_lvt_5d12e2b4eed3b554ae941c0ac43c330a=1529376958; Hm_lvt_4233e74dff0ae5bd0a3d81c6ccf756e6=1528964755,1529023530,1530674357; _ga=GA1.1.1422980180.1528964754; ECS[visit_times]=31; PHPSESSID=32588cbql2fif6so342ciors54; hzy_login_back=',
  'accept-language' => 'zh-CN,zh;q=0.9',
  'accept-encoding' => 'gzip, deflate, br',
  'referer' => 'http://127.0.0.1/shixun/ECShop/public/home/css/style.css',
  'accept' => 'image/webp,image/apng,image/*,*/*;q=0.8',
  'user-agent' => 'Mozilla/5.0 (Windows NT 10.0; Win64; x64) AppleWebKit/537.36 (KHTML, like Gecko) Chrome/68.0.3440.106 Safari/537.36',
  'connection' => 'close',
  'host' => '127.0.0.1',
)
[ info ] [ PARAM ] array (
)
[ info ] [ LOG ] INIT File
---------------------------------------------------------------
[ 2018-09-16T19:41:08+08:00 ] 127.0.0.1 GET /shixun/ECShop/public/home/css/images/inputbg.gif
[ info ] 127.0.0.1/shixun/ECShop/public/home/css/images/inputbg.gif [运行时间：0.113019s][吞吐率：8.85req/s] [内存消耗：1,082.84kb] [文件加载：36]
[ info ] [ LANG ] D:\phpstudy\WWW\shixun\ECShop\thinkphp\lang\zh-cn.php
[ info ] [ ROUTE ] array (
  'type' => 'module',
  'module' => 
  array (
    0 => 'home',
    1 => 'css',
    2 => 'images',
  ),
)
[ info ] [ HEADER ] array (
  'cookie' => 'Hm_lvt_dab2195aeba95b2d9ec83a712753ad6e=1529376904; Hm_lvt_5d12e2b4eed3b554ae941c0ac43c330a=1529376958; Hm_lvt_4233e74dff0ae5bd0a3d81c6ccf756e6=1528964755,1529023530,1530674357; _ga=GA1.1.1422980180.1528964754; ECS[visit_times]=31; PHPSESSID=32588cbql2fif6so342ciors54; hzy_login_back=',
  'accept-language' => 'zh-CN,zh;q=0.9',
  'accept-encoding' => 'gzip, deflate, br',
  'referer' => 'http://127.0.0.1/shixun/ECShop/public/home/css/style.css',
  'accept' => 'image/webp,image/apng,image/*,*/*;q=0.8',
  'user-agent' => 'Mozilla/5.0 (Windows NT 10.0; Win64; x64) AppleWebKit/537.36 (KHTML, like Gecko) Chrome/68.0.3440.106 Safari/537.36',
  'connection' => 'close',
  'host' => '127.0.0.1',
)
[ info ] [ PARAM ] array (
)
[ info ] [ LOG ] INIT File
---------------------------------------------------------------
[ 2018-09-16T19:41:09+08:00 ] 127.0.0.1 GET /shixun/ECShop/public/home/css/images/search.jpg
[ info ] 127.0.0.1/shixun/ECShop/public/home/css/images/search.jpg [运行时间：0.060598s][吞吐率：16.50req/s] [内存消耗：1,082.84kb] [文件加载：36]
[ info ] [ LANG ] D:\phpstudy\WWW\shixun\ECShop\thinkphp\lang\zh-cn.php
[ info ] [ ROUTE ] array (
  'type' => 'module',
  'module' => 
  array (
    0 => 'home',
    1 => 'css',
    2 => 'images',
  ),
)
[ info ] [ HEADER ] array (
  'cookie' => 'Hm_lvt_dab2195aeba95b2d9ec83a712753ad6e=1529376904; Hm_lvt_5d12e2b4eed3b554ae941c0ac43c330a=1529376958; Hm_lvt_4233e74dff0ae5bd0a3d81c6ccf756e6=1528964755,1529023530,1530674357; _ga=GA1.1.1422980180.1528964754; ECS[visit_times]=31; PHPSESSID=32588cbql2fif6so342ciors54; hzy_login_back=',
  'accept-language' => 'zh-CN,zh;q=0.9',
  'accept-encoding' => 'gzip, deflate, br',
  'referer' => 'http://127.0.0.1/shixun/ECShop/public/home/css/style.css',
  'accept' => 'image/webp,image/apng,image/*,*/*;q=0.8',
  'user-agent' => 'Mozilla/5.0 (Windows NT 10.0; Win64; x64) AppleWebKit/537.36 (KHTML, like Gecko) Chrome/68.0.3440.106 Safari/537.36',
  'connection' => 'close',
  'host' => '127.0.0.1',
)
[ info ] [ PARAM ] array (
)
[ info ] [ LOG ] INIT File
---------------------------------------------------------------
[ 2018-09-16T19:48:15+08:00 ] 127.0.0.1 GET /shixun/ECShop/public/
[ info ] 127.0.0.1/shixun/ECShop/public/ [运行时间：0.085054s][吞吐率：11.76req/s] [内存消耗：1,335.51kb] [文件加载：42]
[ info ] [ LANG ] D:\phpstudy\WWW\shixun\ECShop\thinkphp\lang\zh-cn.php
[ info ] [ ROUTE ] array (
  'type' => 'module',
  'module' => 
  array (
    0 => '',
    1 => NULL,
    2 => NULL,
  ),
)
[ info ] [ HEADER ] array (
  'cookie' => 'Hm_lvt_dab2195aeba95b2d9ec83a712753ad6e=1529376904; Hm_lvt_5d12e2b4eed3b554ae941c0ac43c330a=1529376958; Hm_lvt_4233e74dff0ae5bd0a3d81c6ccf756e6=1528964755,1529023530,1530674357; _ga=GA1.1.1422980180.1528964754; ECS[visit_times]=31; PHPSESSID=32588cbql2fif6so342ciors54; hzy_login_back=',
  'accept-language' => 'zh-CN,zh;q=0.9',
  'accept-encoding' => 'gzip, deflate, br',
  'referer' => 'http://127.0.0.1/shixun/ECShop/',
  'accept' => 'text/html,application/xhtml+xml,application/xml;q=0.9,image/webp,image/apng,*/*;q=0.8',
  'user-agent' => 'Mozilla/5.0 (Windows NT 10.0; Win64; x64) AppleWebKit/537.36 (KHTML, like Gecko) Chrome/68.0.3440.106 Safari/537.36',
  'upgrade-insecure-requests' => '1',
  'connection' => 'close',
  'host' => '127.0.0.1',
)
[ info ] [ PARAM ] array (
)
[ info ] [ RUN ] app\admin\controller\Login->login[ D:\phpstudy\WWW\shixun\ECShop\application\admin\controller\Login.php ]
[ info ] [ VIEW ] D:\phpstudy\WWW\shixun\ECShop\public/../application/admin\view\login\login.html [ array (
) ]
[ info ] [ LOG ] INIT File
---------------------------------------------------------------
[ 2018-09-16T19:48:15+08:00 ] 127.0.0.1 GET /shixun/ECShop/public/captcha.html
[ info ] 127.0.0.1/shixun/ECShop/public/captcha.html [运行时间：0.073896s][吞吐率：13.53req/s] [内存消耗：1,102.16kb] [文件加载：34]
[ info ] [ LANG ] D:\phpstudy\WWW\shixun\ECShop\thinkphp\lang\zh-cn.php
[ info ] [ ROUTE ] array (
  'type' => 'method',
  'method' => 
  array (
    0 => '\\think\\captcha\\CaptchaController',
    1 => 'index',
  ),
  'var' => 
  array (
  ),
)
[ info ] [ HEADER ] array (
  'cookie' => 'Hm_lvt_dab2195aeba95b2d9ec83a712753ad6e=1529376904; Hm_lvt_5d12e2b4eed3b554ae941c0ac43c330a=1529376958; Hm_lvt_4233e74dff0ae5bd0a3d81c6ccf756e6=1528964755,1529023530,1530674357; _ga=GA1.1.1422980180.1528964754; ECS[visit_times]=31; PHPSESSID=32588cbql2fif6so342ciors54; hzy_login_back=',
  'accept-language' => 'zh-CN,zh;q=0.9',
  'accept-encoding' => 'gzip, deflate, br',
  'referer' => 'http://127.0.0.1/shixun/ECShop/public/',
  'accept' => 'image/webp,image/apng,image/*,*/*;q=0.8',
  'user-agent' => 'Mozilla/5.0 (Windows NT 10.0; Win64; x64) AppleWebKit/537.36 (KHTML, like Gecko) Chrome/68.0.3440.106 Safari/537.36',
  'connection' => 'close',
  'host' => '127.0.0.1',
)
[ info ] [ PARAM ] array (
  'id' => NULL,
)
[ info ] [ RUN ] think\captcha\CaptchaController->index[ D:\phpstudy\WWW\shixun\ECShop\vendor\topthink\think-captcha\src\CaptchaController.php ]
[ info ] [ SESSION ] INIT array (
  'id' => '',
  'var_session_id' => '',
  'prefix' => 'think',
  'type' => '',
  'auto_start' => true,
)
[ info ] [ LOG ] INIT File
---------------------------------------------------------------
[ 2018-09-16T19:48:28+08:00 ] 127.0.0.1 GET /shixun/ECShop/public/home/index
[ info ] 127.0.0.1/shixun/ECShop/public/home/index [运行时间：0.080468s][吞吐率：12.43req/s] [内存消耗：1,304.97kb] [文件加载：42]
[ info ] [ LANG ] D:\phpstudy\WWW\shixun\ECShop\thinkphp\lang\zh-cn.php
[ info ] [ ROUTE ] array (
  'type' => 'module',
  'module' => 
  array (
    0 => 'home',
    1 => 'index',
    2 => NULL,
  ),
)
[ info ] [ HEADER ] array (
  'cookie' => 'Hm_lvt_dab2195aeba95b2d9ec83a712753ad6e=1529376904; Hm_lvt_5d12e2b4eed3b554ae941c0ac43c330a=1529376958; Hm_lvt_4233e74dff0ae5bd0a3d81c6ccf756e6=1528964755,1529023530,1530674357; _ga=GA1.1.1422980180.1528964754; ECS[visit_times]=31; PHPSESSID=32588cbql2fif6so342ciors54; hzy_login_back=',
  'accept-language' => 'zh-CN,zh;q=0.9',
  'accept-encoding' => 'gzip, deflate, br',
  'accept' => 'text/html,application/xhtml+xml,application/xml;q=0.9,image/webp,image/apng,*/*;q=0.8',
  'user-agent' => 'Mozilla/5.0 (Windows NT 10.0; Win64; x64) AppleWebKit/537.36 (KHTML, like Gecko) Chrome/68.0.3440.106 Safari/537.36',
  'upgrade-insecure-requests' => '1',
  'connection' => 'close',
  'host' => '127.0.0.1',
)
[ info ] [ PARAM ] array (
)
[ info ] [ LOG ] INIT File
---------------------------------------------------------------
[ 2018-09-16T19:48:34+08:00 ] 127.0.0.1 GET /home/index/index.html
[ info ] www.ecshop4.0.com/home/index/index.html [运行时间：0.124248s][吞吐率：8.05req/s] [内存消耗：2,201.16kb] [文件加载：53]
[ info ] [ LANG ] D:\phpstudy\WWW\shixun\ECShop\thinkphp\lang\zh-cn.php
[ info ] [ ROUTE ] array (
  'type' => 'module',
  'module' => 
  array (
    0 => 'home',
    1 => 'index',
    2 => 'index',
  ),
)
[ info ] [ HEADER ] array (
  'cookie' => 'PHPSESSID=jl5itekq3s1a7cqp14escuvl62',
  'accept-language' => 'zh-CN,zh;q=0.9',
  'accept-encoding' => 'gzip, deflate',
  'accept' => 'text/html,application/xhtml+xml,application/xml;q=0.9,image/webp,image/apng,*/*;q=0.8',
  'user-agent' => 'Mozilla/5.0 (Windows NT 10.0; Win64; x64) AppleWebKit/537.36 (KHTML, like Gecko) Chrome/68.0.3440.106 Safari/537.36',
  'upgrade-insecure-requests' => '1',
  'cache-control' => 'max-age=0',
  'connection' => 'close',
  'host' => 'www.ecshop4.0.com',
)
[ info ] [ PARAM ] array (
)
[ info ] [ RUN ] app\home\controller\Index->index[ D:\phpstudy\WWW\shixun\ECShop\application\home\controller\Index.php ]
[ info ] [ DB ] INIT mysql
[ info ] [ LOG ] INIT File
[ sql ] [ DB ] CONNECT:[ UseTime:0.005772s ] mysql:host=127.0.0.1;port=3306;dbname=ecshop;charset=utf8
[ error ] [10501]SQLSTATE[42S02]: Base table or view not found: 1146 Table 'ecshop.category' doesn't exist[D:\phpstudy\WWW\shixun\ECShop\thinkphp\library\think\db\Connection.php:390]
---------------------------------------------------------------
[ 2018-09-16T20:51:22+08:00 ] 127.0.0.1 GET /home/index/index.html
[ info ] www.ecshop4.0.com/home/index/index.html [运行时间：0.161578s][吞吐率：6.19req/s] [内存消耗：2,200.86kb] [文件加载：53]
[ info ] [ LANG ] D:\phpstudy\WWW\shixun\ECShop\thinkphp\lang\zh-cn.php
[ info ] [ ROUTE ] array (
  'type' => 'module',
  'module' => 
  array (
    0 => 'home',
    1 => 'index',
    2 => 'index',
  ),
)
[ info ] [ HEADER ] array (
  'cookie' => 'PHPSESSID=jl5itekq3s1a7cqp14escuvl62',
  'accept-language' => 'zh-CN,zh;q=0.9',
  'accept-encoding' => 'gzip, deflate',
  'accept' => 'text/html,application/xhtml+xml,application/xml;q=0.9,image/webp,image/apng,*/*;q=0.8',
  'user-agent' => 'Mozilla/5.0 (Windows NT 10.0; Win64; x64) AppleWebKit/537.36 (KHTML, like Gecko) Chrome/68.0.3440.106 Safari/537.36',
  'upgrade-insecure-requests' => '1',
  'connection' => 'close',
  'host' => 'www.ecshop4.0.com',
)
[ info ] [ PARAM ] array (
)
[ info ] [ RUN ] app\home\controller\Index->index[ D:\phpstudy\WWW\shixun\ECShop\application\home\controller\Index.php ]
[ info ] [ DB ] INIT mysql
[ info ] [ LOG ] INIT File
[ sql ] [ DB ] CONNECT:[ UseTime:0.005496s ] mysql:host=127.0.0.1;port=3306;dbname=ecshop;charset=utf8
[ error ] [10501]SQLSTATE[42S02]: Base table or view not found: 1146 Table 'ecshop.category' doesn't exist[D:\phpstudy\WWW\shixun\ECShop\thinkphp\library\think\db\Connection.php:390]
---------------------------------------------------------------
[ 2018-09-16T20:52:24+08:00 ] 127.0.0.1 GET /home/index/index.html
[ info ] www.ecshop4.0.com/home/index/index.html [运行时间：0.069370s][吞吐率：14.42req/s] [内存消耗：1,454.85kb] [文件加载：42]
[ info ] [ LANG ] D:\phpstudy\WWW\shixun\ECShop\thinkphp\lang\zh-cn.php
[ info ] [ ROUTE ] array (
  'type' => 'module',
  'module' => 
  array (
    0 => 'home',
    1 => 'index',
    2 => 'index',
  ),
)
[ info ] [ HEADER ] array (
  'cookie' => 'PHPSESSID=jl5itekq3s1a7cqp14escuvl62',
  'accept-language' => 'zh-CN,zh;q=0.9',
  'accept-encoding' => 'gzip, deflate',
  'accept' => 'text/html,application/xhtml+xml,application/xml;q=0.9,image/webp,image/apng,*/*;q=0.8',
  'user-agent' => 'Mozilla/5.0 (Windows NT 10.0; Win64; x64) AppleWebKit/537.36 (KHTML, like Gecko) Chrome/68.0.3440.106 Safari/537.36',
  'upgrade-insecure-requests' => '1',
  'cache-control' => 'max-age=0',
  'connection' => 'close',
  'host' => 'www.ecshop4.0.com',
)
[ info ] [ PARAM ] array (
)
[ info ] [ RUN ] app\home\controller\Index->index[ D:\phpstudy\WWW\shixun\ECShop\application\home\controller\Index.php ]
[ info ] [ VIEW ] D:\phpstudy\WWW\shixun\ECShop\public/../application/home\view\index\index.html [ array (
) ]
[ info ] [ LOG ] INIT File
---------------------------------------------------------------
[ 2018-09-16T20:54:59+08:00 ] 127.0.0.1 GET /home/index/index.html
[ info ] www.ecshop4.0.com/home/index/index.html [运行时间：0.084836s][吞吐率：11.79req/s] [内存消耗：1,314.65kb] [文件加载：43]
[ info ] [ LANG ] D:\phpstudy\WWW\shixun\ECShop\thinkphp\lang\zh-cn.php
[ info ] [ ROUTE ] array (
  'type' => 'module',
  'module' => 
  array (
    0 => 'home',
    1 => 'index',
    2 => 'index',
  ),
)
[ info ] [ HEADER ] array (
  'cookie' => 'PHPSESSID=jl5itekq3s1a7cqp14escuvl62',
  'accept-language' => 'zh-CN,zh;q=0.9',
  'accept-encoding' => 'gzip, deflate',
  'accept' => 'text/html,application/xhtml+xml,application/xml;q=0.9,image/webp,image/apng,*/*;q=0.8',
  'user-agent' => 'Mozilla/5.0 (Windows NT 10.0; Win64; x64) AppleWebKit/537.36 (KHTML, like Gecko) Chrome/68.0.3440.106 Safari/537.36',
  'upgrade-insecure-requests' => '1',
  'cache-control' => 'max-age=0',
  'connection' => 'close',
  'host' => 'www.ecshop4.0.com',
)
[ info ] [ PARAM ] array (
)
[ info ] [ RUN ] app\home\controller\Index->index[ D:\phpstudy\WWW\shixun\ECShop\application\home\controller\Index.php ]
[ info ] [ LOG ] INIT File
[ error ] [1]Class 'app\home\controller\Category' not found[D:\phpstudy\WWW\shixun\ECShop\application\home\controller\Index.php:10]
---------------------------------------------------------------
[ 2018-09-16T20:55:11+08:00 ] 127.0.0.1 GET /home/index/index.html
[ info ] www.ecshop4.0.com/home/index/index.html [运行时间：0.177342s][吞吐率：5.64req/s] [内存消耗：2,254.78kb] [文件加载：49]
[ info ] [ LANG ] D:\phpstudy\WWW\shixun\ECShop\thinkphp\lang\zh-cn.php
[ info ] [ ROUTE ] array (
  'type' => 'module',
  'module' => 
  array (
    0 => 'home',
    1 => 'index',
    2 => 'index',
  ),
)
[ info ] [ HEADER ] array (
  'cookie' => 'PHPSESSID=jl5itekq3s1a7cqp14escuvl62',
  'accept-language' => 'zh-CN,zh;q=0.9',
  'accept-encoding' => 'gzip, deflate',
  'accept' => 'text/html,application/xhtml+xml,application/xml;q=0.9,image/webp,image/apng,*/*;q=0.8',
  'user-agent' => 'Mozilla/5.0 (Windows NT 10.0; Win64; x64) AppleWebKit/537.36 (KHTML, like Gecko) Chrome/68.0.3440.106 Safari/537.36',
  'upgrade-insecure-requests' => '1',
  'cache-control' => 'max-age=0',
  'connection' => 'close',
  'host' => 'www.ecshop4.0.com',
)
[ info ] [ PARAM ] array (
)
[ info ] [ RUN ] app\home\controller\Index->index[ D:\phpstudy\WWW\shixun\ECShop\application\home\controller\Index.php ]
[ info ] [ DB ] INIT mysql
[ info ] [ VIEW ] D:\phpstudy\WWW\shixun\ECShop\public/../application/home\view\index\index.html [ array (
  0 => 'goods_data',
  1 => 'cat_data',
) ]
[ info ] [ LOG ] INIT File
[ sql ] [ DB ] CONNECT:[ UseTime:0.004693s ] mysql:host=127.0.0.1;port=3306;dbname=ecshop;charset=utf8
[ sql ] [ SQL ] SHOW COLUMNS FROM `category` [ RunTime:0.028401s ]
[ sql ] [ SQL ] SELECT * FROM `category` [ RunTime:0.000959s ]
[ sql ] [ SQL ] SHOW COLUMNS FROM `goods` [ RunTime:0.036059s ]
[ sql ] [ SQL ] SELECT * FROM goods g INNER JOIN `category` `c` ON `g`.`cat_id`=`c`.`cat_id` [ RunTime:0.003022s ]
