---------------------------------------------------------------
[ 2018-09-17T09:30:46+08:00 ] 127.0.0.1 GET /
[ info ] www.ecshop4.0.com/ [运行时间：0.126085s][吞吐率：7.93req/s] [内存消耗：1,322.75kb] [文件加载：42]
[ info ] [ LANG ] E:\phpStudy\WWW\ECShop\thinkphp\lang\zh-cn.php
[ info ] [ ROUTE ] array (
  'type' => 'module',
  'module' => 
  array (
    0 => '',
    1 => NULL,
    2 => NULL,
  ),
)
[ info ] [ HEADER ] array (
  'cookie' => 'pgv_pvi=2783815680',
  'accept-language' => 'zh-CN,zh;q=0.9',
  'accept-encoding' => 'gzip, deflate',
  'accept' => 'text/html,application/xhtml+xml,application/xml;q=0.9,image/webp,image/apng,*/*;q=0.8',
  'user-agent' => 'Mozilla/5.0 (Windows NT 10.0; Win64; x64) AppleWebKit/537.36 (KHTML, like Gecko) Chrome/68.0.3440.106 Safari/537.36',
  'upgrade-insecure-requests' => '1',
  'connection' => 'close',
  'host' => 'www.ecshop4.0.com',
)
[ info ] [ PARAM ] array (
)
[ info ] [ RUN ] app\admin\controller\Login->login[ E:\phpStudy\WWW\ECShop\application\admin\controller\Login.php ]
[ info ] [ VIEW ] E:\phpStudy\WWW\ECShop\public/../application/admin\view\login\login.html [ array (
) ]
[ info ] [ LOG ] INIT File
---------------------------------------------------------------
[ 2018-09-17T09:30:47+08:00 ] 127.0.0.1 GET /captcha.html
[ info ] www.ecshop4.0.com/captcha.html [运行时间：0.220422s][吞吐率：4.54req/s] [内存消耗：1,117.55kb] [文件加载：34]
[ info ] [ LANG ] E:\phpStudy\WWW\ECShop\thinkphp\lang\zh-cn.php
[ info ] [ ROUTE ] array (
  'type' => 'method',
  'method' => 
  array (
    0 => '\\think\\captcha\\CaptchaController',
    1 => 'index',
  ),
  'var' => 
  array (
  ),
)
[ info ] [ HEADER ] array (
  'cookie' => 'pgv_pvi=2783815680',
  'accept-language' => 'zh-CN,zh;q=0.9',
  'accept-encoding' => 'gzip, deflate',
  'referer' => 'http://www.ecshop4.0.com/',
  'accept' => 'image/webp,image/apng,image/*,*/*;q=0.8',
  'user-agent' => 'Mozilla/5.0 (Windows NT 10.0; Win64; x64) AppleWebKit/537.36 (KHTML, like Gecko) Chrome/68.0.3440.106 Safari/537.36',
  'connection' => 'close',
  'host' => 'www.ecshop4.0.com',
)
[ info ] [ PARAM ] array (
  'id' => NULL,
)
[ info ] [ RUN ] think\captcha\CaptchaController->index[ E:\phpStudy\WWW\ECShop\vendor\topthink\think-captcha\src\CaptchaController.php ]
[ info ] [ SESSION ] INIT array (
  'id' => '',
  'var_session_id' => '',
  'prefix' => 'think',
  'type' => '',
  'auto_start' => true,
)
[ info ] [ LOG ] INIT File
---------------------------------------------------------------
[ 2018-09-17T09:33:00+08:00 ] 127.0.0.1 GET /
[ info ] www.ecshop4.0.com/ [运行时间：0.062551s][吞吐率：15.99req/s] [内存消耗：1,323.70kb] [文件加载：42]
[ info ] [ LANG ] E:\phpStudy\WWW\ECShop\thinkphp\lang\zh-cn.php
[ info ] [ ROUTE ] array (
  'type' => 'module',
  'module' => 
  array (
    0 => '',
    1 => NULL,
    2 => NULL,
  ),
)
[ info ] [ HEADER ] array (
  'cookie' => 'pgv_pvi=2783815680; PHPSESSID=b8hdd4btd94vnnaiejle08lho2',
  'accept-language' => 'zh-CN,zh;q=0.9',
  'accept-encoding' => 'gzip, deflate',
  'accept' => 'text/html,application/xhtml+xml,application/xml;q=0.9,image/webp,image/apng,*/*;q=0.8',
  'user-agent' => 'Mozilla/5.0 (Windows NT 10.0; Win64; x64) AppleWebKit/537.36 (KHTML, like Gecko) Chrome/68.0.3440.106 Safari/537.36',
  'upgrade-insecure-requests' => '1',
  'cache-control' => 'max-age=0',
  'connection' => 'close',
  'host' => 'www.ecshop4.0.com',
)
[ info ] [ PARAM ] array (
)
[ info ] [ RUN ] app\admin\controller\Login->login[ E:\phpStudy\WWW\ECShop\application\admin\controller\Login.php ]
[ info ] [ VIEW ] E:\phpStudy\WWW\ECShop\public/../application/admin\view\login\login.html [ array (
) ]
[ info ] [ LOG ] INIT File
---------------------------------------------------------------
[ 2018-09-17T09:33:00+08:00 ] 127.0.0.1 GET /captcha.html
[ info ] www.ecshop4.0.com/captcha.html [运行时间：0.049281s][吞吐率：20.29req/s] [内存消耗：1,117.65kb] [文件加载：34]
[ info ] [ LANG ] E:\phpStudy\WWW\ECShop\thinkphp\lang\zh-cn.php
[ info ] [ ROUTE ] array (
  'type' => 'method',
  'method' => 
  array (
    0 => '\\think\\captcha\\CaptchaController',
    1 => 'index',
  ),
  'var' => 
  array (
  ),
)
[ info ] [ HEADER ] array (
  'cookie' => 'pgv_pvi=2783815680; PHPSESSID=b8hdd4btd94vnnaiejle08lho2',
  'accept-language' => 'zh-CN,zh;q=0.9',
  'accept-encoding' => 'gzip, deflate',
  'referer' => 'http://www.ecshop4.0.com/',
  'accept' => 'image/webp,image/apng,image/*,*/*;q=0.8',
  'user-agent' => 'Mozilla/5.0 (Windows NT 10.0; Win64; x64) AppleWebKit/537.36 (KHTML, like Gecko) Chrome/68.0.3440.106 Safari/537.36',
  'connection' => 'close',
  'host' => 'www.ecshop4.0.com',
)
[ info ] [ PARAM ] array (
  'id' => NULL,
)
[ info ] [ RUN ] think\captcha\CaptchaController->index[ E:\phpStudy\WWW\ECShop\vendor\topthink\think-captcha\src\CaptchaController.php ]
[ info ] [ SESSION ] INIT array (
  'id' => '',
  'var_session_id' => '',
  'prefix' => 'think',
  'type' => '',
  'auto_start' => true,
)
[ info ] [ LOG ] INIT File
---------------------------------------------------------------
[ 2018-09-17T09:33:01+08:00 ] 127.0.0.1 GET /
[ info ] www.ecshop4.0.com/ [运行时间：0.038371s][吞吐率：26.06req/s] [内存消耗：1,323.70kb] [文件加载：42]
[ info ] [ LANG ] E:\phpStudy\WWW\ECShop\thinkphp\lang\zh-cn.php
[ info ] [ ROUTE ] array (
  'type' => 'module',
  'module' => 
  array (
    0 => '',
    1 => NULL,
    2 => NULL,
  ),
)
[ info ] [ HEADER ] array (
  'cookie' => 'pgv_pvi=2783815680; PHPSESSID=b8hdd4btd94vnnaiejle08lho2',
  'accept-language' => 'zh-CN,zh;q=0.9',
  'accept-encoding' => 'gzip, deflate',
  'accept' => 'text/html,application/xhtml+xml,application/xml;q=0.9,image/webp,image/apng,*/*;q=0.8',
  'user-agent' => 'Mozilla/5.0 (Windows NT 10.0; Win64; x64) AppleWebKit/537.36 (KHTML, like Gecko) Chrome/68.0.3440.106 Safari/537.36',
  'upgrade-insecure-requests' => '1',
  'cache-control' => 'max-age=0',
  'connection' => 'close',
  'host' => 'www.ecshop4.0.com',
)
[ info ] [ PARAM ] array (
)
[ info ] [ RUN ] app\admin\controller\Login->login[ E:\phpStudy\WWW\ECShop\application\admin\controller\Login.php ]
[ info ] [ VIEW ] E:\phpStudy\WWW\ECShop\public/../application/admin\view\login\login.html [ array (
) ]
[ info ] [ LOG ] INIT File
---------------------------------------------------------------
[ 2018-09-17T09:33:01+08:00 ] 127.0.0.1 GET /captcha.html
[ info ] www.ecshop4.0.com/captcha.html [运行时间：0.043222s][吞吐率：23.14req/s] [内存消耗：1,117.65kb] [文件加载：34]
[ info ] [ LANG ] E:\phpStudy\WWW\ECShop\thinkphp\lang\zh-cn.php
[ info ] [ ROUTE ] array (
  'type' => 'method',
  'method' => 
  array (
    0 => '\\think\\captcha\\CaptchaController',
    1 => 'index',
  ),
  'var' => 
  array (
  ),
)
[ info ] [ HEADER ] array (
  'cookie' => 'pgv_pvi=2783815680; PHPSESSID=b8hdd4btd94vnnaiejle08lho2',
  'accept-language' => 'zh-CN,zh;q=0.9',
  'accept-encoding' => 'gzip, deflate',
  'referer' => 'http://www.ecshop4.0.com/',
  'accept' => 'image/webp,image/apng,image/*,*/*;q=0.8',
  'user-agent' => 'Mozilla/5.0 (Windows NT 10.0; Win64; x64) AppleWebKit/537.36 (KHTML, like Gecko) Chrome/68.0.3440.106 Safari/537.36',
  'connection' => 'close',
  'host' => 'www.ecshop4.0.com',
)
[ info ] [ PARAM ] array (
  'id' => NULL,
)
[ info ] [ RUN ] think\captcha\CaptchaController->index[ E:\phpStudy\WWW\ECShop\vendor\topthink\think-captcha\src\CaptchaController.php ]
[ info ] [ SESSION ] INIT array (
  'id' => '',
  'var_session_id' => '',
  'prefix' => 'think',
  'type' => '',
  'auto_start' => true,
)
[ info ] [ LOG ] INIT File
---------------------------------------------------------------
[ 2018-09-17T09:33:06+08:00 ] 127.0.0.1 GET /admin
[ info ] www.ecshop4.0.com/admin [运行时间：0.049133s][吞吐率：20.35req/s] [内存消耗：1,324.70kb] [文件加载：42]
[ info ] [ LANG ] E:\phpStudy\WWW\ECShop\thinkphp\lang\zh-cn.php
[ info ] [ ROUTE ] array (
  'type' => 'module',
  'module' => 
  array (
    0 => 'admin',
    1 => NULL,
    2 => NULL,
  ),
)
[ info ] [ HEADER ] array (
  'cookie' => 'pgv_pvi=2783815680; PHPSESSID=b8hdd4btd94vnnaiejle08lho2',
  'accept-language' => 'zh-CN,zh;q=0.9',
  'accept-encoding' => 'gzip, deflate',
  'accept' => 'text/html,application/xhtml+xml,application/xml;q=0.9,image/webp,image/apng,*/*;q=0.8',
  'user-agent' => 'Mozilla/5.0 (Windows NT 10.0; Win64; x64) AppleWebKit/537.36 (KHTML, like Gecko) Chrome/68.0.3440.106 Safari/537.36',
  'upgrade-insecure-requests' => '1',
  'connection' => 'close',
  'host' => 'www.ecshop4.0.com',
)
[ info ] [ PARAM ] array (
)
[ info ] [ RUN ] app\admin\controller\Login->login[ E:\phpStudy\WWW\ECShop\application\admin\controller\Login.php ]
[ info ] [ VIEW ] E:\phpStudy\WWW\ECShop\public/../application/admin\view\login\login.html [ array (
) ]
[ info ] [ LOG ] INIT File
---------------------------------------------------------------
[ 2018-09-17T09:33:08+08:00 ] 127.0.0.1 GET /admin/Index/index
[ info ] www.ecshop4.0.com/admin/Index/index [运行时间：0.061264s][吞吐率：16.32req/s] [内存消耗：1,272.66kb] [文件加载：41]
[ info ] [ LANG ] E:\phpStudy\WWW\ECShop\thinkphp\lang\zh-cn.php
[ info ] [ ROUTE ] array (
  'type' => 'module',
  'module' => 
  array (
    0 => 'admin',
    1 => 'Index',
    2 => 'index',
  ),
)
[ info ] [ HEADER ] array (
  'cookie' => 'pgv_pvi=2783815680; PHPSESSID=b8hdd4btd94vnnaiejle08lho2',
  'accept-language' => 'zh-CN,zh;q=0.9',
  'accept-encoding' => 'gzip, deflate',
  'accept' => 'text/html,application/xhtml+xml,application/xml;q=0.9,image/webp,image/apng,*/*;q=0.8',
  'user-agent' => 'Mozilla/5.0 (Windows NT 10.0; Win64; x64) AppleWebKit/537.36 (KHTML, like Gecko) Chrome/68.0.3440.106 Safari/537.36',
  'upgrade-insecure-requests' => '1',
  'connection' => 'close',
  'host' => 'www.ecshop4.0.com',
)
[ info ] [ PARAM ] array (
)
[ info ] [ RUN ] app\admin\controller\Index->index[ E:\phpStudy\WWW\ECShop\application\admin\controller\Index.php ]
[ info ] [ SESSION ] INIT array (
  'id' => '',
  'var_session_id' => '',
  'prefix' => 'think',
  'type' => '',
  'auto_start' => true,
)
[ info ] [ VIEW ] E:\phpStudy\WWW\ECShop\thinkphp\tpl\dispatch_jump.tpl [ array (
  0 => 'code',
  1 => 'msg',
  2 => 'data',
  3 => 'url',
  4 => 'wait',
) ]
[ info ] [ LOG ] INIT File
---------------------------------------------------------------
[ 2018-09-17T09:33:11+08:00 ] 127.0.0.1 GET /
[ info ] www.ecshop4.0.com/ [运行时间：0.025695s][吞吐率：38.92req/s] [内存消耗：1,323.73kb] [文件加载：42]
[ info ] [ LANG ] E:\phpStudy\WWW\ECShop\thinkphp\lang\zh-cn.php
[ info ] [ ROUTE ] array (
  'type' => 'module',
  'module' => 
  array (
    0 => '',
    1 => NULL,
    2 => NULL,
  ),
)
[ info ] [ HEADER ] array (
  'cookie' => 'pgv_pvi=2783815680; PHPSESSID=b8hdd4btd94vnnaiejle08lho2',
  'accept-language' => 'zh-CN,zh;q=0.9',
  'accept-encoding' => 'gzip, deflate',
  'referer' => 'http://www.ecshop4.0.com/admin/Index/index',
  'accept' => 'text/html,application/xhtml+xml,application/xml;q=0.9,image/webp,image/apng,*/*;q=0.8',
  'user-agent' => 'Mozilla/5.0 (Windows NT 10.0; Win64; x64) AppleWebKit/537.36 (KHTML, like Gecko) Chrome/68.0.3440.106 Safari/537.36',
  'upgrade-insecure-requests' => '1',
  'connection' => 'close',
  'host' => 'www.ecshop4.0.com',
)
[ info ] [ PARAM ] array (
)
[ info ] [ RUN ] app\admin\controller\Login->login[ E:\phpStudy\WWW\ECShop\application\admin\controller\Login.php ]
[ info ] [ VIEW ] E:\phpStudy\WWW\ECShop\public/../application/admin\view\login\login.html [ array (
) ]
[ info ] [ LOG ] INIT File
---------------------------------------------------------------
[ 2018-09-17T09:33:11+08:00 ] 127.0.0.1 GET /captcha.html
[ info ] www.ecshop4.0.com/captcha.html [运行时间：0.032095s][吞吐率：31.16req/s] [内存消耗：1,117.65kb] [文件加载：34]
[ info ] [ LANG ] E:\phpStudy\WWW\ECShop\thinkphp\lang\zh-cn.php
[ info ] [ ROUTE ] array (
  'type' => 'method',
  'method' => 
  array (
    0 => '\\think\\captcha\\CaptchaController',
    1 => 'index',
  ),
  'var' => 
  array (
  ),
)
[ info ] [ HEADER ] array (
  'cookie' => 'pgv_pvi=2783815680; PHPSESSID=b8hdd4btd94vnnaiejle08lho2',
  'accept-language' => 'zh-CN,zh;q=0.9',
  'accept-encoding' => 'gzip, deflate',
  'referer' => 'http://www.ecshop4.0.com/',
  'accept' => 'image/webp,image/apng,image/*,*/*;q=0.8',
  'user-agent' => 'Mozilla/5.0 (Windows NT 10.0; Win64; x64) AppleWebKit/537.36 (KHTML, like Gecko) Chrome/68.0.3440.106 Safari/537.36',
  'connection' => 'close',
  'host' => 'www.ecshop4.0.com',
)
[ info ] [ PARAM ] array (
  'id' => NULL,
)
[ info ] [ RUN ] think\captcha\CaptchaController->index[ E:\phpStudy\WWW\ECShop\vendor\topthink\think-captcha\src\CaptchaController.php ]
[ info ] [ SESSION ] INIT array (
  'id' => '',
  'var_session_id' => '',
  'prefix' => 'think',
  'type' => '',
  'auto_start' => true,
)
[ info ] [ LOG ] INIT File
---------------------------------------------------------------
[ 2018-09-17T09:33:23+08:00 ] 127.0.0.1 POST /admin/login/login_do.html
[ info ] www.ecshop4.0.com/admin/login/login_do.html [运行时间：0.143390s][吞吐率：6.97req/s] [内存消耗：1,927.01kb] [文件加载：48]
[ info ] [ LANG ] E:\phpStudy\WWW\ECShop\thinkphp\lang\zh-cn.php
[ info ] [ ROUTE ] array (
  'type' => 'module',
  'module' => 
  array (
    0 => 'admin',
    1 => 'login',
    2 => 'login_do',
  ),
)
[ info ] [ HEADER ] array (
  'cookie' => 'pgv_pvi=2783815680; PHPSESSID=b8hdd4btd94vnnaiejle08lho2',
  'accept-language' => 'zh-CN,zh;q=0.9',
  'accept-encoding' => 'gzip, deflate',
  'referer' => 'http://www.ecshop4.0.com/',
  'accept' => 'text/html,application/xhtml+xml,application/xml;q=0.9,image/webp,image/apng,*/*;q=0.8',
  'user-agent' => 'Mozilla/5.0 (Windows NT 10.0; Win64; x64) AppleWebKit/537.36 (KHTML, like Gecko) Chrome/68.0.3440.106 Safari/537.36',
  'content-type' => 'application/x-www-form-urlencoded',
  'upgrade-insecure-requests' => '1',
  'origin' => 'http://www.ecshop4.0.com',
  'cache-control' => 'max-age=0',
  'content-length' => '44',
  'connection' => 'close',
  'host' => 'www.ecshop4.0.com',
)
[ info ] [ PARAM ] array (
  'User_name' => 'zhangxin',
  'User_pwd' => '123456',
  'code' => '7343',
)
[ info ] [ RUN ] app\admin\controller\Login->login_do[ E:\phpStudy\WWW\ECShop\application\admin\controller\Login.php ]
[ info ] [ SESSION ] INIT array (
  'id' => '',
  'var_session_id' => '',
  'prefix' => 'think',
  'type' => '',
  'auto_start' => true,
)
[ info ] [ DB ] INIT mysql
[ info ] [ LOG ] INIT File
[ sql ] [ DB ] CONNECT:[ UseTime:0.046949s ] mysql:host=127.0.0.1;port=3306;dbname=ecshop;charset=utf8
[ sql ] [ SQL ] SHOW COLUMNS FROM `user` [ RunTime:0.029501s ]
[ sql ] [ SQL ] SELECT * FROM `user` WHERE  (  User_name='zhangxin' and User_pwd='123456' ) LIMIT 1 [ RunTime:0.001935s ]
---------------------------------------------------------------
[ 2018-09-17T09:33:24+08:00 ] 127.0.0.1 GET /admin/index/index
[ info ] www.ecshop4.0.com/admin/index/index [运行时间：0.052300s][吞吐率：19.12req/s] [内存消耗：1,275.88kb] [文件加载：41]
[ info ] [ LANG ] E:\phpStudy\WWW\ECShop\thinkphp\lang\zh-cn.php
[ info ] [ ROUTE ] array (
  'type' => 'module',
  'module' => 
  array (
    0 => 'admin',
    1 => 'index',
    2 => 'index',
  ),
)
[ info ] [ HEADER ] array (
  'cookie' => 'pgv_pvi=2783815680; PHPSESSID=b8hdd4btd94vnnaiejle08lho2',
  'accept-language' => 'zh-CN,zh;q=0.9',
  'accept-encoding' => 'gzip, deflate',
  'referer' => 'http://www.ecshop4.0.com/admin/login/login_do.html',
  'accept' => 'text/html,application/xhtml+xml,application/xml;q=0.9,image/webp,image/apng,*/*;q=0.8',
  'user-agent' => 'Mozilla/5.0 (Windows NT 10.0; Win64; x64) AppleWebKit/537.36 (KHTML, like Gecko) Chrome/68.0.3440.106 Safari/537.36',
  'upgrade-insecure-requests' => '1',
  'connection' => 'close',
  'host' => 'www.ecshop4.0.com',
)
[ info ] [ PARAM ] array (
)
[ info ] [ RUN ] app\admin\controller\Index->index[ E:\phpStudy\WWW\ECShop\application\admin\controller\Index.php ]
[ info ] [ SESSION ] INIT array (
  'id' => '',
  'var_session_id' => '',
  'prefix' => 'think',
  'type' => '',
  'auto_start' => true,
)
[ info ] [ VIEW ] E:\phpStudy\WWW\ECShop\public/../application/admin\view\index\index.html [ array (
) ]
[ info ] [ LOG ] INIT File
---------------------------------------------------------------
[ 2018-09-17T09:33:24+08:00 ] 127.0.0.1 GET /admin/Index/index_menu
[ info ] www.ecshop4.0.com/admin/Index/index_menu [运行时间：0.066555s][吞吐率：15.03req/s] [内存消耗：1,355.26kb] [文件加载：42]
[ info ] [ LANG ] E:\phpStudy\WWW\ECShop\thinkphp\lang\zh-cn.php
[ info ] [ ROUTE ] array (
  'type' => 'module',
  'module' => 
  array (
    0 => 'admin',
    1 => 'Index',
    2 => 'index_menu',
  ),
)
[ info ] [ HEADER ] array (
  'cookie' => 'pgv_pvi=2783815680; PHPSESSID=b8hdd4btd94vnnaiejle08lho2',
  'accept-language' => 'zh-CN,zh;q=0.9',
  'accept-encoding' => 'gzip, deflate',
  'referer' => 'http://www.ecshop4.0.com/admin/index/index',
  'accept' => 'text/html,application/xhtml+xml,application/xml;q=0.9,image/webp,image/apng,*/*;q=0.8',
  'user-agent' => 'Mozilla/5.0 (Windows NT 10.0; Win64; x64) AppleWebKit/537.36 (KHTML, like Gecko) Chrome/68.0.3440.106 Safari/537.36',
  'upgrade-insecure-requests' => '1',
  'connection' => 'close',
  'host' => 'www.ecshop4.0.com',
)
[ info ] [ PARAM ] array (
)
[ info ] [ RUN ] app\admin\controller\Index->index_menu[ E:\phpStudy\WWW\ECShop\application\admin\controller\Index.php ]
[ info ] [ SESSION ] INIT array (
  'id' => '',
  'var_session_id' => '',
  'prefix' => 'think',
  'type' => '',
  'auto_start' => true,
)
[ info ] [ VIEW ] E:\phpStudy\WWW\ECShop\public/../application/admin\view\index\index_menu.html [ array (
) ]
[ info ] [ LOG ] INIT File
---------------------------------------------------------------
[ 2018-09-17T09:33:25+08:00 ] 127.0.0.1 GET /admin/Index/index_top
[ info ] www.ecshop4.0.com/admin/Index/index_top [运行时间：0.026561s][吞吐率：37.65req/s] [内存消耗：1,278.16kb] [文件加载：41]
[ info ] [ LANG ] E:\phpStudy\WWW\ECShop\thinkphp\lang\zh-cn.php
[ info ] [ ROUTE ] array (
  'type' => 'module',
  'module' => 
  array (
    0 => 'admin',
    1 => 'Index',
    2 => 'index_top',
  ),
)
[ info ] [ HEADER ] array (
  'cookie' => 'pgv_pvi=2783815680; PHPSESSID=b8hdd4btd94vnnaiejle08lho2',
  'accept-language' => 'zh-CN,zh;q=0.9',
  'accept-encoding' => 'gzip, deflate',
  'referer' => 'http://www.ecshop4.0.com/admin/index/index',
  'accept' => 'text/html,application/xhtml+xml,application/xml;q=0.9,image/webp,image/apng,*/*;q=0.8',
  'user-agent' => 'Mozilla/5.0 (Windows NT 10.0; Win64; x64) AppleWebKit/537.36 (KHTML, like Gecko) Chrome/68.0.3440.106 Safari/537.36',
  'upgrade-insecure-requests' => '1',
  'connection' => 'close',
  'host' => 'www.ecshop4.0.com',
)
[ info ] [ PARAM ] array (
)
[ info ] [ RUN ] app\admin\controller\Index->index_top[ E:\phpStudy\WWW\ECShop\application\admin\controller\Index.php ]
[ info ] [ SESSION ] INIT array (
  'id' => '',
  'var_session_id' => '',
  'prefix' => 'think',
  'type' => '',
  'auto_start' => true,
)
[ info ] [ VIEW ] E:\phpStudy\WWW\ECShop\public/../application/admin\view\index\index_top.html [ array (
  0 => 'name',
) ]
[ info ] [ LOG ] INIT File
---------------------------------------------------------------
[ 2018-09-17T09:33:25+08:00 ] 127.0.0.1 GET /admin/Index/index_main
[ info ] www.ecshop4.0.com/admin/Index/index_main [运行时间：0.074711s][吞吐率：13.38req/s] [内存消耗：1,286.87kb] [文件加载：41]
[ info ] [ LANG ] E:\phpStudy\WWW\ECShop\thinkphp\lang\zh-cn.php
[ info ] [ ROUTE ] array (
  'type' => 'module',
  'module' => 
  array (
    0 => 'admin',
    1 => 'Index',
    2 => 'index_main',
  ),
)
[ info ] [ HEADER ] array (
  'cookie' => 'pgv_pvi=2783815680; PHPSESSID=b8hdd4btd94vnnaiejle08lho2',
  'accept-language' => 'zh-CN,zh;q=0.9',
  'accept-encoding' => 'gzip, deflate',
  'referer' => 'http://www.ecshop4.0.com/admin/index/index',
  'accept' => 'text/html,application/xhtml+xml,application/xml;q=0.9,image/webp,image/apng,*/*;q=0.8',
  'user-agent' => 'Mozilla/5.0 (Windows NT 10.0; Win64; x64) AppleWebKit/537.36 (KHTML, like Gecko) Chrome/68.0.3440.106 Safari/537.36',
  'upgrade-insecure-requests' => '1',
  'connection' => 'close',
  'host' => 'www.ecshop4.0.com',
)
[ info ] [ PARAM ] array (
)
[ info ] [ RUN ] app\admin\controller\Index->index_main[ E:\phpStudy\WWW\ECShop\application\admin\controller\Index.php ]
[ info ] [ SESSION ] INIT array (
  'id' => '',
  'var_session_id' => '',
  'prefix' => 'think',
  'type' => '',
  'auto_start' => true,
)
[ info ] [ VIEW ] E:\phpStudy\WWW\ECShop\public/../application/admin\view\index\index_main.html [ array (
) ]
[ info ] [ LOG ] INIT File
---------------------------------------------------------------
[ 2018-09-17T09:33:26+08:00 ] 127.0.0.1 GET /admin/goods/goods_list
[ info ] www.ecshop4.0.com/admin/goods/goods_list [运行时间：0.204365s][吞吐率：4.89req/s] [内存消耗：2,455.09kb] [文件加载：55]
[ info ] [ LANG ] E:\phpStudy\WWW\ECShop\thinkphp\lang\zh-cn.php
[ info ] [ ROUTE ] array (
  'type' => 'module',
  'module' => 
  array (
    0 => 'admin',
    1 => 'goods',
    2 => 'goods_list',
  ),
)
[ info ] [ HEADER ] array (
  'cookie' => 'pgv_pvi=2783815680; PHPSESSID=b8hdd4btd94vnnaiejle08lho2',
  'accept-language' => 'zh-CN,zh;q=0.9',
  'accept-encoding' => 'gzip, deflate',
  'referer' => 'http://www.ecshop4.0.com/admin/index/index',
  'accept' => 'text/html,application/xhtml+xml,application/xml;q=0.9,image/webp,image/apng,*/*;q=0.8',
  'user-agent' => 'Mozilla/5.0 (Windows NT 10.0; Win64; x64) AppleWebKit/537.36 (KHTML, like Gecko) Chrome/68.0.3440.106 Safari/537.36',
  'upgrade-insecure-requests' => '1',
  'connection' => 'close',
  'host' => 'www.ecshop4.0.com',
)
[ info ] [ PARAM ] array (
)
[ info ] [ DB ] INIT mysql
[ info ] [ RUN ] app\admin\controller\Goods->goods_list[ E:\phpStudy\WWW\ECShop\application\admin\controller\Goods.php ]
[ info ] [ VIEW ] E:\phpStudy\WWW\ECShop\public/../application/admin\view\goods\goods_list.html [ array (
  0 => 'res',
) ]
[ info ] [ LOG ] INIT File
[ sql ] [ DB ] CONNECT:[ UseTime:0.008868s ] mysql:host=127.0.0.1;port=3306;dbname=ecshop;charset=utf8
[ sql ] [ SQL ] SHOW COLUMNS FROM `classify` [ RunTime:0.037481s ]
[ sql ] [ SQL ] SELECT * FROM `classify` [ RunTime:0.008852s ]
[ sql ] [ SQL ] SELECT *,CONCAT(path,'-',cat_id) as new FROM classify ORDER BY new [ RunTime:0.006178s ]
[ sql ] [ SQL ] SHOW COLUMNS FROM `goods` [ RunTime:0.035518s ]
[ sql ] [ SQL ] SELECT COUNT(*) AS tp_count FROM `goods` WHERE  `is_delete` = 1  AND `goods_name` LIKE '%%' LIMIT 1 [ RunTime:0.003869s ]
[ sql ] [ SQL ] SELECT * FROM `goods` WHERE  `is_delete` = 1  AND `goods_name` LIKE '%%' ORDER BY `sort_order` LIMIT 0,5 [ RunTime:0.001902s ]
---------------------------------------------------------------
[ 2018-09-17T09:33:27+08:00 ] 127.0.0.1 GET /admin/bonus/bonus_list
[ info ] www.ecshop4.0.com/admin/bonus/bonus_list [运行时间：0.120187s][吞吐率：8.32req/s] [内存消耗：2,112.43kb] [文件加载：53]
[ info ] [ LANG ] E:\phpStudy\WWW\ECShop\thinkphp\lang\zh-cn.php
[ info ] [ ROUTE ] array (
  'type' => 'module',
  'module' => 
  array (
    0 => 'admin',
    1 => 'bonus',
    2 => 'bonus_list',
  ),
)
[ info ] [ HEADER ] array (
  'cookie' => 'pgv_pvi=2783815680; PHPSESSID=b8hdd4btd94vnnaiejle08lho2',
  'accept-language' => 'zh-CN,zh;q=0.9',
  'accept-encoding' => 'gzip, deflate',
  'referer' => 'http://www.ecshop4.0.com/admin/index/index',
  'accept' => 'text/html,application/xhtml+xml,application/xml;q=0.9,image/webp,image/apng,*/*;q=0.8',
  'user-agent' => 'Mozilla/5.0 (Windows NT 10.0; Win64; x64) AppleWebKit/537.36 (KHTML, like Gecko) Chrome/68.0.3440.106 Safari/537.36',
  'upgrade-insecure-requests' => '1',
  'connection' => 'close',
  'host' => 'www.ecshop4.0.com',
)
[ info ] [ PARAM ] array (
)
[ info ] [ RUN ] app\admin\controller\Bonus->bonus_list[ E:\phpStudy\WWW\ECShop\application\admin\controller\Bonus.php ]
[ info ] [ DB ] INIT mysql
[ info ] [ VIEW ] E:\phpStudy\WWW\ECShop\public/../application/admin\view\bonus\bonus_list.html [ array (
  0 => 'data',
) ]
[ info ] [ LOG ] INIT File
[ sql ] [ DB ] CONNECT:[ UseTime:0.003466s ] mysql:host=127.0.0.1;port=3306;dbname=ecshop;charset=utf8
[ sql ] [ SQL ] SHOW COLUMNS FROM `bonus` [ RunTime:0.046711s ]
[ sql ] [ SQL ] SELECT COUNT(*) AS tp_count FROM `bonus` LIMIT 1 [ RunTime:0.000481s ]
[ sql ] [ SQL ] SELECT * FROM `bonus` LIMIT 0,5 [ RunTime:0.000452s ]
---------------------------------------------------------------
[ 2018-09-17T09:33:27+08:00 ] 127.0.0.1 GET /static/js/transport_2.js
[ info ] www.ecshop4.0.com/static/js/transport_2.js [运行时间：0.075320s][吞吐率：13.28req/s] [内存消耗：1,098.59kb] [文件加载：35]
[ info ] [ LANG ] E:\phpStudy\WWW\ECShop\thinkphp\lang\zh-cn.php
[ info ] [ ROUTE ] array (
  'type' => 'module',
  'module' => 
  array (
    0 => 'static',
    1 => 'js',
    2 => 'transport_2.js',
  ),
)
[ info ] [ HEADER ] array (
  'cookie' => 'pgv_pvi=2783815680; PHPSESSID=b8hdd4btd94vnnaiejle08lho2',
  'accept-language' => 'zh-CN,zh;q=0.9',
  'accept-encoding' => 'gzip, deflate',
  'referer' => 'http://www.ecshop4.0.com/admin/bonus/bonus_list',
  'accept' => '*/*',
  'user-agent' => 'Mozilla/5.0 (Windows NT 10.0; Win64; x64) AppleWebKit/537.36 (KHTML, like Gecko) Chrome/68.0.3440.106 Safari/537.36',
  'connection' => 'close',
  'host' => 'www.ecshop4.0.com',
)
[ info ] [ PARAM ] array (
)
[ info ] [ LOG ] INIT File
---------------------------------------------------------------
[ 2018-09-17T09:33:28+08:00 ] 127.0.0.1 GET /admin/bonus/bonus_list
[ info ] www.ecshop4.0.com/admin/bonus/bonus_list [运行时间：0.047647s][吞吐率：20.99req/s] [内存消耗：2,112.43kb] [文件加载：53]
[ info ] [ LANG ] E:\phpStudy\WWW\ECShop\thinkphp\lang\zh-cn.php
[ info ] [ ROUTE ] array (
  'type' => 'module',
  'module' => 
  array (
    0 => 'admin',
    1 => 'bonus',
    2 => 'bonus_list',
  ),
)
[ info ] [ HEADER ] array (
  'cookie' => 'pgv_pvi=2783815680; PHPSESSID=b8hdd4btd94vnnaiejle08lho2',
  'accept-language' => 'zh-CN,zh;q=0.9',
  'accept-encoding' => 'gzip, deflate',
  'referer' => 'http://www.ecshop4.0.com/admin/index/index',
  'accept' => 'text/html,application/xhtml+xml,application/xml;q=0.9,image/webp,image/apng,*/*;q=0.8',
  'user-agent' => 'Mozilla/5.0 (Windows NT 10.0; Win64; x64) AppleWebKit/537.36 (KHTML, like Gecko) Chrome/68.0.3440.106 Safari/537.36',
  'upgrade-insecure-requests' => '1',
  'connection' => 'close',
  'host' => 'www.ecshop4.0.com',
)
[ info ] [ PARAM ] array (
)
[ info ] [ RUN ] app\admin\controller\Bonus->bonus_list[ E:\phpStudy\WWW\ECShop\application\admin\controller\Bonus.php ]
[ info ] [ DB ] INIT mysql
[ info ] [ VIEW ] E:\phpStudy\WWW\ECShop\public/../application/admin\view\bonus\bonus_list.html [ array (
  0 => 'data',
) ]
[ info ] [ LOG ] INIT File
[ sql ] [ DB ] CONNECT:[ UseTime:0.002768s ] mysql:host=127.0.0.1;port=3306;dbname=ecshop;charset=utf8
[ sql ] [ SQL ] SHOW COLUMNS FROM `bonus` [ RunTime:0.009392s ]
[ sql ] [ SQL ] SELECT COUNT(*) AS tp_count FROM `bonus` LIMIT 1 [ RunTime:0.000638s ]
[ sql ] [ SQL ] SELECT * FROM `bonus` LIMIT 0,5 [ RunTime:0.001091s ]
---------------------------------------------------------------
[ 2018-09-17T09:33:28+08:00 ] 127.0.0.1 GET /static/js/transport_2.js
[ info ] www.ecshop4.0.com/static/js/transport_2.js [运行时间：0.020811s][吞吐率：48.05req/s] [内存消耗：1,098.59kb] [文件加载：35]
[ info ] [ LANG ] E:\phpStudy\WWW\ECShop\thinkphp\lang\zh-cn.php
[ info ] [ ROUTE ] array (
  'type' => 'module',
  'module' => 
  array (
    0 => 'static',
    1 => 'js',
    2 => 'transport_2.js',
  ),
)
[ info ] [ HEADER ] array (
  'cookie' => 'pgv_pvi=2783815680; PHPSESSID=b8hdd4btd94vnnaiejle08lho2',
  'accept-language' => 'zh-CN,zh;q=0.9',
  'accept-encoding' => 'gzip, deflate',
  'referer' => 'http://www.ecshop4.0.com/admin/bonus/bonus_list',
  'accept' => '*/*',
  'user-agent' => 'Mozilla/5.0 (Windows NT 10.0; Win64; x64) AppleWebKit/537.36 (KHTML, like Gecko) Chrome/68.0.3440.106 Safari/537.36',
  'connection' => 'close',
  'host' => 'www.ecshop4.0.com',
)
[ info ] [ PARAM ] array (
)
[ info ] [ LOG ] INIT File
---------------------------------------------------------------
[ 2018-09-17T09:33:28+08:00 ] 127.0.0.1 GET /admin/order/orders_list
[ info ] www.ecshop4.0.com/admin/order/orders_list [运行时间：0.092126s][吞吐率：10.85req/s] [内存消耗：2,068.76kb] [文件加载：52]
[ info ] [ LANG ] E:\phpStudy\WWW\ECShop\thinkphp\lang\zh-cn.php
[ info ] [ ROUTE ] array (
  'type' => 'module',
  'module' => 
  array (
    0 => 'admin',
    1 => 'order',
    2 => 'orders_list',
  ),
)
[ info ] [ HEADER ] array (
  'cookie' => 'pgv_pvi=2783815680; PHPSESSID=b8hdd4btd94vnnaiejle08lho2',
  'accept-language' => 'zh-CN,zh;q=0.9',
  'accept-encoding' => 'gzip, deflate',
  'referer' => 'http://www.ecshop4.0.com/admin/index/index',
  'accept' => 'text/html,application/xhtml+xml,application/xml;q=0.9,image/webp,image/apng,*/*;q=0.8',
  'user-agent' => 'Mozilla/5.0 (Windows NT 10.0; Win64; x64) AppleWebKit/537.36 (KHTML, like Gecko) Chrome/68.0.3440.106 Safari/537.36',
  'upgrade-insecure-requests' => '1',
  'connection' => 'close',
  'host' => 'www.ecshop4.0.com',
)
[ info ] [ PARAM ] array (
)
[ info ] [ RUN ] app\admin\controller\Order->orders_list[ E:\phpStudy\WWW\ECShop\application\admin\controller\Order.php ]
[ info ] [ DB ] INIT mysql
[ info ] [ VIEW ] E:\phpStudy\WWW\ECShop\public/../application/admin\view\order\orders_list.html [ array (
  0 => 'data',
) ]
[ info ] [ LOG ] INIT File
[ sql ] [ DB ] CONNECT:[ UseTime:0.004270s ] mysql:host=127.0.0.1;port=3306;dbname=ecshop;charset=utf8
[ sql ] [ SQL ] SHOW COLUMNS FROM `order` [ RunTime:0.024722s ]
[ sql ] [ SQL ] SELECT COUNT(*) AS tp_count FROM `order` LIMIT 1 [ RunTime:0.000536s ]
[ sql ] [ SQL ] SELECT * FROM `order` LIMIT 0,5 [ RunTime:0.000562s ]
---------------------------------------------------------------
[ 2018-09-17T09:33:30+08:00 ] 127.0.0.1 GET /admin/logo/logo
[ info ] www.ecshop4.0.com/admin/logo/logo [运行时间：0.098641s][吞吐率：10.14req/s] [内存消耗：2,118.37kb] [文件加载：52]
[ info ] [ LANG ] E:\phpStudy\WWW\ECShop\thinkphp\lang\zh-cn.php
[ info ] [ ROUTE ] array (
  'type' => 'module',
  'module' => 
  array (
    0 => 'admin',
    1 => 'logo',
    2 => 'logo',
  ),
)
[ info ] [ HEADER ] array (
  'cookie' => 'pgv_pvi=2783815680; PHPSESSID=b8hdd4btd94vnnaiejle08lho2',
  'accept-language' => 'zh-CN,zh;q=0.9',
  'accept-encoding' => 'gzip, deflate',
  'referer' => 'http://www.ecshop4.0.com/admin/index/index',
  'accept' => 'text/html,application/xhtml+xml,application/xml;q=0.9,image/webp,image/apng,*/*;q=0.8',
  'user-agent' => 'Mozilla/5.0 (Windows NT 10.0; Win64; x64) AppleWebKit/537.36 (KHTML, like Gecko) Chrome/68.0.3440.106 Safari/537.36',
  'upgrade-insecure-requests' => '1',
  'connection' => 'close',
  'host' => 'www.ecshop4.0.com',
)
[ info ] [ PARAM ] array (
)
[ info ] [ RUN ] app\admin\controller\Logo->logo[ E:\phpStudy\WWW\ECShop\application\admin\controller\Logo.php ]
[ info ] [ DB ] INIT mysql
[ info ] [ VIEW ] E:\phpStudy\WWW\ECShop\public/../application/admin\view\logo\logo.html [ array (
  0 => 'arr',
) ]
[ info ] [ LOG ] INIT File
[ sql ] [ DB ] CONNECT:[ UseTime:0.002570s ] mysql:host=127.0.0.1;port=3306;dbname=ecshop;charset=utf8
[ sql ] [ SQL ] SHOW COLUMNS FROM `place` [ RunTime:0.028307s ]
[ sql ] [ SQL ] SELECT COUNT(*) AS tp_count FROM `place` INNER JOIN `position` `p` ON `place`.`position_id`=`p`.`position_id` LIMIT 1 [ RunTime:0.003638s ]
[ sql ] [ SQL ] SELECT * FROM `place` INNER JOIN `position` `p` ON `place`.`position_id`=`p`.`position_id` LIMIT 0,5 [ RunTime:0.001044s ]
---------------------------------------------------------------
[ 2018-09-17T09:33:30+08:00 ] 127.0.0.1 GET /admin/member/users
[ info ] www.ecshop4.0.com/admin/member/users [运行时间：0.143250s][吞吐率：6.98req/s] [内存消耗：2,159.07kb] [文件加载：53]
[ info ] [ LANG ] E:\phpStudy\WWW\ECShop\thinkphp\lang\zh-cn.php
[ info ] [ ROUTE ] array (
  'type' => 'module',
  'module' => 
  array (
    0 => 'admin',
    1 => 'member',
    2 => 'users',
  ),
)
[ info ] [ HEADER ] array (
  'cookie' => 'pgv_pvi=2783815680; PHPSESSID=b8hdd4btd94vnnaiejle08lho2',
  'accept-language' => 'zh-CN,zh;q=0.9',
  'accept-encoding' => 'gzip, deflate',
  'referer' => 'http://www.ecshop4.0.com/admin/index/index',
  'accept' => 'text/html,application/xhtml+xml,application/xml;q=0.9,image/webp,image/apng,*/*;q=0.8',
  'user-agent' => 'Mozilla/5.0 (Windows NT 10.0; Win64; x64) AppleWebKit/537.36 (KHTML, like Gecko) Chrome/68.0.3440.106 Safari/537.36',
  'upgrade-insecure-requests' => '1',
  'connection' => 'close',
  'host' => 'www.ecshop4.0.com',
)
[ info ] [ PARAM ] array (
)
[ info ] [ RUN ] app\admin\controller\Member->users[ E:\phpStudy\WWW\ECShop\application\admin\controller\Member.php ]
[ info ] [ DB ] INIT mysql
[ info ] [ VIEW ] E:\phpStudy\WWW\ECShop\public/../application/admin\view\member\users.html [ array (
  0 => 'to',
  1 => 'list',
  2 => 'page',
) ]
[ info ] [ LOG ] INIT File
[ sql ] [ DB ] CONNECT:[ UseTime:0.002861s ] mysql:host=127.0.0.1;port=3306;dbname=ecshop;charset=utf8
[ sql ] [ SQL ] SHOW COLUMNS FROM `user_rank` [ RunTime:0.034416s ]
[ sql ] [ SQL ] SELECT * FROM `user_rank` [ RunTime:0.000584s ]
[ sql ] [ SQL ] SHOW COLUMNS FROM `users` [ RunTime:0.040824s ]
[ sql ] [ SQL ] SELECT COUNT(*) AS tp_count FROM `users` LIMIT 1 [ RunTime:0.000419s ]
[ sql ] [ SQL ] SELECT * FROM `users` LIMIT 0,2 [ RunTime:0.000703s ]
---------------------------------------------------------------
[ 2018-09-17T09:33:31+08:00 ] 127.0.0.1 GET /admin/quanxi/privilege
[ info ] www.ecshop4.0.com/admin/quanxi/privilege [运行时间：0.100845s][吞吐率：9.92req/s] [内存消耗：1,957.85kb] [文件加载：48]
[ info ] [ LANG ] E:\phpStudy\WWW\ECShop\thinkphp\lang\zh-cn.php
[ info ] [ ROUTE ] array (
  'type' => 'module',
  'module' => 
  array (
    0 => 'admin',
    1 => 'quanxi',
    2 => 'privilege',
  ),
)
[ info ] [ HEADER ] array (
  'cookie' => 'pgv_pvi=2783815680; PHPSESSID=b8hdd4btd94vnnaiejle08lho2',
  'accept-language' => 'zh-CN,zh;q=0.9',
  'accept-encoding' => 'gzip, deflate',
  'referer' => 'http://www.ecshop4.0.com/admin/index/index',
  'accept' => 'text/html,application/xhtml+xml,application/xml;q=0.9,image/webp,image/apng,*/*;q=0.8',
  'user-agent' => 'Mozilla/5.0 (Windows NT 10.0; Win64; x64) AppleWebKit/537.36 (KHTML, like Gecko) Chrome/68.0.3440.106 Safari/537.36',
  'upgrade-insecure-requests' => '1',
  'connection' => 'close',
  'host' => 'www.ecshop4.0.com',
)
[ info ] [ PARAM ] array (
)
[ info ] [ RUN ] app\admin\controller\Quanxi->privilege[ E:\phpStudy\WWW\ECShop\application\admin\controller\Quanxi.php ]
[ info ] [ DB ] INIT mysql
[ info ] [ VIEW ] E:\phpStudy\WWW\ECShop\public/../application/admin\view\quanxi\privilege.html [ array (
  0 => 'list',
) ]
[ info ] [ LOG ] INIT File
[ sql ] [ DB ] CONNECT:[ UseTime:0.002717s ] mysql:host=127.0.0.1;port=3306;dbname=ecshop;charset=utf8
[ sql ] [ SQL ] SHOW COLUMNS FROM `admin` [ RunTime:0.037144s ]
[ sql ] [ SQL ] SELECT * FROM `admin` [ RunTime:0.000497s ]
---------------------------------------------------------------
[ 2018-09-17T09:33:32+08:00 ] 127.0.0.1 GET /admin/system/accuse_list
[ info ] www.ecshop4.0.com/admin/system/accuse_list [运行时间：0.087677s][吞吐率：11.41req/s] [内存消耗：1,937.10kb] [文件加载：49]
[ info ] [ LANG ] E:\phpStudy\WWW\ECShop\thinkphp\lang\zh-cn.php
[ info ] [ ROUTE ] array (
  'type' => 'module',
  'module' => 
  array (
    0 => 'admin',
    1 => 'system',
    2 => 'accuse_list',
  ),
)
[ info ] [ HEADER ] array (
  'cookie' => 'pgv_pvi=2783815680; PHPSESSID=b8hdd4btd94vnnaiejle08lho2',
  'accept-language' => 'zh-CN,zh;q=0.9',
  'accept-encoding' => 'gzip, deflate',
  'referer' => 'http://www.ecshop4.0.com/admin/index/index',
  'accept' => 'text/html,application/xhtml+xml,application/xml;q=0.9,image/webp,image/apng,*/*;q=0.8',
  'user-agent' => 'Mozilla/5.0 (Windows NT 10.0; Win64; x64) AppleWebKit/537.36 (KHTML, like Gecko) Chrome/68.0.3440.106 Safari/537.36',
  'upgrade-insecure-requests' => '1',
  'connection' => 'close',
  'host' => 'www.ecshop4.0.com',
)
[ info ] [ PARAM ] array (
)
[ info ] [ RUN ] app\admin\controller\System->accuse_list[ E:\phpStudy\WWW\ECShop\application\admin\controller\System.php ]
[ info ] [ DB ] INIT mysql
[ info ] [ VIEW ] E:\phpStudy\WWW\ECShop\public/../application/admin\view\system\accuse_list.html [ array (
  0 => 'arr',
) ]
[ info ] [ LOG ] INIT File
[ sql ] [ DB ] CONNECT:[ UseTime:0.002742s ] mysql:host=127.0.0.1;port=3306;dbname=ecshop;charset=utf8
[ sql ] [ SQL ] SHOW COLUMNS FROM `accuse` [ RunTime:0.032147s ]
[ sql ] [ SQL ] SELECT * FROM `accuse` [ RunTime:0.000638s ]
---------------------------------------------------------------
[ 2018-09-17T09:33:34+08:00 ] 127.0.0.1 GET /admin/quanxi/privilege
[ info ] www.ecshop4.0.com/admin/quanxi/privilege [运行时间：0.064878s][吞吐率：15.41req/s] [内存消耗：1,957.85kb] [文件加载：48]
[ info ] [ LANG ] E:\phpStudy\WWW\ECShop\thinkphp\lang\zh-cn.php
[ info ] [ ROUTE ] array (
  'type' => 'module',
  'module' => 
  array (
    0 => 'admin',
    1 => 'quanxi',
    2 => 'privilege',
  ),
)
[ info ] [ HEADER ] array (
  'cookie' => 'pgv_pvi=2783815680; PHPSESSID=b8hdd4btd94vnnaiejle08lho2',
  'accept-language' => 'zh-CN,zh;q=0.9',
  'accept-encoding' => 'gzip, deflate',
  'referer' => 'http://www.ecshop4.0.com/admin/index/index',
  'accept' => 'text/html,application/xhtml+xml,application/xml;q=0.9,image/webp,image/apng,*/*;q=0.8',
  'user-agent' => 'Mozilla/5.0 (Windows NT 10.0; Win64; x64) AppleWebKit/537.36 (KHTML, like Gecko) Chrome/68.0.3440.106 Safari/537.36',
  'upgrade-insecure-requests' => '1',
  'connection' => 'close',
  'host' => 'www.ecshop4.0.com',
)
[ info ] [ PARAM ] array (
)
[ info ] [ RUN ] app\admin\controller\Quanxi->privilege[ E:\phpStudy\WWW\ECShop\application\admin\controller\Quanxi.php ]
[ info ] [ DB ] INIT mysql
[ info ] [ VIEW ] E:\phpStudy\WWW\ECShop\public/../application/admin\view\quanxi\privilege.html [ array (
  0 => 'list',
) ]
[ info ] [ LOG ] INIT File
[ sql ] [ DB ] CONNECT:[ UseTime:0.003021s ] mysql:host=127.0.0.1;port=3306;dbname=ecshop;charset=utf8
[ sql ] [ SQL ] SHOW COLUMNS FROM `admin` [ RunTime:0.027928s ]
[ sql ] [ SQL ] SELECT * FROM `admin` [ RunTime:0.000549s ]
---------------------------------------------------------------
[ 2018-09-17T09:33:34+08:00 ] 127.0.0.1 GET /admin/logo/logo
[ info ] www.ecshop4.0.com/admin/logo/logo [运行时间：0.056906s][吞吐率：17.57req/s] [内存消耗：2,118.37kb] [文件加载：52]
[ info ] [ LANG ] E:\phpStudy\WWW\ECShop\thinkphp\lang\zh-cn.php
[ info ] [ ROUTE ] array (
  'type' => 'module',
  'module' => 
  array (
    0 => 'admin',
    1 => 'logo',
    2 => 'logo',
  ),
)
[ info ] [ HEADER ] array (
  'cookie' => 'pgv_pvi=2783815680; PHPSESSID=b8hdd4btd94vnnaiejle08lho2',
  'accept-language' => 'zh-CN,zh;q=0.9',
  'accept-encoding' => 'gzip, deflate',
  'referer' => 'http://www.ecshop4.0.com/admin/index/index',
  'accept' => 'text/html,application/xhtml+xml,application/xml;q=0.9,image/webp,image/apng,*/*;q=0.8',
  'user-agent' => 'Mozilla/5.0 (Windows NT 10.0; Win64; x64) AppleWebKit/537.36 (KHTML, like Gecko) Chrome/68.0.3440.106 Safari/537.36',
  'upgrade-insecure-requests' => '1',
  'connection' => 'close',
  'host' => 'www.ecshop4.0.com',
)
[ info ] [ PARAM ] array (
)
[ info ] [ RUN ] app\admin\controller\Logo->logo[ E:\phpStudy\WWW\ECShop\application\admin\controller\Logo.php ]
[ info ] [ DB ] INIT mysql
[ info ] [ VIEW ] E:\phpStudy\WWW\ECShop\public/../application/admin\view\logo\logo.html [ array (
  0 => 'arr',
) ]
[ info ] [ LOG ] INIT File
[ sql ] [ DB ] CONNECT:[ UseTime:0.002651s ] mysql:host=127.0.0.1;port=3306;dbname=ecshop;charset=utf8
[ sql ] [ SQL ] SHOW COLUMNS FROM `place` [ RunTime:0.014394s ]
[ sql ] [ SQL ] SELECT COUNT(*) AS tp_count FROM `place` INNER JOIN `position` `p` ON `place`.`position_id`=`p`.`position_id` LIMIT 1 [ RunTime:0.000568s ]
[ sql ] [ SQL ] SELECT * FROM `place` INNER JOIN `position` `p` ON `place`.`position_id`=`p`.`position_id` LIMIT 0,5 [ RunTime:0.000997s ]
---------------------------------------------------------------
[ 2018-09-17T09:33:36+08:00 ] 127.0.0.1 GET /admin/bonus/bonus_list
[ info ] www.ecshop4.0.com/admin/bonus/bonus_list [运行时间：0.053961s][吞吐率：18.53req/s] [内存消耗：2,112.43kb] [文件加载：53]
[ info ] [ LANG ] E:\phpStudy\WWW\ECShop\thinkphp\lang\zh-cn.php
[ info ] [ ROUTE ] array (
  'type' => 'module',
  'module' => 
  array (
    0 => 'admin',
    1 => 'bonus',
    2 => 'bonus_list',
  ),
)
[ info ] [ HEADER ] array (
  'cookie' => 'pgv_pvi=2783815680; PHPSESSID=b8hdd4btd94vnnaiejle08lho2',
  'accept-language' => 'zh-CN,zh;q=0.9',
  'accept-encoding' => 'gzip, deflate',
  'referer' => 'http://www.ecshop4.0.com/admin/index/index',
  'accept' => 'text/html,application/xhtml+xml,application/xml;q=0.9,image/webp,image/apng,*/*;q=0.8',
  'user-agent' => 'Mozilla/5.0 (Windows NT 10.0; Win64; x64) AppleWebKit/537.36 (KHTML, like Gecko) Chrome/68.0.3440.106 Safari/537.36',
  'upgrade-insecure-requests' => '1',
  'connection' => 'close',
  'host' => 'www.ecshop4.0.com',
)
[ info ] [ PARAM ] array (
)
[ info ] [ RUN ] app\admin\controller\Bonus->bonus_list[ E:\phpStudy\WWW\ECShop\application\admin\controller\Bonus.php ]
[ info ] [ DB ] INIT mysql
[ info ] [ VIEW ] E:\phpStudy\WWW\ECShop\public/../application/admin\view\bonus\bonus_list.html [ array (
  0 => 'data',
) ]
[ info ] [ LOG ] INIT File
[ sql ] [ DB ] CONNECT:[ UseTime:0.002877s ] mysql:host=127.0.0.1;port=3306;dbname=ecshop;charset=utf8
[ sql ] [ SQL ] SHOW COLUMNS FROM `bonus` [ RunTime:0.010421s ]
[ sql ] [ SQL ] SELECT COUNT(*) AS tp_count FROM `bonus` LIMIT 1 [ RunTime:0.000489s ]
[ sql ] [ SQL ] SELECT * FROM `bonus` LIMIT 0,5 [ RunTime:0.000517s ]
---------------------------------------------------------------
[ 2018-09-17T09:33:36+08:00 ] 127.0.0.1 GET /static/js/transport_2.js
[ info ] www.ecshop4.0.com/static/js/transport_2.js [运行时间：0.024819s][吞吐率：40.29req/s] [内存消耗：1,098.59kb] [文件加载：35]
[ info ] [ LANG ] E:\phpStudy\WWW\ECShop\thinkphp\lang\zh-cn.php
[ info ] [ ROUTE ] array (
  'type' => 'module',
  'module' => 
  array (
    0 => 'static',
    1 => 'js',
    2 => 'transport_2.js',
  ),
)
[ info ] [ HEADER ] array (
  'cookie' => 'pgv_pvi=2783815680; PHPSESSID=b8hdd4btd94vnnaiejle08lho2',
  'accept-language' => 'zh-CN,zh;q=0.9',
  'accept-encoding' => 'gzip, deflate',
  'referer' => 'http://www.ecshop4.0.com/admin/bonus/bonus_list',
  'accept' => '*/*',
  'user-agent' => 'Mozilla/5.0 (Windows NT 10.0; Win64; x64) AppleWebKit/537.36 (KHTML, like Gecko) Chrome/68.0.3440.106 Safari/537.36',
  'connection' => 'close',
  'host' => 'www.ecshop4.0.com',
)
[ info ] [ PARAM ] array (
)
[ info ] [ LOG ] INIT File
---------------------------------------------------------------
[ 2018-09-17T09:33:37+08:00 ] 127.0.0.1 GET /admin/goods/goods_list
[ info ] www.ecshop4.0.com/admin/goods/goods_list [运行时间：0.079782s][吞吐率：12.53req/s] [内存消耗：2,455.09kb] [文件加载：55]
[ info ] [ LANG ] E:\phpStudy\WWW\ECShop\thinkphp\lang\zh-cn.php
[ info ] [ ROUTE ] array (
  'type' => 'module',
  'module' => 
  array (
    0 => 'admin',
    1 => 'goods',
    2 => 'goods_list',
  ),
)
[ info ] [ HEADER ] array (
  'cookie' => 'pgv_pvi=2783815680; PHPSESSID=b8hdd4btd94vnnaiejle08lho2',
  'accept-language' => 'zh-CN,zh;q=0.9',
  'accept-encoding' => 'gzip, deflate',
  'referer' => 'http://www.ecshop4.0.com/admin/index/index',
  'accept' => 'text/html,application/xhtml+xml,application/xml;q=0.9,image/webp,image/apng,*/*;q=0.8',
  'user-agent' => 'Mozilla/5.0 (Windows NT 10.0; Win64; x64) AppleWebKit/537.36 (KHTML, like Gecko) Chrome/68.0.3440.106 Safari/537.36',
  'upgrade-insecure-requests' => '1',
  'connection' => 'close',
  'host' => 'www.ecshop4.0.com',
)
[ info ] [ PARAM ] array (
)
[ info ] [ DB ] INIT mysql
[ info ] [ RUN ] app\admin\controller\Goods->goods_list[ E:\phpStudy\WWW\ECShop\application\admin\controller\Goods.php ]
[ info ] [ VIEW ] E:\phpStudy\WWW\ECShop\public/../application/admin\view\goods\goods_list.html [ array (
  0 => 'res',
) ]
[ info ] [ LOG ] INIT File
[ sql ] [ DB ] CONNECT:[ UseTime:0.003195s ] mysql:host=127.0.0.1;port=3306;dbname=ecshop;charset=utf8
[ sql ] [ SQL ] SHOW COLUMNS FROM `classify` [ RunTime:0.010667s ]
[ sql ] [ SQL ] SELECT * FROM `classify` [ RunTime:0.000741s ]
[ sql ] [ SQL ] SELECT *,CONCAT(path,'-',cat_id) as new FROM classify ORDER BY new [ RunTime:0.000903s ]
[ sql ] [ SQL ] SHOW COLUMNS FROM `goods` [ RunTime:0.011740s ]
[ sql ] [ SQL ] SELECT COUNT(*) AS tp_count FROM `goods` WHERE  `is_delete` = 1  AND `goods_name` LIKE '%%' LIMIT 1 [ RunTime:0.000704s ]
[ sql ] [ SQL ] SELECT * FROM `goods` WHERE  `is_delete` = 1  AND `goods_name` LIKE '%%' ORDER BY `sort_order` LIMIT 0,5 [ RunTime:0.001224s ]
---------------------------------------------------------------
[ 2018-09-17T09:33:43+08:00 ] 127.0.0.1 GET /home/
[ info ] www.ecshop4.0.com/home/ [运行时间：0.032992s][吞吐率：30.31req/s] [内存消耗：1,098.96kb] [文件加载：35]
[ info ] [ LANG ] E:\phpStudy\WWW\ECShop\thinkphp\lang\zh-cn.php
[ info ] [ ROUTE ] array (
  'type' => 'module',
  'module' => 
  array (
    0 => 'home',
    1 => NULL,
    2 => NULL,
  ),
)
[ info ] [ HEADER ] array (
  'cookie' => 'pgv_pvi=2783815680; PHPSESSID=b8hdd4btd94vnnaiejle08lho2',
  'accept-language' => 'zh-CN,zh;q=0.9',
  'accept-encoding' => 'gzip, deflate',
  'accept' => 'text/html,application/xhtml+xml,application/xml;q=0.9,image/webp,image/apng,*/*;q=0.8',
  'user-agent' => 'Mozilla/5.0 (Windows NT 10.0; Win64; x64) AppleWebKit/537.36 (KHTML, like Gecko) Chrome/68.0.3440.106 Safari/537.36',
  'upgrade-insecure-requests' => '1',
  'connection' => 'close',
  'host' => 'www.ecshop4.0.com',
)
[ info ] [ PARAM ] array (
)
[ info ] [ LOG ] INIT File
