---------------------------------------------------------------
[ 2018-09-22T08:35:36+08:00 ] 127.0.0.1 GET /
[ info ] www.ecshop4.0.com/ [运行时间：0.055195s][吞吐率：18.12req/s] [内存消耗：1,322.75kb] [文件加载：42]
[ info ] [ LANG ] E:\phpStudy\WWW\ECShop\thinkphp\lang\zh-cn.php
[ info ] [ ROUTE ] array (
  'type' => 'module',
  'module' => 
  array (
    0 => '',
    1 => NULL,
    2 => NULL,
  ),
)
[ info ] [ HEADER ] array (
  'cookie' => 'pgv_pvi=2783815680',
  'accept-language' => 'zh-CN,zh;q=0.9',
  'accept-encoding' => 'gzip, deflate',
  'accept' => 'text/html,application/xhtml+xml,application/xml;q=0.9,image/webp,image/apng,*/*;q=0.8',
  'user-agent' => 'Mozilla/5.0 (Windows NT 10.0; Win64; x64) AppleWebKit/537.36 (KHTML, like Gecko) Chrome/68.0.3440.106 Safari/537.36',
  'upgrade-insecure-requests' => '1',
  'connection' => 'close',
  'host' => 'www.ecshop4.0.com',
)
[ info ] [ PARAM ] array (
)
[ info ] [ RUN ] app\admin\controller\Login->login[ E:\phpStudy\WWW\ECShop\application\admin\controller\Login.php ]
[ info ] [ VIEW ] E:\phpStudy\WWW\ECShop\public/../application/admin\view\login\login.html [ array (
) ]
[ info ] [ LOG ] INIT File
---------------------------------------------------------------
[ 2018-09-22T08:35:37+08:00 ] 127.0.0.1 GET /captcha.html
[ info ] www.ecshop4.0.com/captcha.html [运行时间：0.270786s][吞吐率：3.69req/s] [内存消耗：1,117.55kb] [文件加载：34]
[ info ] [ LANG ] E:\phpStudy\WWW\ECShop\thinkphp\lang\zh-cn.php
[ info ] [ ROUTE ] array (
  'type' => 'method',
  'method' => 
  array (
    0 => '\\think\\captcha\\CaptchaController',
    1 => 'index',
  ),
  'var' => 
  array (
  ),
)
[ info ] [ HEADER ] array (
  'cookie' => 'pgv_pvi=2783815680',
  'accept-language' => 'zh-CN,zh;q=0.9',
  'accept-encoding' => 'gzip, deflate',
  'referer' => 'http://www.ecshop4.0.com/',
  'accept' => 'image/webp,image/apng,image/*,*/*;q=0.8',
  'user-agent' => 'Mozilla/5.0 (Windows NT 10.0; Win64; x64) AppleWebKit/537.36 (KHTML, like Gecko) Chrome/68.0.3440.106 Safari/537.36',
  'connection' => 'close',
  'host' => 'www.ecshop4.0.com',
)
[ info ] [ PARAM ] array (
  'id' => NULL,
)
[ info ] [ RUN ] think\captcha\CaptchaController->index[ E:\phpStudy\WWW\ECShop\vendor\topthink\think-captcha\src\CaptchaController.php ]
[ info ] [ SESSION ] INIT array (
  'id' => '',
  'var_session_id' => '',
  'prefix' => 'think',
  'type' => '',
  'auto_start' => true,
)
[ info ] [ LOG ] INIT File
---------------------------------------------------------------
[ 2018-09-22T08:35:48+08:00 ] 127.0.0.1 POST /admin/login/login_do.html
[ info ] www.ecshop4.0.com/admin/login/login_do.html [运行时间：0.109895s][吞吐率：9.10req/s] [内存消耗：1,927.13kb] [文件加载：48]
[ info ] [ LANG ] E:\phpStudy\WWW\ECShop\thinkphp\lang\zh-cn.php
[ info ] [ ROUTE ] array (
  'type' => 'module',
  'module' => 
  array (
    0 => 'admin',
    1 => 'login',
    2 => 'login_do',
  ),
)
[ info ] [ HEADER ] array (
  'cookie' => 'pgv_pvi=2783815680; PHPSESSID=hpe6mfuh7e5e640khonmbb9ho6',
  'accept-language' => 'zh-CN,zh;q=0.9',
  'accept-encoding' => 'gzip, deflate',
  'referer' => 'http://www.ecshop4.0.com/',
  'accept' => 'text/html,application/xhtml+xml,application/xml;q=0.9,image/webp,image/apng,*/*;q=0.8',
  'user-agent' => 'Mozilla/5.0 (Windows NT 10.0; Win64; x64) AppleWebKit/537.36 (KHTML, like Gecko) Chrome/68.0.3440.106 Safari/537.36',
  'content-type' => 'application/x-www-form-urlencoded',
  'upgrade-insecure-requests' => '1',
  'origin' => 'http://www.ecshop4.0.com',
  'cache-control' => 'max-age=0',
  'content-length' => '41',
  'connection' => 'close',
  'host' => 'www.ecshop4.0.com',
)
[ info ] [ PARAM ] array (
  'User_name' => 'admin',
  'User_pwd' => '123456',
  'code' => '2755',
)
[ info ] [ RUN ] app\admin\controller\Login->login_do[ E:\phpStudy\WWW\ECShop\application\admin\controller\Login.php ]
[ info ] [ SESSION ] INIT array (
  'id' => '',
  'var_session_id' => '',
  'prefix' => 'think',
  'type' => '',
  'auto_start' => true,
)
[ info ] [ DB ] INIT mysql
[ info ] [ LOG ] INIT File
[ sql ] [ DB ] CONNECT:[ UseTime:0.016371s ] mysql:host=127.0.0.1;port=3306;dbname=ecshop;charset=utf8
[ sql ] [ SQL ] SHOW COLUMNS FROM `user` [ RunTime:0.036960s ]
[ sql ] [ SQL ] SELECT * FROM `user` WHERE  (  User_name='admin' and User_pwd='123456' ) LIMIT 1 [ RunTime:0.001513s ]
---------------------------------------------------------------
[ 2018-09-22T08:35:49+08:00 ] 127.0.0.1 GET /admin/login/login
[ info ] www.ecshop4.0.com/admin/login/login [运行时间：0.028811s][吞吐率：34.71req/s] [内存消耗：1,325.60kb] [文件加载：42]
[ info ] [ LANG ] E:\phpStudy\WWW\ECShop\thinkphp\lang\zh-cn.php
[ info ] [ ROUTE ] array (
  'type' => 'module',
  'module' => 
  array (
    0 => 'admin',
    1 => 'login',
    2 => 'login',
  ),
)
[ info ] [ HEADER ] array (
  'cookie' => 'pgv_pvi=2783815680; PHPSESSID=hpe6mfuh7e5e640khonmbb9ho6',
  'accept-language' => 'zh-CN,zh;q=0.9',
  'accept-encoding' => 'gzip, deflate',
  'referer' => 'http://www.ecshop4.0.com/admin/login/login_do.html',
  'accept' => 'text/html,application/xhtml+xml,application/xml;q=0.9,image/webp,image/apng,*/*;q=0.8',
  'user-agent' => 'Mozilla/5.0 (Windows NT 10.0; Win64; x64) AppleWebKit/537.36 (KHTML, like Gecko) Chrome/68.0.3440.106 Safari/537.36',
  'upgrade-insecure-requests' => '1',
  'connection' => 'close',
  'host' => 'www.ecshop4.0.com',
)
[ info ] [ PARAM ] array (
)
[ info ] [ RUN ] app\admin\controller\Login->login[ E:\phpStudy\WWW\ECShop\application\admin\controller\Login.php ]
[ info ] [ VIEW ] E:\phpStudy\WWW\ECShop\public/../application/admin\view\login\login.html [ array (
) ]
[ info ] [ LOG ] INIT File
---------------------------------------------------------------
[ 2018-09-22T08:35:49+08:00 ] 127.0.0.1 GET /captcha.html
[ info ] www.ecshop4.0.com/captcha.html [运行时间：0.059740s][吞吐率：16.74req/s] [内存消耗：1,117.51kb] [文件加载：34]
[ info ] [ LANG ] E:\phpStudy\WWW\ECShop\thinkphp\lang\zh-cn.php
[ info ] [ ROUTE ] array (
  'type' => 'method',
  'method' => 
  array (
    0 => '\\think\\captcha\\CaptchaController',
    1 => 'index',
  ),
  'var' => 
  array (
  ),
)
[ info ] [ HEADER ] array (
  'cookie' => 'pgv_pvi=2783815680; PHPSESSID=hpe6mfuh7e5e640khonmbb9ho6',
  'accept-language' => 'zh-CN,zh;q=0.9',
  'accept-encoding' => 'gzip, deflate',
  'referer' => 'http://www.ecshop4.0.com/admin/login/login',
  'accept' => 'image/webp,image/apng,image/*,*/*;q=0.8',
  'user-agent' => 'Mozilla/5.0 (Windows NT 10.0; Win64; x64) AppleWebKit/537.36 (KHTML, like Gecko) Chrome/68.0.3440.106 Safari/537.36',
  'connection' => 'close',
  'host' => 'www.ecshop4.0.com',
)
[ info ] [ PARAM ] array (
  'id' => NULL,
)
[ info ] [ RUN ] think\captcha\CaptchaController->index[ E:\phpStudy\WWW\ECShop\vendor\topthink\think-captcha\src\CaptchaController.php ]
[ info ] [ SESSION ] INIT array (
  'id' => '',
  'var_session_id' => '',
  'prefix' => 'think',
  'type' => '',
  'auto_start' => true,
)
[ info ] [ LOG ] INIT File
---------------------------------------------------------------
[ 2018-09-22T08:35:59+08:00 ] 127.0.0.1 POST /admin/login/login_do.html
[ info ] www.ecshop4.0.com/admin/login/login_do.html [运行时间：0.073941s][吞吐率：13.52req/s] [内存消耗：1,927.61kb] [文件加载：48]
[ info ] [ LANG ] E:\phpStudy\WWW\ECShop\thinkphp\lang\zh-cn.php
[ info ] [ ROUTE ] array (
  'type' => 'module',
  'module' => 
  array (
    0 => 'admin',
    1 => 'login',
    2 => 'login_do',
  ),
)
[ info ] [ HEADER ] array (
  'cookie' => 'pgv_pvi=2783815680; PHPSESSID=hpe6mfuh7e5e640khonmbb9ho6',
  'accept-language' => 'zh-CN,zh;q=0.9',
  'accept-encoding' => 'gzip, deflate',
  'referer' => 'http://www.ecshop4.0.com/admin/login/login',
  'accept' => 'text/html,application/xhtml+xml,application/xml;q=0.9,image/webp,image/apng,*/*;q=0.8',
  'user-agent' => 'Mozilla/5.0 (Windows NT 10.0; Win64; x64) AppleWebKit/537.36 (KHTML, like Gecko) Chrome/68.0.3440.106 Safari/537.36',
  'content-type' => 'application/x-www-form-urlencoded',
  'upgrade-insecure-requests' => '1',
  'origin' => 'http://www.ecshop4.0.com',
  'cache-control' => 'max-age=0',
  'content-length' => '44',
  'connection' => 'close',
  'host' => 'www.ecshop4.0.com',
)
[ info ] [ PARAM ] array (
  'User_name' => 'zhangxin',
  'User_pwd' => '123456',
  'code' => '2685',
)
[ info ] [ RUN ] app\admin\controller\Login->login_do[ E:\phpStudy\WWW\ECShop\application\admin\controller\Login.php ]
[ info ] [ SESSION ] INIT array (
  'id' => '',
  'var_session_id' => '',
  'prefix' => 'think',
  'type' => '',
  'auto_start' => true,
)
[ info ] [ DB ] INIT mysql
[ info ] [ LOG ] INIT File
[ sql ] [ DB ] CONNECT:[ UseTime:0.004212s ] mysql:host=127.0.0.1;port=3306;dbname=ecshop;charset=utf8
[ sql ] [ SQL ] SHOW COLUMNS FROM `user` [ RunTime:0.027244s ]
[ sql ] [ SQL ] SELECT * FROM `user` WHERE  (  User_name='zhangxin' and User_pwd='123456' ) LIMIT 1 [ RunTime:0.000659s ]
---------------------------------------------------------------
[ 2018-09-22T08:36:00+08:00 ] 127.0.0.1 GET /admin/index/index
[ info ] www.ecshop4.0.com/admin/index/index [运行时间：0.054197s][吞吐率：18.45req/s] [内存消耗：1,275.88kb] [文件加载：41]
[ info ] [ LANG ] E:\phpStudy\WWW\ECShop\thinkphp\lang\zh-cn.php
[ info ] [ ROUTE ] array (
  'type' => 'module',
  'module' => 
  array (
    0 => 'admin',
    1 => 'index',
    2 => 'index',
  ),
)
[ info ] [ HEADER ] array (
  'cookie' => 'pgv_pvi=2783815680; PHPSESSID=hpe6mfuh7e5e640khonmbb9ho6',
  'accept-language' => 'zh-CN,zh;q=0.9',
  'accept-encoding' => 'gzip, deflate',
  'referer' => 'http://www.ecshop4.0.com/admin/login/login_do.html',
  'accept' => 'text/html,application/xhtml+xml,application/xml;q=0.9,image/webp,image/apng,*/*;q=0.8',
  'user-agent' => 'Mozilla/5.0 (Windows NT 10.0; Win64; x64) AppleWebKit/537.36 (KHTML, like Gecko) Chrome/68.0.3440.106 Safari/537.36',
  'upgrade-insecure-requests' => '1',
  'connection' => 'close',
  'host' => 'www.ecshop4.0.com',
)
[ info ] [ PARAM ] array (
)
[ info ] [ RUN ] app\admin\controller\Index->index[ E:\phpStudy\WWW\ECShop\application\admin\controller\Index.php ]
[ info ] [ SESSION ] INIT array (
  'id' => '',
  'var_session_id' => '',
  'prefix' => 'think',
  'type' => '',
  'auto_start' => true,
)
[ info ] [ VIEW ] E:\phpStudy\WWW\ECShop\public/../application/admin\view\index\index.html [ array (
) ]
[ info ] [ LOG ] INIT File
---------------------------------------------------------------
[ 2018-09-22T08:36:00+08:00 ] 127.0.0.1 GET /admin/Index/index_menu
[ info ] www.ecshop4.0.com/admin/Index/index_menu [运行时间：0.099759s][吞吐率：10.02req/s] [内存消耗：1,339.26kb] [文件加载：42]
[ info ] [ LANG ] E:\phpStudy\WWW\ECShop\thinkphp\lang\zh-cn.php
[ info ] [ ROUTE ] array (
  'type' => 'module',
  'module' => 
  array (
    0 => 'admin',
    1 => 'Index',
    2 => 'index_menu',
  ),
)
[ info ] [ HEADER ] array (
  'cookie' => 'pgv_pvi=2783815680; PHPSESSID=hpe6mfuh7e5e640khonmbb9ho6',
  'accept-language' => 'zh-CN,zh;q=0.9',
  'accept-encoding' => 'gzip, deflate',
  'referer' => 'http://www.ecshop4.0.com/admin/index/index',
  'accept' => 'text/html,application/xhtml+xml,application/xml;q=0.9,image/webp,image/apng,*/*;q=0.8',
  'user-agent' => 'Mozilla/5.0 (Windows NT 10.0; Win64; x64) AppleWebKit/537.36 (KHTML, like Gecko) Chrome/68.0.3440.106 Safari/537.36',
  'upgrade-insecure-requests' => '1',
  'connection' => 'close',
  'host' => 'www.ecshop4.0.com',
)
[ info ] [ PARAM ] array (
)
[ info ] [ RUN ] app\admin\controller\Index->index_menu[ E:\phpStudy\WWW\ECShop\application\admin\controller\Index.php ]
[ info ] [ SESSION ] INIT array (
  'id' => '',
  'var_session_id' => '',
  'prefix' => 'think',
  'type' => '',
  'auto_start' => true,
)
[ info ] [ VIEW ] E:\phpStudy\WWW\ECShop\public/../application/admin\view\index\index_menu.html [ array (
) ]
[ info ] [ LOG ] INIT File
---------------------------------------------------------------
[ 2018-09-22T08:36:01+08:00 ] 127.0.0.1 GET /admin/Index/index_top
[ info ] www.ecshop4.0.com/admin/Index/index_top [运行时间：0.044577s][吞吐率：22.43req/s] [内存消耗：1,277.53kb] [文件加载：41]
[ info ] [ LANG ] E:\phpStudy\WWW\ECShop\thinkphp\lang\zh-cn.php
[ info ] [ ROUTE ] array (
  'type' => 'module',
  'module' => 
  array (
    0 => 'admin',
    1 => 'Index',
    2 => 'index_top',
  ),
)
[ info ] [ HEADER ] array (
  'cookie' => 'pgv_pvi=2783815680; PHPSESSID=hpe6mfuh7e5e640khonmbb9ho6',
  'accept-language' => 'zh-CN,zh;q=0.9',
  'accept-encoding' => 'gzip, deflate',
  'referer' => 'http://www.ecshop4.0.com/admin/index/index',
  'accept' => 'text/html,application/xhtml+xml,application/xml;q=0.9,image/webp,image/apng,*/*;q=0.8',
  'user-agent' => 'Mozilla/5.0 (Windows NT 10.0; Win64; x64) AppleWebKit/537.36 (KHTML, like Gecko) Chrome/68.0.3440.106 Safari/537.36',
  'upgrade-insecure-requests' => '1',
  'connection' => 'close',
  'host' => 'www.ecshop4.0.com',
)
[ info ] [ PARAM ] array (
)
[ info ] [ RUN ] app\admin\controller\Index->index_top[ E:\phpStudy\WWW\ECShop\application\admin\controller\Index.php ]
[ info ] [ SESSION ] INIT array (
  'id' => '',
  'var_session_id' => '',
  'prefix' => 'think',
  'type' => '',
  'auto_start' => true,
)
[ info ] [ VIEW ] E:\phpStudy\WWW\ECShop\public/../application/admin\view\index\index_top.html [ array (
  0 => 'name',
) ]
[ info ] [ LOG ] INIT File
---------------------------------------------------------------
[ 2018-09-22T08:36:01+08:00 ] 127.0.0.1 GET /admin/Index/index_main
[ info ] www.ecshop4.0.com/admin/Index/index_main [运行时间：0.044103s][吞吐率：22.67req/s] [内存消耗：1,286.87kb] [文件加载：41]
[ info ] [ LANG ] E:\phpStudy\WWW\ECShop\thinkphp\lang\zh-cn.php
[ info ] [ ROUTE ] array (
  'type' => 'module',
  'module' => 
  array (
    0 => 'admin',
    1 => 'Index',
    2 => 'index_main',
  ),
)
[ info ] [ HEADER ] array (
  'cookie' => 'pgv_pvi=2783815680; PHPSESSID=hpe6mfuh7e5e640khonmbb9ho6',
  'accept-language' => 'zh-CN,zh;q=0.9',
  'accept-encoding' => 'gzip, deflate',
  'referer' => 'http://www.ecshop4.0.com/admin/index/index',
  'accept' => 'text/html,application/xhtml+xml,application/xml;q=0.9,image/webp,image/apng,*/*;q=0.8',
  'user-agent' => 'Mozilla/5.0 (Windows NT 10.0; Win64; x64) AppleWebKit/537.36 (KHTML, like Gecko) Chrome/68.0.3440.106 Safari/537.36',
  'upgrade-insecure-requests' => '1',
  'connection' => 'close',
  'host' => 'www.ecshop4.0.com',
)
[ info ] [ PARAM ] array (
)
[ info ] [ RUN ] app\admin\controller\Index->index_main[ E:\phpStudy\WWW\ECShop\application\admin\controller\Index.php ]
[ info ] [ SESSION ] INIT array (
  'id' => '',
  'var_session_id' => '',
  'prefix' => 'think',
  'type' => '',
  'auto_start' => true,
)
[ info ] [ VIEW ] E:\phpStudy\WWW\ECShop\public/../application/admin\view\index\index_main.html [ array (
) ]
[ info ] [ LOG ] INIT File
---------------------------------------------------------------
[ 2018-09-22T08:36:04+08:00 ] 127.0.0.1 GET /admin/goods/goods_list
[ info ] www.ecshop4.0.com/admin/goods/goods_list [运行时间：0.312922s][吞吐率：3.20req/s] [内存消耗：2,556.52kb] [文件加载：55]
[ info ] [ LANG ] E:\phpStudy\WWW\ECShop\thinkphp\lang\zh-cn.php
[ info ] [ ROUTE ] array (
  'type' => 'module',
  'module' => 
  array (
    0 => 'admin',
    1 => 'goods',
    2 => 'goods_list',
  ),
)
[ info ] [ HEADER ] array (
  'cookie' => 'pgv_pvi=2783815680; PHPSESSID=hpe6mfuh7e5e640khonmbb9ho6',
  'accept-language' => 'zh-CN,zh;q=0.9',
  'accept-encoding' => 'gzip, deflate',
  'referer' => 'http://www.ecshop4.0.com/admin/index/index',
  'accept' => 'text/html,application/xhtml+xml,application/xml;q=0.9,image/webp,image/apng,*/*;q=0.8',
  'user-agent' => 'Mozilla/5.0 (Windows NT 10.0; Win64; x64) AppleWebKit/537.36 (KHTML, like Gecko) Chrome/68.0.3440.106 Safari/537.36',
  'upgrade-insecure-requests' => '1',
  'connection' => 'close',
  'host' => 'www.ecshop4.0.com',
)
[ info ] [ PARAM ] array (
)
[ info ] [ DB ] INIT mysql
[ info ] [ RUN ] app\admin\controller\Goods->goods_list[ E:\phpStudy\WWW\ECShop\application\admin\controller\Goods.php ]
[ info ] [ VIEW ] E:\phpStudy\WWW\ECShop\public/../application/admin\view\goods\goods_list.html [ array (
  0 => 'count',
  1 => 'provider',
  2 => 'cate_list',
  3 => 'brand_list',
  4 => 'arr',
  5 => 'res',
  6 => 'key',
) ]
[ info ] [ LOG ] INIT File
[ sql ] [ DB ] CONNECT:[ UseTime:0.008298s ] mysql:host=127.0.0.1;port=3306;dbname=ecshop;charset=utf8
[ sql ] [ SQL ] SHOW COLUMNS FROM `goods` [ RunTime:0.087243s ]
[ sql ] [ SQL ] SELECT * FROM `goods` [ RunTime:0.001338s ]
[ sql ] [ SQL ] SELECT * FROM `goods` `g` INNER JOIN `brand` `b` ON `g`.`brand_id`=`b`.`brand_id` LIMIT 0,5 [ RunTime:0.021500s ]
[ sql ] [ SQL ] SHOW COLUMNS FROM `brand` [ RunTime:0.011333s ]
[ sql ] [ SQL ] SELECT * FROM `brand` [ RunTime:0.000648s ]
[ sql ] [ SQL ] SHOW COLUMNS FROM `category` [ RunTime:0.044261s ]
[ sql ] [ SQL ] SELECT * FROM `category` [ RunTime:0.000557s ]
[ sql ] [ SQL ] SHOW COLUMNS FROM `provider` [ RunTime:0.065975s ]
[ sql ] [ SQL ] SELECT * FROM `provider` `g` LEFT JOIN `provider` `p` ON `g`.`provider_id`=`p`.`provider_id` [ RunTime:0.000710s ]
[ sql ] [ SQL ] SELECT COUNT(*) AS tp_count FROM `goods` WHERE  `is_delete` = 1  AND `goods_name` LIKE '%%' LIMIT 1 [ RunTime:0.000674s ]
[ sql ] [ SQL ] SELECT * FROM `goods` WHERE  `is_delete` = 1  AND `goods_name` LIKE '%%' ORDER BY `sort_order` LIMIT 0,5 [ RunTime:0.000943s ]
---------------------------------------------------------------
[ 2018-09-22T08:36:07+08:00 ] 127.0.0.1 GET /admin/error/error_1
[ info ] www.ecshop4.0.com/admin/error/error_1 [运行时间：0.047763s][吞吐率：20.94req/s] [内存消耗：1,101.48kb] [文件加载：36]
[ info ] [ LANG ] E:\phpStudy\WWW\ECShop\thinkphp\lang\zh-cn.php
[ info ] [ ROUTE ] array (
  'type' => 'module',
  'module' => 
  array (
    0 => 'admin',
    1 => 'error',
    2 => 'error_1',
  ),
)
[ info ] [ HEADER ] array (
  'cookie' => 'pgv_pvi=2783815680; PHPSESSID=hpe6mfuh7e5e640khonmbb9ho6',
  'accept-language' => 'zh-CN,zh;q=0.9',
  'accept-encoding' => 'gzip, deflate',
  'referer' => 'http://www.ecshop4.0.com/admin/goods/goods_list',
  'accept' => 'text/html,application/xhtml+xml,application/xml;q=0.9,image/webp,image/apng,*/*;q=0.8',
  'user-agent' => 'Mozilla/5.0 (Windows NT 10.0; Win64; x64) AppleWebKit/537.36 (KHTML, like Gecko) Chrome/68.0.3440.106 Safari/537.36',
  'upgrade-insecure-requests' => '1',
  'connection' => 'close',
  'host' => 'www.ecshop4.0.com',
)
[ info ] [ PARAM ] array (
)
[ info ] [ LOG ] INIT File
